[2022-07-14 16:17:00,394] {processor.py:153} INFO - Started process (PID=54) to work on /home/airflow/.local/lib/python3.7/site-packages/airflow/example_dags/example_sla_dag.py
[2022-07-14 16:17:00,394] {processor.py:641} INFO - Processing file /home/airflow/.local/lib/python3.7/site-packages/airflow/example_dags/example_sla_dag.py for tasks to queue
[2022-07-14 16:17:00,395] {logging_mixin.py:115} INFO - [2022-07-14 16:17:00,395] {dagbag.py:508} INFO - Filling up the DagBag from /home/airflow/.local/lib/python3.7/site-packages/airflow/example_dags/example_sla_dag.py
[2022-07-14 16:17:00,476] {processor.py:651} INFO - DAG(s) dict_keys(['example_sla_dag']) retrieved from /home/airflow/.local/lib/python3.7/site-packages/airflow/example_dags/example_sla_dag.py
[2022-07-14 16:17:00,879] {logging_mixin.py:115} INFO - [2022-07-14 16:17:00,879] {manager.py:508} INFO - Created Permission View: can delete on DAG:example_sla_dag
[2022-07-14 16:17:00,994] {logging_mixin.py:115} INFO - [2022-07-14 16:17:00,994] {manager.py:508} INFO - Created Permission View: can read on DAG:example_sla_dag
[2022-07-14 16:17:01,095] {logging_mixin.py:115} INFO - [2022-07-14 16:17:01,095] {manager.py:508} INFO - Created Permission View: can edit on DAG:example_sla_dag
[2022-07-14 16:17:01,095] {logging_mixin.py:115} INFO - [2022-07-14 16:17:01,095] {dag.py:2420} INFO - Sync 1 DAGs
[2022-07-14 16:17:01,181] {logging_mixin.py:115} INFO - [2022-07-14 16:17:01,181] {dag.py:2439} INFO - Creating ORM DAG for example_sla_dag
[2022-07-14 16:17:01,251] {logging_mixin.py:115} INFO - [2022-07-14 16:17:01,250] {dag.py:2972} INFO - Setting next_dagrun for example_sla_dag to 2022-07-14T16:14:00+00:00, run_after=2022-07-14T16:16:00+00:00
[2022-07-14 16:17:01,270] {processor.py:161} INFO - Processing /home/airflow/.local/lib/python3.7/site-packages/airflow/example_dags/example_sla_dag.py took 0.919 seconds
[2022-07-14 16:17:32,163] {processor.py:153} INFO - Started process (PID=104) to work on /home/airflow/.local/lib/python3.7/site-packages/airflow/example_dags/example_sla_dag.py
[2022-07-14 16:17:32,184] {processor.py:641} INFO - Processing file /home/airflow/.local/lib/python3.7/site-packages/airflow/example_dags/example_sla_dag.py for tasks to queue
[2022-07-14 16:17:32,185] {logging_mixin.py:115} INFO - [2022-07-14 16:17:32,185] {dagbag.py:508} INFO - Filling up the DagBag from /home/airflow/.local/lib/python3.7/site-packages/airflow/example_dags/example_sla_dag.py
[2022-07-14 16:17:32,209] {processor.py:651} INFO - DAG(s) dict_keys(['example_sla_dag']) retrieved from /home/airflow/.local/lib/python3.7/site-packages/airflow/example_dags/example_sla_dag.py
[2022-07-14 16:17:32,244] {logging_mixin.py:115} INFO - [2022-07-14 16:17:32,244] {dag.py:2420} INFO - Sync 1 DAGs
[2022-07-14 16:17:32,284] {logging_mixin.py:115} INFO - [2022-07-14 16:17:32,284] {dag.py:2972} INFO - Setting next_dagrun for example_sla_dag to 2022-07-14T16:14:00+00:00, run_after=2022-07-14T16:16:00+00:00
[2022-07-14 16:17:32,332] {processor.py:161} INFO - Processing /home/airflow/.local/lib/python3.7/site-packages/airflow/example_dags/example_sla_dag.py took 0.172 seconds
[2022-07-14 16:18:02,450] {processor.py:153} INFO - Started process (PID=156) to work on /home/airflow/.local/lib/python3.7/site-packages/airflow/example_dags/example_sla_dag.py
[2022-07-14 16:18:02,475] {processor.py:641} INFO - Processing file /home/airflow/.local/lib/python3.7/site-packages/airflow/example_dags/example_sla_dag.py for tasks to queue
[2022-07-14 16:18:02,476] {logging_mixin.py:115} INFO - [2022-07-14 16:18:02,476] {dagbag.py:508} INFO - Filling up the DagBag from /home/airflow/.local/lib/python3.7/site-packages/airflow/example_dags/example_sla_dag.py
[2022-07-14 16:18:02,519] {processor.py:651} INFO - DAG(s) dict_keys(['example_sla_dag']) retrieved from /home/airflow/.local/lib/python3.7/site-packages/airflow/example_dags/example_sla_dag.py
[2022-07-14 16:18:02,557] {logging_mixin.py:115} INFO - [2022-07-14 16:18:02,557] {dag.py:2420} INFO - Sync 1 DAGs
[2022-07-14 16:18:02,642] {logging_mixin.py:115} INFO - [2022-07-14 16:18:02,642] {dag.py:2972} INFO - Setting next_dagrun for example_sla_dag to 2022-07-14T16:16:00+00:00, run_after=2022-07-14T16:18:00+00:00
[2022-07-14 16:18:02,674] {processor.py:161} INFO - Processing /home/airflow/.local/lib/python3.7/site-packages/airflow/example_dags/example_sla_dag.py took 0.232 seconds
[2022-07-14 16:18:33,524] {processor.py:153} INFO - Started process (PID=208) to work on /home/airflow/.local/lib/python3.7/site-packages/airflow/example_dags/example_sla_dag.py
[2022-07-14 16:18:33,524] {processor.py:641} INFO - Processing file /home/airflow/.local/lib/python3.7/site-packages/airflow/example_dags/example_sla_dag.py for tasks to queue
[2022-07-14 16:18:33,525] {logging_mixin.py:115} INFO - [2022-07-14 16:18:33,525] {dagbag.py:508} INFO - Filling up the DagBag from /home/airflow/.local/lib/python3.7/site-packages/airflow/example_dags/example_sla_dag.py
[2022-07-14 16:18:33,553] {processor.py:651} INFO - DAG(s) dict_keys(['example_sla_dag']) retrieved from /home/airflow/.local/lib/python3.7/site-packages/airflow/example_dags/example_sla_dag.py
[2022-07-14 16:18:33,587] {logging_mixin.py:115} INFO - [2022-07-14 16:18:33,587] {dag.py:2420} INFO - Sync 1 DAGs
[2022-07-14 16:18:33,643] {logging_mixin.py:115} INFO - [2022-07-14 16:18:33,643] {dag.py:2972} INFO - Setting next_dagrun for example_sla_dag to 2022-07-14T16:16:00+00:00, run_after=2022-07-14T16:18:00+00:00
[2022-07-14 16:18:33,709] {processor.py:161} INFO - Processing /home/airflow/.local/lib/python3.7/site-packages/airflow/example_dags/example_sla_dag.py took 0.189 seconds
[2022-07-14 16:19:04,401] {processor.py:153} INFO - Started process (PID=268) to work on /home/airflow/.local/lib/python3.7/site-packages/airflow/example_dags/example_sla_dag.py
[2022-07-14 16:19:04,429] {processor.py:641} INFO - Processing file /home/airflow/.local/lib/python3.7/site-packages/airflow/example_dags/example_sla_dag.py for tasks to queue
[2022-07-14 16:19:04,430] {logging_mixin.py:115} INFO - [2022-07-14 16:19:04,429] {dagbag.py:508} INFO - Filling up the DagBag from /home/airflow/.local/lib/python3.7/site-packages/airflow/example_dags/example_sla_dag.py
[2022-07-14 16:19:04,464] {processor.py:651} INFO - DAG(s) dict_keys(['example_sla_dag']) retrieved from /home/airflow/.local/lib/python3.7/site-packages/airflow/example_dags/example_sla_dag.py
[2022-07-14 16:19:04,555] {logging_mixin.py:115} INFO - [2022-07-14 16:19:04,555] {dag.py:2420} INFO - Sync 1 DAGs
[2022-07-14 16:19:04,631] {logging_mixin.py:115} INFO - [2022-07-14 16:19:04,631] {dag.py:2972} INFO - Setting next_dagrun for example_sla_dag to 2022-07-14T16:16:00+00:00, run_after=2022-07-14T16:18:00+00:00
[2022-07-14 16:19:04,650] {processor.py:161} INFO - Processing /home/airflow/.local/lib/python3.7/site-packages/airflow/example_dags/example_sla_dag.py took 0.254 seconds
[2022-07-14 16:19:34,801] {processor.py:153} INFO - Started process (PID=319) to work on /home/airflow/.local/lib/python3.7/site-packages/airflow/example_dags/example_sla_dag.py
[2022-07-14 16:19:34,802] {processor.py:641} INFO - Processing file /home/airflow/.local/lib/python3.7/site-packages/airflow/example_dags/example_sla_dag.py for tasks to queue
[2022-07-14 16:19:34,803] {logging_mixin.py:115} INFO - [2022-07-14 16:19:34,803] {dagbag.py:508} INFO - Filling up the DagBag from /home/airflow/.local/lib/python3.7/site-packages/airflow/example_dags/example_sla_dag.py
[2022-07-14 16:19:34,827] {processor.py:651} INFO - DAG(s) dict_keys(['example_sla_dag']) retrieved from /home/airflow/.local/lib/python3.7/site-packages/airflow/example_dags/example_sla_dag.py
[2022-07-14 16:19:34,859] {logging_mixin.py:115} INFO - [2022-07-14 16:19:34,858] {dag.py:2420} INFO - Sync 1 DAGs
[2022-07-14 16:19:34,902] {logging_mixin.py:115} INFO - [2022-07-14 16:19:34,902] {dag.py:2972} INFO - Setting next_dagrun for example_sla_dag to 2022-07-14T16:16:00+00:00, run_after=2022-07-14T16:18:00+00:00
[2022-07-14 16:19:34,945] {processor.py:161} INFO - Processing /home/airflow/.local/lib/python3.7/site-packages/airflow/example_dags/example_sla_dag.py took 0.147 seconds
[2022-07-14 16:20:05,728] {processor.py:153} INFO - Started process (PID=371) to work on /home/airflow/.local/lib/python3.7/site-packages/airflow/example_dags/example_sla_dag.py
[2022-07-14 16:20:05,757] {processor.py:641} INFO - Processing file /home/airflow/.local/lib/python3.7/site-packages/airflow/example_dags/example_sla_dag.py for tasks to queue
[2022-07-14 16:20:05,757] {logging_mixin.py:115} INFO - [2022-07-14 16:20:05,757] {dagbag.py:508} INFO - Filling up the DagBag from /home/airflow/.local/lib/python3.7/site-packages/airflow/example_dags/example_sla_dag.py
[2022-07-14 16:20:05,784] {processor.py:651} INFO - DAG(s) dict_keys(['example_sla_dag']) retrieved from /home/airflow/.local/lib/python3.7/site-packages/airflow/example_dags/example_sla_dag.py
[2022-07-14 16:20:05,889] {logging_mixin.py:115} INFO - [2022-07-14 16:20:05,888] {dag.py:2420} INFO - Sync 1 DAGs
[2022-07-14 16:20:05,980] {logging_mixin.py:115} INFO - [2022-07-14 16:20:05,979] {dag.py:2972} INFO - Setting next_dagrun for example_sla_dag to 2022-07-14T16:18:00+00:00, run_after=2022-07-14T16:20:00+00:00
[2022-07-14 16:20:06,018] {processor.py:161} INFO - Processing /home/airflow/.local/lib/python3.7/site-packages/airflow/example_dags/example_sla_dag.py took 0.296 seconds
[2022-07-14 16:20:36,582] {processor.py:153} INFO - Started process (PID=430) to work on /home/airflow/.local/lib/python3.7/site-packages/airflow/example_dags/example_sla_dag.py
[2022-07-14 16:20:36,583] {processor.py:641} INFO - Processing file /home/airflow/.local/lib/python3.7/site-packages/airflow/example_dags/example_sla_dag.py for tasks to queue
[2022-07-14 16:20:36,583] {logging_mixin.py:115} INFO - [2022-07-14 16:20:36,583] {dagbag.py:508} INFO - Filling up the DagBag from /home/airflow/.local/lib/python3.7/site-packages/airflow/example_dags/example_sla_dag.py
[2022-07-14 16:20:36,631] {processor.py:651} INFO - DAG(s) dict_keys(['example_sla_dag']) retrieved from /home/airflow/.local/lib/python3.7/site-packages/airflow/example_dags/example_sla_dag.py
[2022-07-14 16:20:36,693] {logging_mixin.py:115} INFO - [2022-07-14 16:20:36,693] {dag.py:2420} INFO - Sync 1 DAGs
[2022-07-14 16:20:36,759] {logging_mixin.py:115} INFO - [2022-07-14 16:20:36,759] {dag.py:2972} INFO - Setting next_dagrun for example_sla_dag to 2022-07-14T16:18:00+00:00, run_after=2022-07-14T16:20:00+00:00
[2022-07-14 16:20:36,779] {processor.py:161} INFO - Processing /home/airflow/.local/lib/python3.7/site-packages/airflow/example_dags/example_sla_dag.py took 0.201 seconds
[2022-07-14 16:21:06,905] {processor.py:153} INFO - Started process (PID=482) to work on /home/airflow/.local/lib/python3.7/site-packages/airflow/example_dags/example_sla_dag.py
[2022-07-14 16:21:06,936] {processor.py:641} INFO - Processing file /home/airflow/.local/lib/python3.7/site-packages/airflow/example_dags/example_sla_dag.py for tasks to queue
[2022-07-14 16:21:06,936] {logging_mixin.py:115} INFO - [2022-07-14 16:21:06,936] {dagbag.py:508} INFO - Filling up the DagBag from /home/airflow/.local/lib/python3.7/site-packages/airflow/example_dags/example_sla_dag.py
[2022-07-14 16:21:06,962] {processor.py:651} INFO - DAG(s) dict_keys(['example_sla_dag']) retrieved from /home/airflow/.local/lib/python3.7/site-packages/airflow/example_dags/example_sla_dag.py
[2022-07-14 16:21:06,994] {logging_mixin.py:115} INFO - [2022-07-14 16:21:06,994] {dag.py:2420} INFO - Sync 1 DAGs
[2022-07-14 16:21:07,037] {logging_mixin.py:115} INFO - [2022-07-14 16:21:07,037] {dag.py:2972} INFO - Setting next_dagrun for example_sla_dag to 2022-07-14T16:18:00+00:00, run_after=2022-07-14T16:20:00+00:00
[2022-07-14 16:21:07,053] {processor.py:161} INFO - Processing /home/airflow/.local/lib/python3.7/site-packages/airflow/example_dags/example_sla_dag.py took 0.151 seconds
[2022-07-14 16:21:37,420] {processor.py:153} INFO - Started process (PID=534) to work on /home/airflow/.local/lib/python3.7/site-packages/airflow/example_dags/example_sla_dag.py
[2022-07-14 16:21:37,421] {processor.py:641} INFO - Processing file /home/airflow/.local/lib/python3.7/site-packages/airflow/example_dags/example_sla_dag.py for tasks to queue
[2022-07-14 16:21:37,421] {logging_mixin.py:115} INFO - [2022-07-14 16:21:37,421] {dagbag.py:508} INFO - Filling up the DagBag from /home/airflow/.local/lib/python3.7/site-packages/airflow/example_dags/example_sla_dag.py
[2022-07-14 16:21:37,446] {processor.py:651} INFO - DAG(s) dict_keys(['example_sla_dag']) retrieved from /home/airflow/.local/lib/python3.7/site-packages/airflow/example_dags/example_sla_dag.py
[2022-07-14 16:21:37,481] {logging_mixin.py:115} INFO - [2022-07-14 16:21:37,481] {dag.py:2420} INFO - Sync 1 DAGs
[2022-07-14 16:21:37,528] {logging_mixin.py:115} INFO - [2022-07-14 16:21:37,528] {dag.py:2972} INFO - Setting next_dagrun for example_sla_dag to 2022-07-14T16:18:00+00:00, run_after=2022-07-14T16:20:00+00:00
[2022-07-14 16:21:37,573] {processor.py:161} INFO - Processing /home/airflow/.local/lib/python3.7/site-packages/airflow/example_dags/example_sla_dag.py took 0.156 seconds
[2022-07-14 16:22:08,014] {processor.py:153} INFO - Started process (PID=594) to work on /home/airflow/.local/lib/python3.7/site-packages/airflow/example_dags/example_sla_dag.py
[2022-07-14 16:22:08,027] {processor.py:641} INFO - Processing file /home/airflow/.local/lib/python3.7/site-packages/airflow/example_dags/example_sla_dag.py for tasks to queue
[2022-07-14 16:22:08,027] {logging_mixin.py:115} INFO - [2022-07-14 16:22:08,027] {dagbag.py:508} INFO - Filling up the DagBag from /home/airflow/.local/lib/python3.7/site-packages/airflow/example_dags/example_sla_dag.py
[2022-07-14 16:22:08,073] {processor.py:651} INFO - DAG(s) dict_keys(['example_sla_dag']) retrieved from /home/airflow/.local/lib/python3.7/site-packages/airflow/example_dags/example_sla_dag.py
[2022-07-14 16:22:08,175] {logging_mixin.py:115} INFO - [2022-07-14 16:22:08,175] {dag.py:2420} INFO - Sync 1 DAGs
[2022-07-14 16:22:08,271] {logging_mixin.py:115} INFO - [2022-07-14 16:22:08,271] {dag.py:2972} INFO - Setting next_dagrun for example_sla_dag to 2022-07-14T16:20:00+00:00, run_after=2022-07-14T16:22:00+00:00
[2022-07-14 16:22:08,336] {processor.py:161} INFO - Processing /home/airflow/.local/lib/python3.7/site-packages/airflow/example_dags/example_sla_dag.py took 0.327 seconds
[2022-07-14 16:22:39,218] {processor.py:153} INFO - Started process (PID=646) to work on /home/airflow/.local/lib/python3.7/site-packages/airflow/example_dags/example_sla_dag.py
[2022-07-14 16:22:39,255] {processor.py:641} INFO - Processing file /home/airflow/.local/lib/python3.7/site-packages/airflow/example_dags/example_sla_dag.py for tasks to queue
[2022-07-14 16:22:39,257] {logging_mixin.py:115} INFO - [2022-07-14 16:22:39,257] {dagbag.py:508} INFO - Filling up the DagBag from /home/airflow/.local/lib/python3.7/site-packages/airflow/example_dags/example_sla_dag.py
[2022-07-14 16:22:39,340] {processor.py:651} INFO - DAG(s) dict_keys(['example_sla_dag']) retrieved from /home/airflow/.local/lib/python3.7/site-packages/airflow/example_dags/example_sla_dag.py
[2022-07-14 16:22:39,384] {logging_mixin.py:115} INFO - [2022-07-14 16:22:39,384] {dag.py:2420} INFO - Sync 1 DAGs
[2022-07-14 16:22:39,420] {logging_mixin.py:115} INFO - [2022-07-14 16:22:39,419] {dag.py:2972} INFO - Setting next_dagrun for example_sla_dag to 2022-07-14T16:20:00+00:00, run_after=2022-07-14T16:22:00+00:00
[2022-07-14 16:22:39,433] {processor.py:161} INFO - Processing /home/airflow/.local/lib/python3.7/site-packages/airflow/example_dags/example_sla_dag.py took 0.228 seconds
[2022-07-14 16:23:09,700] {processor.py:153} INFO - Started process (PID=698) to work on /home/airflow/.local/lib/python3.7/site-packages/airflow/example_dags/example_sla_dag.py
[2022-07-14 16:23:09,738] {processor.py:641} INFO - Processing file /home/airflow/.local/lib/python3.7/site-packages/airflow/example_dags/example_sla_dag.py for tasks to queue
[2022-07-14 16:23:09,738] {logging_mixin.py:115} INFO - [2022-07-14 16:23:09,738] {dagbag.py:508} INFO - Filling up the DagBag from /home/airflow/.local/lib/python3.7/site-packages/airflow/example_dags/example_sla_dag.py
[2022-07-14 16:23:09,769] {processor.py:651} INFO - DAG(s) dict_keys(['example_sla_dag']) retrieved from /home/airflow/.local/lib/python3.7/site-packages/airflow/example_dags/example_sla_dag.py
[2022-07-14 16:23:09,809] {logging_mixin.py:115} INFO - [2022-07-14 16:23:09,809] {dag.py:2420} INFO - Sync 1 DAGs
[2022-07-14 16:23:09,862] {logging_mixin.py:115} INFO - [2022-07-14 16:23:09,861] {dag.py:2972} INFO - Setting next_dagrun for example_sla_dag to 2022-07-14T16:20:00+00:00, run_after=2022-07-14T16:22:00+00:00
[2022-07-14 16:23:09,883] {processor.py:161} INFO - Processing /home/airflow/.local/lib/python3.7/site-packages/airflow/example_dags/example_sla_dag.py took 0.186 seconds
[2022-07-14 16:23:40,100] {processor.py:153} INFO - Started process (PID=758) to work on /home/airflow/.local/lib/python3.7/site-packages/airflow/example_dags/example_sla_dag.py
[2022-07-14 16:23:40,139] {processor.py:641} INFO - Processing file /home/airflow/.local/lib/python3.7/site-packages/airflow/example_dags/example_sla_dag.py for tasks to queue
[2022-07-14 16:23:40,140] {logging_mixin.py:115} INFO - [2022-07-14 16:23:40,140] {dagbag.py:508} INFO - Filling up the DagBag from /home/airflow/.local/lib/python3.7/site-packages/airflow/example_dags/example_sla_dag.py
[2022-07-14 16:23:40,176] {processor.py:651} INFO - DAG(s) dict_keys(['example_sla_dag']) retrieved from /home/airflow/.local/lib/python3.7/site-packages/airflow/example_dags/example_sla_dag.py
[2022-07-14 16:23:40,210] {logging_mixin.py:115} INFO - [2022-07-14 16:23:40,210] {dag.py:2420} INFO - Sync 1 DAGs
[2022-07-14 16:23:40,253] {logging_mixin.py:115} INFO - [2022-07-14 16:23:40,253] {dag.py:2972} INFO - Setting next_dagrun for example_sla_dag to 2022-07-14T16:20:00+00:00, run_after=2022-07-14T16:22:00+00:00
[2022-07-14 16:23:40,291] {processor.py:161} INFO - Processing /home/airflow/.local/lib/python3.7/site-packages/airflow/example_dags/example_sla_dag.py took 0.197 seconds
[2022-07-14 16:24:10,395] {processor.py:153} INFO - Started process (PID=809) to work on /home/airflow/.local/lib/python3.7/site-packages/airflow/example_dags/example_sla_dag.py
[2022-07-14 16:24:10,399] {processor.py:641} INFO - Processing file /home/airflow/.local/lib/python3.7/site-packages/airflow/example_dags/example_sla_dag.py for tasks to queue
[2022-07-14 16:24:10,399] {logging_mixin.py:115} INFO - [2022-07-14 16:24:10,399] {dagbag.py:508} INFO - Filling up the DagBag from /home/airflow/.local/lib/python3.7/site-packages/airflow/example_dags/example_sla_dag.py
[2022-07-14 16:24:10,441] {processor.py:651} INFO - DAG(s) dict_keys(['example_sla_dag']) retrieved from /home/airflow/.local/lib/python3.7/site-packages/airflow/example_dags/example_sla_dag.py
[2022-07-14 16:24:10,492] {logging_mixin.py:115} INFO - [2022-07-14 16:24:10,492] {dag.py:2420} INFO - Sync 1 DAGs
[2022-07-14 16:24:10,560] {logging_mixin.py:115} INFO - [2022-07-14 16:24:10,560] {dag.py:2972} INFO - Setting next_dagrun for example_sla_dag to 2022-07-14T16:22:00+00:00, run_after=2022-07-14T16:24:00+00:00
[2022-07-14 16:24:10,606] {processor.py:161} INFO - Processing /home/airflow/.local/lib/python3.7/site-packages/airflow/example_dags/example_sla_dag.py took 0.220 seconds
[2022-07-14 16:24:41,402] {processor.py:153} INFO - Started process (PID=868) to work on /home/airflow/.local/lib/python3.7/site-packages/airflow/example_dags/example_sla_dag.py
[2022-07-14 16:24:41,410] {processor.py:641} INFO - Processing file /home/airflow/.local/lib/python3.7/site-packages/airflow/example_dags/example_sla_dag.py for tasks to queue
[2022-07-14 16:24:41,411] {logging_mixin.py:115} INFO - [2022-07-14 16:24:41,410] {dagbag.py:508} INFO - Filling up the DagBag from /home/airflow/.local/lib/python3.7/site-packages/airflow/example_dags/example_sla_dag.py
[2022-07-14 16:24:41,442] {processor.py:651} INFO - DAG(s) dict_keys(['example_sla_dag']) retrieved from /home/airflow/.local/lib/python3.7/site-packages/airflow/example_dags/example_sla_dag.py
[2022-07-14 16:24:41,479] {logging_mixin.py:115} INFO - [2022-07-14 16:24:41,479] {dag.py:2420} INFO - Sync 1 DAGs
[2022-07-14 16:24:41,556] {logging_mixin.py:115} INFO - [2022-07-14 16:24:41,556] {dag.py:2972} INFO - Setting next_dagrun for example_sla_dag to 2022-07-14T16:22:00+00:00, run_after=2022-07-14T16:24:00+00:00
[2022-07-14 16:24:41,595] {processor.py:161} INFO - Processing /home/airflow/.local/lib/python3.7/site-packages/airflow/example_dags/example_sla_dag.py took 0.197 seconds
[2022-07-14 16:25:11,786] {processor.py:153} INFO - Started process (PID=920) to work on /home/airflow/.local/lib/python3.7/site-packages/airflow/example_dags/example_sla_dag.py
[2022-07-14 16:25:11,796] {processor.py:641} INFO - Processing file /home/airflow/.local/lib/python3.7/site-packages/airflow/example_dags/example_sla_dag.py for tasks to queue
[2022-07-14 16:25:11,796] {logging_mixin.py:115} INFO - [2022-07-14 16:25:11,796] {dagbag.py:508} INFO - Filling up the DagBag from /home/airflow/.local/lib/python3.7/site-packages/airflow/example_dags/example_sla_dag.py
[2022-07-14 16:25:11,836] {processor.py:651} INFO - DAG(s) dict_keys(['example_sla_dag']) retrieved from /home/airflow/.local/lib/python3.7/site-packages/airflow/example_dags/example_sla_dag.py
[2022-07-14 16:25:11,884] {logging_mixin.py:115} INFO - [2022-07-14 16:25:11,884] {dag.py:2420} INFO - Sync 1 DAGs
[2022-07-14 16:25:11,949] {logging_mixin.py:115} INFO - [2022-07-14 16:25:11,949] {dag.py:2972} INFO - Setting next_dagrun for example_sla_dag to 2022-07-14T16:22:00+00:00, run_after=2022-07-14T16:24:00+00:00
[2022-07-14 16:25:12,010] {processor.py:161} INFO - Processing /home/airflow/.local/lib/python3.7/site-packages/airflow/example_dags/example_sla_dag.py took 0.220 seconds
[2022-07-14 16:25:42,114] {processor.py:153} INFO - Started process (PID=971) to work on /home/airflow/.local/lib/python3.7/site-packages/airflow/example_dags/example_sla_dag.py
[2022-07-14 16:25:42,115] {processor.py:641} INFO - Processing file /home/airflow/.local/lib/python3.7/site-packages/airflow/example_dags/example_sla_dag.py for tasks to queue
[2022-07-14 16:25:42,115] {logging_mixin.py:115} INFO - [2022-07-14 16:25:42,115] {dagbag.py:508} INFO - Filling up the DagBag from /home/airflow/.local/lib/python3.7/site-packages/airflow/example_dags/example_sla_dag.py
[2022-07-14 16:25:42,141] {processor.py:651} INFO - DAG(s) dict_keys(['example_sla_dag']) retrieved from /home/airflow/.local/lib/python3.7/site-packages/airflow/example_dags/example_sla_dag.py
[2022-07-14 16:25:42,184] {logging_mixin.py:115} INFO - [2022-07-14 16:25:42,184] {dag.py:2420} INFO - Sync 1 DAGs
[2022-07-14 16:25:42,239] {logging_mixin.py:115} INFO - [2022-07-14 16:25:42,238] {dag.py:2972} INFO - Setting next_dagrun for example_sla_dag to 2022-07-14T16:22:00+00:00, run_after=2022-07-14T16:24:00+00:00
[2022-07-14 16:25:42,275] {processor.py:161} INFO - Processing /home/airflow/.local/lib/python3.7/site-packages/airflow/example_dags/example_sla_dag.py took 0.165 seconds
[2022-07-14 16:26:12,361] {processor.py:153} INFO - Started process (PID=1030) to work on /home/airflow/.local/lib/python3.7/site-packages/airflow/example_dags/example_sla_dag.py
[2022-07-14 16:26:12,368] {processor.py:641} INFO - Processing file /home/airflow/.local/lib/python3.7/site-packages/airflow/example_dags/example_sla_dag.py for tasks to queue
[2022-07-14 16:26:12,368] {logging_mixin.py:115} INFO - [2022-07-14 16:26:12,368] {dagbag.py:508} INFO - Filling up the DagBag from /home/airflow/.local/lib/python3.7/site-packages/airflow/example_dags/example_sla_dag.py
[2022-07-14 16:26:12,393] {processor.py:651} INFO - DAG(s) dict_keys(['example_sla_dag']) retrieved from /home/airflow/.local/lib/python3.7/site-packages/airflow/example_dags/example_sla_dag.py
[2022-07-14 16:26:12,430] {logging_mixin.py:115} INFO - [2022-07-14 16:26:12,429] {dag.py:2420} INFO - Sync 1 DAGs
[2022-07-14 16:26:12,470] {logging_mixin.py:115} INFO - [2022-07-14 16:26:12,469] {dag.py:2972} INFO - Setting next_dagrun for example_sla_dag to 2022-07-14T16:24:00+00:00, run_after=2022-07-14T16:26:00+00:00
[2022-07-14 16:26:12,491] {processor.py:161} INFO - Processing /home/airflow/.local/lib/python3.7/site-packages/airflow/example_dags/example_sla_dag.py took 0.134 seconds
[2022-07-14 16:26:43,088] {processor.py:153} INFO - Started process (PID=1082) to work on /home/airflow/.local/lib/python3.7/site-packages/airflow/example_dags/example_sla_dag.py
[2022-07-14 16:26:43,096] {processor.py:641} INFO - Processing file /home/airflow/.local/lib/python3.7/site-packages/airflow/example_dags/example_sla_dag.py for tasks to queue
[2022-07-14 16:26:43,097] {logging_mixin.py:115} INFO - [2022-07-14 16:26:43,097] {dagbag.py:508} INFO - Filling up the DagBag from /home/airflow/.local/lib/python3.7/site-packages/airflow/example_dags/example_sla_dag.py
[2022-07-14 16:26:43,129] {processor.py:651} INFO - DAG(s) dict_keys(['example_sla_dag']) retrieved from /home/airflow/.local/lib/python3.7/site-packages/airflow/example_dags/example_sla_dag.py
[2022-07-14 16:26:43,186] {logging_mixin.py:115} INFO - [2022-07-14 16:26:43,186] {dag.py:2420} INFO - Sync 1 DAGs
[2022-07-14 16:26:43,229] {logging_mixin.py:115} INFO - [2022-07-14 16:26:43,229] {dag.py:2972} INFO - Setting next_dagrun for example_sla_dag to 2022-07-14T16:24:00+00:00, run_after=2022-07-14T16:26:00+00:00
[2022-07-14 16:26:43,251] {processor.py:161} INFO - Processing /home/airflow/.local/lib/python3.7/site-packages/airflow/example_dags/example_sla_dag.py took 0.168 seconds
[2022-07-14 16:27:13,938] {processor.py:153} INFO - Started process (PID=1143) to work on /home/airflow/.local/lib/python3.7/site-packages/airflow/example_dags/example_sla_dag.py
[2022-07-14 16:27:13,940] {processor.py:641} INFO - Processing file /home/airflow/.local/lib/python3.7/site-packages/airflow/example_dags/example_sla_dag.py for tasks to queue
[2022-07-14 16:27:13,943] {logging_mixin.py:115} INFO - [2022-07-14 16:27:13,943] {dagbag.py:508} INFO - Filling up the DagBag from /home/airflow/.local/lib/python3.7/site-packages/airflow/example_dags/example_sla_dag.py
[2022-07-14 16:27:13,984] {processor.py:651} INFO - DAG(s) dict_keys(['example_sla_dag']) retrieved from /home/airflow/.local/lib/python3.7/site-packages/airflow/example_dags/example_sla_dag.py
[2022-07-14 16:27:14,020] {logging_mixin.py:115} INFO - [2022-07-14 16:27:14,020] {dag.py:2420} INFO - Sync 1 DAGs
[2022-07-14 16:27:14,061] {logging_mixin.py:115} INFO - [2022-07-14 16:27:14,061] {dag.py:2972} INFO - Setting next_dagrun for example_sla_dag to 2022-07-14T16:24:00+00:00, run_after=2022-07-14T16:26:00+00:00
[2022-07-14 16:27:14,095] {processor.py:161} INFO - Processing /home/airflow/.local/lib/python3.7/site-packages/airflow/example_dags/example_sla_dag.py took 0.160 seconds
[2022-07-14 16:27:44,212] {processor.py:153} INFO - Started process (PID=1195) to work on /home/airflow/.local/lib/python3.7/site-packages/airflow/example_dags/example_sla_dag.py
[2022-07-14 16:27:44,219] {processor.py:641} INFO - Processing file /home/airflow/.local/lib/python3.7/site-packages/airflow/example_dags/example_sla_dag.py for tasks to queue
[2022-07-14 16:27:44,220] {logging_mixin.py:115} INFO - [2022-07-14 16:27:44,219] {dagbag.py:508} INFO - Filling up the DagBag from /home/airflow/.local/lib/python3.7/site-packages/airflow/example_dags/example_sla_dag.py
[2022-07-14 16:27:44,246] {processor.py:651} INFO - DAG(s) dict_keys(['example_sla_dag']) retrieved from /home/airflow/.local/lib/python3.7/site-packages/airflow/example_dags/example_sla_dag.py
[2022-07-14 16:27:44,282] {logging_mixin.py:115} INFO - [2022-07-14 16:27:44,282] {dag.py:2420} INFO - Sync 1 DAGs
[2022-07-14 16:27:44,321] {logging_mixin.py:115} INFO - [2022-07-14 16:27:44,321] {dag.py:2972} INFO - Setting next_dagrun for example_sla_dag to 2022-07-14T16:24:00+00:00, run_after=2022-07-14T16:26:00+00:00
[2022-07-14 16:27:44,341] {processor.py:161} INFO - Processing /home/airflow/.local/lib/python3.7/site-packages/airflow/example_dags/example_sla_dag.py took 0.140 seconds
[2022-07-14 16:28:14,416] {processor.py:153} INFO - Started process (PID=1246) to work on /home/airflow/.local/lib/python3.7/site-packages/airflow/example_dags/example_sla_dag.py
[2022-07-14 16:28:14,417] {processor.py:641} INFO - Processing file /home/airflow/.local/lib/python3.7/site-packages/airflow/example_dags/example_sla_dag.py for tasks to queue
[2022-07-14 16:28:14,418] {logging_mixin.py:115} INFO - [2022-07-14 16:28:14,417] {dagbag.py:508} INFO - Filling up the DagBag from /home/airflow/.local/lib/python3.7/site-packages/airflow/example_dags/example_sla_dag.py
[2022-07-14 16:28:14,443] {processor.py:651} INFO - DAG(s) dict_keys(['example_sla_dag']) retrieved from /home/airflow/.local/lib/python3.7/site-packages/airflow/example_dags/example_sla_dag.py
[2022-07-14 16:28:14,472] {logging_mixin.py:115} INFO - [2022-07-14 16:28:14,472] {dag.py:2420} INFO - Sync 1 DAGs
[2022-07-14 16:28:14,506] {logging_mixin.py:115} INFO - [2022-07-14 16:28:14,505] {dag.py:2972} INFO - Setting next_dagrun for example_sla_dag to 2022-07-14T16:26:00+00:00, run_after=2022-07-14T16:28:00+00:00
[2022-07-14 16:28:14,530] {processor.py:161} INFO - Processing /home/airflow/.local/lib/python3.7/site-packages/airflow/example_dags/example_sla_dag.py took 0.117 seconds
[2022-07-14 16:28:44,897] {processor.py:153} INFO - Started process (PID=1307) to work on /home/airflow/.local/lib/python3.7/site-packages/airflow/example_dags/example_sla_dag.py
[2022-07-14 16:28:44,910] {processor.py:641} INFO - Processing file /home/airflow/.local/lib/python3.7/site-packages/airflow/example_dags/example_sla_dag.py for tasks to queue
[2022-07-14 16:28:44,911] {logging_mixin.py:115} INFO - [2022-07-14 16:28:44,911] {dagbag.py:508} INFO - Filling up the DagBag from /home/airflow/.local/lib/python3.7/site-packages/airflow/example_dags/example_sla_dag.py
[2022-07-14 16:28:44,969] {processor.py:651} INFO - DAG(s) dict_keys(['example_sla_dag']) retrieved from /home/airflow/.local/lib/python3.7/site-packages/airflow/example_dags/example_sla_dag.py
[2022-07-14 16:28:45,045] {logging_mixin.py:115} INFO - [2022-07-14 16:28:45,043] {dag.py:2420} INFO - Sync 1 DAGs
[2022-07-14 16:28:45,182] {logging_mixin.py:115} INFO - [2022-07-14 16:28:45,182] {dag.py:2972} INFO - Setting next_dagrun for example_sla_dag to 2022-07-14T16:26:00+00:00, run_after=2022-07-14T16:28:00+00:00
[2022-07-14 16:28:45,237] {processor.py:161} INFO - Processing /home/airflow/.local/lib/python3.7/site-packages/airflow/example_dags/example_sla_dag.py took 0.346 seconds
[2022-07-14 16:29:15,324] {processor.py:153} INFO - Started process (PID=1359) to work on /home/airflow/.local/lib/python3.7/site-packages/airflow/example_dags/example_sla_dag.py
[2022-07-14 16:29:15,337] {processor.py:641} INFO - Processing file /home/airflow/.local/lib/python3.7/site-packages/airflow/example_dags/example_sla_dag.py for tasks to queue
[2022-07-14 16:29:15,337] {logging_mixin.py:115} INFO - [2022-07-14 16:29:15,337] {dagbag.py:508} INFO - Filling up the DagBag from /home/airflow/.local/lib/python3.7/site-packages/airflow/example_dags/example_sla_dag.py
[2022-07-14 16:29:15,373] {processor.py:651} INFO - DAG(s) dict_keys(['example_sla_dag']) retrieved from /home/airflow/.local/lib/python3.7/site-packages/airflow/example_dags/example_sla_dag.py
[2022-07-14 16:29:15,423] {logging_mixin.py:115} INFO - [2022-07-14 16:29:15,423] {dag.py:2420} INFO - Sync 1 DAGs
[2022-07-14 16:29:15,485] {logging_mixin.py:115} INFO - [2022-07-14 16:29:15,485] {dag.py:2972} INFO - Setting next_dagrun for example_sla_dag to 2022-07-14T16:26:00+00:00, run_after=2022-07-14T16:28:00+00:00
[2022-07-14 16:29:15,512] {processor.py:161} INFO - Processing /home/airflow/.local/lib/python3.7/site-packages/airflow/example_dags/example_sla_dag.py took 0.192 seconds
[2022-07-14 16:29:45,750] {processor.py:153} INFO - Started process (PID=1410) to work on /home/airflow/.local/lib/python3.7/site-packages/airflow/example_dags/example_sla_dag.py
[2022-07-14 16:29:45,763] {processor.py:641} INFO - Processing file /home/airflow/.local/lib/python3.7/site-packages/airflow/example_dags/example_sla_dag.py for tasks to queue
[2022-07-14 16:29:45,763] {logging_mixin.py:115} INFO - [2022-07-14 16:29:45,763] {dagbag.py:508} INFO - Filling up the DagBag from /home/airflow/.local/lib/python3.7/site-packages/airflow/example_dags/example_sla_dag.py
[2022-07-14 16:29:45,789] {processor.py:651} INFO - DAG(s) dict_keys(['example_sla_dag']) retrieved from /home/airflow/.local/lib/python3.7/site-packages/airflow/example_dags/example_sla_dag.py
[2022-07-14 16:29:45,844] {logging_mixin.py:115} INFO - [2022-07-14 16:29:45,844] {dag.py:2420} INFO - Sync 1 DAGs
[2022-07-14 16:29:45,886] {logging_mixin.py:115} INFO - [2022-07-14 16:29:45,886] {dag.py:2972} INFO - Setting next_dagrun for example_sla_dag to 2022-07-14T16:26:00+00:00, run_after=2022-07-14T16:28:00+00:00
[2022-07-14 16:29:45,907] {processor.py:161} INFO - Processing /home/airflow/.local/lib/python3.7/site-packages/airflow/example_dags/example_sla_dag.py took 0.160 seconds
[2022-07-14 16:30:16,600] {processor.py:153} INFO - Started process (PID=1470) to work on /home/airflow/.local/lib/python3.7/site-packages/airflow/example_dags/example_sla_dag.py
[2022-07-14 16:30:16,606] {processor.py:641} INFO - Processing file /home/airflow/.local/lib/python3.7/site-packages/airflow/example_dags/example_sla_dag.py for tasks to queue
[2022-07-14 16:30:16,607] {logging_mixin.py:115} INFO - [2022-07-14 16:30:16,607] {dagbag.py:508} INFO - Filling up the DagBag from /home/airflow/.local/lib/python3.7/site-packages/airflow/example_dags/example_sla_dag.py
[2022-07-14 16:30:16,670] {processor.py:651} INFO - DAG(s) dict_keys(['example_sla_dag']) retrieved from /home/airflow/.local/lib/python3.7/site-packages/airflow/example_dags/example_sla_dag.py
[2022-07-14 16:30:16,746] {logging_mixin.py:115} INFO - [2022-07-14 16:30:16,746] {dag.py:2420} INFO - Sync 1 DAGs
[2022-07-14 16:30:16,811] {logging_mixin.py:115} INFO - [2022-07-14 16:30:16,811] {dag.py:2972} INFO - Setting next_dagrun for example_sla_dag to 2022-07-14T16:28:00+00:00, run_after=2022-07-14T16:30:00+00:00
[2022-07-14 16:30:16,861] {processor.py:161} INFO - Processing /home/airflow/.local/lib/python3.7/site-packages/airflow/example_dags/example_sla_dag.py took 0.264 seconds
[2022-07-14 16:30:47,788] {processor.py:153} INFO - Started process (PID=1528) to work on /home/airflow/.local/lib/python3.7/site-packages/airflow/example_dags/example_sla_dag.py
[2022-07-14 16:30:47,801] {processor.py:641} INFO - Processing file /home/airflow/.local/lib/python3.7/site-packages/airflow/example_dags/example_sla_dag.py for tasks to queue
[2022-07-14 16:30:47,802] {logging_mixin.py:115} INFO - [2022-07-14 16:30:47,802] {dagbag.py:508} INFO - Filling up the DagBag from /home/airflow/.local/lib/python3.7/site-packages/airflow/example_dags/example_sla_dag.py
[2022-07-14 16:30:47,824] {processor.py:651} INFO - DAG(s) dict_keys(['example_sla_dag']) retrieved from /home/airflow/.local/lib/python3.7/site-packages/airflow/example_dags/example_sla_dag.py
[2022-07-14 16:30:47,849] {logging_mixin.py:115} INFO - [2022-07-14 16:30:47,849] {dag.py:2420} INFO - Sync 1 DAGs
[2022-07-14 16:30:47,878] {logging_mixin.py:115} INFO - [2022-07-14 16:30:47,878] {dag.py:2972} INFO - Setting next_dagrun for example_sla_dag to 2022-07-14T16:28:00+00:00, run_after=2022-07-14T16:30:00+00:00
[2022-07-14 16:30:47,893] {processor.py:161} INFO - Processing /home/airflow/.local/lib/python3.7/site-packages/airflow/example_dags/example_sla_dag.py took 0.108 seconds
[2022-07-14 16:31:18,260] {processor.py:153} INFO - Started process (PID=1581) to work on /home/airflow/.local/lib/python3.7/site-packages/airflow/example_dags/example_sla_dag.py
[2022-07-14 16:31:18,275] {processor.py:641} INFO - Processing file /home/airflow/.local/lib/python3.7/site-packages/airflow/example_dags/example_sla_dag.py for tasks to queue
[2022-07-14 16:31:18,276] {logging_mixin.py:115} INFO - [2022-07-14 16:31:18,276] {dagbag.py:508} INFO - Filling up the DagBag from /home/airflow/.local/lib/python3.7/site-packages/airflow/example_dags/example_sla_dag.py
[2022-07-14 16:31:18,299] {processor.py:651} INFO - DAG(s) dict_keys(['example_sla_dag']) retrieved from /home/airflow/.local/lib/python3.7/site-packages/airflow/example_dags/example_sla_dag.py
[2022-07-14 16:31:18,329] {logging_mixin.py:115} INFO - [2022-07-14 16:31:18,329] {dag.py:2420} INFO - Sync 1 DAGs
[2022-07-14 16:31:18,365] {logging_mixin.py:115} INFO - [2022-07-14 16:31:18,365] {dag.py:2972} INFO - Setting next_dagrun for example_sla_dag to 2022-07-14T16:28:00+00:00, run_after=2022-07-14T16:30:00+00:00
[2022-07-14 16:31:18,380] {processor.py:161} INFO - Processing /home/airflow/.local/lib/python3.7/site-packages/airflow/example_dags/example_sla_dag.py took 0.123 seconds
[2022-07-14 16:31:48,460] {processor.py:153} INFO - Started process (PID=1643) to work on /home/airflow/.local/lib/python3.7/site-packages/airflow/example_dags/example_sla_dag.py
[2022-07-14 16:31:48,461] {processor.py:641} INFO - Processing file /home/airflow/.local/lib/python3.7/site-packages/airflow/example_dags/example_sla_dag.py for tasks to queue
[2022-07-14 16:31:48,462] {logging_mixin.py:115} INFO - [2022-07-14 16:31:48,462] {dagbag.py:508} INFO - Filling up the DagBag from /home/airflow/.local/lib/python3.7/site-packages/airflow/example_dags/example_sla_dag.py
[2022-07-14 16:31:48,477] {processor.py:651} INFO - DAG(s) dict_keys(['example_sla_dag']) retrieved from /home/airflow/.local/lib/python3.7/site-packages/airflow/example_dags/example_sla_dag.py
[2022-07-14 16:31:48,501] {logging_mixin.py:115} INFO - [2022-07-14 16:31:48,501] {dag.py:2420} INFO - Sync 1 DAGs
[2022-07-14 16:31:48,526] {logging_mixin.py:115} INFO - [2022-07-14 16:31:48,526] {dag.py:2972} INFO - Setting next_dagrun for example_sla_dag to 2022-07-14T16:28:00+00:00, run_after=2022-07-14T16:30:00+00:00
[2022-07-14 16:31:48,538] {processor.py:161} INFO - Processing /home/airflow/.local/lib/python3.7/site-packages/airflow/example_dags/example_sla_dag.py took 0.081 seconds
[2022-07-14 16:32:18,909] {processor.py:153} INFO - Started process (PID=1695) to work on /home/airflow/.local/lib/python3.7/site-packages/airflow/example_dags/example_sla_dag.py
[2022-07-14 16:32:18,910] {processor.py:641} INFO - Processing file /home/airflow/.local/lib/python3.7/site-packages/airflow/example_dags/example_sla_dag.py for tasks to queue
[2022-07-14 16:32:18,910] {logging_mixin.py:115} INFO - [2022-07-14 16:32:18,910] {dagbag.py:508} INFO - Filling up the DagBag from /home/airflow/.local/lib/python3.7/site-packages/airflow/example_dags/example_sla_dag.py
[2022-07-14 16:32:18,927] {processor.py:651} INFO - DAG(s) dict_keys(['example_sla_dag']) retrieved from /home/airflow/.local/lib/python3.7/site-packages/airflow/example_dags/example_sla_dag.py
[2022-07-14 16:32:18,950] {logging_mixin.py:115} INFO - [2022-07-14 16:32:18,950] {dag.py:2420} INFO - Sync 1 DAGs
[2022-07-14 16:32:18,974] {logging_mixin.py:115} INFO - [2022-07-14 16:32:18,974] {dag.py:2972} INFO - Setting next_dagrun for example_sla_dag to 2022-07-14T16:30:00+00:00, run_after=2022-07-14T16:32:00+00:00
[2022-07-14 16:32:18,989] {processor.py:161} INFO - Processing /home/airflow/.local/lib/python3.7/site-packages/airflow/example_dags/example_sla_dag.py took 0.083 seconds
[2022-07-14 16:32:49,243] {processor.py:153} INFO - Started process (PID=1756) to work on /home/airflow/.local/lib/python3.7/site-packages/airflow/example_dags/example_sla_dag.py
[2022-07-14 16:32:49,244] {processor.py:641} INFO - Processing file /home/airflow/.local/lib/python3.7/site-packages/airflow/example_dags/example_sla_dag.py for tasks to queue
[2022-07-14 16:32:49,244] {logging_mixin.py:115} INFO - [2022-07-14 16:32:49,244] {dagbag.py:508} INFO - Filling up the DagBag from /home/airflow/.local/lib/python3.7/site-packages/airflow/example_dags/example_sla_dag.py
[2022-07-14 16:32:49,265] {processor.py:651} INFO - DAG(s) dict_keys(['example_sla_dag']) retrieved from /home/airflow/.local/lib/python3.7/site-packages/airflow/example_dags/example_sla_dag.py
[2022-07-14 16:32:49,289] {logging_mixin.py:115} INFO - [2022-07-14 16:32:49,289] {dag.py:2420} INFO - Sync 1 DAGs
[2022-07-14 16:32:49,320] {logging_mixin.py:115} INFO - [2022-07-14 16:32:49,320] {dag.py:2972} INFO - Setting next_dagrun for example_sla_dag to 2022-07-14T16:30:00+00:00, run_after=2022-07-14T16:32:00+00:00
[2022-07-14 16:32:49,330] {processor.py:161} INFO - Processing /home/airflow/.local/lib/python3.7/site-packages/airflow/example_dags/example_sla_dag.py took 0.090 seconds
[2022-07-14 16:33:19,476] {processor.py:153} INFO - Started process (PID=1817) to work on /home/airflow/.local/lib/python3.7/site-packages/airflow/example_dags/example_sla_dag.py
[2022-07-14 16:33:19,494] {processor.py:641} INFO - Processing file /home/airflow/.local/lib/python3.7/site-packages/airflow/example_dags/example_sla_dag.py for tasks to queue
[2022-07-14 16:33:19,495] {logging_mixin.py:115} INFO - [2022-07-14 16:33:19,495] {dagbag.py:508} INFO - Filling up the DagBag from /home/airflow/.local/lib/python3.7/site-packages/airflow/example_dags/example_sla_dag.py
[2022-07-14 16:33:19,518] {processor.py:651} INFO - DAG(s) dict_keys(['example_sla_dag']) retrieved from /home/airflow/.local/lib/python3.7/site-packages/airflow/example_dags/example_sla_dag.py
[2022-07-14 16:33:19,556] {logging_mixin.py:115} INFO - [2022-07-14 16:33:19,556] {dag.py:2420} INFO - Sync 1 DAGs
[2022-07-14 16:33:19,593] {logging_mixin.py:115} INFO - [2022-07-14 16:33:19,593] {dag.py:2972} INFO - Setting next_dagrun for example_sla_dag to 2022-07-14T16:30:00+00:00, run_after=2022-07-14T16:32:00+00:00
[2022-07-14 16:33:19,605] {processor.py:161} INFO - Processing /home/airflow/.local/lib/python3.7/site-packages/airflow/example_dags/example_sla_dag.py took 0.134 seconds
[2022-07-14 16:33:49,674] {processor.py:153} INFO - Started process (PID=1868) to work on /home/airflow/.local/lib/python3.7/site-packages/airflow/example_dags/example_sla_dag.py
[2022-07-14 16:33:49,693] {processor.py:641} INFO - Processing file /home/airflow/.local/lib/python3.7/site-packages/airflow/example_dags/example_sla_dag.py for tasks to queue
[2022-07-14 16:33:49,693] {logging_mixin.py:115} INFO - [2022-07-14 16:33:49,693] {dagbag.py:508} INFO - Filling up the DagBag from /home/airflow/.local/lib/python3.7/site-packages/airflow/example_dags/example_sla_dag.py
[2022-07-14 16:33:49,710] {processor.py:651} INFO - DAG(s) dict_keys(['example_sla_dag']) retrieved from /home/airflow/.local/lib/python3.7/site-packages/airflow/example_dags/example_sla_dag.py
[2022-07-14 16:33:49,733] {logging_mixin.py:115} INFO - [2022-07-14 16:33:49,733] {dag.py:2420} INFO - Sync 1 DAGs
[2022-07-14 16:33:49,768] {logging_mixin.py:115} INFO - [2022-07-14 16:33:49,768] {dag.py:2972} INFO - Setting next_dagrun for example_sla_dag to 2022-07-14T16:30:00+00:00, run_after=2022-07-14T16:32:00+00:00
[2022-07-14 16:33:49,781] {processor.py:161} INFO - Processing /home/airflow/.local/lib/python3.7/site-packages/airflow/example_dags/example_sla_dag.py took 0.111 seconds
[2022-07-14 16:34:19,990] {processor.py:153} INFO - Started process (PID=1929) to work on /home/airflow/.local/lib/python3.7/site-packages/airflow/example_dags/example_sla_dag.py
[2022-07-14 16:34:19,990] {processor.py:641} INFO - Processing file /home/airflow/.local/lib/python3.7/site-packages/airflow/example_dags/example_sla_dag.py for tasks to queue
[2022-07-14 16:34:19,991] {logging_mixin.py:115} INFO - [2022-07-14 16:34:19,990] {dagbag.py:508} INFO - Filling up the DagBag from /home/airflow/.local/lib/python3.7/site-packages/airflow/example_dags/example_sla_dag.py
[2022-07-14 16:34:20,010] {processor.py:651} INFO - DAG(s) dict_keys(['example_sla_dag']) retrieved from /home/airflow/.local/lib/python3.7/site-packages/airflow/example_dags/example_sla_dag.py
[2022-07-14 16:34:20,033] {logging_mixin.py:115} INFO - [2022-07-14 16:34:20,033] {dag.py:2420} INFO - Sync 1 DAGs
[2022-07-14 16:34:20,067] {logging_mixin.py:115} INFO - [2022-07-14 16:34:20,067] {dag.py:2972} INFO - Setting next_dagrun for example_sla_dag to 2022-07-14T16:32:00+00:00, run_after=2022-07-14T16:34:00+00:00
[2022-07-14 16:34:20,106] {processor.py:161} INFO - Processing /home/airflow/.local/lib/python3.7/site-packages/airflow/example_dags/example_sla_dag.py took 0.121 seconds
[2022-07-14 16:34:50,145] {processor.py:153} INFO - Started process (PID=1981) to work on /home/airflow/.local/lib/python3.7/site-packages/airflow/example_dags/example_sla_dag.py
[2022-07-14 16:34:50,168] {processor.py:641} INFO - Processing file /home/airflow/.local/lib/python3.7/site-packages/airflow/example_dags/example_sla_dag.py for tasks to queue
[2022-07-14 16:34:50,169] {logging_mixin.py:115} INFO - [2022-07-14 16:34:50,169] {dagbag.py:508} INFO - Filling up the DagBag from /home/airflow/.local/lib/python3.7/site-packages/airflow/example_dags/example_sla_dag.py
[2022-07-14 16:34:50,187] {processor.py:651} INFO - DAG(s) dict_keys(['example_sla_dag']) retrieved from /home/airflow/.local/lib/python3.7/site-packages/airflow/example_dags/example_sla_dag.py
[2022-07-14 16:34:50,220] {logging_mixin.py:115} INFO - [2022-07-14 16:34:50,220] {dag.py:2420} INFO - Sync 1 DAGs
[2022-07-14 16:34:50,262] {logging_mixin.py:115} INFO - [2022-07-14 16:34:50,262] {dag.py:2972} INFO - Setting next_dagrun for example_sla_dag to 2022-07-14T16:32:00+00:00, run_after=2022-07-14T16:34:00+00:00
[2022-07-14 16:34:50,289] {processor.py:161} INFO - Processing /home/airflow/.local/lib/python3.7/site-packages/airflow/example_dags/example_sla_dag.py took 0.147 seconds
[2022-07-14 16:35:20,908] {processor.py:153} INFO - Started process (PID=2042) to work on /home/airflow/.local/lib/python3.7/site-packages/airflow/example_dags/example_sla_dag.py
[2022-07-14 16:35:20,909] {processor.py:641} INFO - Processing file /home/airflow/.local/lib/python3.7/site-packages/airflow/example_dags/example_sla_dag.py for tasks to queue
[2022-07-14 16:35:20,909] {logging_mixin.py:115} INFO - [2022-07-14 16:35:20,909] {dagbag.py:508} INFO - Filling up the DagBag from /home/airflow/.local/lib/python3.7/site-packages/airflow/example_dags/example_sla_dag.py
[2022-07-14 16:35:20,926] {processor.py:651} INFO - DAG(s) dict_keys(['example_sla_dag']) retrieved from /home/airflow/.local/lib/python3.7/site-packages/airflow/example_dags/example_sla_dag.py
[2022-07-14 16:35:20,948] {logging_mixin.py:115} INFO - [2022-07-14 16:35:20,948] {dag.py:2420} INFO - Sync 1 DAGs
[2022-07-14 16:35:20,973] {logging_mixin.py:115} INFO - [2022-07-14 16:35:20,973] {dag.py:2972} INFO - Setting next_dagrun for example_sla_dag to 2022-07-14T16:32:00+00:00, run_after=2022-07-14T16:34:00+00:00
[2022-07-14 16:35:21,005] {processor.py:161} INFO - Processing /home/airflow/.local/lib/python3.7/site-packages/airflow/example_dags/example_sla_dag.py took 0.100 seconds
[2022-07-14 16:35:51,220] {processor.py:153} INFO - Started process (PID=2093) to work on /home/airflow/.local/lib/python3.7/site-packages/airflow/example_dags/example_sla_dag.py
[2022-07-14 16:35:51,221] {processor.py:641} INFO - Processing file /home/airflow/.local/lib/python3.7/site-packages/airflow/example_dags/example_sla_dag.py for tasks to queue
[2022-07-14 16:35:51,222] {logging_mixin.py:115} INFO - [2022-07-14 16:35:51,221] {dagbag.py:508} INFO - Filling up the DagBag from /home/airflow/.local/lib/python3.7/site-packages/airflow/example_dags/example_sla_dag.py
[2022-07-14 16:35:51,243] {processor.py:651} INFO - DAG(s) dict_keys(['example_sla_dag']) retrieved from /home/airflow/.local/lib/python3.7/site-packages/airflow/example_dags/example_sla_dag.py
[2022-07-14 16:35:51,269] {logging_mixin.py:115} INFO - [2022-07-14 16:35:51,268] {dag.py:2420} INFO - Sync 1 DAGs
[2022-07-14 16:35:51,302] {logging_mixin.py:115} INFO - [2022-07-14 16:35:51,301] {dag.py:2972} INFO - Setting next_dagrun for example_sla_dag to 2022-07-14T16:32:00+00:00, run_after=2022-07-14T16:34:00+00:00
[2022-07-14 16:35:51,338] {processor.py:161} INFO - Processing /home/airflow/.local/lib/python3.7/site-packages/airflow/example_dags/example_sla_dag.py took 0.124 seconds
[2022-07-14 16:36:21,559] {processor.py:153} INFO - Started process (PID=2154) to work on /home/airflow/.local/lib/python3.7/site-packages/airflow/example_dags/example_sla_dag.py
[2022-07-14 16:36:21,585] {processor.py:641} INFO - Processing file /home/airflow/.local/lib/python3.7/site-packages/airflow/example_dags/example_sla_dag.py for tasks to queue
[2022-07-14 16:36:21,586] {logging_mixin.py:115} INFO - [2022-07-14 16:36:21,586] {dagbag.py:508} INFO - Filling up the DagBag from /home/airflow/.local/lib/python3.7/site-packages/airflow/example_dags/example_sla_dag.py
[2022-07-14 16:36:21,609] {processor.py:651} INFO - DAG(s) dict_keys(['example_sla_dag']) retrieved from /home/airflow/.local/lib/python3.7/site-packages/airflow/example_dags/example_sla_dag.py
[2022-07-14 16:36:21,632] {logging_mixin.py:115} INFO - [2022-07-14 16:36:21,632] {dag.py:2420} INFO - Sync 1 DAGs
[2022-07-14 16:36:21,657] {logging_mixin.py:115} INFO - [2022-07-14 16:36:21,657] {dag.py:2972} INFO - Setting next_dagrun for example_sla_dag to 2022-07-14T16:34:00+00:00, run_after=2022-07-14T16:36:00+00:00
[2022-07-14 16:36:21,670] {processor.py:161} INFO - Processing /home/airflow/.local/lib/python3.7/site-packages/airflow/example_dags/example_sla_dag.py took 0.120 seconds
