[2022-07-14 16:17:03,176] {processor.py:153} INFO - Started process (PID=62) to work on /home/airflow/.local/lib/python3.7/site-packages/airflow/example_dags/example_trigger_target_dag.py
[2022-07-14 16:17:03,176] {processor.py:641} INFO - Processing file /home/airflow/.local/lib/python3.7/site-packages/airflow/example_dags/example_trigger_target_dag.py for tasks to queue
[2022-07-14 16:17:03,177] {logging_mixin.py:115} INFO - [2022-07-14 16:17:03,177] {dagbag.py:508} INFO - Filling up the DagBag from /home/airflow/.local/lib/python3.7/site-packages/airflow/example_dags/example_trigger_target_dag.py
[2022-07-14 16:17:03,214] {processor.py:651} INFO - DAG(s) dict_keys(['example_trigger_target_dag']) retrieved from /home/airflow/.local/lib/python3.7/site-packages/airflow/example_dags/example_trigger_target_dag.py
[2022-07-14 16:17:03,448] {logging_mixin.py:115} INFO - [2022-07-14 16:17:03,448] {manager.py:508} INFO - Created Permission View: can delete on DAG:example_trigger_target_dag
[2022-07-14 16:17:03,478] {logging_mixin.py:115} INFO - [2022-07-14 16:17:03,478] {manager.py:508} INFO - Created Permission View: can read on DAG:example_trigger_target_dag
[2022-07-14 16:17:03,513] {logging_mixin.py:115} INFO - [2022-07-14 16:17:03,513] {manager.py:508} INFO - Created Permission View: can edit on DAG:example_trigger_target_dag
[2022-07-14 16:17:03,513] {logging_mixin.py:115} INFO - [2022-07-14 16:17:03,513] {dag.py:2420} INFO - Sync 1 DAGs
[2022-07-14 16:17:03,548] {logging_mixin.py:115} INFO - [2022-07-14 16:17:03,547] {dag.py:2439} INFO - Creating ORM DAG for example_trigger_target_dag
[2022-07-14 16:17:03,591] {logging_mixin.py:115} INFO - [2022-07-14 16:17:03,591] {dag.py:2972} INFO - Setting next_dagrun for example_trigger_target_dag to None, run_after=None
[2022-07-14 16:17:03,650] {processor.py:161} INFO - Processing /home/airflow/.local/lib/python3.7/site-packages/airflow/example_dags/example_trigger_target_dag.py took 0.478 seconds
[2022-07-14 16:17:33,915] {processor.py:153} INFO - Started process (PID=112) to work on /home/airflow/.local/lib/python3.7/site-packages/airflow/example_dags/example_trigger_target_dag.py
[2022-07-14 16:17:33,923] {processor.py:641} INFO - Processing file /home/airflow/.local/lib/python3.7/site-packages/airflow/example_dags/example_trigger_target_dag.py for tasks to queue
[2022-07-14 16:17:33,923] {logging_mixin.py:115} INFO - [2022-07-14 16:17:33,923] {dagbag.py:508} INFO - Filling up the DagBag from /home/airflow/.local/lib/python3.7/site-packages/airflow/example_dags/example_trigger_target_dag.py
[2022-07-14 16:17:33,948] {processor.py:651} INFO - DAG(s) dict_keys(['example_trigger_target_dag']) retrieved from /home/airflow/.local/lib/python3.7/site-packages/airflow/example_dags/example_trigger_target_dag.py
[2022-07-14 16:17:34,028] {logging_mixin.py:115} INFO - [2022-07-14 16:17:34,028] {dag.py:2420} INFO - Sync 1 DAGs
[2022-07-14 16:17:34,069] {logging_mixin.py:115} INFO - [2022-07-14 16:17:34,069] {dag.py:2972} INFO - Setting next_dagrun for example_trigger_target_dag to None, run_after=None
[2022-07-14 16:17:34,137] {processor.py:161} INFO - Processing /home/airflow/.local/lib/python3.7/site-packages/airflow/example_dags/example_trigger_target_dag.py took 0.226 seconds
[2022-07-14 16:18:04,336] {processor.py:153} INFO - Started process (PID=164) to work on /home/airflow/.local/lib/python3.7/site-packages/airflow/example_dags/example_trigger_target_dag.py
[2022-07-14 16:18:04,343] {processor.py:641} INFO - Processing file /home/airflow/.local/lib/python3.7/site-packages/airflow/example_dags/example_trigger_target_dag.py for tasks to queue
[2022-07-14 16:18:04,344] {logging_mixin.py:115} INFO - [2022-07-14 16:18:04,344] {dagbag.py:508} INFO - Filling up the DagBag from /home/airflow/.local/lib/python3.7/site-packages/airflow/example_dags/example_trigger_target_dag.py
[2022-07-14 16:18:04,377] {processor.py:651} INFO - DAG(s) dict_keys(['example_trigger_target_dag']) retrieved from /home/airflow/.local/lib/python3.7/site-packages/airflow/example_dags/example_trigger_target_dag.py
[2022-07-14 16:18:04,419] {logging_mixin.py:115} INFO - [2022-07-14 16:18:04,419] {dag.py:2420} INFO - Sync 1 DAGs
[2022-07-14 16:18:04,453] {logging_mixin.py:115} INFO - [2022-07-14 16:18:04,453] {dag.py:2972} INFO - Setting next_dagrun for example_trigger_target_dag to None, run_after=None
[2022-07-14 16:18:04,493] {processor.py:161} INFO - Processing /home/airflow/.local/lib/python3.7/site-packages/airflow/example_dags/example_trigger_target_dag.py took 0.162 seconds
[2022-07-14 16:18:34,966] {processor.py:153} INFO - Started process (PID=225) to work on /home/airflow/.local/lib/python3.7/site-packages/airflow/example_dags/example_trigger_target_dag.py
[2022-07-14 16:18:34,967] {processor.py:641} INFO - Processing file /home/airflow/.local/lib/python3.7/site-packages/airflow/example_dags/example_trigger_target_dag.py for tasks to queue
[2022-07-14 16:18:34,967] {logging_mixin.py:115} INFO - [2022-07-14 16:18:34,967] {dagbag.py:508} INFO - Filling up the DagBag from /home/airflow/.local/lib/python3.7/site-packages/airflow/example_dags/example_trigger_target_dag.py
[2022-07-14 16:18:34,989] {processor.py:651} INFO - DAG(s) dict_keys(['example_trigger_target_dag']) retrieved from /home/airflow/.local/lib/python3.7/site-packages/airflow/example_dags/example_trigger_target_dag.py
[2022-07-14 16:18:35,055] {logging_mixin.py:115} INFO - [2022-07-14 16:18:35,055] {dag.py:2420} INFO - Sync 1 DAGs
[2022-07-14 16:18:35,106] {logging_mixin.py:115} INFO - [2022-07-14 16:18:35,105] {dag.py:2972} INFO - Setting next_dagrun for example_trigger_target_dag to None, run_after=None
[2022-07-14 16:18:35,200] {processor.py:161} INFO - Processing /home/airflow/.local/lib/python3.7/site-packages/airflow/example_dags/example_trigger_target_dag.py took 0.239 seconds
[2022-07-14 16:19:05,325] {processor.py:153} INFO - Started process (PID=275) to work on /home/airflow/.local/lib/python3.7/site-packages/airflow/example_dags/example_trigger_target_dag.py
[2022-07-14 16:19:05,326] {processor.py:641} INFO - Processing file /home/airflow/.local/lib/python3.7/site-packages/airflow/example_dags/example_trigger_target_dag.py for tasks to queue
[2022-07-14 16:19:05,327] {logging_mixin.py:115} INFO - [2022-07-14 16:19:05,326] {dagbag.py:508} INFO - Filling up the DagBag from /home/airflow/.local/lib/python3.7/site-packages/airflow/example_dags/example_trigger_target_dag.py
[2022-07-14 16:19:05,349] {processor.py:651} INFO - DAG(s) dict_keys(['example_trigger_target_dag']) retrieved from /home/airflow/.local/lib/python3.7/site-packages/airflow/example_dags/example_trigger_target_dag.py
[2022-07-14 16:19:05,401] {logging_mixin.py:115} INFO - [2022-07-14 16:19:05,401] {dag.py:2420} INFO - Sync 1 DAGs
[2022-07-14 16:19:05,440] {logging_mixin.py:115} INFO - [2022-07-14 16:19:05,440] {dag.py:2972} INFO - Setting next_dagrun for example_trigger_target_dag to None, run_after=None
[2022-07-14 16:19:05,459] {processor.py:161} INFO - Processing /home/airflow/.local/lib/python3.7/site-packages/airflow/example_dags/example_trigger_target_dag.py took 0.137 seconds
[2022-07-14 16:19:35,609] {processor.py:153} INFO - Started process (PID=326) to work on /home/airflow/.local/lib/python3.7/site-packages/airflow/example_dags/example_trigger_target_dag.py
[2022-07-14 16:19:35,609] {processor.py:641} INFO - Processing file /home/airflow/.local/lib/python3.7/site-packages/airflow/example_dags/example_trigger_target_dag.py for tasks to queue
[2022-07-14 16:19:35,610] {logging_mixin.py:115} INFO - [2022-07-14 16:19:35,610] {dagbag.py:508} INFO - Filling up the DagBag from /home/airflow/.local/lib/python3.7/site-packages/airflow/example_dags/example_trigger_target_dag.py
[2022-07-14 16:19:35,638] {processor.py:651} INFO - DAG(s) dict_keys(['example_trigger_target_dag']) retrieved from /home/airflow/.local/lib/python3.7/site-packages/airflow/example_dags/example_trigger_target_dag.py
[2022-07-14 16:19:35,687] {logging_mixin.py:115} INFO - [2022-07-14 16:19:35,687] {dag.py:2420} INFO - Sync 1 DAGs
[2022-07-14 16:19:35,726] {logging_mixin.py:115} INFO - [2022-07-14 16:19:35,725] {dag.py:2972} INFO - Setting next_dagrun for example_trigger_target_dag to None, run_after=None
[2022-07-14 16:19:35,753] {processor.py:161} INFO - Processing /home/airflow/.local/lib/python3.7/site-packages/airflow/example_dags/example_trigger_target_dag.py took 0.149 seconds
[2022-07-14 16:20:06,750] {processor.py:153} INFO - Started process (PID=385) to work on /home/airflow/.local/lib/python3.7/site-packages/airflow/example_dags/example_trigger_target_dag.py
[2022-07-14 16:20:06,775] {processor.py:641} INFO - Processing file /home/airflow/.local/lib/python3.7/site-packages/airflow/example_dags/example_trigger_target_dag.py for tasks to queue
[2022-07-14 16:20:06,775] {logging_mixin.py:115} INFO - [2022-07-14 16:20:06,775] {dagbag.py:508} INFO - Filling up the DagBag from /home/airflow/.local/lib/python3.7/site-packages/airflow/example_dags/example_trigger_target_dag.py
[2022-07-14 16:20:06,815] {processor.py:651} INFO - DAG(s) dict_keys(['example_trigger_target_dag']) retrieved from /home/airflow/.local/lib/python3.7/site-packages/airflow/example_dags/example_trigger_target_dag.py
[2022-07-14 16:20:06,907] {logging_mixin.py:115} INFO - [2022-07-14 16:20:06,907] {dag.py:2420} INFO - Sync 1 DAGs
[2022-07-14 16:20:07,057] {logging_mixin.py:115} INFO - [2022-07-14 16:20:07,057] {dag.py:2972} INFO - Setting next_dagrun for example_trigger_target_dag to None, run_after=None
[2022-07-14 16:20:07,167] {processor.py:161} INFO - Processing /home/airflow/.local/lib/python3.7/site-packages/airflow/example_dags/example_trigger_target_dag.py took 0.420 seconds
[2022-07-14 16:20:37,506] {processor.py:153} INFO - Started process (PID=438) to work on /home/airflow/.local/lib/python3.7/site-packages/airflow/example_dags/example_trigger_target_dag.py
[2022-07-14 16:20:37,507] {processor.py:641} INFO - Processing file /home/airflow/.local/lib/python3.7/site-packages/airflow/example_dags/example_trigger_target_dag.py for tasks to queue
[2022-07-14 16:20:37,507] {logging_mixin.py:115} INFO - [2022-07-14 16:20:37,507] {dagbag.py:508} INFO - Filling up the DagBag from /home/airflow/.local/lib/python3.7/site-packages/airflow/example_dags/example_trigger_target_dag.py
[2022-07-14 16:20:37,528] {processor.py:651} INFO - DAG(s) dict_keys(['example_trigger_target_dag']) retrieved from /home/airflow/.local/lib/python3.7/site-packages/airflow/example_dags/example_trigger_target_dag.py
[2022-07-14 16:20:37,568] {logging_mixin.py:115} INFO - [2022-07-14 16:20:37,568] {dag.py:2420} INFO - Sync 1 DAGs
[2022-07-14 16:20:37,601] {logging_mixin.py:115} INFO - [2022-07-14 16:20:37,601] {dag.py:2972} INFO - Setting next_dagrun for example_trigger_target_dag to None, run_after=None
[2022-07-14 16:20:37,646] {processor.py:161} INFO - Processing /home/airflow/.local/lib/python3.7/site-packages/airflow/example_dags/example_trigger_target_dag.py took 0.145 seconds
[2022-07-14 16:21:08,594] {processor.py:153} INFO - Started process (PID=490) to work on /home/airflow/.local/lib/python3.7/site-packages/airflow/example_dags/example_trigger_target_dag.py
[2022-07-14 16:21:08,595] {processor.py:641} INFO - Processing file /home/airflow/.local/lib/python3.7/site-packages/airflow/example_dags/example_trigger_target_dag.py for tasks to queue
[2022-07-14 16:21:08,597] {logging_mixin.py:115} INFO - [2022-07-14 16:21:08,597] {dagbag.py:508} INFO - Filling up the DagBag from /home/airflow/.local/lib/python3.7/site-packages/airflow/example_dags/example_trigger_target_dag.py
[2022-07-14 16:21:08,626] {processor.py:651} INFO - DAG(s) dict_keys(['example_trigger_target_dag']) retrieved from /home/airflow/.local/lib/python3.7/site-packages/airflow/example_dags/example_trigger_target_dag.py
[2022-07-14 16:21:08,660] {logging_mixin.py:115} INFO - [2022-07-14 16:21:08,660] {dag.py:2420} INFO - Sync 1 DAGs
[2022-07-14 16:21:08,711] {logging_mixin.py:115} INFO - [2022-07-14 16:21:08,711] {dag.py:2972} INFO - Setting next_dagrun for example_trigger_target_dag to None, run_after=None
[2022-07-14 16:21:08,746] {processor.py:161} INFO - Processing /home/airflow/.local/lib/python3.7/site-packages/airflow/example_dags/example_trigger_target_dag.py took 0.157 seconds
[2022-07-14 16:21:39,341] {processor.py:153} INFO - Started process (PID=542) to work on /home/airflow/.local/lib/python3.7/site-packages/airflow/example_dags/example_trigger_target_dag.py
[2022-07-14 16:21:39,341] {processor.py:641} INFO - Processing file /home/airflow/.local/lib/python3.7/site-packages/airflow/example_dags/example_trigger_target_dag.py for tasks to queue
[2022-07-14 16:21:39,342] {logging_mixin.py:115} INFO - [2022-07-14 16:21:39,342] {dagbag.py:508} INFO - Filling up the DagBag from /home/airflow/.local/lib/python3.7/site-packages/airflow/example_dags/example_trigger_target_dag.py
[2022-07-14 16:21:39,374] {processor.py:651} INFO - DAG(s) dict_keys(['example_trigger_target_dag']) retrieved from /home/airflow/.local/lib/python3.7/site-packages/airflow/example_dags/example_trigger_target_dag.py
[2022-07-14 16:21:39,406] {logging_mixin.py:115} INFO - [2022-07-14 16:21:39,406] {dag.py:2420} INFO - Sync 1 DAGs
[2022-07-14 16:21:39,443] {logging_mixin.py:115} INFO - [2022-07-14 16:21:39,443] {dag.py:2972} INFO - Setting next_dagrun for example_trigger_target_dag to None, run_after=None
[2022-07-14 16:21:39,498] {processor.py:161} INFO - Processing /home/airflow/.local/lib/python3.7/site-packages/airflow/example_dags/example_trigger_target_dag.py took 0.177 seconds
[2022-07-14 16:22:10,040] {processor.py:153} INFO - Started process (PID=602) to work on /home/airflow/.local/lib/python3.7/site-packages/airflow/example_dags/example_trigger_target_dag.py
[2022-07-14 16:22:10,041] {processor.py:641} INFO - Processing file /home/airflow/.local/lib/python3.7/site-packages/airflow/example_dags/example_trigger_target_dag.py for tasks to queue
[2022-07-14 16:22:10,042] {logging_mixin.py:115} INFO - [2022-07-14 16:22:10,041] {dagbag.py:508} INFO - Filling up the DagBag from /home/airflow/.local/lib/python3.7/site-packages/airflow/example_dags/example_trigger_target_dag.py
[2022-07-14 16:22:10,063] {processor.py:651} INFO - DAG(s) dict_keys(['example_trigger_target_dag']) retrieved from /home/airflow/.local/lib/python3.7/site-packages/airflow/example_dags/example_trigger_target_dag.py
[2022-07-14 16:22:10,099] {logging_mixin.py:115} INFO - [2022-07-14 16:22:10,098] {dag.py:2420} INFO - Sync 1 DAGs
[2022-07-14 16:22:10,144] {logging_mixin.py:115} INFO - [2022-07-14 16:22:10,144] {dag.py:2972} INFO - Setting next_dagrun for example_trigger_target_dag to None, run_after=None
[2022-07-14 16:22:10,202] {processor.py:161} INFO - Processing /home/airflow/.local/lib/python3.7/site-packages/airflow/example_dags/example_trigger_target_dag.py took 0.166 seconds
[2022-07-14 16:22:41,451] {processor.py:153} INFO - Started process (PID=654) to work on /home/airflow/.local/lib/python3.7/site-packages/airflow/example_dags/example_trigger_target_dag.py
[2022-07-14 16:22:41,452] {processor.py:641} INFO - Processing file /home/airflow/.local/lib/python3.7/site-packages/airflow/example_dags/example_trigger_target_dag.py for tasks to queue
[2022-07-14 16:22:41,452] {logging_mixin.py:115} INFO - [2022-07-14 16:22:41,452] {dagbag.py:508} INFO - Filling up the DagBag from /home/airflow/.local/lib/python3.7/site-packages/airflow/example_dags/example_trigger_target_dag.py
[2022-07-14 16:22:41,482] {processor.py:651} INFO - DAG(s) dict_keys(['example_trigger_target_dag']) retrieved from /home/airflow/.local/lib/python3.7/site-packages/airflow/example_dags/example_trigger_target_dag.py
[2022-07-14 16:22:41,527] {logging_mixin.py:115} INFO - [2022-07-14 16:22:41,527] {dag.py:2420} INFO - Sync 1 DAGs
[2022-07-14 16:22:41,561] {logging_mixin.py:115} INFO - [2022-07-14 16:22:41,561] {dag.py:2972} INFO - Setting next_dagrun for example_trigger_target_dag to None, run_after=None
[2022-07-14 16:22:41,614] {processor.py:161} INFO - Processing /home/airflow/.local/lib/python3.7/site-packages/airflow/example_dags/example_trigger_target_dag.py took 0.167 seconds
[2022-07-14 16:23:11,840] {processor.py:153} INFO - Started process (PID=715) to work on /home/airflow/.local/lib/python3.7/site-packages/airflow/example_dags/example_trigger_target_dag.py
[2022-07-14 16:23:11,843] {processor.py:641} INFO - Processing file /home/airflow/.local/lib/python3.7/site-packages/airflow/example_dags/example_trigger_target_dag.py for tasks to queue
[2022-07-14 16:23:11,843] {logging_mixin.py:115} INFO - [2022-07-14 16:23:11,843] {dagbag.py:508} INFO - Filling up the DagBag from /home/airflow/.local/lib/python3.7/site-packages/airflow/example_dags/example_trigger_target_dag.py
[2022-07-14 16:23:11,882] {processor.py:651} INFO - DAG(s) dict_keys(['example_trigger_target_dag']) retrieved from /home/airflow/.local/lib/python3.7/site-packages/airflow/example_dags/example_trigger_target_dag.py
[2022-07-14 16:23:11,990] {logging_mixin.py:115} INFO - [2022-07-14 16:23:11,990] {dag.py:2420} INFO - Sync 1 DAGs
[2022-07-14 16:23:12,034] {logging_mixin.py:115} INFO - [2022-07-14 16:23:12,034] {dag.py:2972} INFO - Setting next_dagrun for example_trigger_target_dag to None, run_after=None
[2022-07-14 16:23:12,060] {processor.py:161} INFO - Processing /home/airflow/.local/lib/python3.7/site-packages/airflow/example_dags/example_trigger_target_dag.py took 0.226 seconds
[2022-07-14 16:23:42,270] {processor.py:153} INFO - Started process (PID=766) to work on /home/airflow/.local/lib/python3.7/site-packages/airflow/example_dags/example_trigger_target_dag.py
[2022-07-14 16:23:42,271] {processor.py:641} INFO - Processing file /home/airflow/.local/lib/python3.7/site-packages/airflow/example_dags/example_trigger_target_dag.py for tasks to queue
[2022-07-14 16:23:42,272] {logging_mixin.py:115} INFO - [2022-07-14 16:23:42,272] {dagbag.py:508} INFO - Filling up the DagBag from /home/airflow/.local/lib/python3.7/site-packages/airflow/example_dags/example_trigger_target_dag.py
[2022-07-14 16:23:42,298] {processor.py:651} INFO - DAG(s) dict_keys(['example_trigger_target_dag']) retrieved from /home/airflow/.local/lib/python3.7/site-packages/airflow/example_dags/example_trigger_target_dag.py
[2022-07-14 16:23:42,355] {logging_mixin.py:115} INFO - [2022-07-14 16:23:42,355] {dag.py:2420} INFO - Sync 1 DAGs
[2022-07-14 16:23:42,402] {logging_mixin.py:115} INFO - [2022-07-14 16:23:42,402] {dag.py:2972} INFO - Setting next_dagrun for example_trigger_target_dag to None, run_after=None
[2022-07-14 16:23:42,461] {processor.py:161} INFO - Processing /home/airflow/.local/lib/python3.7/site-packages/airflow/example_dags/example_trigger_target_dag.py took 0.196 seconds
[2022-07-14 16:24:12,611] {processor.py:153} INFO - Started process (PID=817) to work on /home/airflow/.local/lib/python3.7/site-packages/airflow/example_dags/example_trigger_target_dag.py
[2022-07-14 16:24:12,614] {processor.py:641} INFO - Processing file /home/airflow/.local/lib/python3.7/site-packages/airflow/example_dags/example_trigger_target_dag.py for tasks to queue
[2022-07-14 16:24:12,615] {logging_mixin.py:115} INFO - [2022-07-14 16:24:12,615] {dagbag.py:508} INFO - Filling up the DagBag from /home/airflow/.local/lib/python3.7/site-packages/airflow/example_dags/example_trigger_target_dag.py
[2022-07-14 16:24:12,638] {processor.py:651} INFO - DAG(s) dict_keys(['example_trigger_target_dag']) retrieved from /home/airflow/.local/lib/python3.7/site-packages/airflow/example_dags/example_trigger_target_dag.py
[2022-07-14 16:24:12,682] {logging_mixin.py:115} INFO - [2022-07-14 16:24:12,682] {dag.py:2420} INFO - Sync 1 DAGs
[2022-07-14 16:24:12,719] {logging_mixin.py:115} INFO - [2022-07-14 16:24:12,719] {dag.py:2972} INFO - Setting next_dagrun for example_trigger_target_dag to None, run_after=None
[2022-07-14 16:24:12,739] {processor.py:161} INFO - Processing /home/airflow/.local/lib/python3.7/site-packages/airflow/example_dags/example_trigger_target_dag.py took 0.135 seconds
[2022-07-14 16:24:43,112] {processor.py:153} INFO - Started process (PID=876) to work on /home/airflow/.local/lib/python3.7/site-packages/airflow/example_dags/example_trigger_target_dag.py
[2022-07-14 16:24:43,113] {processor.py:641} INFO - Processing file /home/airflow/.local/lib/python3.7/site-packages/airflow/example_dags/example_trigger_target_dag.py for tasks to queue
[2022-07-14 16:24:43,113] {logging_mixin.py:115} INFO - [2022-07-14 16:24:43,113] {dagbag.py:508} INFO - Filling up the DagBag from /home/airflow/.local/lib/python3.7/site-packages/airflow/example_dags/example_trigger_target_dag.py
[2022-07-14 16:24:43,144] {processor.py:651} INFO - DAG(s) dict_keys(['example_trigger_target_dag']) retrieved from /home/airflow/.local/lib/python3.7/site-packages/airflow/example_dags/example_trigger_target_dag.py
[2022-07-14 16:24:43,195] {logging_mixin.py:115} INFO - [2022-07-14 16:24:43,195] {dag.py:2420} INFO - Sync 1 DAGs
[2022-07-14 16:24:43,241] {logging_mixin.py:115} INFO - [2022-07-14 16:24:43,241] {dag.py:2972} INFO - Setting next_dagrun for example_trigger_target_dag to None, run_after=None
[2022-07-14 16:24:43,266] {processor.py:161} INFO - Processing /home/airflow/.local/lib/python3.7/site-packages/airflow/example_dags/example_trigger_target_dag.py took 0.159 seconds
[2022-07-14 16:25:14,150] {processor.py:153} INFO - Started process (PID=928) to work on /home/airflow/.local/lib/python3.7/site-packages/airflow/example_dags/example_trigger_target_dag.py
[2022-07-14 16:25:14,155] {processor.py:641} INFO - Processing file /home/airflow/.local/lib/python3.7/site-packages/airflow/example_dags/example_trigger_target_dag.py for tasks to queue
[2022-07-14 16:25:14,155] {logging_mixin.py:115} INFO - [2022-07-14 16:25:14,155] {dagbag.py:508} INFO - Filling up the DagBag from /home/airflow/.local/lib/python3.7/site-packages/airflow/example_dags/example_trigger_target_dag.py
[2022-07-14 16:25:14,214] {processor.py:651} INFO - DAG(s) dict_keys(['example_trigger_target_dag']) retrieved from /home/airflow/.local/lib/python3.7/site-packages/airflow/example_dags/example_trigger_target_dag.py
[2022-07-14 16:25:14,291] {logging_mixin.py:115} INFO - [2022-07-14 16:25:14,291] {dag.py:2420} INFO - Sync 1 DAGs
[2022-07-14 16:25:14,384] {logging_mixin.py:115} INFO - [2022-07-14 16:25:14,384] {dag.py:2972} INFO - Setting next_dagrun for example_trigger_target_dag to None, run_after=None
[2022-07-14 16:25:14,437] {processor.py:161} INFO - Processing /home/airflow/.local/lib/python3.7/site-packages/airflow/example_dags/example_trigger_target_dag.py took 0.292 seconds
[2022-07-14 16:25:44,932] {processor.py:153} INFO - Started process (PID=987) to work on /home/airflow/.local/lib/python3.7/site-packages/airflow/example_dags/example_trigger_target_dag.py
[2022-07-14 16:25:44,933] {processor.py:641} INFO - Processing file /home/airflow/.local/lib/python3.7/site-packages/airflow/example_dags/example_trigger_target_dag.py for tasks to queue
[2022-07-14 16:25:44,934] {logging_mixin.py:115} INFO - [2022-07-14 16:25:44,933] {dagbag.py:508} INFO - Filling up the DagBag from /home/airflow/.local/lib/python3.7/site-packages/airflow/example_dags/example_trigger_target_dag.py
[2022-07-14 16:25:44,969] {processor.py:651} INFO - DAG(s) dict_keys(['example_trigger_target_dag']) retrieved from /home/airflow/.local/lib/python3.7/site-packages/airflow/example_dags/example_trigger_target_dag.py
[2022-07-14 16:25:45,010] {logging_mixin.py:115} INFO - [2022-07-14 16:25:45,010] {dag.py:2420} INFO - Sync 1 DAGs
[2022-07-14 16:25:45,044] {logging_mixin.py:115} INFO - [2022-07-14 16:25:45,044] {dag.py:2972} INFO - Setting next_dagrun for example_trigger_target_dag to None, run_after=None
[2022-07-14 16:25:45,065] {processor.py:161} INFO - Processing /home/airflow/.local/lib/python3.7/site-packages/airflow/example_dags/example_trigger_target_dag.py took 0.137 seconds
[2022-07-14 16:26:15,168] {processor.py:153} INFO - Started process (PID=1038) to work on /home/airflow/.local/lib/python3.7/site-packages/airflow/example_dags/example_trigger_target_dag.py
[2022-07-14 16:26:15,169] {processor.py:641} INFO - Processing file /home/airflow/.local/lib/python3.7/site-packages/airflow/example_dags/example_trigger_target_dag.py for tasks to queue
[2022-07-14 16:26:15,169] {logging_mixin.py:115} INFO - [2022-07-14 16:26:15,169] {dagbag.py:508} INFO - Filling up the DagBag from /home/airflow/.local/lib/python3.7/site-packages/airflow/example_dags/example_trigger_target_dag.py
[2022-07-14 16:26:15,194] {processor.py:651} INFO - DAG(s) dict_keys(['example_trigger_target_dag']) retrieved from /home/airflow/.local/lib/python3.7/site-packages/airflow/example_dags/example_trigger_target_dag.py
[2022-07-14 16:26:15,227] {logging_mixin.py:115} INFO - [2022-07-14 16:26:15,227] {dag.py:2420} INFO - Sync 1 DAGs
[2022-07-14 16:26:15,273] {logging_mixin.py:115} INFO - [2022-07-14 16:26:15,273] {dag.py:2972} INFO - Setting next_dagrun for example_trigger_target_dag to None, run_after=None
[2022-07-14 16:26:15,300] {processor.py:161} INFO - Processing /home/airflow/.local/lib/python3.7/site-packages/airflow/example_dags/example_trigger_target_dag.py took 0.136 seconds
[2022-07-14 16:26:46,214] {processor.py:153} INFO - Started process (PID=1090) to work on /home/airflow/.local/lib/python3.7/site-packages/airflow/example_dags/example_trigger_target_dag.py
[2022-07-14 16:26:46,215] {processor.py:641} INFO - Processing file /home/airflow/.local/lib/python3.7/site-packages/airflow/example_dags/example_trigger_target_dag.py for tasks to queue
[2022-07-14 16:26:46,215] {logging_mixin.py:115} INFO - [2022-07-14 16:26:46,215] {dagbag.py:508} INFO - Filling up the DagBag from /home/airflow/.local/lib/python3.7/site-packages/airflow/example_dags/example_trigger_target_dag.py
[2022-07-14 16:26:46,238] {processor.py:651} INFO - DAG(s) dict_keys(['example_trigger_target_dag']) retrieved from /home/airflow/.local/lib/python3.7/site-packages/airflow/example_dags/example_trigger_target_dag.py
[2022-07-14 16:26:46,321] {logging_mixin.py:115} INFO - [2022-07-14 16:26:46,321] {dag.py:2420} INFO - Sync 1 DAGs
[2022-07-14 16:26:46,419] {logging_mixin.py:115} INFO - [2022-07-14 16:26:46,419] {dag.py:2972} INFO - Setting next_dagrun for example_trigger_target_dag to None, run_after=None
[2022-07-14 16:26:46,458] {processor.py:161} INFO - Processing /home/airflow/.local/lib/python3.7/site-packages/airflow/example_dags/example_trigger_target_dag.py took 0.255 seconds
[2022-07-14 16:27:16,675] {processor.py:153} INFO - Started process (PID=1151) to work on /home/airflow/.local/lib/python3.7/site-packages/airflow/example_dags/example_trigger_target_dag.py
[2022-07-14 16:27:16,675] {processor.py:641} INFO - Processing file /home/airflow/.local/lib/python3.7/site-packages/airflow/example_dags/example_trigger_target_dag.py for tasks to queue
[2022-07-14 16:27:16,676] {logging_mixin.py:115} INFO - [2022-07-14 16:27:16,676] {dagbag.py:508} INFO - Filling up the DagBag from /home/airflow/.local/lib/python3.7/site-packages/airflow/example_dags/example_trigger_target_dag.py
[2022-07-14 16:27:16,703] {processor.py:651} INFO - DAG(s) dict_keys(['example_trigger_target_dag']) retrieved from /home/airflow/.local/lib/python3.7/site-packages/airflow/example_dags/example_trigger_target_dag.py
[2022-07-14 16:27:16,748] {logging_mixin.py:115} INFO - [2022-07-14 16:27:16,748] {dag.py:2420} INFO - Sync 1 DAGs
[2022-07-14 16:27:16,781] {logging_mixin.py:115} INFO - [2022-07-14 16:27:16,781] {dag.py:2972} INFO - Setting next_dagrun for example_trigger_target_dag to None, run_after=None
[2022-07-14 16:27:16,800] {processor.py:161} INFO - Processing /home/airflow/.local/lib/python3.7/site-packages/airflow/example_dags/example_trigger_target_dag.py took 0.133 seconds
[2022-07-14 16:27:47,424] {processor.py:153} INFO - Started process (PID=1203) to work on /home/airflow/.local/lib/python3.7/site-packages/airflow/example_dags/example_trigger_target_dag.py
[2022-07-14 16:27:47,427] {processor.py:641} INFO - Processing file /home/airflow/.local/lib/python3.7/site-packages/airflow/example_dags/example_trigger_target_dag.py for tasks to queue
[2022-07-14 16:27:47,428] {logging_mixin.py:115} INFO - [2022-07-14 16:27:47,427] {dagbag.py:508} INFO - Filling up the DagBag from /home/airflow/.local/lib/python3.7/site-packages/airflow/example_dags/example_trigger_target_dag.py
[2022-07-14 16:27:47,469] {processor.py:651} INFO - DAG(s) dict_keys(['example_trigger_target_dag']) retrieved from /home/airflow/.local/lib/python3.7/site-packages/airflow/example_dags/example_trigger_target_dag.py
[2022-07-14 16:27:47,538] {logging_mixin.py:115} INFO - [2022-07-14 16:27:47,537] {dag.py:2420} INFO - Sync 1 DAGs
[2022-07-14 16:27:47,598] {logging_mixin.py:115} INFO - [2022-07-14 16:27:47,598] {dag.py:2972} INFO - Setting next_dagrun for example_trigger_target_dag to None, run_after=None
[2022-07-14 16:27:47,636] {processor.py:161} INFO - Processing /home/airflow/.local/lib/python3.7/site-packages/airflow/example_dags/example_trigger_target_dag.py took 0.225 seconds
[2022-07-14 16:28:18,257] {processor.py:153} INFO - Started process (PID=1263) to work on /home/airflow/.local/lib/python3.7/site-packages/airflow/example_dags/example_trigger_target_dag.py
[2022-07-14 16:28:18,271] {processor.py:641} INFO - Processing file /home/airflow/.local/lib/python3.7/site-packages/airflow/example_dags/example_trigger_target_dag.py for tasks to queue
[2022-07-14 16:28:18,271] {logging_mixin.py:115} INFO - [2022-07-14 16:28:18,271] {dagbag.py:508} INFO - Filling up the DagBag from /home/airflow/.local/lib/python3.7/site-packages/airflow/example_dags/example_trigger_target_dag.py
[2022-07-14 16:28:18,367] {processor.py:651} INFO - DAG(s) dict_keys(['example_trigger_target_dag']) retrieved from /home/airflow/.local/lib/python3.7/site-packages/airflow/example_dags/example_trigger_target_dag.py
[2022-07-14 16:28:18,421] {logging_mixin.py:115} INFO - [2022-07-14 16:28:18,421] {dag.py:2420} INFO - Sync 1 DAGs
[2022-07-14 16:28:18,496] {logging_mixin.py:115} INFO - [2022-07-14 16:28:18,495] {dag.py:2972} INFO - Setting next_dagrun for example_trigger_target_dag to None, run_after=None
[2022-07-14 16:28:18,544] {processor.py:161} INFO - Processing /home/airflow/.local/lib/python3.7/site-packages/airflow/example_dags/example_trigger_target_dag.py took 0.295 seconds
[2022-07-14 16:28:48,769] {processor.py:153} INFO - Started process (PID=1315) to work on /home/airflow/.local/lib/python3.7/site-packages/airflow/example_dags/example_trigger_target_dag.py
[2022-07-14 16:28:48,770] {processor.py:641} INFO - Processing file /home/airflow/.local/lib/python3.7/site-packages/airflow/example_dags/example_trigger_target_dag.py for tasks to queue
[2022-07-14 16:28:48,771] {logging_mixin.py:115} INFO - [2022-07-14 16:28:48,770] {dagbag.py:508} INFO - Filling up the DagBag from /home/airflow/.local/lib/python3.7/site-packages/airflow/example_dags/example_trigger_target_dag.py
[2022-07-14 16:28:48,791] {processor.py:651} INFO - DAG(s) dict_keys(['example_trigger_target_dag']) retrieved from /home/airflow/.local/lib/python3.7/site-packages/airflow/example_dags/example_trigger_target_dag.py
[2022-07-14 16:28:48,826] {logging_mixin.py:115} INFO - [2022-07-14 16:28:48,826] {dag.py:2420} INFO - Sync 1 DAGs
[2022-07-14 16:28:48,860] {logging_mixin.py:115} INFO - [2022-07-14 16:28:48,860] {dag.py:2972} INFO - Setting next_dagrun for example_trigger_target_dag to None, run_after=None
[2022-07-14 16:28:48,889] {processor.py:161} INFO - Processing /home/airflow/.local/lib/python3.7/site-packages/airflow/example_dags/example_trigger_target_dag.py took 0.128 seconds
[2022-07-14 16:29:19,118] {processor.py:153} INFO - Started process (PID=1367) to work on /home/airflow/.local/lib/python3.7/site-packages/airflow/example_dags/example_trigger_target_dag.py
[2022-07-14 16:29:19,119] {processor.py:641} INFO - Processing file /home/airflow/.local/lib/python3.7/site-packages/airflow/example_dags/example_trigger_target_dag.py for tasks to queue
[2022-07-14 16:29:19,119] {logging_mixin.py:115} INFO - [2022-07-14 16:29:19,119] {dagbag.py:508} INFO - Filling up the DagBag from /home/airflow/.local/lib/python3.7/site-packages/airflow/example_dags/example_trigger_target_dag.py
[2022-07-14 16:29:19,137] {processor.py:651} INFO - DAG(s) dict_keys(['example_trigger_target_dag']) retrieved from /home/airflow/.local/lib/python3.7/site-packages/airflow/example_dags/example_trigger_target_dag.py
[2022-07-14 16:29:19,169] {logging_mixin.py:115} INFO - [2022-07-14 16:29:19,169] {dag.py:2420} INFO - Sync 1 DAGs
[2022-07-14 16:29:19,203] {logging_mixin.py:115} INFO - [2022-07-14 16:29:19,203] {dag.py:2972} INFO - Setting next_dagrun for example_trigger_target_dag to None, run_after=None
[2022-07-14 16:29:19,231] {processor.py:161} INFO - Processing /home/airflow/.local/lib/python3.7/site-packages/airflow/example_dags/example_trigger_target_dag.py took 0.116 seconds
[2022-07-14 16:29:49,646] {processor.py:153} INFO - Started process (PID=1427) to work on /home/airflow/.local/lib/python3.7/site-packages/airflow/example_dags/example_trigger_target_dag.py
[2022-07-14 16:29:49,647] {processor.py:641} INFO - Processing file /home/airflow/.local/lib/python3.7/site-packages/airflow/example_dags/example_trigger_target_dag.py for tasks to queue
[2022-07-14 16:29:49,647] {logging_mixin.py:115} INFO - [2022-07-14 16:29:49,647] {dagbag.py:508} INFO - Filling up the DagBag from /home/airflow/.local/lib/python3.7/site-packages/airflow/example_dags/example_trigger_target_dag.py
[2022-07-14 16:29:49,673] {processor.py:651} INFO - DAG(s) dict_keys(['example_trigger_target_dag']) retrieved from /home/airflow/.local/lib/python3.7/site-packages/airflow/example_dags/example_trigger_target_dag.py
[2022-07-14 16:29:49,714] {logging_mixin.py:115} INFO - [2022-07-14 16:29:49,714] {dag.py:2420} INFO - Sync 1 DAGs
[2022-07-14 16:29:49,753] {logging_mixin.py:115} INFO - [2022-07-14 16:29:49,753] {dag.py:2972} INFO - Setting next_dagrun for example_trigger_target_dag to None, run_after=None
[2022-07-14 16:29:49,784] {processor.py:161} INFO - Processing /home/airflow/.local/lib/python3.7/site-packages/airflow/example_dags/example_trigger_target_dag.py took 0.143 seconds
[2022-07-14 16:30:20,367] {processor.py:153} INFO - Started process (PID=1478) to work on /home/airflow/.local/lib/python3.7/site-packages/airflow/example_dags/example_trigger_target_dag.py
[2022-07-14 16:30:20,368] {processor.py:641} INFO - Processing file /home/airflow/.local/lib/python3.7/site-packages/airflow/example_dags/example_trigger_target_dag.py for tasks to queue
[2022-07-14 16:30:20,368] {logging_mixin.py:115} INFO - [2022-07-14 16:30:20,368] {dagbag.py:508} INFO - Filling up the DagBag from /home/airflow/.local/lib/python3.7/site-packages/airflow/example_dags/example_trigger_target_dag.py
[2022-07-14 16:30:20,396] {processor.py:651} INFO - DAG(s) dict_keys(['example_trigger_target_dag']) retrieved from /home/airflow/.local/lib/python3.7/site-packages/airflow/example_dags/example_trigger_target_dag.py
[2022-07-14 16:30:20,473] {logging_mixin.py:115} INFO - [2022-07-14 16:30:20,473] {dag.py:2420} INFO - Sync 1 DAGs
[2022-07-14 16:30:20,520] {logging_mixin.py:115} INFO - [2022-07-14 16:30:20,520] {dag.py:2972} INFO - Setting next_dagrun for example_trigger_target_dag to None, run_after=None
[2022-07-14 16:30:20,553] {processor.py:161} INFO - Processing /home/airflow/.local/lib/python3.7/site-packages/airflow/example_dags/example_trigger_target_dag.py took 0.191 seconds
[2022-07-14 16:30:51,269] {processor.py:153} INFO - Started process (PID=1538) to work on /home/airflow/.local/lib/python3.7/site-packages/airflow/example_dags/example_trigger_target_dag.py
[2022-07-14 16:30:51,269] {processor.py:641} INFO - Processing file /home/airflow/.local/lib/python3.7/site-packages/airflow/example_dags/example_trigger_target_dag.py for tasks to queue
[2022-07-14 16:30:51,270] {logging_mixin.py:115} INFO - [2022-07-14 16:30:51,270] {dagbag.py:508} INFO - Filling up the DagBag from /home/airflow/.local/lib/python3.7/site-packages/airflow/example_dags/example_trigger_target_dag.py
[2022-07-14 16:30:51,283] {processor.py:651} INFO - DAG(s) dict_keys(['example_trigger_target_dag']) retrieved from /home/airflow/.local/lib/python3.7/site-packages/airflow/example_dags/example_trigger_target_dag.py
[2022-07-14 16:30:51,303] {logging_mixin.py:115} INFO - [2022-07-14 16:30:51,303] {dag.py:2420} INFO - Sync 1 DAGs
[2022-07-14 16:30:51,322] {logging_mixin.py:115} INFO - [2022-07-14 16:30:51,322] {dag.py:2972} INFO - Setting next_dagrun for example_trigger_target_dag to None, run_after=None
[2022-07-14 16:30:51,348] {processor.py:161} INFO - Processing /home/airflow/.local/lib/python3.7/site-packages/airflow/example_dags/example_trigger_target_dag.py took 0.082 seconds
[2022-07-14 16:31:21,648] {processor.py:153} INFO - Started process (PID=1589) to work on /home/airflow/.local/lib/python3.7/site-packages/airflow/example_dags/example_trigger_target_dag.py
[2022-07-14 16:31:21,648] {processor.py:641} INFO - Processing file /home/airflow/.local/lib/python3.7/site-packages/airflow/example_dags/example_trigger_target_dag.py for tasks to queue
[2022-07-14 16:31:21,649] {logging_mixin.py:115} INFO - [2022-07-14 16:31:21,649] {dagbag.py:508} INFO - Filling up the DagBag from /home/airflow/.local/lib/python3.7/site-packages/airflow/example_dags/example_trigger_target_dag.py
[2022-07-14 16:31:21,662] {processor.py:651} INFO - DAG(s) dict_keys(['example_trigger_target_dag']) retrieved from /home/airflow/.local/lib/python3.7/site-packages/airflow/example_dags/example_trigger_target_dag.py
[2022-07-14 16:31:21,683] {logging_mixin.py:115} INFO - [2022-07-14 16:31:21,683] {dag.py:2420} INFO - Sync 1 DAGs
[2022-07-14 16:31:21,702] {logging_mixin.py:115} INFO - [2022-07-14 16:31:21,702] {dag.py:2972} INFO - Setting next_dagrun for example_trigger_target_dag to None, run_after=None
[2022-07-14 16:31:21,712] {processor.py:161} INFO - Processing /home/airflow/.local/lib/python3.7/site-packages/airflow/example_dags/example_trigger_target_dag.py took 0.066 seconds
[2022-07-14 16:31:52,055] {processor.py:153} INFO - Started process (PID=1651) to work on /home/airflow/.local/lib/python3.7/site-packages/airflow/example_dags/example_trigger_target_dag.py
[2022-07-14 16:31:52,055] {processor.py:641} INFO - Processing file /home/airflow/.local/lib/python3.7/site-packages/airflow/example_dags/example_trigger_target_dag.py for tasks to queue
[2022-07-14 16:31:52,056] {logging_mixin.py:115} INFO - [2022-07-14 16:31:52,056] {dagbag.py:508} INFO - Filling up the DagBag from /home/airflow/.local/lib/python3.7/site-packages/airflow/example_dags/example_trigger_target_dag.py
[2022-07-14 16:31:52,087] {processor.py:651} INFO - DAG(s) dict_keys(['example_trigger_target_dag']) retrieved from /home/airflow/.local/lib/python3.7/site-packages/airflow/example_dags/example_trigger_target_dag.py
[2022-07-14 16:31:52,208] {logging_mixin.py:115} INFO - [2022-07-14 16:31:52,208] {dag.py:2420} INFO - Sync 1 DAGs
[2022-07-14 16:31:52,247] {logging_mixin.py:115} INFO - [2022-07-14 16:31:52,247] {dag.py:2972} INFO - Setting next_dagrun for example_trigger_target_dag to None, run_after=None
[2022-07-14 16:31:52,276] {processor.py:161} INFO - Processing /home/airflow/.local/lib/python3.7/site-packages/airflow/example_dags/example_trigger_target_dag.py took 0.225 seconds
[2022-07-14 16:32:22,320] {processor.py:153} INFO - Started process (PID=1712) to work on /home/airflow/.local/lib/python3.7/site-packages/airflow/example_dags/example_trigger_target_dag.py
[2022-07-14 16:32:22,321] {processor.py:641} INFO - Processing file /home/airflow/.local/lib/python3.7/site-packages/airflow/example_dags/example_trigger_target_dag.py for tasks to queue
[2022-07-14 16:32:22,321] {logging_mixin.py:115} INFO - [2022-07-14 16:32:22,321] {dagbag.py:508} INFO - Filling up the DagBag from /home/airflow/.local/lib/python3.7/site-packages/airflow/example_dags/example_trigger_target_dag.py
[2022-07-14 16:32:22,334] {processor.py:651} INFO - DAG(s) dict_keys(['example_trigger_target_dag']) retrieved from /home/airflow/.local/lib/python3.7/site-packages/airflow/example_dags/example_trigger_target_dag.py
[2022-07-14 16:32:22,354] {logging_mixin.py:115} INFO - [2022-07-14 16:32:22,354] {dag.py:2420} INFO - Sync 1 DAGs
[2022-07-14 16:32:22,373] {logging_mixin.py:115} INFO - [2022-07-14 16:32:22,373] {dag.py:2972} INFO - Setting next_dagrun for example_trigger_target_dag to None, run_after=None
[2022-07-14 16:32:22,407] {processor.py:161} INFO - Processing /home/airflow/.local/lib/python3.7/site-packages/airflow/example_dags/example_trigger_target_dag.py took 0.090 seconds
[2022-07-14 16:32:52,668] {processor.py:153} INFO - Started process (PID=1764) to work on /home/airflow/.local/lib/python3.7/site-packages/airflow/example_dags/example_trigger_target_dag.py
[2022-07-14 16:32:52,668] {processor.py:641} INFO - Processing file /home/airflow/.local/lib/python3.7/site-packages/airflow/example_dags/example_trigger_target_dag.py for tasks to queue
[2022-07-14 16:32:52,669] {logging_mixin.py:115} INFO - [2022-07-14 16:32:52,668] {dagbag.py:508} INFO - Filling up the DagBag from /home/airflow/.local/lib/python3.7/site-packages/airflow/example_dags/example_trigger_target_dag.py
[2022-07-14 16:32:52,681] {processor.py:651} INFO - DAG(s) dict_keys(['example_trigger_target_dag']) retrieved from /home/airflow/.local/lib/python3.7/site-packages/airflow/example_dags/example_trigger_target_dag.py
[2022-07-14 16:32:52,703] {logging_mixin.py:115} INFO - [2022-07-14 16:32:52,703] {dag.py:2420} INFO - Sync 1 DAGs
[2022-07-14 16:32:52,723] {logging_mixin.py:115} INFO - [2022-07-14 16:32:52,723] {dag.py:2972} INFO - Setting next_dagrun for example_trigger_target_dag to None, run_after=None
[2022-07-14 16:32:52,751] {processor.py:161} INFO - Processing /home/airflow/.local/lib/python3.7/site-packages/airflow/example_dags/example_trigger_target_dag.py took 0.087 seconds
[2022-07-14 16:33:22,913] {processor.py:153} INFO - Started process (PID=1825) to work on /home/airflow/.local/lib/python3.7/site-packages/airflow/example_dags/example_trigger_target_dag.py
[2022-07-14 16:33:22,913] {processor.py:641} INFO - Processing file /home/airflow/.local/lib/python3.7/site-packages/airflow/example_dags/example_trigger_target_dag.py for tasks to queue
[2022-07-14 16:33:22,913] {logging_mixin.py:115} INFO - [2022-07-14 16:33:22,913] {dagbag.py:508} INFO - Filling up the DagBag from /home/airflow/.local/lib/python3.7/site-packages/airflow/example_dags/example_trigger_target_dag.py
[2022-07-14 16:33:22,928] {processor.py:651} INFO - DAG(s) dict_keys(['example_trigger_target_dag']) retrieved from /home/airflow/.local/lib/python3.7/site-packages/airflow/example_dags/example_trigger_target_dag.py
[2022-07-14 16:33:22,950] {logging_mixin.py:115} INFO - [2022-07-14 16:33:22,950] {dag.py:2420} INFO - Sync 1 DAGs
[2022-07-14 16:33:22,970] {logging_mixin.py:115} INFO - [2022-07-14 16:33:22,970] {dag.py:2972} INFO - Setting next_dagrun for example_trigger_target_dag to None, run_after=None
[2022-07-14 16:33:22,980] {processor.py:161} INFO - Processing /home/airflow/.local/lib/python3.7/site-packages/airflow/example_dags/example_trigger_target_dag.py took 0.070 seconds
[2022-07-14 16:33:53,147] {processor.py:153} INFO - Started process (PID=1885) to work on /home/airflow/.local/lib/python3.7/site-packages/airflow/example_dags/example_trigger_target_dag.py
[2022-07-14 16:33:53,148] {processor.py:641} INFO - Processing file /home/airflow/.local/lib/python3.7/site-packages/airflow/example_dags/example_trigger_target_dag.py for tasks to queue
[2022-07-14 16:33:53,148] {logging_mixin.py:115} INFO - [2022-07-14 16:33:53,148] {dagbag.py:508} INFO - Filling up the DagBag from /home/airflow/.local/lib/python3.7/site-packages/airflow/example_dags/example_trigger_target_dag.py
[2022-07-14 16:33:53,166] {processor.py:651} INFO - DAG(s) dict_keys(['example_trigger_target_dag']) retrieved from /home/airflow/.local/lib/python3.7/site-packages/airflow/example_dags/example_trigger_target_dag.py
[2022-07-14 16:33:53,191] {logging_mixin.py:115} INFO - [2022-07-14 16:33:53,191] {dag.py:2420} INFO - Sync 1 DAGs
[2022-07-14 16:33:53,211] {logging_mixin.py:115} INFO - [2022-07-14 16:33:53,210] {dag.py:2972} INFO - Setting next_dagrun for example_trigger_target_dag to None, run_after=None
[2022-07-14 16:33:53,249] {processor.py:161} INFO - Processing /home/airflow/.local/lib/python3.7/site-packages/airflow/example_dags/example_trigger_target_dag.py took 0.106 seconds
[2022-07-14 16:34:23,487] {processor.py:153} INFO - Started process (PID=1937) to work on /home/airflow/.local/lib/python3.7/site-packages/airflow/example_dags/example_trigger_target_dag.py
[2022-07-14 16:34:23,487] {processor.py:641} INFO - Processing file /home/airflow/.local/lib/python3.7/site-packages/airflow/example_dags/example_trigger_target_dag.py for tasks to queue
[2022-07-14 16:34:23,488] {logging_mixin.py:115} INFO - [2022-07-14 16:34:23,488] {dagbag.py:508} INFO - Filling up the DagBag from /home/airflow/.local/lib/python3.7/site-packages/airflow/example_dags/example_trigger_target_dag.py
[2022-07-14 16:34:23,508] {processor.py:651} INFO - DAG(s) dict_keys(['example_trigger_target_dag']) retrieved from /home/airflow/.local/lib/python3.7/site-packages/airflow/example_dags/example_trigger_target_dag.py
[2022-07-14 16:34:23,561] {logging_mixin.py:115} INFO - [2022-07-14 16:34:23,560] {dag.py:2420} INFO - Sync 1 DAGs
[2022-07-14 16:34:23,595] {logging_mixin.py:115} INFO - [2022-07-14 16:34:23,595] {dag.py:2972} INFO - Setting next_dagrun for example_trigger_target_dag to None, run_after=None
[2022-07-14 16:34:23,610] {processor.py:161} INFO - Processing /home/airflow/.local/lib/python3.7/site-packages/airflow/example_dags/example_trigger_target_dag.py took 0.127 seconds
[2022-07-14 16:34:54,056] {processor.py:153} INFO - Started process (PID=1998) to work on /home/airflow/.local/lib/python3.7/site-packages/airflow/example_dags/example_trigger_target_dag.py
[2022-07-14 16:34:54,060] {processor.py:641} INFO - Processing file /home/airflow/.local/lib/python3.7/site-packages/airflow/example_dags/example_trigger_target_dag.py for tasks to queue
[2022-07-14 16:34:54,061] {logging_mixin.py:115} INFO - [2022-07-14 16:34:54,061] {dagbag.py:508} INFO - Filling up the DagBag from /home/airflow/.local/lib/python3.7/site-packages/airflow/example_dags/example_trigger_target_dag.py
[2022-07-14 16:34:54,095] {processor.py:651} INFO - DAG(s) dict_keys(['example_trigger_target_dag']) retrieved from /home/airflow/.local/lib/python3.7/site-packages/airflow/example_dags/example_trigger_target_dag.py
[2022-07-14 16:34:54,183] {logging_mixin.py:115} INFO - [2022-07-14 16:34:54,183] {dag.py:2420} INFO - Sync 1 DAGs
[2022-07-14 16:34:54,319] {logging_mixin.py:115} INFO - [2022-07-14 16:34:54,319] {dag.py:2972} INFO - Setting next_dagrun for example_trigger_target_dag to None, run_after=None
[2022-07-14 16:34:54,382] {processor.py:161} INFO - Processing /home/airflow/.local/lib/python3.7/site-packages/airflow/example_dags/example_trigger_target_dag.py took 0.333 seconds
[2022-07-14 16:35:25,340] {processor.py:153} INFO - Started process (PID=2050) to work on /home/airflow/.local/lib/python3.7/site-packages/airflow/example_dags/example_trigger_target_dag.py
[2022-07-14 16:35:25,365] {processor.py:641} INFO - Processing file /home/airflow/.local/lib/python3.7/site-packages/airflow/example_dags/example_trigger_target_dag.py for tasks to queue
[2022-07-14 16:35:25,366] {logging_mixin.py:115} INFO - [2022-07-14 16:35:25,366] {dagbag.py:508} INFO - Filling up the DagBag from /home/airflow/.local/lib/python3.7/site-packages/airflow/example_dags/example_trigger_target_dag.py
[2022-07-14 16:35:25,385] {processor.py:651} INFO - DAG(s) dict_keys(['example_trigger_target_dag']) retrieved from /home/airflow/.local/lib/python3.7/site-packages/airflow/example_dags/example_trigger_target_dag.py
[2022-07-14 16:35:25,414] {logging_mixin.py:115} INFO - [2022-07-14 16:35:25,414] {dag.py:2420} INFO - Sync 1 DAGs
[2022-07-14 16:35:25,441] {logging_mixin.py:115} INFO - [2022-07-14 16:35:25,441] {dag.py:2972} INFO - Setting next_dagrun for example_trigger_target_dag to None, run_after=None
[2022-07-14 16:35:25,484] {processor.py:161} INFO - Processing /home/airflow/.local/lib/python3.7/site-packages/airflow/example_dags/example_trigger_target_dag.py took 0.147 seconds
[2022-07-14 16:35:55,723] {processor.py:153} INFO - Started process (PID=2110) to work on /home/airflow/.local/lib/python3.7/site-packages/airflow/example_dags/example_trigger_target_dag.py
[2022-07-14 16:35:55,724] {processor.py:641} INFO - Processing file /home/airflow/.local/lib/python3.7/site-packages/airflow/example_dags/example_trigger_target_dag.py for tasks to queue
[2022-07-14 16:35:55,724] {logging_mixin.py:115} INFO - [2022-07-14 16:35:55,724] {dagbag.py:508} INFO - Filling up the DagBag from /home/airflow/.local/lib/python3.7/site-packages/airflow/example_dags/example_trigger_target_dag.py
[2022-07-14 16:35:55,741] {processor.py:651} INFO - DAG(s) dict_keys(['example_trigger_target_dag']) retrieved from /home/airflow/.local/lib/python3.7/site-packages/airflow/example_dags/example_trigger_target_dag.py
[2022-07-14 16:35:55,761] {logging_mixin.py:115} INFO - [2022-07-14 16:35:55,761] {dag.py:2420} INFO - Sync 1 DAGs
[2022-07-14 16:35:55,784] {logging_mixin.py:115} INFO - [2022-07-14 16:35:55,784] {dag.py:2972} INFO - Setting next_dagrun for example_trigger_target_dag to None, run_after=None
[2022-07-14 16:35:55,797] {processor.py:161} INFO - Processing /home/airflow/.local/lib/python3.7/site-packages/airflow/example_dags/example_trigger_target_dag.py took 0.077 seconds
[2022-07-14 16:36:25,998] {processor.py:153} INFO - Started process (PID=2162) to work on /home/airflow/.local/lib/python3.7/site-packages/airflow/example_dags/example_trigger_target_dag.py
[2022-07-14 16:36:26,011] {processor.py:641} INFO - Processing file /home/airflow/.local/lib/python3.7/site-packages/airflow/example_dags/example_trigger_target_dag.py for tasks to queue
[2022-07-14 16:36:26,012] {logging_mixin.py:115} INFO - [2022-07-14 16:36:26,012] {dagbag.py:508} INFO - Filling up the DagBag from /home/airflow/.local/lib/python3.7/site-packages/airflow/example_dags/example_trigger_target_dag.py
[2022-07-14 16:36:26,064] {processor.py:651} INFO - DAG(s) dict_keys(['example_trigger_target_dag']) retrieved from /home/airflow/.local/lib/python3.7/site-packages/airflow/example_dags/example_trigger_target_dag.py
[2022-07-14 16:36:26,115] {logging_mixin.py:115} INFO - [2022-07-14 16:36:26,114] {dag.py:2420} INFO - Sync 1 DAGs
[2022-07-14 16:36:26,145] {logging_mixin.py:115} INFO - [2022-07-14 16:36:26,145] {dag.py:2972} INFO - Setting next_dagrun for example_trigger_target_dag to None, run_after=None
[2022-07-14 16:36:26,158] {processor.py:161} INFO - Processing /home/airflow/.local/lib/python3.7/site-packages/airflow/example_dags/example_trigger_target_dag.py took 0.170 seconds
