[2022-07-14 16:17:11,934] {processor.py:153} INFO - Started process (PID=86) to work on /home/airflow/.local/lib/python3.7/site-packages/airflow/example_dags/example_xcom.py
[2022-07-14 16:17:11,952] {processor.py:641} INFO - Processing file /home/airflow/.local/lib/python3.7/site-packages/airflow/example_dags/example_xcom.py for tasks to queue
[2022-07-14 16:17:11,953] {logging_mixin.py:115} INFO - [2022-07-14 16:17:11,953] {dagbag.py:508} INFO - Filling up the DagBag from /home/airflow/.local/lib/python3.7/site-packages/airflow/example_dags/example_xcom.py
[2022-07-14 16:17:12,120] {processor.py:651} INFO - DAG(s) dict_keys(['example_xcom']) retrieved from /home/airflow/.local/lib/python3.7/site-packages/airflow/example_dags/example_xcom.py
[2022-07-14 16:17:12,627] {logging_mixin.py:115} INFO - [2022-07-14 16:17:12,627] {manager.py:508} INFO - Created Permission View: can delete on DAG:example_xcom
[2022-07-14 16:17:12,686] {logging_mixin.py:115} INFO - [2022-07-14 16:17:12,686] {manager.py:508} INFO - Created Permission View: can read on DAG:example_xcom
[2022-07-14 16:17:12,727] {logging_mixin.py:115} INFO - [2022-07-14 16:17:12,727] {manager.py:508} INFO - Created Permission View: can edit on DAG:example_xcom
[2022-07-14 16:17:12,727] {logging_mixin.py:115} INFO - [2022-07-14 16:17:12,727] {dag.py:2420} INFO - Sync 1 DAGs
[2022-07-14 16:17:12,786] {logging_mixin.py:115} INFO - [2022-07-14 16:17:12,786] {dag.py:2439} INFO - Creating ORM DAG for example_xcom
[2022-07-14 16:17:12,879] {logging_mixin.py:115} INFO - [2022-07-14 16:17:12,866] {dag.py:2972} INFO - Setting next_dagrun for example_xcom to 2021-01-01T00:00:00+00:00, run_after=2021-01-01T00:00:00+00:00
[2022-07-14 16:17:12,928] {processor.py:161} INFO - Processing /home/airflow/.local/lib/python3.7/site-packages/airflow/example_dags/example_xcom.py took 1.026 seconds
[2022-07-14 16:17:43,184] {processor.py:153} INFO - Started process (PID=137) to work on /home/airflow/.local/lib/python3.7/site-packages/airflow/example_dags/example_xcom.py
[2022-07-14 16:17:43,206] {processor.py:641} INFO - Processing file /home/airflow/.local/lib/python3.7/site-packages/airflow/example_dags/example_xcom.py for tasks to queue
[2022-07-14 16:17:43,206] {logging_mixin.py:115} INFO - [2022-07-14 16:17:43,206] {dagbag.py:508} INFO - Filling up the DagBag from /home/airflow/.local/lib/python3.7/site-packages/airflow/example_dags/example_xcom.py
[2022-07-14 16:17:43,280] {processor.py:651} INFO - DAG(s) dict_keys(['example_xcom']) retrieved from /home/airflow/.local/lib/python3.7/site-packages/airflow/example_dags/example_xcom.py
[2022-07-14 16:17:43,558] {logging_mixin.py:115} INFO - [2022-07-14 16:17:43,558] {dag.py:2420} INFO - Sync 1 DAGs
[2022-07-14 16:17:43,592] {logging_mixin.py:115} INFO - [2022-07-14 16:17:43,592] {dag.py:2972} INFO - Setting next_dagrun for example_xcom to 2021-01-01T00:00:00+00:00, run_after=2021-01-01T00:00:00+00:00
[2022-07-14 16:17:43,645] {processor.py:161} INFO - Processing /home/airflow/.local/lib/python3.7/site-packages/airflow/example_dags/example_xcom.py took 0.465 seconds
[2022-07-14 16:18:13,781] {processor.py:153} INFO - Started process (PID=189) to work on /home/airflow/.local/lib/python3.7/site-packages/airflow/example_dags/example_xcom.py
[2022-07-14 16:18:13,782] {processor.py:641} INFO - Processing file /home/airflow/.local/lib/python3.7/site-packages/airflow/example_dags/example_xcom.py for tasks to queue
[2022-07-14 16:18:13,791] {logging_mixin.py:115} INFO - [2022-07-14 16:18:13,790] {dagbag.py:508} INFO - Filling up the DagBag from /home/airflow/.local/lib/python3.7/site-packages/airflow/example_dags/example_xcom.py
[2022-07-14 16:18:13,848] {processor.py:651} INFO - DAG(s) dict_keys(['example_xcom']) retrieved from /home/airflow/.local/lib/python3.7/site-packages/airflow/example_dags/example_xcom.py
[2022-07-14 16:18:13,988] {logging_mixin.py:115} INFO - [2022-07-14 16:18:13,988] {dag.py:2420} INFO - Sync 1 DAGs
[2022-07-14 16:18:14,022] {logging_mixin.py:115} INFO - [2022-07-14 16:18:14,022] {dag.py:2972} INFO - Setting next_dagrun for example_xcom to 2021-01-01T00:00:00+00:00, run_after=2021-01-01T00:00:00+00:00
[2022-07-14 16:18:14,061] {processor.py:161} INFO - Processing /home/airflow/.local/lib/python3.7/site-packages/airflow/example_dags/example_xcom.py took 0.284 seconds
[2022-07-14 16:18:44,133] {processor.py:153} INFO - Started process (PID=241) to work on /home/airflow/.local/lib/python3.7/site-packages/airflow/example_dags/example_xcom.py
[2022-07-14 16:18:44,133] {processor.py:641} INFO - Processing file /home/airflow/.local/lib/python3.7/site-packages/airflow/example_dags/example_xcom.py for tasks to queue
[2022-07-14 16:18:44,134] {logging_mixin.py:115} INFO - [2022-07-14 16:18:44,134] {dagbag.py:508} INFO - Filling up the DagBag from /home/airflow/.local/lib/python3.7/site-packages/airflow/example_dags/example_xcom.py
[2022-07-14 16:18:44,165] {processor.py:651} INFO - DAG(s) dict_keys(['example_xcom']) retrieved from /home/airflow/.local/lib/python3.7/site-packages/airflow/example_dags/example_xcom.py
[2022-07-14 16:18:44,287] {logging_mixin.py:115} INFO - [2022-07-14 16:18:44,287] {dag.py:2420} INFO - Sync 1 DAGs
[2022-07-14 16:18:44,338] {logging_mixin.py:115} INFO - [2022-07-14 16:18:44,337] {dag.py:2972} INFO - Setting next_dagrun for example_xcom to 2021-01-01T00:00:00+00:00, run_after=2021-01-01T00:00:00+00:00
[2022-07-14 16:18:44,383] {processor.py:161} INFO - Processing /home/airflow/.local/lib/python3.7/site-packages/airflow/example_dags/example_xcom.py took 0.254 seconds
[2022-07-14 16:19:14,503] {processor.py:153} INFO - Started process (PID=301) to work on /home/airflow/.local/lib/python3.7/site-packages/airflow/example_dags/example_xcom.py
[2022-07-14 16:19:14,520] {processor.py:641} INFO - Processing file /home/airflow/.local/lib/python3.7/site-packages/airflow/example_dags/example_xcom.py for tasks to queue
[2022-07-14 16:19:14,521] {logging_mixin.py:115} INFO - [2022-07-14 16:19:14,521] {dagbag.py:508} INFO - Filling up the DagBag from /home/airflow/.local/lib/python3.7/site-packages/airflow/example_dags/example_xcom.py
[2022-07-14 16:19:14,644] {processor.py:651} INFO - DAG(s) dict_keys(['example_xcom']) retrieved from /home/airflow/.local/lib/python3.7/site-packages/airflow/example_dags/example_xcom.py
[2022-07-14 16:19:14,855] {logging_mixin.py:115} INFO - [2022-07-14 16:19:14,855] {dag.py:2420} INFO - Sync 1 DAGs
[2022-07-14 16:19:14,973] {logging_mixin.py:115} INFO - [2022-07-14 16:19:14,973] {dag.py:2972} INFO - Setting next_dagrun for example_xcom to 2021-01-01T00:00:00+00:00, run_after=2021-01-01T00:00:00+00:00
[2022-07-14 16:19:15,017] {processor.py:161} INFO - Processing /home/airflow/.local/lib/python3.7/site-packages/airflow/example_dags/example_xcom.py took 0.538 seconds
[2022-07-14 16:19:45,898] {processor.py:153} INFO - Started process (PID=352) to work on /home/airflow/.local/lib/python3.7/site-packages/airflow/example_dags/example_xcom.py
[2022-07-14 16:19:45,899] {processor.py:641} INFO - Processing file /home/airflow/.local/lib/python3.7/site-packages/airflow/example_dags/example_xcom.py for tasks to queue
[2022-07-14 16:19:45,899] {logging_mixin.py:115} INFO - [2022-07-14 16:19:45,899] {dagbag.py:508} INFO - Filling up the DagBag from /home/airflow/.local/lib/python3.7/site-packages/airflow/example_dags/example_xcom.py
[2022-07-14 16:19:45,925] {processor.py:651} INFO - DAG(s) dict_keys(['example_xcom']) retrieved from /home/airflow/.local/lib/python3.7/site-packages/airflow/example_dags/example_xcom.py
[2022-07-14 16:19:46,073] {logging_mixin.py:115} INFO - [2022-07-14 16:19:46,073] {dag.py:2420} INFO - Sync 1 DAGs
[2022-07-14 16:19:46,109] {logging_mixin.py:115} INFO - [2022-07-14 16:19:46,109] {dag.py:2972} INFO - Setting next_dagrun for example_xcom to 2021-01-01T00:00:00+00:00, run_after=2021-01-01T00:00:00+00:00
[2022-07-14 16:19:46,141] {processor.py:161} INFO - Processing /home/airflow/.local/lib/python3.7/site-packages/airflow/example_dags/example_xcom.py took 0.246 seconds
[2022-07-14 16:20:16,445] {processor.py:153} INFO - Started process (PID=403) to work on /home/airflow/.local/lib/python3.7/site-packages/airflow/example_dags/example_xcom.py
[2022-07-14 16:20:16,474] {processor.py:641} INFO - Processing file /home/airflow/.local/lib/python3.7/site-packages/airflow/example_dags/example_xcom.py for tasks to queue
[2022-07-14 16:20:16,475] {logging_mixin.py:115} INFO - [2022-07-14 16:20:16,475] {dagbag.py:508} INFO - Filling up the DagBag from /home/airflow/.local/lib/python3.7/site-packages/airflow/example_dags/example_xcom.py
[2022-07-14 16:20:16,514] {processor.py:651} INFO - DAG(s) dict_keys(['example_xcom']) retrieved from /home/airflow/.local/lib/python3.7/site-packages/airflow/example_dags/example_xcom.py
[2022-07-14 16:20:16,627] {logging_mixin.py:115} INFO - [2022-07-14 16:20:16,626] {dag.py:2420} INFO - Sync 1 DAGs
[2022-07-14 16:20:16,662] {logging_mixin.py:115} INFO - [2022-07-14 16:20:16,662] {dag.py:2972} INFO - Setting next_dagrun for example_xcom to 2021-01-01T00:00:00+00:00, run_after=2021-01-01T00:00:00+00:00
[2022-07-14 16:20:16,709] {processor.py:161} INFO - Processing /home/airflow/.local/lib/python3.7/site-packages/airflow/example_dags/example_xcom.py took 0.268 seconds
[2022-07-14 16:20:46,820] {processor.py:153} INFO - Started process (PID=454) to work on /home/airflow/.local/lib/python3.7/site-packages/airflow/example_dags/example_xcom.py
[2022-07-14 16:20:46,820] {processor.py:641} INFO - Processing file /home/airflow/.local/lib/python3.7/site-packages/airflow/example_dags/example_xcom.py for tasks to queue
[2022-07-14 16:20:46,821] {logging_mixin.py:115} INFO - [2022-07-14 16:20:46,821] {dagbag.py:508} INFO - Filling up the DagBag from /home/airflow/.local/lib/python3.7/site-packages/airflow/example_dags/example_xcom.py
[2022-07-14 16:20:46,930] {processor.py:651} INFO - DAG(s) dict_keys(['example_xcom']) retrieved from /home/airflow/.local/lib/python3.7/site-packages/airflow/example_dags/example_xcom.py
[2022-07-14 16:20:47,294] {logging_mixin.py:115} INFO - [2022-07-14 16:20:47,293] {dag.py:2420} INFO - Sync 1 DAGs
[2022-07-14 16:20:47,393] {logging_mixin.py:115} INFO - [2022-07-14 16:20:47,393] {dag.py:2972} INFO - Setting next_dagrun for example_xcom to 2021-01-01T00:00:00+00:00, run_after=2021-01-01T00:00:00+00:00
[2022-07-14 16:20:47,461] {processor.py:161} INFO - Processing /home/airflow/.local/lib/python3.7/site-packages/airflow/example_dags/example_xcom.py took 0.645 seconds
[2022-07-14 16:21:17,673] {processor.py:153} INFO - Started process (PID=515) to work on /home/airflow/.local/lib/python3.7/site-packages/airflow/example_dags/example_xcom.py
[2022-07-14 16:21:17,674] {processor.py:641} INFO - Processing file /home/airflow/.local/lib/python3.7/site-packages/airflow/example_dags/example_xcom.py for tasks to queue
[2022-07-14 16:21:17,674] {logging_mixin.py:115} INFO - [2022-07-14 16:21:17,674] {dagbag.py:508} INFO - Filling up the DagBag from /home/airflow/.local/lib/python3.7/site-packages/airflow/example_dags/example_xcom.py
[2022-07-14 16:21:17,699] {processor.py:651} INFO - DAG(s) dict_keys(['example_xcom']) retrieved from /home/airflow/.local/lib/python3.7/site-packages/airflow/example_dags/example_xcom.py
[2022-07-14 16:21:17,801] {logging_mixin.py:115} INFO - [2022-07-14 16:21:17,801] {dag.py:2420} INFO - Sync 1 DAGs
[2022-07-14 16:21:17,831] {logging_mixin.py:115} INFO - [2022-07-14 16:21:17,831] {dag.py:2972} INFO - Setting next_dagrun for example_xcom to 2021-01-01T00:00:00+00:00, run_after=2021-01-01T00:00:00+00:00
[2022-07-14 16:21:17,850] {processor.py:161} INFO - Processing /home/airflow/.local/lib/python3.7/site-packages/airflow/example_dags/example_xcom.py took 0.181 seconds
[2022-07-14 16:21:47,919] {processor.py:153} INFO - Started process (PID=567) to work on /home/airflow/.local/lib/python3.7/site-packages/airflow/example_dags/example_xcom.py
[2022-07-14 16:21:47,952] {processor.py:641} INFO - Processing file /home/airflow/.local/lib/python3.7/site-packages/airflow/example_dags/example_xcom.py for tasks to queue
[2022-07-14 16:21:47,953] {logging_mixin.py:115} INFO - [2022-07-14 16:21:47,952] {dagbag.py:508} INFO - Filling up the DagBag from /home/airflow/.local/lib/python3.7/site-packages/airflow/example_dags/example_xcom.py
[2022-07-14 16:21:47,982] {processor.py:651} INFO - DAG(s) dict_keys(['example_xcom']) retrieved from /home/airflow/.local/lib/python3.7/site-packages/airflow/example_dags/example_xcom.py
[2022-07-14 16:21:48,023] {logging_mixin.py:115} INFO - [2022-07-14 16:21:48,023] {dag.py:2420} INFO - Sync 1 DAGs
[2022-07-14 16:21:48,058] {logging_mixin.py:115} INFO - [2022-07-14 16:21:48,058] {dag.py:2972} INFO - Setting next_dagrun for example_xcom to 2021-01-01T00:00:00+00:00, run_after=2021-01-01T00:00:00+00:00
[2022-07-14 16:21:48,107] {processor.py:161} INFO - Processing /home/airflow/.local/lib/python3.7/site-packages/airflow/example_dags/example_xcom.py took 0.191 seconds
[2022-07-14 16:22:18,840] {processor.py:153} INFO - Started process (PID=618) to work on /home/airflow/.local/lib/python3.7/site-packages/airflow/example_dags/example_xcom.py
[2022-07-14 16:22:18,879] {processor.py:641} INFO - Processing file /home/airflow/.local/lib/python3.7/site-packages/airflow/example_dags/example_xcom.py for tasks to queue
[2022-07-14 16:22:18,879] {logging_mixin.py:115} INFO - [2022-07-14 16:22:18,879] {dagbag.py:508} INFO - Filling up the DagBag from /home/airflow/.local/lib/python3.7/site-packages/airflow/example_dags/example_xcom.py
[2022-07-14 16:22:18,913] {processor.py:651} INFO - DAG(s) dict_keys(['example_xcom']) retrieved from /home/airflow/.local/lib/python3.7/site-packages/airflow/example_dags/example_xcom.py
[2022-07-14 16:22:19,032] {logging_mixin.py:115} INFO - [2022-07-14 16:22:19,032] {dag.py:2420} INFO - Sync 1 DAGs
[2022-07-14 16:22:19,063] {logging_mixin.py:115} INFO - [2022-07-14 16:22:19,063] {dag.py:2972} INFO - Setting next_dagrun for example_xcom to 2021-01-01T00:00:00+00:00, run_after=2021-01-01T00:00:00+00:00
[2022-07-14 16:22:19,095] {processor.py:161} INFO - Processing /home/airflow/.local/lib/python3.7/site-packages/airflow/example_dags/example_xcom.py took 0.258 seconds
[2022-07-14 16:22:49,650] {processor.py:153} INFO - Started process (PID=679) to work on /home/airflow/.local/lib/python3.7/site-packages/airflow/example_dags/example_xcom.py
[2022-07-14 16:22:49,685] {processor.py:641} INFO - Processing file /home/airflow/.local/lib/python3.7/site-packages/airflow/example_dags/example_xcom.py for tasks to queue
[2022-07-14 16:22:49,686] {logging_mixin.py:115} INFO - [2022-07-14 16:22:49,686] {dagbag.py:508} INFO - Filling up the DagBag from /home/airflow/.local/lib/python3.7/site-packages/airflow/example_dags/example_xcom.py
[2022-07-14 16:22:49,715] {processor.py:651} INFO - DAG(s) dict_keys(['example_xcom']) retrieved from /home/airflow/.local/lib/python3.7/site-packages/airflow/example_dags/example_xcom.py
[2022-07-14 16:22:49,798] {logging_mixin.py:115} INFO - [2022-07-14 16:22:49,798] {dag.py:2420} INFO - Sync 1 DAGs
[2022-07-14 16:22:49,820] {logging_mixin.py:115} INFO - [2022-07-14 16:22:49,820] {dag.py:2972} INFO - Setting next_dagrun for example_xcom to 2021-01-01T00:00:00+00:00, run_after=2021-01-01T00:00:00+00:00
[2022-07-14 16:22:49,833] {processor.py:161} INFO - Processing /home/airflow/.local/lib/python3.7/site-packages/airflow/example_dags/example_xcom.py took 0.187 seconds
[2022-07-14 16:23:20,005] {processor.py:153} INFO - Started process (PID=731) to work on /home/airflow/.local/lib/python3.7/site-packages/airflow/example_dags/example_xcom.py
[2022-07-14 16:23:20,041] {processor.py:641} INFO - Processing file /home/airflow/.local/lib/python3.7/site-packages/airflow/example_dags/example_xcom.py for tasks to queue
[2022-07-14 16:23:20,042] {logging_mixin.py:115} INFO - [2022-07-14 16:23:20,042] {dagbag.py:508} INFO - Filling up the DagBag from /home/airflow/.local/lib/python3.7/site-packages/airflow/example_dags/example_xcom.py
[2022-07-14 16:23:20,076] {processor.py:651} INFO - DAG(s) dict_keys(['example_xcom']) retrieved from /home/airflow/.local/lib/python3.7/site-packages/airflow/example_dags/example_xcom.py
[2022-07-14 16:23:20,250] {logging_mixin.py:115} INFO - [2022-07-14 16:23:20,250] {dag.py:2420} INFO - Sync 1 DAGs
[2022-07-14 16:23:20,294] {logging_mixin.py:115} INFO - [2022-07-14 16:23:20,294] {dag.py:2972} INFO - Setting next_dagrun for example_xcom to 2021-01-01T00:00:00+00:00, run_after=2021-01-01T00:00:00+00:00
[2022-07-14 16:23:20,352] {processor.py:161} INFO - Processing /home/airflow/.local/lib/python3.7/site-packages/airflow/example_dags/example_xcom.py took 0.354 seconds
[2022-07-14 16:23:50,444] {processor.py:153} INFO - Started process (PID=791) to work on /home/airflow/.local/lib/python3.7/site-packages/airflow/example_dags/example_xcom.py
[2022-07-14 16:23:50,446] {processor.py:641} INFO - Processing file /home/airflow/.local/lib/python3.7/site-packages/airflow/example_dags/example_xcom.py for tasks to queue
[2022-07-14 16:23:50,447] {logging_mixin.py:115} INFO - [2022-07-14 16:23:50,447] {dagbag.py:508} INFO - Filling up the DagBag from /home/airflow/.local/lib/python3.7/site-packages/airflow/example_dags/example_xcom.py
[2022-07-14 16:23:50,475] {processor.py:651} INFO - DAG(s) dict_keys(['example_xcom']) retrieved from /home/airflow/.local/lib/python3.7/site-packages/airflow/example_dags/example_xcom.py
[2022-07-14 16:23:50,516] {logging_mixin.py:115} INFO - [2022-07-14 16:23:50,516] {dag.py:2420} INFO - Sync 1 DAGs
[2022-07-14 16:23:50,552] {logging_mixin.py:115} INFO - [2022-07-14 16:23:50,552] {dag.py:2972} INFO - Setting next_dagrun for example_xcom to 2021-01-01T00:00:00+00:00, run_after=2021-01-01T00:00:00+00:00
[2022-07-14 16:23:50,586] {processor.py:161} INFO - Processing /home/airflow/.local/lib/python3.7/site-packages/airflow/example_dags/example_xcom.py took 0.146 seconds
[2022-07-14 16:24:21,372] {processor.py:153} INFO - Started process (PID=841) to work on /home/airflow/.local/lib/python3.7/site-packages/airflow/example_dags/example_xcom.py
[2022-07-14 16:24:21,373] {processor.py:641} INFO - Processing file /home/airflow/.local/lib/python3.7/site-packages/airflow/example_dags/example_xcom.py for tasks to queue
[2022-07-14 16:24:21,373] {logging_mixin.py:115} INFO - [2022-07-14 16:24:21,373] {dagbag.py:508} INFO - Filling up the DagBag from /home/airflow/.local/lib/python3.7/site-packages/airflow/example_dags/example_xcom.py
[2022-07-14 16:24:21,402] {processor.py:651} INFO - DAG(s) dict_keys(['example_xcom']) retrieved from /home/airflow/.local/lib/python3.7/site-packages/airflow/example_dags/example_xcom.py
[2022-07-14 16:24:21,449] {logging_mixin.py:115} INFO - [2022-07-14 16:24:21,449] {dag.py:2420} INFO - Sync 1 DAGs
[2022-07-14 16:24:21,493] {logging_mixin.py:115} INFO - [2022-07-14 16:24:21,493] {dag.py:2972} INFO - Setting next_dagrun for example_xcom to 2021-01-01T00:00:00+00:00, run_after=2021-01-01T00:00:00+00:00
[2022-07-14 16:24:21,518] {processor.py:161} INFO - Processing /home/airflow/.local/lib/python3.7/site-packages/airflow/example_dags/example_xcom.py took 0.150 seconds
[2022-07-14 16:24:51,705] {processor.py:153} INFO - Started process (PID=892) to work on /home/airflow/.local/lib/python3.7/site-packages/airflow/example_dags/example_xcom.py
[2022-07-14 16:24:51,711] {processor.py:641} INFO - Processing file /home/airflow/.local/lib/python3.7/site-packages/airflow/example_dags/example_xcom.py for tasks to queue
[2022-07-14 16:24:51,711] {logging_mixin.py:115} INFO - [2022-07-14 16:24:51,711] {dagbag.py:508} INFO - Filling up the DagBag from /home/airflow/.local/lib/python3.7/site-packages/airflow/example_dags/example_xcom.py
[2022-07-14 16:24:51,738] {processor.py:651} INFO - DAG(s) dict_keys(['example_xcom']) retrieved from /home/airflow/.local/lib/python3.7/site-packages/airflow/example_dags/example_xcom.py
[2022-07-14 16:24:51,850] {logging_mixin.py:115} INFO - [2022-07-14 16:24:51,850] {dag.py:2420} INFO - Sync 1 DAGs
[2022-07-14 16:24:51,877] {logging_mixin.py:115} INFO - [2022-07-14 16:24:51,877] {dag.py:2972} INFO - Setting next_dagrun for example_xcom to 2021-01-01T00:00:00+00:00, run_after=2021-01-01T00:00:00+00:00
[2022-07-14 16:24:51,895] {processor.py:161} INFO - Processing /home/airflow/.local/lib/python3.7/site-packages/airflow/example_dags/example_xcom.py took 0.193 seconds
[2022-07-14 16:25:22,034] {processor.py:153} INFO - Started process (PID=952) to work on /home/airflow/.local/lib/python3.7/site-packages/airflow/example_dags/example_xcom.py
[2022-07-14 16:25:22,035] {processor.py:641} INFO - Processing file /home/airflow/.local/lib/python3.7/site-packages/airflow/example_dags/example_xcom.py for tasks to queue
[2022-07-14 16:25:22,036] {logging_mixin.py:115} INFO - [2022-07-14 16:25:22,035] {dagbag.py:508} INFO - Filling up the DagBag from /home/airflow/.local/lib/python3.7/site-packages/airflow/example_dags/example_xcom.py
[2022-07-14 16:25:22,060] {processor.py:651} INFO - DAG(s) dict_keys(['example_xcom']) retrieved from /home/airflow/.local/lib/python3.7/site-packages/airflow/example_dags/example_xcom.py
[2022-07-14 16:25:22,092] {logging_mixin.py:115} INFO - [2022-07-14 16:25:22,092] {dag.py:2420} INFO - Sync 1 DAGs
[2022-07-14 16:25:22,124] {logging_mixin.py:115} INFO - [2022-07-14 16:25:22,123] {dag.py:2972} INFO - Setting next_dagrun for example_xcom to 2021-01-01T00:00:00+00:00, run_after=2021-01-01T00:00:00+00:00
[2022-07-14 16:25:22,145] {processor.py:161} INFO - Processing /home/airflow/.local/lib/python3.7/site-packages/airflow/example_dags/example_xcom.py took 0.113 seconds
[2022-07-14 16:25:52,412] {processor.py:153} INFO - Started process (PID=1003) to work on /home/airflow/.local/lib/python3.7/site-packages/airflow/example_dags/example_xcom.py
[2022-07-14 16:25:52,419] {processor.py:641} INFO - Processing file /home/airflow/.local/lib/python3.7/site-packages/airflow/example_dags/example_xcom.py for tasks to queue
[2022-07-14 16:25:52,419] {logging_mixin.py:115} INFO - [2022-07-14 16:25:52,419] {dagbag.py:508} INFO - Filling up the DagBag from /home/airflow/.local/lib/python3.7/site-packages/airflow/example_dags/example_xcom.py
[2022-07-14 16:25:52,475] {processor.py:651} INFO - DAG(s) dict_keys(['example_xcom']) retrieved from /home/airflow/.local/lib/python3.7/site-packages/airflow/example_dags/example_xcom.py
[2022-07-14 16:25:52,786] {logging_mixin.py:115} INFO - [2022-07-14 16:25:52,786] {dag.py:2420} INFO - Sync 1 DAGs
[2022-07-14 16:25:52,843] {logging_mixin.py:115} INFO - [2022-07-14 16:25:52,843] {dag.py:2972} INFO - Setting next_dagrun for example_xcom to 2021-01-01T00:00:00+00:00, run_after=2021-01-01T00:00:00+00:00
[2022-07-14 16:25:52,880] {processor.py:161} INFO - Processing /home/airflow/.local/lib/python3.7/site-packages/airflow/example_dags/example_xcom.py took 0.473 seconds
[2022-07-14 16:26:23,317] {processor.py:153} INFO - Started process (PID=1063) to work on /home/airflow/.local/lib/python3.7/site-packages/airflow/example_dags/example_xcom.py
[2022-07-14 16:26:23,318] {processor.py:641} INFO - Processing file /home/airflow/.local/lib/python3.7/site-packages/airflow/example_dags/example_xcom.py for tasks to queue
[2022-07-14 16:26:23,319] {logging_mixin.py:115} INFO - [2022-07-14 16:26:23,319] {dagbag.py:508} INFO - Filling up the DagBag from /home/airflow/.local/lib/python3.7/site-packages/airflow/example_dags/example_xcom.py
[2022-07-14 16:26:23,357] {processor.py:651} INFO - DAG(s) dict_keys(['example_xcom']) retrieved from /home/airflow/.local/lib/python3.7/site-packages/airflow/example_dags/example_xcom.py
[2022-07-14 16:26:23,580] {logging_mixin.py:115} INFO - [2022-07-14 16:26:23,580] {dag.py:2420} INFO - Sync 1 DAGs
[2022-07-14 16:26:23,703] {logging_mixin.py:115} INFO - [2022-07-14 16:26:23,702] {dag.py:2972} INFO - Setting next_dagrun for example_xcom to 2021-01-01T00:00:00+00:00, run_after=2021-01-01T00:00:00+00:00
[2022-07-14 16:26:23,765] {processor.py:161} INFO - Processing /home/airflow/.local/lib/python3.7/site-packages/airflow/example_dags/example_xcom.py took 0.452 seconds
[2022-07-14 16:26:53,963] {processor.py:153} INFO - Started process (PID=1115) to work on /home/airflow/.local/lib/python3.7/site-packages/airflow/example_dags/example_xcom.py
[2022-07-14 16:26:53,963] {processor.py:641} INFO - Processing file /home/airflow/.local/lib/python3.7/site-packages/airflow/example_dags/example_xcom.py for tasks to queue
[2022-07-14 16:26:53,964] {logging_mixin.py:115} INFO - [2022-07-14 16:26:53,964] {dagbag.py:508} INFO - Filling up the DagBag from /home/airflow/.local/lib/python3.7/site-packages/airflow/example_dags/example_xcom.py
[2022-07-14 16:26:54,006] {processor.py:651} INFO - DAG(s) dict_keys(['example_xcom']) retrieved from /home/airflow/.local/lib/python3.7/site-packages/airflow/example_dags/example_xcom.py
[2022-07-14 16:26:54,105] {logging_mixin.py:115} INFO - [2022-07-14 16:26:54,105] {dag.py:2420} INFO - Sync 1 DAGs
[2022-07-14 16:26:54,133] {logging_mixin.py:115} INFO - [2022-07-14 16:26:54,133] {dag.py:2972} INFO - Setting next_dagrun for example_xcom to 2021-01-01T00:00:00+00:00, run_after=2021-01-01T00:00:00+00:00
[2022-07-14 16:26:54,153] {processor.py:161} INFO - Processing /home/airflow/.local/lib/python3.7/site-packages/airflow/example_dags/example_xcom.py took 0.196 seconds
[2022-07-14 16:27:24,263] {processor.py:153} INFO - Started process (PID=1167) to work on /home/airflow/.local/lib/python3.7/site-packages/airflow/example_dags/example_xcom.py
[2022-07-14 16:27:24,264] {processor.py:641} INFO - Processing file /home/airflow/.local/lib/python3.7/site-packages/airflow/example_dags/example_xcom.py for tasks to queue
[2022-07-14 16:27:24,264] {logging_mixin.py:115} INFO - [2022-07-14 16:27:24,264] {dagbag.py:508} INFO - Filling up the DagBag from /home/airflow/.local/lib/python3.7/site-packages/airflow/example_dags/example_xcom.py
[2022-07-14 16:27:24,280] {processor.py:651} INFO - DAG(s) dict_keys(['example_xcom']) retrieved from /home/airflow/.local/lib/python3.7/site-packages/airflow/example_dags/example_xcom.py
[2022-07-14 16:27:24,364] {logging_mixin.py:115} INFO - [2022-07-14 16:27:24,364] {dag.py:2420} INFO - Sync 1 DAGs
[2022-07-14 16:27:24,391] {logging_mixin.py:115} INFO - [2022-07-14 16:27:24,391] {dag.py:2972} INFO - Setting next_dagrun for example_xcom to 2021-01-01T00:00:00+00:00, run_after=2021-01-01T00:00:00+00:00
[2022-07-14 16:27:24,405] {processor.py:161} INFO - Processing /home/airflow/.local/lib/python3.7/site-packages/airflow/example_dags/example_xcom.py took 0.145 seconds
[2022-07-14 16:27:54,508] {processor.py:153} INFO - Started process (PID=1228) to work on /home/airflow/.local/lib/python3.7/site-packages/airflow/example_dags/example_xcom.py
[2022-07-14 16:27:54,530] {processor.py:641} INFO - Processing file /home/airflow/.local/lib/python3.7/site-packages/airflow/example_dags/example_xcom.py for tasks to queue
[2022-07-14 16:27:54,531] {logging_mixin.py:115} INFO - [2022-07-14 16:27:54,530] {dagbag.py:508} INFO - Filling up the DagBag from /home/airflow/.local/lib/python3.7/site-packages/airflow/example_dags/example_xcom.py
[2022-07-14 16:27:54,600] {processor.py:651} INFO - DAG(s) dict_keys(['example_xcom']) retrieved from /home/airflow/.local/lib/python3.7/site-packages/airflow/example_dags/example_xcom.py
[2022-07-14 16:27:54,738] {logging_mixin.py:115} INFO - [2022-07-14 16:27:54,738] {dag.py:2420} INFO - Sync 1 DAGs
[2022-07-14 16:27:54,772] {logging_mixin.py:115} INFO - [2022-07-14 16:27:54,772] {dag.py:2972} INFO - Setting next_dagrun for example_xcom to 2021-01-01T00:00:00+00:00, run_after=2021-01-01T00:00:00+00:00
[2022-07-14 16:27:54,800] {processor.py:161} INFO - Processing /home/airflow/.local/lib/python3.7/site-packages/airflow/example_dags/example_xcom.py took 0.297 seconds
[2022-07-14 16:28:24,880] {processor.py:153} INFO - Started process (PID=1280) to work on /home/airflow/.local/lib/python3.7/site-packages/airflow/example_dags/example_xcom.py
[2022-07-14 16:28:24,884] {processor.py:641} INFO - Processing file /home/airflow/.local/lib/python3.7/site-packages/airflow/example_dags/example_xcom.py for tasks to queue
[2022-07-14 16:28:24,885] {logging_mixin.py:115} INFO - [2022-07-14 16:28:24,885] {dagbag.py:508} INFO - Filling up the DagBag from /home/airflow/.local/lib/python3.7/site-packages/airflow/example_dags/example_xcom.py
[2022-07-14 16:28:24,925] {processor.py:651} INFO - DAG(s) dict_keys(['example_xcom']) retrieved from /home/airflow/.local/lib/python3.7/site-packages/airflow/example_dags/example_xcom.py
[2022-07-14 16:28:25,097] {logging_mixin.py:115} INFO - [2022-07-14 16:28:25,097] {dag.py:2420} INFO - Sync 1 DAGs
[2022-07-14 16:28:25,139] {logging_mixin.py:115} INFO - [2022-07-14 16:28:25,139] {dag.py:2972} INFO - Setting next_dagrun for example_xcom to 2021-01-01T00:00:00+00:00, run_after=2021-01-01T00:00:00+00:00
[2022-07-14 16:28:25,171] {processor.py:161} INFO - Processing /home/airflow/.local/lib/python3.7/site-packages/airflow/example_dags/example_xcom.py took 0.295 seconds
[2022-07-14 16:28:55,385] {processor.py:153} INFO - Started process (PID=1331) to work on /home/airflow/.local/lib/python3.7/site-packages/airflow/example_dags/example_xcom.py
[2022-07-14 16:28:55,397] {processor.py:641} INFO - Processing file /home/airflow/.local/lib/python3.7/site-packages/airflow/example_dags/example_xcom.py for tasks to queue
[2022-07-14 16:28:55,397] {logging_mixin.py:115} INFO - [2022-07-14 16:28:55,397] {dagbag.py:508} INFO - Filling up the DagBag from /home/airflow/.local/lib/python3.7/site-packages/airflow/example_dags/example_xcom.py
[2022-07-14 16:28:55,435] {processor.py:651} INFO - DAG(s) dict_keys(['example_xcom']) retrieved from /home/airflow/.local/lib/python3.7/site-packages/airflow/example_dags/example_xcom.py
[2022-07-14 16:28:55,621] {logging_mixin.py:115} INFO - [2022-07-14 16:28:55,621] {dag.py:2420} INFO - Sync 1 DAGs
[2022-07-14 16:28:55,655] {logging_mixin.py:115} INFO - [2022-07-14 16:28:55,655] {dag.py:2972} INFO - Setting next_dagrun for example_xcom to 2021-01-01T00:00:00+00:00, run_after=2021-01-01T00:00:00+00:00
[2022-07-14 16:28:55,684] {processor.py:161} INFO - Processing /home/airflow/.local/lib/python3.7/site-packages/airflow/example_dags/example_xcom.py took 0.304 seconds
[2022-07-14 16:29:26,076] {processor.py:153} INFO - Started process (PID=1391) to work on /home/airflow/.local/lib/python3.7/site-packages/airflow/example_dags/example_xcom.py
[2022-07-14 16:29:26,088] {processor.py:641} INFO - Processing file /home/airflow/.local/lib/python3.7/site-packages/airflow/example_dags/example_xcom.py for tasks to queue
[2022-07-14 16:29:26,089] {logging_mixin.py:115} INFO - [2022-07-14 16:29:26,089] {dagbag.py:508} INFO - Filling up the DagBag from /home/airflow/.local/lib/python3.7/site-packages/airflow/example_dags/example_xcom.py
[2022-07-14 16:29:26,127] {processor.py:651} INFO - DAG(s) dict_keys(['example_xcom']) retrieved from /home/airflow/.local/lib/python3.7/site-packages/airflow/example_dags/example_xcom.py
[2022-07-14 16:29:26,187] {logging_mixin.py:115} INFO - [2022-07-14 16:29:26,187] {dag.py:2420} INFO - Sync 1 DAGs
[2022-07-14 16:29:26,243] {logging_mixin.py:115} INFO - [2022-07-14 16:29:26,243] {dag.py:2972} INFO - Setting next_dagrun for example_xcom to 2021-01-01T00:00:00+00:00, run_after=2021-01-01T00:00:00+00:00
[2022-07-14 16:29:26,274] {processor.py:161} INFO - Processing /home/airflow/.local/lib/python3.7/site-packages/airflow/example_dags/example_xcom.py took 0.202 seconds
[2022-07-14 16:29:56,850] {processor.py:153} INFO - Started process (PID=1443) to work on /home/airflow/.local/lib/python3.7/site-packages/airflow/example_dags/example_xcom.py
[2022-07-14 16:29:56,861] {processor.py:641} INFO - Processing file /home/airflow/.local/lib/python3.7/site-packages/airflow/example_dags/example_xcom.py for tasks to queue
[2022-07-14 16:29:56,862] {logging_mixin.py:115} INFO - [2022-07-14 16:29:56,862] {dagbag.py:508} INFO - Filling up the DagBag from /home/airflow/.local/lib/python3.7/site-packages/airflow/example_dags/example_xcom.py
[2022-07-14 16:29:56,885] {processor.py:651} INFO - DAG(s) dict_keys(['example_xcom']) retrieved from /home/airflow/.local/lib/python3.7/site-packages/airflow/example_dags/example_xcom.py
[2022-07-14 16:29:56,994] {logging_mixin.py:115} INFO - [2022-07-14 16:29:56,994] {dag.py:2420} INFO - Sync 1 DAGs
[2022-07-14 16:29:57,023] {logging_mixin.py:115} INFO - [2022-07-14 16:29:57,023] {dag.py:2972} INFO - Setting next_dagrun for example_xcom to 2021-01-01T00:00:00+00:00, run_after=2021-01-01T00:00:00+00:00
[2022-07-14 16:29:57,054] {processor.py:161} INFO - Processing /home/airflow/.local/lib/python3.7/site-packages/airflow/example_dags/example_xcom.py took 0.208 seconds
[2022-07-14 16:30:27,084] {processor.py:153} INFO - Started process (PID=1502) to work on /home/airflow/.local/lib/python3.7/site-packages/airflow/example_dags/example_xcom.py
[2022-07-14 16:30:27,098] {processor.py:641} INFO - Processing file /home/airflow/.local/lib/python3.7/site-packages/airflow/example_dags/example_xcom.py for tasks to queue
[2022-07-14 16:30:27,100] {logging_mixin.py:115} INFO - [2022-07-14 16:30:27,100] {dagbag.py:508} INFO - Filling up the DagBag from /home/airflow/.local/lib/python3.7/site-packages/airflow/example_dags/example_xcom.py
[2022-07-14 16:30:27,133] {processor.py:651} INFO - DAG(s) dict_keys(['example_xcom']) retrieved from /home/airflow/.local/lib/python3.7/site-packages/airflow/example_dags/example_xcom.py
[2022-07-14 16:30:27,155] {logging_mixin.py:115} INFO - [2022-07-14 16:30:27,155] {dag.py:2420} INFO - Sync 1 DAGs
[2022-07-14 16:30:27,180] {logging_mixin.py:115} INFO - [2022-07-14 16:30:27,180] {dag.py:2972} INFO - Setting next_dagrun for example_xcom to 2021-01-01T00:00:00+00:00, run_after=2021-01-01T00:00:00+00:00
[2022-07-14 16:30:27,195] {processor.py:161} INFO - Processing /home/airflow/.local/lib/python3.7/site-packages/airflow/example_dags/example_xcom.py took 0.114 seconds
[2022-07-14 16:30:57,676] {processor.py:153} INFO - Started process (PID=1554) to work on /home/airflow/.local/lib/python3.7/site-packages/airflow/example_dags/example_xcom.py
[2022-07-14 16:30:57,691] {processor.py:641} INFO - Processing file /home/airflow/.local/lib/python3.7/site-packages/airflow/example_dags/example_xcom.py for tasks to queue
[2022-07-14 16:30:57,692] {logging_mixin.py:115} INFO - [2022-07-14 16:30:57,692] {dagbag.py:508} INFO - Filling up the DagBag from /home/airflow/.local/lib/python3.7/site-packages/airflow/example_dags/example_xcom.py
[2022-07-14 16:30:57,710] {processor.py:651} INFO - DAG(s) dict_keys(['example_xcom']) retrieved from /home/airflow/.local/lib/python3.7/site-packages/airflow/example_dags/example_xcom.py
[2022-07-14 16:30:57,790] {logging_mixin.py:115} INFO - [2022-07-14 16:30:57,790] {dag.py:2420} INFO - Sync 1 DAGs
[2022-07-14 16:30:57,808] {logging_mixin.py:115} INFO - [2022-07-14 16:30:57,808] {dag.py:2972} INFO - Setting next_dagrun for example_xcom to 2021-01-01T00:00:00+00:00, run_after=2021-01-01T00:00:00+00:00
[2022-07-14 16:30:57,820] {processor.py:161} INFO - Processing /home/airflow/.local/lib/python3.7/site-packages/airflow/example_dags/example_xcom.py took 0.152 seconds
[2022-07-14 16:31:28,660] {processor.py:153} INFO - Started process (PID=1614) to work on /home/airflow/.local/lib/python3.7/site-packages/airflow/example_dags/example_xcom.py
[2022-07-14 16:31:28,676] {processor.py:641} INFO - Processing file /home/airflow/.local/lib/python3.7/site-packages/airflow/example_dags/example_xcom.py for tasks to queue
[2022-07-14 16:31:28,677] {logging_mixin.py:115} INFO - [2022-07-14 16:31:28,677] {dagbag.py:508} INFO - Filling up the DagBag from /home/airflow/.local/lib/python3.7/site-packages/airflow/example_dags/example_xcom.py
[2022-07-14 16:31:28,698] {processor.py:651} INFO - DAG(s) dict_keys(['example_xcom']) retrieved from /home/airflow/.local/lib/python3.7/site-packages/airflow/example_dags/example_xcom.py
[2022-07-14 16:31:28,768] {logging_mixin.py:115} INFO - [2022-07-14 16:31:28,767] {dag.py:2420} INFO - Sync 1 DAGs
[2022-07-14 16:31:28,787] {logging_mixin.py:115} INFO - [2022-07-14 16:31:28,787] {dag.py:2972} INFO - Setting next_dagrun for example_xcom to 2021-01-01T00:00:00+00:00, run_after=2021-01-01T00:00:00+00:00
[2022-07-14 16:31:28,799] {processor.py:161} INFO - Processing /home/airflow/.local/lib/python3.7/site-packages/airflow/example_dags/example_xcom.py took 0.150 seconds
[2022-07-14 16:31:59,260] {processor.py:153} INFO - Started process (PID=1677) to work on /home/airflow/.local/lib/python3.7/site-packages/airflow/example_dags/example_xcom.py
[2022-07-14 16:31:59,260] {processor.py:641} INFO - Processing file /home/airflow/.local/lib/python3.7/site-packages/airflow/example_dags/example_xcom.py for tasks to queue
[2022-07-14 16:31:59,261] {logging_mixin.py:115} INFO - [2022-07-14 16:31:59,261] {dagbag.py:508} INFO - Filling up the DagBag from /home/airflow/.local/lib/python3.7/site-packages/airflow/example_dags/example_xcom.py
[2022-07-14 16:31:59,282] {processor.py:651} INFO - DAG(s) dict_keys(['example_xcom']) retrieved from /home/airflow/.local/lib/python3.7/site-packages/airflow/example_dags/example_xcom.py
[2022-07-14 16:31:59,363] {logging_mixin.py:115} INFO - [2022-07-14 16:31:59,363] {dag.py:2420} INFO - Sync 1 DAGs
[2022-07-14 16:31:59,390] {logging_mixin.py:115} INFO - [2022-07-14 16:31:59,390] {dag.py:2972} INFO - Setting next_dagrun for example_xcom to 2021-01-01T00:00:00+00:00, run_after=2021-01-01T00:00:00+00:00
[2022-07-14 16:31:59,420] {processor.py:161} INFO - Processing /home/airflow/.local/lib/python3.7/site-packages/airflow/example_dags/example_xcom.py took 0.165 seconds
[2022-07-14 16:32:29,498] {processor.py:153} INFO - Started process (PID=1728) to work on /home/airflow/.local/lib/python3.7/site-packages/airflow/example_dags/example_xcom.py
[2022-07-14 16:32:29,514] {processor.py:641} INFO - Processing file /home/airflow/.local/lib/python3.7/site-packages/airflow/example_dags/example_xcom.py for tasks to queue
[2022-07-14 16:32:29,515] {logging_mixin.py:115} INFO - [2022-07-14 16:32:29,515] {dagbag.py:508} INFO - Filling up the DagBag from /home/airflow/.local/lib/python3.7/site-packages/airflow/example_dags/example_xcom.py
[2022-07-14 16:32:29,537] {processor.py:651} INFO - DAG(s) dict_keys(['example_xcom']) retrieved from /home/airflow/.local/lib/python3.7/site-packages/airflow/example_dags/example_xcom.py
[2022-07-14 16:32:29,608] {logging_mixin.py:115} INFO - [2022-07-14 16:32:29,608] {dag.py:2420} INFO - Sync 1 DAGs
[2022-07-14 16:32:29,634] {logging_mixin.py:115} INFO - [2022-07-14 16:32:29,634] {dag.py:2972} INFO - Setting next_dagrun for example_xcom to 2021-01-01T00:00:00+00:00, run_after=2021-01-01T00:00:00+00:00
[2022-07-14 16:32:29,650] {processor.py:161} INFO - Processing /home/airflow/.local/lib/python3.7/site-packages/airflow/example_dags/example_xcom.py took 0.160 seconds
[2022-07-14 16:32:59,781] {processor.py:153} INFO - Started process (PID=1789) to work on /home/airflow/.local/lib/python3.7/site-packages/airflow/example_dags/example_xcom.py
[2022-07-14 16:32:59,783] {processor.py:641} INFO - Processing file /home/airflow/.local/lib/python3.7/site-packages/airflow/example_dags/example_xcom.py for tasks to queue
[2022-07-14 16:32:59,784] {logging_mixin.py:115} INFO - [2022-07-14 16:32:59,784] {dagbag.py:508} INFO - Filling up the DagBag from /home/airflow/.local/lib/python3.7/site-packages/airflow/example_dags/example_xcom.py
[2022-07-14 16:32:59,855] {processor.py:651} INFO - DAG(s) dict_keys(['example_xcom']) retrieved from /home/airflow/.local/lib/python3.7/site-packages/airflow/example_dags/example_xcom.py
[2022-07-14 16:32:59,931] {logging_mixin.py:115} INFO - [2022-07-14 16:32:59,931] {dag.py:2420} INFO - Sync 1 DAGs
[2022-07-14 16:32:59,950] {logging_mixin.py:115} INFO - [2022-07-14 16:32:59,950] {dag.py:2972} INFO - Setting next_dagrun for example_xcom to 2021-01-01T00:00:00+00:00, run_after=2021-01-01T00:00:00+00:00
[2022-07-14 16:32:59,964] {processor.py:161} INFO - Processing /home/airflow/.local/lib/python3.7/site-packages/airflow/example_dags/example_xcom.py took 0.195 seconds
[2022-07-14 16:33:30,018] {processor.py:153} INFO - Started process (PID=1849) to work on /home/airflow/.local/lib/python3.7/site-packages/airflow/example_dags/example_xcom.py
[2022-07-14 16:33:30,018] {processor.py:641} INFO - Processing file /home/airflow/.local/lib/python3.7/site-packages/airflow/example_dags/example_xcom.py for tasks to queue
[2022-07-14 16:33:30,019] {logging_mixin.py:115} INFO - [2022-07-14 16:33:30,019] {dagbag.py:508} INFO - Filling up the DagBag from /home/airflow/.local/lib/python3.7/site-packages/airflow/example_dags/example_xcom.py
[2022-07-14 16:33:30,046] {processor.py:651} INFO - DAG(s) dict_keys(['example_xcom']) retrieved from /home/airflow/.local/lib/python3.7/site-packages/airflow/example_dags/example_xcom.py
[2022-07-14 16:33:30,119] {logging_mixin.py:115} INFO - [2022-07-14 16:33:30,119] {dag.py:2420} INFO - Sync 1 DAGs
[2022-07-14 16:33:30,153] {logging_mixin.py:115} INFO - [2022-07-14 16:33:30,152] {dag.py:2972} INFO - Setting next_dagrun for example_xcom to 2021-01-01T00:00:00+00:00, run_after=2021-01-01T00:00:00+00:00
[2022-07-14 16:33:30,171] {processor.py:161} INFO - Processing /home/airflow/.local/lib/python3.7/site-packages/airflow/example_dags/example_xcom.py took 0.156 seconds
[2022-07-14 16:34:00,268] {processor.py:153} INFO - Started process (PID=1902) to work on /home/airflow/.local/lib/python3.7/site-packages/airflow/example_dags/example_xcom.py
[2022-07-14 16:34:00,269] {processor.py:641} INFO - Processing file /home/airflow/.local/lib/python3.7/site-packages/airflow/example_dags/example_xcom.py for tasks to queue
[2022-07-14 16:34:00,269] {logging_mixin.py:115} INFO - [2022-07-14 16:34:00,269] {dagbag.py:508} INFO - Filling up the DagBag from /home/airflow/.local/lib/python3.7/site-packages/airflow/example_dags/example_xcom.py
[2022-07-14 16:34:00,285] {processor.py:651} INFO - DAG(s) dict_keys(['example_xcom']) retrieved from /home/airflow/.local/lib/python3.7/site-packages/airflow/example_dags/example_xcom.py
[2022-07-14 16:34:00,349] {logging_mixin.py:115} INFO - [2022-07-14 16:34:00,349] {dag.py:2420} INFO - Sync 1 DAGs
[2022-07-14 16:34:00,367] {logging_mixin.py:115} INFO - [2022-07-14 16:34:00,367] {dag.py:2972} INFO - Setting next_dagrun for example_xcom to 2021-01-01T00:00:00+00:00, run_after=2021-01-01T00:00:00+00:00
[2022-07-14 16:34:00,399] {processor.py:161} INFO - Processing /home/airflow/.local/lib/python3.7/site-packages/airflow/example_dags/example_xcom.py took 0.133 seconds
[2022-07-14 16:34:30,635] {processor.py:153} INFO - Started process (PID=1962) to work on /home/airflow/.local/lib/python3.7/site-packages/airflow/example_dags/example_xcom.py
[2022-07-14 16:34:30,636] {processor.py:641} INFO - Processing file /home/airflow/.local/lib/python3.7/site-packages/airflow/example_dags/example_xcom.py for tasks to queue
[2022-07-14 16:34:30,636] {logging_mixin.py:115} INFO - [2022-07-14 16:34:30,636] {dagbag.py:508} INFO - Filling up the DagBag from /home/airflow/.local/lib/python3.7/site-packages/airflow/example_dags/example_xcom.py
[2022-07-14 16:34:30,652] {processor.py:651} INFO - DAG(s) dict_keys(['example_xcom']) retrieved from /home/airflow/.local/lib/python3.7/site-packages/airflow/example_dags/example_xcom.py
[2022-07-14 16:34:30,715] {logging_mixin.py:115} INFO - [2022-07-14 16:34:30,715] {dag.py:2420} INFO - Sync 1 DAGs
[2022-07-14 16:34:30,737] {logging_mixin.py:115} INFO - [2022-07-14 16:34:30,737] {dag.py:2972} INFO - Setting next_dagrun for example_xcom to 2021-01-01T00:00:00+00:00, run_after=2021-01-01T00:00:00+00:00
[2022-07-14 16:34:30,760] {processor.py:161} INFO - Processing /home/airflow/.local/lib/python3.7/site-packages/airflow/example_dags/example_xcom.py took 0.128 seconds
[2022-07-14 16:35:01,373] {processor.py:153} INFO - Started process (PID=2014) to work on /home/airflow/.local/lib/python3.7/site-packages/airflow/example_dags/example_xcom.py
[2022-07-14 16:35:01,374] {processor.py:641} INFO - Processing file /home/airflow/.local/lib/python3.7/site-packages/airflow/example_dags/example_xcom.py for tasks to queue
[2022-07-14 16:35:01,376] {logging_mixin.py:115} INFO - [2022-07-14 16:35:01,376] {dagbag.py:508} INFO - Filling up the DagBag from /home/airflow/.local/lib/python3.7/site-packages/airflow/example_dags/example_xcom.py
[2022-07-14 16:35:01,422] {processor.py:651} INFO - DAG(s) dict_keys(['example_xcom']) retrieved from /home/airflow/.local/lib/python3.7/site-packages/airflow/example_dags/example_xcom.py
[2022-07-14 16:35:01,508] {logging_mixin.py:115} INFO - [2022-07-14 16:35:01,508] {dag.py:2420} INFO - Sync 1 DAGs
[2022-07-14 16:35:01,526] {logging_mixin.py:115} INFO - [2022-07-14 16:35:01,526] {dag.py:2972} INFO - Setting next_dagrun for example_xcom to 2021-01-01T00:00:00+00:00, run_after=2021-01-01T00:00:00+00:00
[2022-07-14 16:35:01,537] {processor.py:161} INFO - Processing /home/airflow/.local/lib/python3.7/site-packages/airflow/example_dags/example_xcom.py took 0.176 seconds
[2022-07-14 16:35:31,652] {processor.py:153} INFO - Started process (PID=2074) to work on /home/airflow/.local/lib/python3.7/site-packages/airflow/example_dags/example_xcom.py
[2022-07-14 16:35:31,677] {processor.py:641} INFO - Processing file /home/airflow/.local/lib/python3.7/site-packages/airflow/example_dags/example_xcom.py for tasks to queue
[2022-07-14 16:35:31,679] {logging_mixin.py:115} INFO - [2022-07-14 16:35:31,679] {dagbag.py:508} INFO - Filling up the DagBag from /home/airflow/.local/lib/python3.7/site-packages/airflow/example_dags/example_xcom.py
[2022-07-14 16:35:31,748] {processor.py:651} INFO - DAG(s) dict_keys(['example_xcom']) retrieved from /home/airflow/.local/lib/python3.7/site-packages/airflow/example_dags/example_xcom.py
[2022-07-14 16:35:31,809] {logging_mixin.py:115} INFO - [2022-07-14 16:35:31,809] {dag.py:2420} INFO - Sync 1 DAGs
[2022-07-14 16:35:31,840] {logging_mixin.py:115} INFO - [2022-07-14 16:35:31,840] {dag.py:2972} INFO - Setting next_dagrun for example_xcom to 2021-01-01T00:00:00+00:00, run_after=2021-01-01T00:00:00+00:00
[2022-07-14 16:35:31,855] {processor.py:161} INFO - Processing /home/airflow/.local/lib/python3.7/site-packages/airflow/example_dags/example_xcom.py took 0.206 seconds
[2022-07-14 16:36:01,947] {processor.py:153} INFO - Started process (PID=2126) to work on /home/airflow/.local/lib/python3.7/site-packages/airflow/example_dags/example_xcom.py
[2022-07-14 16:36:01,948] {processor.py:641} INFO - Processing file /home/airflow/.local/lib/python3.7/site-packages/airflow/example_dags/example_xcom.py for tasks to queue
[2022-07-14 16:36:01,949] {logging_mixin.py:115} INFO - [2022-07-14 16:36:01,949] {dagbag.py:508} INFO - Filling up the DagBag from /home/airflow/.local/lib/python3.7/site-packages/airflow/example_dags/example_xcom.py
[2022-07-14 16:36:02,015] {processor.py:651} INFO - DAG(s) dict_keys(['example_xcom']) retrieved from /home/airflow/.local/lib/python3.7/site-packages/airflow/example_dags/example_xcom.py
[2022-07-14 16:36:02,079] {logging_mixin.py:115} INFO - [2022-07-14 16:36:02,079] {dag.py:2420} INFO - Sync 1 DAGs
[2022-07-14 16:36:02,108] {logging_mixin.py:115} INFO - [2022-07-14 16:36:02,108] {dag.py:2972} INFO - Setting next_dagrun for example_xcom to 2021-01-01T00:00:00+00:00, run_after=2021-01-01T00:00:00+00:00
[2022-07-14 16:36:02,145] {processor.py:161} INFO - Processing /home/airflow/.local/lib/python3.7/site-packages/airflow/example_dags/example_xcom.py took 0.208 seconds
