[2022-07-14 16:17:03,972] {processor.py:153} INFO - Started process (PID=65) to work on /home/airflow/.local/lib/python3.7/site-packages/airflow/example_dags/example_subdag_operator.py
[2022-07-14 16:17:03,973] {processor.py:641} INFO - Processing file /home/airflow/.local/lib/python3.7/site-packages/airflow/example_dags/example_subdag_operator.py for tasks to queue
[2022-07-14 16:17:03,973] {logging_mixin.py:115} INFO - [2022-07-14 16:17:03,973] {dagbag.py:508} INFO - Filling up the DagBag from /home/airflow/.local/lib/python3.7/site-packages/airflow/example_dags/example_subdag_operator.py
[2022-07-14 16:17:04,033] {processor.py:651} INFO - DAG(s) dict_keys(['example_subdag_operator.section-1', 'example_subdag_operator.section-2', 'example_subdag_operator']) retrieved from /home/airflow/.local/lib/python3.7/site-packages/airflow/example_dags/example_subdag_operator.py
[2022-07-14 16:17:04,320] {logging_mixin.py:115} INFO - [2022-07-14 16:17:04,320] {manager.py:508} INFO - Created Permission View: can delete on DAG:example_subdag_operator
[2022-07-14 16:17:04,349] {logging_mixin.py:115} INFO - [2022-07-14 16:17:04,349] {manager.py:508} INFO - Created Permission View: can read on DAG:example_subdag_operator
[2022-07-14 16:17:04,374] {logging_mixin.py:115} INFO - [2022-07-14 16:17:04,374] {manager.py:508} INFO - Created Permission View: can edit on DAG:example_subdag_operator
[2022-07-14 16:17:04,374] {logging_mixin.py:115} INFO - [2022-07-14 16:17:04,374] {dag.py:2420} INFO - Sync 3 DAGs
[2022-07-14 16:17:04,402] {logging_mixin.py:115} INFO - [2022-07-14 16:17:04,402] {dag.py:2439} INFO - Creating ORM DAG for example_subdag_operator.section-2
[2022-07-14 16:17:04,403] {logging_mixin.py:115} INFO - [2022-07-14 16:17:04,403] {dag.py:2439} INFO - Creating ORM DAG for example_subdag_operator.section-1
[2022-07-14 16:17:04,403] {logging_mixin.py:115} INFO - [2022-07-14 16:17:04,403] {dag.py:2439} INFO - Creating ORM DAG for example_subdag_operator
[2022-07-14 16:17:04,443] {logging_mixin.py:115} INFO - [2022-07-14 16:17:04,443] {dag.py:2972} INFO - Setting next_dagrun for example_subdag_operator to 2022-01-01T00:00:00+00:00, run_after=2022-01-01T00:00:00+00:00
[2022-07-14 16:17:04,444] {logging_mixin.py:115} INFO - [2022-07-14 16:17:04,444] {dag.py:2972} INFO - Setting next_dagrun for example_subdag_operator.section-1 to None, run_after=None
[2022-07-14 16:17:04,444] {logging_mixin.py:115} INFO - [2022-07-14 16:17:04,444] {dag.py:2972} INFO - Setting next_dagrun for example_subdag_operator.section-2 to None, run_after=None
[2022-07-14 16:17:04,476] {logging_mixin.py:115} INFO - [2022-07-14 16:17:04,475] {dag.py:2420} INFO - Sync 2 DAGs
[2022-07-14 16:17:04,492] {logging_mixin.py:115} INFO - [2022-07-14 16:17:04,492] {dag.py:2972} INFO - Setting next_dagrun for example_subdag_operator.section-1 to None, run_after=None
[2022-07-14 16:17:04,493] {logging_mixin.py:115} INFO - [2022-07-14 16:17:04,493] {dag.py:2972} INFO - Setting next_dagrun for example_subdag_operator.section-2 to None, run_after=None
[2022-07-14 16:17:04,524] {processor.py:161} INFO - Processing /home/airflow/.local/lib/python3.7/site-packages/airflow/example_dags/example_subdag_operator.py took 0.559 seconds
[2022-07-14 16:17:35,191] {processor.py:153} INFO - Started process (PID=115) to work on /home/airflow/.local/lib/python3.7/site-packages/airflow/example_dags/example_subdag_operator.py
[2022-07-14 16:17:35,205] {processor.py:641} INFO - Processing file /home/airflow/.local/lib/python3.7/site-packages/airflow/example_dags/example_subdag_operator.py for tasks to queue
[2022-07-14 16:17:35,205] {logging_mixin.py:115} INFO - [2022-07-14 16:17:35,205] {dagbag.py:508} INFO - Filling up the DagBag from /home/airflow/.local/lib/python3.7/site-packages/airflow/example_dags/example_subdag_operator.py
[2022-07-14 16:17:35,251] {processor.py:651} INFO - DAG(s) dict_keys(['example_subdag_operator.section-1', 'example_subdag_operator.section-2', 'example_subdag_operator']) retrieved from /home/airflow/.local/lib/python3.7/site-packages/airflow/example_dags/example_subdag_operator.py
[2022-07-14 16:17:35,322] {logging_mixin.py:115} INFO - [2022-07-14 16:17:35,322] {dag.py:2420} INFO - Sync 3 DAGs
[2022-07-14 16:17:35,358] {logging_mixin.py:115} INFO - [2022-07-14 16:17:35,357] {dag.py:2972} INFO - Setting next_dagrun for example_subdag_operator to 2022-01-01T00:00:00+00:00, run_after=2022-01-01T00:00:00+00:00
[2022-07-14 16:17:35,358] {logging_mixin.py:115} INFO - [2022-07-14 16:17:35,358] {dag.py:2972} INFO - Setting next_dagrun for example_subdag_operator.section-1 to None, run_after=None
[2022-07-14 16:17:35,358] {logging_mixin.py:115} INFO - [2022-07-14 16:17:35,358] {dag.py:2972} INFO - Setting next_dagrun for example_subdag_operator.section-2 to None, run_after=None
[2022-07-14 16:17:35,368] {logging_mixin.py:115} INFO - [2022-07-14 16:17:35,368] {dag.py:2420} INFO - Sync 2 DAGs
[2022-07-14 16:17:35,377] {logging_mixin.py:115} INFO - [2022-07-14 16:17:35,377] {dag.py:2972} INFO - Setting next_dagrun for example_subdag_operator.section-1 to None, run_after=None
[2022-07-14 16:17:35,378] {logging_mixin.py:115} INFO - [2022-07-14 16:17:35,377] {dag.py:2972} INFO - Setting next_dagrun for example_subdag_operator.section-2 to None, run_after=None
[2022-07-14 16:17:35,410] {processor.py:161} INFO - Processing /home/airflow/.local/lib/python3.7/site-packages/airflow/example_dags/example_subdag_operator.py took 0.226 seconds
[2022-07-14 16:18:05,527] {processor.py:153} INFO - Started process (PID=167) to work on /home/airflow/.local/lib/python3.7/site-packages/airflow/example_dags/example_subdag_operator.py
[2022-07-14 16:18:05,557] {processor.py:641} INFO - Processing file /home/airflow/.local/lib/python3.7/site-packages/airflow/example_dags/example_subdag_operator.py for tasks to queue
[2022-07-14 16:18:05,557] {logging_mixin.py:115} INFO - [2022-07-14 16:18:05,557] {dagbag.py:508} INFO - Filling up the DagBag from /home/airflow/.local/lib/python3.7/site-packages/airflow/example_dags/example_subdag_operator.py
[2022-07-14 16:18:05,620] {processor.py:651} INFO - DAG(s) dict_keys(['example_subdag_operator.section-1', 'example_subdag_operator.section-2', 'example_subdag_operator']) retrieved from /home/airflow/.local/lib/python3.7/site-packages/airflow/example_dags/example_subdag_operator.py
[2022-07-14 16:18:05,677] {logging_mixin.py:115} INFO - [2022-07-14 16:18:05,677] {dag.py:2420} INFO - Sync 3 DAGs
[2022-07-14 16:18:05,711] {logging_mixin.py:115} INFO - [2022-07-14 16:18:05,711] {dag.py:2972} INFO - Setting next_dagrun for example_subdag_operator to 2022-01-01T00:00:00+00:00, run_after=2022-01-01T00:00:00+00:00
[2022-07-14 16:18:05,712] {logging_mixin.py:115} INFO - [2022-07-14 16:18:05,712] {dag.py:2972} INFO - Setting next_dagrun for example_subdag_operator.section-1 to None, run_after=None
[2022-07-14 16:18:05,712] {logging_mixin.py:115} INFO - [2022-07-14 16:18:05,712] {dag.py:2972} INFO - Setting next_dagrun for example_subdag_operator.section-2 to None, run_after=None
[2022-07-14 16:18:05,722] {logging_mixin.py:115} INFO - [2022-07-14 16:18:05,722] {dag.py:2420} INFO - Sync 2 DAGs
[2022-07-14 16:18:05,731] {logging_mixin.py:115} INFO - [2022-07-14 16:18:05,731] {dag.py:2972} INFO - Setting next_dagrun for example_subdag_operator.section-1 to None, run_after=None
[2022-07-14 16:18:05,732] {logging_mixin.py:115} INFO - [2022-07-14 16:18:05,732] {dag.py:2972} INFO - Setting next_dagrun for example_subdag_operator.section-2 to None, run_after=None
[2022-07-14 16:18:05,746] {processor.py:161} INFO - Processing /home/airflow/.local/lib/python3.7/site-packages/airflow/example_dags/example_subdag_operator.py took 0.223 seconds
[2022-07-14 16:18:36,400] {processor.py:153} INFO - Started process (PID=228) to work on /home/airflow/.local/lib/python3.7/site-packages/airflow/example_dags/example_subdag_operator.py
[2022-07-14 16:18:36,400] {processor.py:641} INFO - Processing file /home/airflow/.local/lib/python3.7/site-packages/airflow/example_dags/example_subdag_operator.py for tasks to queue
[2022-07-14 16:18:36,401] {logging_mixin.py:115} INFO - [2022-07-14 16:18:36,401] {dagbag.py:508} INFO - Filling up the DagBag from /home/airflow/.local/lib/python3.7/site-packages/airflow/example_dags/example_subdag_operator.py
[2022-07-14 16:18:36,463] {processor.py:651} INFO - DAG(s) dict_keys(['example_subdag_operator.section-1', 'example_subdag_operator.section-2', 'example_subdag_operator']) retrieved from /home/airflow/.local/lib/python3.7/site-packages/airflow/example_dags/example_subdag_operator.py
[2022-07-14 16:18:36,529] {logging_mixin.py:115} INFO - [2022-07-14 16:18:36,529] {dag.py:2420} INFO - Sync 3 DAGs
[2022-07-14 16:18:36,568] {logging_mixin.py:115} INFO - [2022-07-14 16:18:36,568] {dag.py:2972} INFO - Setting next_dagrun for example_subdag_operator to 2022-01-01T00:00:00+00:00, run_after=2022-01-01T00:00:00+00:00
[2022-07-14 16:18:36,569] {logging_mixin.py:115} INFO - [2022-07-14 16:18:36,569] {dag.py:2972} INFO - Setting next_dagrun for example_subdag_operator.section-1 to None, run_after=None
[2022-07-14 16:18:36,569] {logging_mixin.py:115} INFO - [2022-07-14 16:18:36,569] {dag.py:2972} INFO - Setting next_dagrun for example_subdag_operator.section-2 to None, run_after=None
[2022-07-14 16:18:36,582] {logging_mixin.py:115} INFO - [2022-07-14 16:18:36,582] {dag.py:2420} INFO - Sync 2 DAGs
[2022-07-14 16:18:36,595] {logging_mixin.py:115} INFO - [2022-07-14 16:18:36,595] {dag.py:2972} INFO - Setting next_dagrun for example_subdag_operator.section-1 to None, run_after=None
[2022-07-14 16:18:36,595] {logging_mixin.py:115} INFO - [2022-07-14 16:18:36,595] {dag.py:2972} INFO - Setting next_dagrun for example_subdag_operator.section-2 to None, run_after=None
[2022-07-14 16:18:36,606] {processor.py:161} INFO - Processing /home/airflow/.local/lib/python3.7/site-packages/airflow/example_dags/example_subdag_operator.py took 0.214 seconds
[2022-07-14 16:19:06,764] {processor.py:153} INFO - Started process (PID=279) to work on /home/airflow/.local/lib/python3.7/site-packages/airflow/example_dags/example_subdag_operator.py
[2022-07-14 16:19:06,784] {processor.py:641} INFO - Processing file /home/airflow/.local/lib/python3.7/site-packages/airflow/example_dags/example_subdag_operator.py for tasks to queue
[2022-07-14 16:19:06,785] {logging_mixin.py:115} INFO - [2022-07-14 16:19:06,785] {dagbag.py:508} INFO - Filling up the DagBag from /home/airflow/.local/lib/python3.7/site-packages/airflow/example_dags/example_subdag_operator.py
[2022-07-14 16:19:06,831] {processor.py:651} INFO - DAG(s) dict_keys(['example_subdag_operator.section-1', 'example_subdag_operator.section-2', 'example_subdag_operator']) retrieved from /home/airflow/.local/lib/python3.7/site-packages/airflow/example_dags/example_subdag_operator.py
[2022-07-14 16:19:06,888] {logging_mixin.py:115} INFO - [2022-07-14 16:19:06,887] {dag.py:2420} INFO - Sync 3 DAGs
[2022-07-14 16:19:06,923] {logging_mixin.py:115} INFO - [2022-07-14 16:19:06,923] {dag.py:2972} INFO - Setting next_dagrun for example_subdag_operator to 2022-01-01T00:00:00+00:00, run_after=2022-01-01T00:00:00+00:00
[2022-07-14 16:19:06,924] {logging_mixin.py:115} INFO - [2022-07-14 16:19:06,923] {dag.py:2972} INFO - Setting next_dagrun for example_subdag_operator.section-1 to None, run_after=None
[2022-07-14 16:19:06,924] {logging_mixin.py:115} INFO - [2022-07-14 16:19:06,924] {dag.py:2972} INFO - Setting next_dagrun for example_subdag_operator.section-2 to None, run_after=None
[2022-07-14 16:19:06,933] {logging_mixin.py:115} INFO - [2022-07-14 16:19:06,933] {dag.py:2420} INFO - Sync 2 DAGs
[2022-07-14 16:19:06,940] {logging_mixin.py:115} INFO - [2022-07-14 16:19:06,940] {dag.py:2972} INFO - Setting next_dagrun for example_subdag_operator.section-1 to None, run_after=None
[2022-07-14 16:19:06,941] {logging_mixin.py:115} INFO - [2022-07-14 16:19:06,941] {dag.py:2972} INFO - Setting next_dagrun for example_subdag_operator.section-2 to None, run_after=None
[2022-07-14 16:19:06,977] {processor.py:161} INFO - Processing /home/airflow/.local/lib/python3.7/site-packages/airflow/example_dags/example_subdag_operator.py took 0.218 seconds
[2022-07-14 16:19:37,087] {processor.py:153} INFO - Started process (PID=330) to work on /home/airflow/.local/lib/python3.7/site-packages/airflow/example_dags/example_subdag_operator.py
[2022-07-14 16:19:37,088] {processor.py:641} INFO - Processing file /home/airflow/.local/lib/python3.7/site-packages/airflow/example_dags/example_subdag_operator.py for tasks to queue
[2022-07-14 16:19:37,088] {logging_mixin.py:115} INFO - [2022-07-14 16:19:37,088] {dagbag.py:508} INFO - Filling up the DagBag from /home/airflow/.local/lib/python3.7/site-packages/airflow/example_dags/example_subdag_operator.py
[2022-07-14 16:19:37,125] {processor.py:651} INFO - DAG(s) dict_keys(['example_subdag_operator.section-1', 'example_subdag_operator.section-2', 'example_subdag_operator']) retrieved from /home/airflow/.local/lib/python3.7/site-packages/airflow/example_dags/example_subdag_operator.py
[2022-07-14 16:19:37,169] {logging_mixin.py:115} INFO - [2022-07-14 16:19:37,168] {dag.py:2420} INFO - Sync 3 DAGs
[2022-07-14 16:19:37,199] {logging_mixin.py:115} INFO - [2022-07-14 16:19:37,199] {dag.py:2972} INFO - Setting next_dagrun for example_subdag_operator to 2022-01-01T00:00:00+00:00, run_after=2022-01-01T00:00:00+00:00
[2022-07-14 16:19:37,199] {logging_mixin.py:115} INFO - [2022-07-14 16:19:37,199] {dag.py:2972} INFO - Setting next_dagrun for example_subdag_operator.section-1 to None, run_after=None
[2022-07-14 16:19:37,200] {logging_mixin.py:115} INFO - [2022-07-14 16:19:37,199] {dag.py:2972} INFO - Setting next_dagrun for example_subdag_operator.section-2 to None, run_after=None
[2022-07-14 16:19:37,209] {logging_mixin.py:115} INFO - [2022-07-14 16:19:37,209] {dag.py:2420} INFO - Sync 2 DAGs
[2022-07-14 16:19:37,218] {logging_mixin.py:115} INFO - [2022-07-14 16:19:37,218] {dag.py:2972} INFO - Setting next_dagrun for example_subdag_operator.section-1 to None, run_after=None
[2022-07-14 16:19:37,219] {logging_mixin.py:115} INFO - [2022-07-14 16:19:37,219] {dag.py:2972} INFO - Setting next_dagrun for example_subdag_operator.section-2 to None, run_after=None
[2022-07-14 16:19:37,256] {processor.py:161} INFO - Processing /home/airflow/.local/lib/python3.7/site-packages/airflow/example_dags/example_subdag_operator.py took 0.172 seconds
[2022-07-14 16:20:07,795] {processor.py:153} INFO - Started process (PID=388) to work on /home/airflow/.local/lib/python3.7/site-packages/airflow/example_dags/example_subdag_operator.py
[2022-07-14 16:20:07,796] {processor.py:641} INFO - Processing file /home/airflow/.local/lib/python3.7/site-packages/airflow/example_dags/example_subdag_operator.py for tasks to queue
[2022-07-14 16:20:07,796] {logging_mixin.py:115} INFO - [2022-07-14 16:20:07,796] {dagbag.py:508} INFO - Filling up the DagBag from /home/airflow/.local/lib/python3.7/site-packages/airflow/example_dags/example_subdag_operator.py
[2022-07-14 16:20:07,876] {processor.py:651} INFO - DAG(s) dict_keys(['example_subdag_operator.section-1', 'example_subdag_operator.section-2', 'example_subdag_operator']) retrieved from /home/airflow/.local/lib/python3.7/site-packages/airflow/example_dags/example_subdag_operator.py
[2022-07-14 16:20:08,015] {logging_mixin.py:115} INFO - [2022-07-14 16:20:08,015] {dag.py:2420} INFO - Sync 3 DAGs
[2022-07-14 16:20:08,085] {logging_mixin.py:115} INFO - [2022-07-14 16:20:08,085] {dag.py:2972} INFO - Setting next_dagrun for example_subdag_operator to 2022-01-01T00:00:00+00:00, run_after=2022-01-01T00:00:00+00:00
[2022-07-14 16:20:08,085] {logging_mixin.py:115} INFO - [2022-07-14 16:20:08,085] {dag.py:2972} INFO - Setting next_dagrun for example_subdag_operator.section-1 to None, run_after=None
[2022-07-14 16:20:08,086] {logging_mixin.py:115} INFO - [2022-07-14 16:20:08,086] {dag.py:2972} INFO - Setting next_dagrun for example_subdag_operator.section-2 to None, run_after=None
[2022-07-14 16:20:08,108] {logging_mixin.py:115} INFO - [2022-07-14 16:20:08,108] {dag.py:2420} INFO - Sync 2 DAGs
[2022-07-14 16:20:08,124] {logging_mixin.py:115} INFO - [2022-07-14 16:20:08,124] {dag.py:2972} INFO - Setting next_dagrun for example_subdag_operator.section-1 to None, run_after=None
[2022-07-14 16:20:08,124] {logging_mixin.py:115} INFO - [2022-07-14 16:20:08,124] {dag.py:2972} INFO - Setting next_dagrun for example_subdag_operator.section-2 to None, run_after=None
[2022-07-14 16:20:08,188] {processor.py:161} INFO - Processing /home/airflow/.local/lib/python3.7/site-packages/airflow/example_dags/example_subdag_operator.py took 0.435 seconds
[2022-07-14 16:20:38,766] {processor.py:153} INFO - Started process (PID=441) to work on /home/airflow/.local/lib/python3.7/site-packages/airflow/example_dags/example_subdag_operator.py
[2022-07-14 16:20:38,766] {processor.py:641} INFO - Processing file /home/airflow/.local/lib/python3.7/site-packages/airflow/example_dags/example_subdag_operator.py for tasks to queue
[2022-07-14 16:20:38,767] {logging_mixin.py:115} INFO - [2022-07-14 16:20:38,767] {dagbag.py:508} INFO - Filling up the DagBag from /home/airflow/.local/lib/python3.7/site-packages/airflow/example_dags/example_subdag_operator.py
[2022-07-14 16:20:38,818] {processor.py:651} INFO - DAG(s) dict_keys(['example_subdag_operator.section-1', 'example_subdag_operator.section-2', 'example_subdag_operator']) retrieved from /home/airflow/.local/lib/python3.7/site-packages/airflow/example_dags/example_subdag_operator.py
[2022-07-14 16:20:38,869] {logging_mixin.py:115} INFO - [2022-07-14 16:20:38,869] {dag.py:2420} INFO - Sync 3 DAGs
[2022-07-14 16:20:38,907] {logging_mixin.py:115} INFO - [2022-07-14 16:20:38,907] {dag.py:2972} INFO - Setting next_dagrun for example_subdag_operator to 2022-01-01T00:00:00+00:00, run_after=2022-01-01T00:00:00+00:00
[2022-07-14 16:20:38,907] {logging_mixin.py:115} INFO - [2022-07-14 16:20:38,907] {dag.py:2972} INFO - Setting next_dagrun for example_subdag_operator.section-1 to None, run_after=None
[2022-07-14 16:20:38,908] {logging_mixin.py:115} INFO - [2022-07-14 16:20:38,908] {dag.py:2972} INFO - Setting next_dagrun for example_subdag_operator.section-2 to None, run_after=None
[2022-07-14 16:20:38,921] {logging_mixin.py:115} INFO - [2022-07-14 16:20:38,921] {dag.py:2420} INFO - Sync 2 DAGs
[2022-07-14 16:20:38,928] {logging_mixin.py:115} INFO - [2022-07-14 16:20:38,928] {dag.py:2972} INFO - Setting next_dagrun for example_subdag_operator.section-1 to None, run_after=None
[2022-07-14 16:20:38,929] {logging_mixin.py:115} INFO - [2022-07-14 16:20:38,929] {dag.py:2972} INFO - Setting next_dagrun for example_subdag_operator.section-2 to None, run_after=None
[2022-07-14 16:20:38,948] {processor.py:161} INFO - Processing /home/airflow/.local/lib/python3.7/site-packages/airflow/example_dags/example_subdag_operator.py took 0.187 seconds
[2022-07-14 16:21:09,105] {processor.py:153} INFO - Started process (PID=493) to work on /home/airflow/.local/lib/python3.7/site-packages/airflow/example_dags/example_subdag_operator.py
[2022-07-14 16:21:09,106] {processor.py:641} INFO - Processing file /home/airflow/.local/lib/python3.7/site-packages/airflow/example_dags/example_subdag_operator.py for tasks to queue
[2022-07-14 16:21:09,106] {logging_mixin.py:115} INFO - [2022-07-14 16:21:09,106] {dagbag.py:508} INFO - Filling up the DagBag from /home/airflow/.local/lib/python3.7/site-packages/airflow/example_dags/example_subdag_operator.py
[2022-07-14 16:21:09,148] {processor.py:651} INFO - DAG(s) dict_keys(['example_subdag_operator.section-1', 'example_subdag_operator.section-2', 'example_subdag_operator']) retrieved from /home/airflow/.local/lib/python3.7/site-packages/airflow/example_dags/example_subdag_operator.py
[2022-07-14 16:21:09,204] {logging_mixin.py:115} INFO - [2022-07-14 16:21:09,204] {dag.py:2420} INFO - Sync 3 DAGs
[2022-07-14 16:21:09,237] {logging_mixin.py:115} INFO - [2022-07-14 16:21:09,237] {dag.py:2972} INFO - Setting next_dagrun for example_subdag_operator to 2022-01-01T00:00:00+00:00, run_after=2022-01-01T00:00:00+00:00
[2022-07-14 16:21:09,238] {logging_mixin.py:115} INFO - [2022-07-14 16:21:09,238] {dag.py:2972} INFO - Setting next_dagrun for example_subdag_operator.section-1 to None, run_after=None
[2022-07-14 16:21:09,238] {logging_mixin.py:115} INFO - [2022-07-14 16:21:09,238] {dag.py:2972} INFO - Setting next_dagrun for example_subdag_operator.section-2 to None, run_after=None
[2022-07-14 16:21:09,247] {logging_mixin.py:115} INFO - [2022-07-14 16:21:09,247] {dag.py:2420} INFO - Sync 2 DAGs
[2022-07-14 16:21:09,256] {logging_mixin.py:115} INFO - [2022-07-14 16:21:09,256] {dag.py:2972} INFO - Setting next_dagrun for example_subdag_operator.section-1 to None, run_after=None
[2022-07-14 16:21:09,256] {logging_mixin.py:115} INFO - [2022-07-14 16:21:09,256] {dag.py:2972} INFO - Setting next_dagrun for example_subdag_operator.section-2 to None, run_after=None
[2022-07-14 16:21:09,291] {processor.py:161} INFO - Processing /home/airflow/.local/lib/python3.7/site-packages/airflow/example_dags/example_subdag_operator.py took 0.190 seconds
[2022-07-14 16:21:39,953] {processor.py:153} INFO - Started process (PID=552) to work on /home/airflow/.local/lib/python3.7/site-packages/airflow/example_dags/example_subdag_operator.py
[2022-07-14 16:21:39,954] {processor.py:641} INFO - Processing file /home/airflow/.local/lib/python3.7/site-packages/airflow/example_dags/example_subdag_operator.py for tasks to queue
[2022-07-14 16:21:39,959] {logging_mixin.py:115} INFO - [2022-07-14 16:21:39,959] {dagbag.py:508} INFO - Filling up the DagBag from /home/airflow/.local/lib/python3.7/site-packages/airflow/example_dags/example_subdag_operator.py
[2022-07-14 16:21:40,142] {processor.py:651} INFO - DAG(s) dict_keys(['example_subdag_operator.section-1', 'example_subdag_operator.section-2', 'example_subdag_operator']) retrieved from /home/airflow/.local/lib/python3.7/site-packages/airflow/example_dags/example_subdag_operator.py
[2022-07-14 16:21:40,307] {logging_mixin.py:115} INFO - [2022-07-14 16:21:40,307] {dag.py:2420} INFO - Sync 3 DAGs
[2022-07-14 16:21:40,404] {logging_mixin.py:115} INFO - [2022-07-14 16:21:40,404] {dag.py:2972} INFO - Setting next_dagrun for example_subdag_operator to 2022-01-01T00:00:00+00:00, run_after=2022-01-01T00:00:00+00:00
[2022-07-14 16:21:40,405] {logging_mixin.py:115} INFO - [2022-07-14 16:21:40,405] {dag.py:2972} INFO - Setting next_dagrun for example_subdag_operator.section-1 to None, run_after=None
[2022-07-14 16:21:40,405] {logging_mixin.py:115} INFO - [2022-07-14 16:21:40,405] {dag.py:2972} INFO - Setting next_dagrun for example_subdag_operator.section-2 to None, run_after=None
[2022-07-14 16:21:40,416] {logging_mixin.py:115} INFO - [2022-07-14 16:21:40,416] {dag.py:2420} INFO - Sync 2 DAGs
[2022-07-14 16:21:40,425] {logging_mixin.py:115} INFO - [2022-07-14 16:21:40,425] {dag.py:2972} INFO - Setting next_dagrun for example_subdag_operator.section-1 to None, run_after=None
[2022-07-14 16:21:40,425] {logging_mixin.py:115} INFO - [2022-07-14 16:21:40,425] {dag.py:2972} INFO - Setting next_dagrun for example_subdag_operator.section-2 to None, run_after=None
[2022-07-14 16:21:40,437] {processor.py:161} INFO - Processing /home/airflow/.local/lib/python3.7/site-packages/airflow/example_dags/example_subdag_operator.py took 0.495 seconds
[2022-07-14 16:22:10,566] {processor.py:153} INFO - Started process (PID=605) to work on /home/airflow/.local/lib/python3.7/site-packages/airflow/example_dags/example_subdag_operator.py
[2022-07-14 16:22:10,567] {processor.py:641} INFO - Processing file /home/airflow/.local/lib/python3.7/site-packages/airflow/example_dags/example_subdag_operator.py for tasks to queue
[2022-07-14 16:22:10,567] {logging_mixin.py:115} INFO - [2022-07-14 16:22:10,567] {dagbag.py:508} INFO - Filling up the DagBag from /home/airflow/.local/lib/python3.7/site-packages/airflow/example_dags/example_subdag_operator.py
[2022-07-14 16:22:10,619] {processor.py:651} INFO - DAG(s) dict_keys(['example_subdag_operator.section-1', 'example_subdag_operator.section-2', 'example_subdag_operator']) retrieved from /home/airflow/.local/lib/python3.7/site-packages/airflow/example_dags/example_subdag_operator.py
[2022-07-14 16:22:10,699] {logging_mixin.py:115} INFO - [2022-07-14 16:22:10,699] {dag.py:2420} INFO - Sync 3 DAGs
[2022-07-14 16:22:10,733] {logging_mixin.py:115} INFO - [2022-07-14 16:22:10,733] {dag.py:2972} INFO - Setting next_dagrun for example_subdag_operator to 2022-01-01T00:00:00+00:00, run_after=2022-01-01T00:00:00+00:00
[2022-07-14 16:22:10,734] {logging_mixin.py:115} INFO - [2022-07-14 16:22:10,733] {dag.py:2972} INFO - Setting next_dagrun for example_subdag_operator.section-1 to None, run_after=None
[2022-07-14 16:22:10,734] {logging_mixin.py:115} INFO - [2022-07-14 16:22:10,734] {dag.py:2972} INFO - Setting next_dagrun for example_subdag_operator.section-2 to None, run_after=None
[2022-07-14 16:22:10,744] {logging_mixin.py:115} INFO - [2022-07-14 16:22:10,744] {dag.py:2420} INFO - Sync 2 DAGs
[2022-07-14 16:22:10,752] {logging_mixin.py:115} INFO - [2022-07-14 16:22:10,752] {dag.py:2972} INFO - Setting next_dagrun for example_subdag_operator.section-1 to None, run_after=None
[2022-07-14 16:22:10,753] {logging_mixin.py:115} INFO - [2022-07-14 16:22:10,753] {dag.py:2972} INFO - Setting next_dagrun for example_subdag_operator.section-2 to None, run_after=None
[2022-07-14 16:22:10,762] {processor.py:161} INFO - Processing /home/airflow/.local/lib/python3.7/site-packages/airflow/example_dags/example_subdag_operator.py took 0.200 seconds
[2022-07-14 16:22:41,829] {processor.py:153} INFO - Started process (PID=657) to work on /home/airflow/.local/lib/python3.7/site-packages/airflow/example_dags/example_subdag_operator.py
[2022-07-14 16:22:41,830] {processor.py:641} INFO - Processing file /home/airflow/.local/lib/python3.7/site-packages/airflow/example_dags/example_subdag_operator.py for tasks to queue
[2022-07-14 16:22:41,831] {logging_mixin.py:115} INFO - [2022-07-14 16:22:41,831] {dagbag.py:508} INFO - Filling up the DagBag from /home/airflow/.local/lib/python3.7/site-packages/airflow/example_dags/example_subdag_operator.py
[2022-07-14 16:22:41,925] {processor.py:651} INFO - DAG(s) dict_keys(['example_subdag_operator.section-1', 'example_subdag_operator.section-2', 'example_subdag_operator']) retrieved from /home/airflow/.local/lib/python3.7/site-packages/airflow/example_dags/example_subdag_operator.py
[2022-07-14 16:22:42,037] {logging_mixin.py:115} INFO - [2022-07-14 16:22:42,036] {dag.py:2420} INFO - Sync 3 DAGs
[2022-07-14 16:22:42,108] {logging_mixin.py:115} INFO - [2022-07-14 16:22:42,107] {dag.py:2972} INFO - Setting next_dagrun for example_subdag_operator to 2022-01-01T00:00:00+00:00, run_after=2022-01-01T00:00:00+00:00
[2022-07-14 16:22:42,108] {logging_mixin.py:115} INFO - [2022-07-14 16:22:42,108] {dag.py:2972} INFO - Setting next_dagrun for example_subdag_operator.section-1 to None, run_after=None
[2022-07-14 16:22:42,108] {logging_mixin.py:115} INFO - [2022-07-14 16:22:42,108] {dag.py:2972} INFO - Setting next_dagrun for example_subdag_operator.section-2 to None, run_after=None
[2022-07-14 16:22:42,118] {logging_mixin.py:115} INFO - [2022-07-14 16:22:42,118] {dag.py:2420} INFO - Sync 2 DAGs
[2022-07-14 16:22:42,136] {logging_mixin.py:115} INFO - [2022-07-14 16:22:42,136] {dag.py:2972} INFO - Setting next_dagrun for example_subdag_operator.section-1 to None, run_after=None
[2022-07-14 16:22:42,136] {logging_mixin.py:115} INFO - [2022-07-14 16:22:42,136] {dag.py:2972} INFO - Setting next_dagrun for example_subdag_operator.section-2 to None, run_after=None
[2022-07-14 16:22:42,164] {processor.py:161} INFO - Processing /home/airflow/.local/lib/python3.7/site-packages/airflow/example_dags/example_subdag_operator.py took 0.347 seconds
[2022-07-14 16:23:12,284] {processor.py:153} INFO - Started process (PID=718) to work on /home/airflow/.local/lib/python3.7/site-packages/airflow/example_dags/example_subdag_operator.py
[2022-07-14 16:23:12,284] {processor.py:641} INFO - Processing file /home/airflow/.local/lib/python3.7/site-packages/airflow/example_dags/example_subdag_operator.py for tasks to queue
[2022-07-14 16:23:12,285] {logging_mixin.py:115} INFO - [2022-07-14 16:23:12,285] {dagbag.py:508} INFO - Filling up the DagBag from /home/airflow/.local/lib/python3.7/site-packages/airflow/example_dags/example_subdag_operator.py
[2022-07-14 16:23:12,322] {processor.py:651} INFO - DAG(s) dict_keys(['example_subdag_operator.section-1', 'example_subdag_operator.section-2', 'example_subdag_operator']) retrieved from /home/airflow/.local/lib/python3.7/site-packages/airflow/example_dags/example_subdag_operator.py
[2022-07-14 16:23:12,394] {logging_mixin.py:115} INFO - [2022-07-14 16:23:12,394] {dag.py:2420} INFO - Sync 3 DAGs
[2022-07-14 16:23:12,433] {logging_mixin.py:115} INFO - [2022-07-14 16:23:12,433] {dag.py:2972} INFO - Setting next_dagrun for example_subdag_operator to 2022-01-01T00:00:00+00:00, run_after=2022-01-01T00:00:00+00:00
[2022-07-14 16:23:12,434] {logging_mixin.py:115} INFO - [2022-07-14 16:23:12,433] {dag.py:2972} INFO - Setting next_dagrun for example_subdag_operator.section-1 to None, run_after=None
[2022-07-14 16:23:12,434] {logging_mixin.py:115} INFO - [2022-07-14 16:23:12,434] {dag.py:2972} INFO - Setting next_dagrun for example_subdag_operator.section-2 to None, run_after=None
[2022-07-14 16:23:12,446] {logging_mixin.py:115} INFO - [2022-07-14 16:23:12,445] {dag.py:2420} INFO - Sync 2 DAGs
[2022-07-14 16:23:12,457] {logging_mixin.py:115} INFO - [2022-07-14 16:23:12,457] {dag.py:2972} INFO - Setting next_dagrun for example_subdag_operator.section-1 to None, run_after=None
[2022-07-14 16:23:12,457] {logging_mixin.py:115} INFO - [2022-07-14 16:23:12,457] {dag.py:2972} INFO - Setting next_dagrun for example_subdag_operator.section-2 to None, run_after=None
[2022-07-14 16:23:12,506] {processor.py:161} INFO - Processing /home/airflow/.local/lib/python3.7/site-packages/airflow/example_dags/example_subdag_operator.py took 0.225 seconds
[2022-07-14 16:23:42,704] {processor.py:153} INFO - Started process (PID=769) to work on /home/airflow/.local/lib/python3.7/site-packages/airflow/example_dags/example_subdag_operator.py
[2022-07-14 16:23:42,705] {processor.py:641} INFO - Processing file /home/airflow/.local/lib/python3.7/site-packages/airflow/example_dags/example_subdag_operator.py for tasks to queue
[2022-07-14 16:23:42,705] {logging_mixin.py:115} INFO - [2022-07-14 16:23:42,705] {dagbag.py:508} INFO - Filling up the DagBag from /home/airflow/.local/lib/python3.7/site-packages/airflow/example_dags/example_subdag_operator.py
[2022-07-14 16:23:42,768] {processor.py:651} INFO - DAG(s) dict_keys(['example_subdag_operator.section-1', 'example_subdag_operator.section-2', 'example_subdag_operator']) retrieved from /home/airflow/.local/lib/python3.7/site-packages/airflow/example_dags/example_subdag_operator.py
[2022-07-14 16:23:42,824] {logging_mixin.py:115} INFO - [2022-07-14 16:23:42,823] {dag.py:2420} INFO - Sync 3 DAGs
[2022-07-14 16:23:42,857] {logging_mixin.py:115} INFO - [2022-07-14 16:23:42,857] {dag.py:2972} INFO - Setting next_dagrun for example_subdag_operator to 2022-01-01T00:00:00+00:00, run_after=2022-01-01T00:00:00+00:00
[2022-07-14 16:23:42,857] {logging_mixin.py:115} INFO - [2022-07-14 16:23:42,857] {dag.py:2972} INFO - Setting next_dagrun for example_subdag_operator.section-1 to None, run_after=None
[2022-07-14 16:23:42,858] {logging_mixin.py:115} INFO - [2022-07-14 16:23:42,858] {dag.py:2972} INFO - Setting next_dagrun for example_subdag_operator.section-2 to None, run_after=None
[2022-07-14 16:23:42,868] {logging_mixin.py:115} INFO - [2022-07-14 16:23:42,867] {dag.py:2420} INFO - Sync 2 DAGs
[2022-07-14 16:23:42,877] {logging_mixin.py:115} INFO - [2022-07-14 16:23:42,877] {dag.py:2972} INFO - Setting next_dagrun for example_subdag_operator.section-1 to None, run_after=None
[2022-07-14 16:23:42,877] {logging_mixin.py:115} INFO - [2022-07-14 16:23:42,877] {dag.py:2972} INFO - Setting next_dagrun for example_subdag_operator.section-2 to None, run_after=None
[2022-07-14 16:23:42,889] {processor.py:161} INFO - Processing /home/airflow/.local/lib/python3.7/site-packages/airflow/example_dags/example_subdag_operator.py took 0.189 seconds
[2022-07-14 16:24:13,090] {processor.py:153} INFO - Started process (PID=820) to work on /home/airflow/.local/lib/python3.7/site-packages/airflow/example_dags/example_subdag_operator.py
[2022-07-14 16:24:13,091] {processor.py:641} INFO - Processing file /home/airflow/.local/lib/python3.7/site-packages/airflow/example_dags/example_subdag_operator.py for tasks to queue
[2022-07-14 16:24:13,092] {logging_mixin.py:115} INFO - [2022-07-14 16:24:13,092] {dagbag.py:508} INFO - Filling up the DagBag from /home/airflow/.local/lib/python3.7/site-packages/airflow/example_dags/example_subdag_operator.py
[2022-07-14 16:24:13,133] {processor.py:651} INFO - DAG(s) dict_keys(['example_subdag_operator.section-1', 'example_subdag_operator.section-2', 'example_subdag_operator']) retrieved from /home/airflow/.local/lib/python3.7/site-packages/airflow/example_dags/example_subdag_operator.py
[2022-07-14 16:24:13,192] {logging_mixin.py:115} INFO - [2022-07-14 16:24:13,192] {dag.py:2420} INFO - Sync 3 DAGs
[2022-07-14 16:24:13,229] {logging_mixin.py:115} INFO - [2022-07-14 16:24:13,229] {dag.py:2972} INFO - Setting next_dagrun for example_subdag_operator to 2022-01-01T00:00:00+00:00, run_after=2022-01-01T00:00:00+00:00
[2022-07-14 16:24:13,230] {logging_mixin.py:115} INFO - [2022-07-14 16:24:13,230] {dag.py:2972} INFO - Setting next_dagrun for example_subdag_operator.section-1 to None, run_after=None
[2022-07-14 16:24:13,230] {logging_mixin.py:115} INFO - [2022-07-14 16:24:13,230] {dag.py:2972} INFO - Setting next_dagrun for example_subdag_operator.section-2 to None, run_after=None
[2022-07-14 16:24:13,249] {logging_mixin.py:115} INFO - [2022-07-14 16:24:13,248] {dag.py:2420} INFO - Sync 2 DAGs
[2022-07-14 16:24:13,263] {logging_mixin.py:115} INFO - [2022-07-14 16:24:13,263] {dag.py:2972} INFO - Setting next_dagrun for example_subdag_operator.section-1 to None, run_after=None
[2022-07-14 16:24:13,264] {logging_mixin.py:115} INFO - [2022-07-14 16:24:13,264] {dag.py:2972} INFO - Setting next_dagrun for example_subdag_operator.section-2 to None, run_after=None
[2022-07-14 16:24:13,287] {processor.py:161} INFO - Processing /home/airflow/.local/lib/python3.7/site-packages/airflow/example_dags/example_subdag_operator.py took 0.201 seconds
[2022-07-14 16:24:43,344] {processor.py:153} INFO - Started process (PID=879) to work on /home/airflow/.local/lib/python3.7/site-packages/airflow/example_dags/example_subdag_operator.py
[2022-07-14 16:24:43,345] {processor.py:641} INFO - Processing file /home/airflow/.local/lib/python3.7/site-packages/airflow/example_dags/example_subdag_operator.py for tasks to queue
[2022-07-14 16:24:43,346] {logging_mixin.py:115} INFO - [2022-07-14 16:24:43,346] {dagbag.py:508} INFO - Filling up the DagBag from /home/airflow/.local/lib/python3.7/site-packages/airflow/example_dags/example_subdag_operator.py
[2022-07-14 16:24:43,412] {processor.py:651} INFO - DAG(s) dict_keys(['example_subdag_operator.section-1', 'example_subdag_operator.section-2', 'example_subdag_operator']) retrieved from /home/airflow/.local/lib/python3.7/site-packages/airflow/example_dags/example_subdag_operator.py
[2022-07-14 16:24:43,492] {logging_mixin.py:115} INFO - [2022-07-14 16:24:43,492] {dag.py:2420} INFO - Sync 3 DAGs
[2022-07-14 16:24:43,533] {logging_mixin.py:115} INFO - [2022-07-14 16:24:43,533] {dag.py:2972} INFO - Setting next_dagrun for example_subdag_operator to 2022-01-01T00:00:00+00:00, run_after=2022-01-01T00:00:00+00:00
[2022-07-14 16:24:43,534] {logging_mixin.py:115} INFO - [2022-07-14 16:24:43,534] {dag.py:2972} INFO - Setting next_dagrun for example_subdag_operator.section-1 to None, run_after=None
[2022-07-14 16:24:43,534] {logging_mixin.py:115} INFO - [2022-07-14 16:24:43,534] {dag.py:2972} INFO - Setting next_dagrun for example_subdag_operator.section-2 to None, run_after=None
[2022-07-14 16:24:43,545] {logging_mixin.py:115} INFO - [2022-07-14 16:24:43,545] {dag.py:2420} INFO - Sync 2 DAGs
[2022-07-14 16:24:43,560] {logging_mixin.py:115} INFO - [2022-07-14 16:24:43,560] {dag.py:2972} INFO - Setting next_dagrun for example_subdag_operator.section-1 to None, run_after=None
[2022-07-14 16:24:43,560] {logging_mixin.py:115} INFO - [2022-07-14 16:24:43,560] {dag.py:2972} INFO - Setting next_dagrun for example_subdag_operator.section-2 to None, run_after=None
[2022-07-14 16:24:43,578] {processor.py:161} INFO - Processing /home/airflow/.local/lib/python3.7/site-packages/airflow/example_dags/example_subdag_operator.py took 0.239 seconds
[2022-07-14 16:25:14,467] {processor.py:153} INFO - Started process (PID=931) to work on /home/airflow/.local/lib/python3.7/site-packages/airflow/example_dags/example_subdag_operator.py
[2022-07-14 16:25:14,469] {processor.py:641} INFO - Processing file /home/airflow/.local/lib/python3.7/site-packages/airflow/example_dags/example_subdag_operator.py for tasks to queue
[2022-07-14 16:25:14,470] {logging_mixin.py:115} INFO - [2022-07-14 16:25:14,470] {dagbag.py:508} INFO - Filling up the DagBag from /home/airflow/.local/lib/python3.7/site-packages/airflow/example_dags/example_subdag_operator.py
[2022-07-14 16:25:14,567] {processor.py:651} INFO - DAG(s) dict_keys(['example_subdag_operator.section-1', 'example_subdag_operator.section-2', 'example_subdag_operator']) retrieved from /home/airflow/.local/lib/python3.7/site-packages/airflow/example_dags/example_subdag_operator.py
[2022-07-14 16:25:14,663] {logging_mixin.py:115} INFO - [2022-07-14 16:25:14,663] {dag.py:2420} INFO - Sync 3 DAGs
[2022-07-14 16:25:14,742] {logging_mixin.py:115} INFO - [2022-07-14 16:25:14,742] {dag.py:2972} INFO - Setting next_dagrun for example_subdag_operator to 2022-01-01T00:00:00+00:00, run_after=2022-01-01T00:00:00+00:00
[2022-07-14 16:25:14,743] {logging_mixin.py:115} INFO - [2022-07-14 16:25:14,743] {dag.py:2972} INFO - Setting next_dagrun for example_subdag_operator.section-1 to None, run_after=None
[2022-07-14 16:25:14,743] {logging_mixin.py:115} INFO - [2022-07-14 16:25:14,743] {dag.py:2972} INFO - Setting next_dagrun for example_subdag_operator.section-2 to None, run_after=None
[2022-07-14 16:25:14,774] {logging_mixin.py:115} INFO - [2022-07-14 16:25:14,773] {dag.py:2420} INFO - Sync 2 DAGs
[2022-07-14 16:25:14,793] {logging_mixin.py:115} INFO - [2022-07-14 16:25:14,792] {dag.py:2972} INFO - Setting next_dagrun for example_subdag_operator.section-1 to None, run_after=None
[2022-07-14 16:25:14,793] {logging_mixin.py:115} INFO - [2022-07-14 16:25:14,793] {dag.py:2972} INFO - Setting next_dagrun for example_subdag_operator.section-2 to None, run_after=None
[2022-07-14 16:25:14,817] {processor.py:161} INFO - Processing /home/airflow/.local/lib/python3.7/site-packages/airflow/example_dags/example_subdag_operator.py took 0.355 seconds
[2022-07-14 16:25:45,195] {processor.py:153} INFO - Started process (PID=990) to work on /home/airflow/.local/lib/python3.7/site-packages/airflow/example_dags/example_subdag_operator.py
[2022-07-14 16:25:45,196] {processor.py:641} INFO - Processing file /home/airflow/.local/lib/python3.7/site-packages/airflow/example_dags/example_subdag_operator.py for tasks to queue
[2022-07-14 16:25:45,196] {logging_mixin.py:115} INFO - [2022-07-14 16:25:45,196] {dagbag.py:508} INFO - Filling up the DagBag from /home/airflow/.local/lib/python3.7/site-packages/airflow/example_dags/example_subdag_operator.py
[2022-07-14 16:25:45,243] {processor.py:651} INFO - DAG(s) dict_keys(['example_subdag_operator.section-1', 'example_subdag_operator.section-2', 'example_subdag_operator']) retrieved from /home/airflow/.local/lib/python3.7/site-packages/airflow/example_dags/example_subdag_operator.py
[2022-07-14 16:25:45,325] {logging_mixin.py:115} INFO - [2022-07-14 16:25:45,325] {dag.py:2420} INFO - Sync 3 DAGs
[2022-07-14 16:25:45,386] {logging_mixin.py:115} INFO - [2022-07-14 16:25:45,386] {dag.py:2972} INFO - Setting next_dagrun for example_subdag_operator to 2022-01-01T00:00:00+00:00, run_after=2022-01-01T00:00:00+00:00
[2022-07-14 16:25:45,386] {logging_mixin.py:115} INFO - [2022-07-14 16:25:45,386] {dag.py:2972} INFO - Setting next_dagrun for example_subdag_operator.section-1 to None, run_after=None
[2022-07-14 16:25:45,387] {logging_mixin.py:115} INFO - [2022-07-14 16:25:45,387] {dag.py:2972} INFO - Setting next_dagrun for example_subdag_operator.section-2 to None, run_after=None
[2022-07-14 16:25:45,402] {logging_mixin.py:115} INFO - [2022-07-14 16:25:45,402] {dag.py:2420} INFO - Sync 2 DAGs
[2022-07-14 16:25:45,420] {logging_mixin.py:115} INFO - [2022-07-14 16:25:45,419] {dag.py:2972} INFO - Setting next_dagrun for example_subdag_operator.section-1 to None, run_after=None
[2022-07-14 16:25:45,420] {logging_mixin.py:115} INFO - [2022-07-14 16:25:45,420] {dag.py:2972} INFO - Setting next_dagrun for example_subdag_operator.section-2 to None, run_after=None
[2022-07-14 16:25:45,441] {processor.py:161} INFO - Processing /home/airflow/.local/lib/python3.7/site-packages/airflow/example_dags/example_subdag_operator.py took 0.249 seconds
[2022-07-14 16:26:15,617] {processor.py:153} INFO - Started process (PID=1041) to work on /home/airflow/.local/lib/python3.7/site-packages/airflow/example_dags/example_subdag_operator.py
[2022-07-14 16:26:15,618] {processor.py:641} INFO - Processing file /home/airflow/.local/lib/python3.7/site-packages/airflow/example_dags/example_subdag_operator.py for tasks to queue
[2022-07-14 16:26:15,618] {logging_mixin.py:115} INFO - [2022-07-14 16:26:15,618] {dagbag.py:508} INFO - Filling up the DagBag from /home/airflow/.local/lib/python3.7/site-packages/airflow/example_dags/example_subdag_operator.py
[2022-07-14 16:26:15,655] {processor.py:651} INFO - DAG(s) dict_keys(['example_subdag_operator.section-1', 'example_subdag_operator.section-2', 'example_subdag_operator']) retrieved from /home/airflow/.local/lib/python3.7/site-packages/airflow/example_dags/example_subdag_operator.py
[2022-07-14 16:26:15,702] {logging_mixin.py:115} INFO - [2022-07-14 16:26:15,701] {dag.py:2420} INFO - Sync 3 DAGs
[2022-07-14 16:26:15,736] {logging_mixin.py:115} INFO - [2022-07-14 16:26:15,736] {dag.py:2972} INFO - Setting next_dagrun for example_subdag_operator to 2022-01-01T00:00:00+00:00, run_after=2022-01-01T00:00:00+00:00
[2022-07-14 16:26:15,737] {logging_mixin.py:115} INFO - [2022-07-14 16:26:15,736] {dag.py:2972} INFO - Setting next_dagrun for example_subdag_operator.section-1 to None, run_after=None
[2022-07-14 16:26:15,737] {logging_mixin.py:115} INFO - [2022-07-14 16:26:15,737] {dag.py:2972} INFO - Setting next_dagrun for example_subdag_operator.section-2 to None, run_after=None
[2022-07-14 16:26:15,746] {logging_mixin.py:115} INFO - [2022-07-14 16:26:15,746] {dag.py:2420} INFO - Sync 2 DAGs
[2022-07-14 16:26:15,755] {logging_mixin.py:115} INFO - [2022-07-14 16:26:15,754] {dag.py:2972} INFO - Setting next_dagrun for example_subdag_operator.section-1 to None, run_after=None
[2022-07-14 16:26:15,755] {logging_mixin.py:115} INFO - [2022-07-14 16:26:15,755] {dag.py:2972} INFO - Setting next_dagrun for example_subdag_operator.section-2 to None, run_after=None
[2022-07-14 16:26:15,771] {processor.py:161} INFO - Processing /home/airflow/.local/lib/python3.7/site-packages/airflow/example_dags/example_subdag_operator.py took 0.157 seconds
[2022-07-14 16:26:46,684] {processor.py:153} INFO - Started process (PID=1100) to work on /home/airflow/.local/lib/python3.7/site-packages/airflow/example_dags/example_subdag_operator.py
[2022-07-14 16:26:46,692] {processor.py:641} INFO - Processing file /home/airflow/.local/lib/python3.7/site-packages/airflow/example_dags/example_subdag_operator.py for tasks to queue
[2022-07-14 16:26:46,693] {logging_mixin.py:115} INFO - [2022-07-14 16:26:46,693] {dagbag.py:508} INFO - Filling up the DagBag from /home/airflow/.local/lib/python3.7/site-packages/airflow/example_dags/example_subdag_operator.py
[2022-07-14 16:26:46,760] {processor.py:651} INFO - DAG(s) dict_keys(['example_subdag_operator.section-1', 'example_subdag_operator.section-2', 'example_subdag_operator']) retrieved from /home/airflow/.local/lib/python3.7/site-packages/airflow/example_dags/example_subdag_operator.py
[2022-07-14 16:26:46,879] {logging_mixin.py:115} INFO - [2022-07-14 16:26:46,879] {dag.py:2420} INFO - Sync 3 DAGs
[2022-07-14 16:26:46,951] {logging_mixin.py:115} INFO - [2022-07-14 16:26:46,951] {dag.py:2972} INFO - Setting next_dagrun for example_subdag_operator to 2022-01-01T00:00:00+00:00, run_after=2022-01-01T00:00:00+00:00
[2022-07-14 16:26:46,952] {logging_mixin.py:115} INFO - [2022-07-14 16:26:46,952] {dag.py:2972} INFO - Setting next_dagrun for example_subdag_operator.section-1 to None, run_after=None
[2022-07-14 16:26:46,952] {logging_mixin.py:115} INFO - [2022-07-14 16:26:46,952] {dag.py:2972} INFO - Setting next_dagrun for example_subdag_operator.section-2 to None, run_after=None
[2022-07-14 16:26:46,971] {logging_mixin.py:115} INFO - [2022-07-14 16:26:46,971] {dag.py:2420} INFO - Sync 2 DAGs
[2022-07-14 16:26:46,989] {logging_mixin.py:115} INFO - [2022-07-14 16:26:46,989] {dag.py:2972} INFO - Setting next_dagrun for example_subdag_operator.section-1 to None, run_after=None
[2022-07-14 16:26:46,989] {logging_mixin.py:115} INFO - [2022-07-14 16:26:46,989] {dag.py:2972} INFO - Setting next_dagrun for example_subdag_operator.section-2 to None, run_after=None
[2022-07-14 16:26:47,014] {processor.py:161} INFO - Processing /home/airflow/.local/lib/python3.7/site-packages/airflow/example_dags/example_subdag_operator.py took 0.338 seconds
[2022-07-14 16:27:17,117] {processor.py:153} INFO - Started process (PID=1154) to work on /home/airflow/.local/lib/python3.7/site-packages/airflow/example_dags/example_subdag_operator.py
[2022-07-14 16:27:17,118] {processor.py:641} INFO - Processing file /home/airflow/.local/lib/python3.7/site-packages/airflow/example_dags/example_subdag_operator.py for tasks to queue
[2022-07-14 16:27:17,118] {logging_mixin.py:115} INFO - [2022-07-14 16:27:17,118] {dagbag.py:508} INFO - Filling up the DagBag from /home/airflow/.local/lib/python3.7/site-packages/airflow/example_dags/example_subdag_operator.py
[2022-07-14 16:27:17,152] {processor.py:651} INFO - DAG(s) dict_keys(['example_subdag_operator.section-1', 'example_subdag_operator.section-2', 'example_subdag_operator']) retrieved from /home/airflow/.local/lib/python3.7/site-packages/airflow/example_dags/example_subdag_operator.py
[2022-07-14 16:27:17,196] {logging_mixin.py:115} INFO - [2022-07-14 16:27:17,196] {dag.py:2420} INFO - Sync 3 DAGs
[2022-07-14 16:27:17,239] {logging_mixin.py:115} INFO - [2022-07-14 16:27:17,239] {dag.py:2972} INFO - Setting next_dagrun for example_subdag_operator to 2022-01-01T00:00:00+00:00, run_after=2022-01-01T00:00:00+00:00
[2022-07-14 16:27:17,240] {logging_mixin.py:115} INFO - [2022-07-14 16:27:17,240] {dag.py:2972} INFO - Setting next_dagrun for example_subdag_operator.section-1 to None, run_after=None
[2022-07-14 16:27:17,240] {logging_mixin.py:115} INFO - [2022-07-14 16:27:17,240] {dag.py:2972} INFO - Setting next_dagrun for example_subdag_operator.section-2 to None, run_after=None
[2022-07-14 16:27:17,253] {logging_mixin.py:115} INFO - [2022-07-14 16:27:17,253] {dag.py:2420} INFO - Sync 2 DAGs
[2022-07-14 16:27:17,261] {logging_mixin.py:115} INFO - [2022-07-14 16:27:17,261] {dag.py:2972} INFO - Setting next_dagrun for example_subdag_operator.section-1 to None, run_after=None
[2022-07-14 16:27:17,262] {logging_mixin.py:115} INFO - [2022-07-14 16:27:17,261] {dag.py:2972} INFO - Setting next_dagrun for example_subdag_operator.section-2 to None, run_after=None
[2022-07-14 16:27:17,280] {processor.py:161} INFO - Processing /home/airflow/.local/lib/python3.7/site-packages/airflow/example_dags/example_subdag_operator.py took 0.167 seconds
[2022-07-14 16:27:47,807] {processor.py:153} INFO - Started process (PID=1206) to work on /home/airflow/.local/lib/python3.7/site-packages/airflow/example_dags/example_subdag_operator.py
[2022-07-14 16:27:47,825] {processor.py:641} INFO - Processing file /home/airflow/.local/lib/python3.7/site-packages/airflow/example_dags/example_subdag_operator.py for tasks to queue
[2022-07-14 16:27:47,826] {logging_mixin.py:115} INFO - [2022-07-14 16:27:47,826] {dagbag.py:508} INFO - Filling up the DagBag from /home/airflow/.local/lib/python3.7/site-packages/airflow/example_dags/example_subdag_operator.py
[2022-07-14 16:27:47,915] {processor.py:651} INFO - DAG(s) dict_keys(['example_subdag_operator.section-1', 'example_subdag_operator.section-2', 'example_subdag_operator']) retrieved from /home/airflow/.local/lib/python3.7/site-packages/airflow/example_dags/example_subdag_operator.py
[2022-07-14 16:27:48,008] {logging_mixin.py:115} INFO - [2022-07-14 16:27:48,008] {dag.py:2420} INFO - Sync 3 DAGs
[2022-07-14 16:27:48,071] {logging_mixin.py:115} INFO - [2022-07-14 16:27:48,070] {dag.py:2972} INFO - Setting next_dagrun for example_subdag_operator to 2022-01-01T00:00:00+00:00, run_after=2022-01-01T00:00:00+00:00
[2022-07-14 16:27:48,072] {logging_mixin.py:115} INFO - [2022-07-14 16:27:48,071] {dag.py:2972} INFO - Setting next_dagrun for example_subdag_operator.section-1 to None, run_after=None
[2022-07-14 16:27:48,072] {logging_mixin.py:115} INFO - [2022-07-14 16:27:48,072] {dag.py:2972} INFO - Setting next_dagrun for example_subdag_operator.section-2 to None, run_after=None
[2022-07-14 16:27:48,086] {logging_mixin.py:115} INFO - [2022-07-14 16:27:48,086] {dag.py:2420} INFO - Sync 2 DAGs
[2022-07-14 16:27:48,098] {logging_mixin.py:115} INFO - [2022-07-14 16:27:48,098] {dag.py:2972} INFO - Setting next_dagrun for example_subdag_operator.section-1 to None, run_after=None
[2022-07-14 16:27:48,098] {logging_mixin.py:115} INFO - [2022-07-14 16:27:48,098] {dag.py:2972} INFO - Setting next_dagrun for example_subdag_operator.section-2 to None, run_after=None
[2022-07-14 16:27:48,124] {processor.py:161} INFO - Processing /home/airflow/.local/lib/python3.7/site-packages/airflow/example_dags/example_subdag_operator.py took 0.323 seconds
[2022-07-14 16:28:19,010] {processor.py:153} INFO - Started process (PID=1267) to work on /home/airflow/.local/lib/python3.7/site-packages/airflow/example_dags/example_subdag_operator.py
[2022-07-14 16:28:19,020] {processor.py:641} INFO - Processing file /home/airflow/.local/lib/python3.7/site-packages/airflow/example_dags/example_subdag_operator.py for tasks to queue
[2022-07-14 16:28:19,021] {logging_mixin.py:115} INFO - [2022-07-14 16:28:19,021] {dagbag.py:508} INFO - Filling up the DagBag from /home/airflow/.local/lib/python3.7/site-packages/airflow/example_dags/example_subdag_operator.py
[2022-07-14 16:28:19,084] {processor.py:651} INFO - DAG(s) dict_keys(['example_subdag_operator.section-1', 'example_subdag_operator.section-2', 'example_subdag_operator']) retrieved from /home/airflow/.local/lib/python3.7/site-packages/airflow/example_dags/example_subdag_operator.py
[2022-07-14 16:28:19,213] {logging_mixin.py:115} INFO - [2022-07-14 16:28:19,213] {dag.py:2420} INFO - Sync 3 DAGs
[2022-07-14 16:28:19,297] {logging_mixin.py:115} INFO - [2022-07-14 16:28:19,297] {dag.py:2972} INFO - Setting next_dagrun for example_subdag_operator to 2022-01-01T00:00:00+00:00, run_after=2022-01-01T00:00:00+00:00
[2022-07-14 16:28:19,298] {logging_mixin.py:115} INFO - [2022-07-14 16:28:19,298] {dag.py:2972} INFO - Setting next_dagrun for example_subdag_operator.section-1 to None, run_after=None
[2022-07-14 16:28:19,298] {logging_mixin.py:115} INFO - [2022-07-14 16:28:19,298] {dag.py:2972} INFO - Setting next_dagrun for example_subdag_operator.section-2 to None, run_after=None
[2022-07-14 16:28:19,328] {logging_mixin.py:115} INFO - [2022-07-14 16:28:19,328] {dag.py:2420} INFO - Sync 2 DAGs
[2022-07-14 16:28:19,352] {logging_mixin.py:115} INFO - [2022-07-14 16:28:19,352] {dag.py:2972} INFO - Setting next_dagrun for example_subdag_operator.section-1 to None, run_after=None
[2022-07-14 16:28:19,353] {logging_mixin.py:115} INFO - [2022-07-14 16:28:19,353] {dag.py:2972} INFO - Setting next_dagrun for example_subdag_operator.section-2 to None, run_after=None
[2022-07-14 16:28:19,395] {processor.py:161} INFO - Processing /home/airflow/.local/lib/python3.7/site-packages/airflow/example_dags/example_subdag_operator.py took 0.390 seconds
[2022-07-14 16:28:50,154] {processor.py:153} INFO - Started process (PID=1318) to work on /home/airflow/.local/lib/python3.7/site-packages/airflow/example_dags/example_subdag_operator.py
[2022-07-14 16:28:50,165] {processor.py:641} INFO - Processing file /home/airflow/.local/lib/python3.7/site-packages/airflow/example_dags/example_subdag_operator.py for tasks to queue
[2022-07-14 16:28:50,166] {logging_mixin.py:115} INFO - [2022-07-14 16:28:50,165] {dagbag.py:508} INFO - Filling up the DagBag from /home/airflow/.local/lib/python3.7/site-packages/airflow/example_dags/example_subdag_operator.py
[2022-07-14 16:28:50,216] {processor.py:651} INFO - DAG(s) dict_keys(['example_subdag_operator.section-1', 'example_subdag_operator.section-2', 'example_subdag_operator']) retrieved from /home/airflow/.local/lib/python3.7/site-packages/airflow/example_dags/example_subdag_operator.py
[2022-07-14 16:28:50,375] {logging_mixin.py:115} INFO - [2022-07-14 16:28:50,375] {dag.py:2420} INFO - Sync 3 DAGs
[2022-07-14 16:28:50,427] {logging_mixin.py:115} INFO - [2022-07-14 16:28:50,427] {dag.py:2972} INFO - Setting next_dagrun for example_subdag_operator to 2022-01-01T00:00:00+00:00, run_after=2022-01-01T00:00:00+00:00
[2022-07-14 16:28:50,429] {logging_mixin.py:115} INFO - [2022-07-14 16:28:50,428] {dag.py:2972} INFO - Setting next_dagrun for example_subdag_operator.section-1 to None, run_after=None
[2022-07-14 16:28:50,430] {logging_mixin.py:115} INFO - [2022-07-14 16:28:50,430] {dag.py:2972} INFO - Setting next_dagrun for example_subdag_operator.section-2 to None, run_after=None
[2022-07-14 16:28:50,456] {logging_mixin.py:115} INFO - [2022-07-14 16:28:50,456] {dag.py:2420} INFO - Sync 2 DAGs
[2022-07-14 16:28:50,472] {logging_mixin.py:115} INFO - [2022-07-14 16:28:50,472] {dag.py:2972} INFO - Setting next_dagrun for example_subdag_operator.section-1 to None, run_after=None
[2022-07-14 16:28:50,472] {logging_mixin.py:115} INFO - [2022-07-14 16:28:50,472] {dag.py:2972} INFO - Setting next_dagrun for example_subdag_operator.section-2 to None, run_after=None
[2022-07-14 16:28:50,496] {processor.py:161} INFO - Processing /home/airflow/.local/lib/python3.7/site-packages/airflow/example_dags/example_subdag_operator.py took 0.347 seconds
[2022-07-14 16:29:20,594] {processor.py:153} INFO - Started process (PID=1371) to work on /home/airflow/.local/lib/python3.7/site-packages/airflow/example_dags/example_subdag_operator.py
[2022-07-14 16:29:20,595] {processor.py:641} INFO - Processing file /home/airflow/.local/lib/python3.7/site-packages/airflow/example_dags/example_subdag_operator.py for tasks to queue
[2022-07-14 16:29:20,595] {logging_mixin.py:115} INFO - [2022-07-14 16:29:20,595] {dagbag.py:508} INFO - Filling up the DagBag from /home/airflow/.local/lib/python3.7/site-packages/airflow/example_dags/example_subdag_operator.py
[2022-07-14 16:29:20,632] {processor.py:651} INFO - DAG(s) dict_keys(['example_subdag_operator.section-1', 'example_subdag_operator.section-2', 'example_subdag_operator']) retrieved from /home/airflow/.local/lib/python3.7/site-packages/airflow/example_dags/example_subdag_operator.py
[2022-07-14 16:29:20,681] {logging_mixin.py:115} INFO - [2022-07-14 16:29:20,681] {dag.py:2420} INFO - Sync 3 DAGs
[2022-07-14 16:29:20,714] {logging_mixin.py:115} INFO - [2022-07-14 16:29:20,714] {dag.py:2972} INFO - Setting next_dagrun for example_subdag_operator to 2022-01-01T00:00:00+00:00, run_after=2022-01-01T00:00:00+00:00
[2022-07-14 16:29:20,714] {logging_mixin.py:115} INFO - [2022-07-14 16:29:20,714] {dag.py:2972} INFO - Setting next_dagrun for example_subdag_operator.section-1 to None, run_after=None
[2022-07-14 16:29:20,715] {logging_mixin.py:115} INFO - [2022-07-14 16:29:20,714] {dag.py:2972} INFO - Setting next_dagrun for example_subdag_operator.section-2 to None, run_after=None
[2022-07-14 16:29:20,724] {logging_mixin.py:115} INFO - [2022-07-14 16:29:20,724] {dag.py:2420} INFO - Sync 2 DAGs
[2022-07-14 16:29:20,733] {logging_mixin.py:115} INFO - [2022-07-14 16:29:20,733] {dag.py:2972} INFO - Setting next_dagrun for example_subdag_operator.section-1 to None, run_after=None
[2022-07-14 16:29:20,733] {logging_mixin.py:115} INFO - [2022-07-14 16:29:20,733] {dag.py:2972} INFO - Setting next_dagrun for example_subdag_operator.section-2 to None, run_after=None
[2022-07-14 16:29:20,755] {processor.py:161} INFO - Processing /home/airflow/.local/lib/python3.7/site-packages/airflow/example_dags/example_subdag_operator.py took 0.165 seconds
[2022-07-14 16:29:51,006] {processor.py:153} INFO - Started process (PID=1431) to work on /home/airflow/.local/lib/python3.7/site-packages/airflow/example_dags/example_subdag_operator.py
[2022-07-14 16:29:51,019] {processor.py:641} INFO - Processing file /home/airflow/.local/lib/python3.7/site-packages/airflow/example_dags/example_subdag_operator.py for tasks to queue
[2022-07-14 16:29:51,019] {logging_mixin.py:115} INFO - [2022-07-14 16:29:51,019] {dagbag.py:508} INFO - Filling up the DagBag from /home/airflow/.local/lib/python3.7/site-packages/airflow/example_dags/example_subdag_operator.py
[2022-07-14 16:29:51,076] {processor.py:651} INFO - DAG(s) dict_keys(['example_subdag_operator.section-1', 'example_subdag_operator.section-2', 'example_subdag_operator']) retrieved from /home/airflow/.local/lib/python3.7/site-packages/airflow/example_dags/example_subdag_operator.py
[2022-07-14 16:29:51,169] {logging_mixin.py:115} INFO - [2022-07-14 16:29:51,169] {dag.py:2420} INFO - Sync 3 DAGs
[2022-07-14 16:29:51,254] {logging_mixin.py:115} INFO - [2022-07-14 16:29:51,253] {dag.py:2972} INFO - Setting next_dagrun for example_subdag_operator to 2022-01-01T00:00:00+00:00, run_after=2022-01-01T00:00:00+00:00
[2022-07-14 16:29:51,254] {logging_mixin.py:115} INFO - [2022-07-14 16:29:51,254] {dag.py:2972} INFO - Setting next_dagrun for example_subdag_operator.section-1 to None, run_after=None
[2022-07-14 16:29:51,260] {logging_mixin.py:115} INFO - [2022-07-14 16:29:51,254] {dag.py:2972} INFO - Setting next_dagrun for example_subdag_operator.section-2 to None, run_after=None
[2022-07-14 16:29:51,285] {logging_mixin.py:115} INFO - [2022-07-14 16:29:51,285] {dag.py:2420} INFO - Sync 2 DAGs
[2022-07-14 16:29:51,304] {logging_mixin.py:115} INFO - [2022-07-14 16:29:51,304] {dag.py:2972} INFO - Setting next_dagrun for example_subdag_operator.section-1 to None, run_after=None
[2022-07-14 16:29:51,304] {logging_mixin.py:115} INFO - [2022-07-14 16:29:51,304] {dag.py:2972} INFO - Setting next_dagrun for example_subdag_operator.section-2 to None, run_after=None
[2022-07-14 16:29:51,344] {processor.py:161} INFO - Processing /home/airflow/.local/lib/python3.7/site-packages/airflow/example_dags/example_subdag_operator.py took 0.342 seconds
[2022-07-14 16:30:21,647] {processor.py:153} INFO - Started process (PID=1481) to work on /home/airflow/.local/lib/python3.7/site-packages/airflow/example_dags/example_subdag_operator.py
[2022-07-14 16:30:21,648] {processor.py:641} INFO - Processing file /home/airflow/.local/lib/python3.7/site-packages/airflow/example_dags/example_subdag_operator.py for tasks to queue
[2022-07-14 16:30:21,648] {logging_mixin.py:115} INFO - [2022-07-14 16:30:21,648] {dagbag.py:508} INFO - Filling up the DagBag from /home/airflow/.local/lib/python3.7/site-packages/airflow/example_dags/example_subdag_operator.py
[2022-07-14 16:30:21,690] {processor.py:651} INFO - DAG(s) dict_keys(['example_subdag_operator.section-1', 'example_subdag_operator.section-2', 'example_subdag_operator']) retrieved from /home/airflow/.local/lib/python3.7/site-packages/airflow/example_dags/example_subdag_operator.py
[2022-07-14 16:30:21,764] {logging_mixin.py:115} INFO - [2022-07-14 16:30:21,764] {dag.py:2420} INFO - Sync 3 DAGs
[2022-07-14 16:30:21,807] {logging_mixin.py:115} INFO - [2022-07-14 16:30:21,807] {dag.py:2972} INFO - Setting next_dagrun for example_subdag_operator to 2022-01-01T00:00:00+00:00, run_after=2022-01-01T00:00:00+00:00
[2022-07-14 16:30:21,808] {logging_mixin.py:115} INFO - [2022-07-14 16:30:21,807] {dag.py:2972} INFO - Setting next_dagrun for example_subdag_operator.section-1 to None, run_after=None
[2022-07-14 16:30:21,808] {logging_mixin.py:115} INFO - [2022-07-14 16:30:21,808] {dag.py:2972} INFO - Setting next_dagrun for example_subdag_operator.section-2 to None, run_after=None
[2022-07-14 16:30:21,822] {logging_mixin.py:115} INFO - [2022-07-14 16:30:21,822] {dag.py:2420} INFO - Sync 2 DAGs
[2022-07-14 16:30:21,834] {logging_mixin.py:115} INFO - [2022-07-14 16:30:21,834] {dag.py:2972} INFO - Setting next_dagrun for example_subdag_operator.section-1 to None, run_after=None
[2022-07-14 16:30:21,834] {logging_mixin.py:115} INFO - [2022-07-14 16:30:21,834] {dag.py:2972} INFO - Setting next_dagrun for example_subdag_operator.section-2 to None, run_after=None
[2022-07-14 16:30:21,861] {processor.py:161} INFO - Processing /home/airflow/.local/lib/python3.7/site-packages/airflow/example_dags/example_subdag_operator.py took 0.217 seconds
[2022-07-14 16:30:52,433] {processor.py:153} INFO - Started process (PID=1541) to work on /home/airflow/.local/lib/python3.7/site-packages/airflow/example_dags/example_subdag_operator.py
[2022-07-14 16:30:52,433] {processor.py:641} INFO - Processing file /home/airflow/.local/lib/python3.7/site-packages/airflow/example_dags/example_subdag_operator.py for tasks to queue
[2022-07-14 16:30:52,434] {logging_mixin.py:115} INFO - [2022-07-14 16:30:52,434] {dagbag.py:508} INFO - Filling up the DagBag from /home/airflow/.local/lib/python3.7/site-packages/airflow/example_dags/example_subdag_operator.py
[2022-07-14 16:30:52,463] {processor.py:651} INFO - DAG(s) dict_keys(['example_subdag_operator.section-1', 'example_subdag_operator.section-2', 'example_subdag_operator']) retrieved from /home/airflow/.local/lib/python3.7/site-packages/airflow/example_dags/example_subdag_operator.py
[2022-07-14 16:30:52,499] {logging_mixin.py:115} INFO - [2022-07-14 16:30:52,499] {dag.py:2420} INFO - Sync 3 DAGs
[2022-07-14 16:30:52,527] {logging_mixin.py:115} INFO - [2022-07-14 16:30:52,527] {dag.py:2972} INFO - Setting next_dagrun for example_subdag_operator to 2022-01-01T00:00:00+00:00, run_after=2022-01-01T00:00:00+00:00
[2022-07-14 16:30:52,527] {logging_mixin.py:115} INFO - [2022-07-14 16:30:52,527] {dag.py:2972} INFO - Setting next_dagrun for example_subdag_operator.section-1 to None, run_after=None
[2022-07-14 16:30:52,528] {logging_mixin.py:115} INFO - [2022-07-14 16:30:52,528] {dag.py:2972} INFO - Setting next_dagrun for example_subdag_operator.section-2 to None, run_after=None
[2022-07-14 16:30:52,537] {logging_mixin.py:115} INFO - [2022-07-14 16:30:52,537] {dag.py:2420} INFO - Sync 2 DAGs
[2022-07-14 16:30:52,545] {logging_mixin.py:115} INFO - [2022-07-14 16:30:52,545] {dag.py:2972} INFO - Setting next_dagrun for example_subdag_operator.section-1 to None, run_after=None
[2022-07-14 16:30:52,545] {logging_mixin.py:115} INFO - [2022-07-14 16:30:52,545] {dag.py:2972} INFO - Setting next_dagrun for example_subdag_operator.section-2 to None, run_after=None
[2022-07-14 16:30:52,566] {processor.py:161} INFO - Processing /home/airflow/.local/lib/python3.7/site-packages/airflow/example_dags/example_subdag_operator.py took 0.136 seconds
[2022-07-14 16:31:22,786] {processor.py:153} INFO - Started process (PID=1601) to work on /home/airflow/.local/lib/python3.7/site-packages/airflow/example_dags/example_subdag_operator.py
[2022-07-14 16:31:22,787] {processor.py:641} INFO - Processing file /home/airflow/.local/lib/python3.7/site-packages/airflow/example_dags/example_subdag_operator.py for tasks to queue
[2022-07-14 16:31:22,787] {logging_mixin.py:115} INFO - [2022-07-14 16:31:22,787] {dagbag.py:508} INFO - Filling up the DagBag from /home/airflow/.local/lib/python3.7/site-packages/airflow/example_dags/example_subdag_operator.py
[2022-07-14 16:31:22,817] {processor.py:651} INFO - DAG(s) dict_keys(['example_subdag_operator.section-1', 'example_subdag_operator.section-2', 'example_subdag_operator']) retrieved from /home/airflow/.local/lib/python3.7/site-packages/airflow/example_dags/example_subdag_operator.py
[2022-07-14 16:31:22,860] {logging_mixin.py:115} INFO - [2022-07-14 16:31:22,860] {dag.py:2420} INFO - Sync 3 DAGs
[2022-07-14 16:31:22,883] {logging_mixin.py:115} INFO - [2022-07-14 16:31:22,883] {dag.py:2972} INFO - Setting next_dagrun for example_subdag_operator to 2022-01-01T00:00:00+00:00, run_after=2022-01-01T00:00:00+00:00
[2022-07-14 16:31:22,883] {logging_mixin.py:115} INFO - [2022-07-14 16:31:22,883] {dag.py:2972} INFO - Setting next_dagrun for example_subdag_operator.section-1 to None, run_after=None
[2022-07-14 16:31:22,883] {logging_mixin.py:115} INFO - [2022-07-14 16:31:22,883] {dag.py:2972} INFO - Setting next_dagrun for example_subdag_operator.section-2 to None, run_after=None
[2022-07-14 16:31:22,890] {logging_mixin.py:115} INFO - [2022-07-14 16:31:22,890] {dag.py:2420} INFO - Sync 2 DAGs
[2022-07-14 16:31:22,895] {logging_mixin.py:115} INFO - [2022-07-14 16:31:22,895] {dag.py:2972} INFO - Setting next_dagrun for example_subdag_operator.section-1 to None, run_after=None
[2022-07-14 16:31:22,895] {logging_mixin.py:115} INFO - [2022-07-14 16:31:22,895] {dag.py:2972} INFO - Setting next_dagrun for example_subdag_operator.section-2 to None, run_after=None
[2022-07-14 16:31:22,920] {processor.py:161} INFO - Processing /home/airflow/.local/lib/python3.7/site-packages/airflow/example_dags/example_subdag_operator.py took 0.138 seconds
[2022-07-14 16:31:53,368] {processor.py:153} INFO - Started process (PID=1654) to work on /home/airflow/.local/lib/python3.7/site-packages/airflow/example_dags/example_subdag_operator.py
[2022-07-14 16:31:53,369] {processor.py:641} INFO - Processing file /home/airflow/.local/lib/python3.7/site-packages/airflow/example_dags/example_subdag_operator.py for tasks to queue
[2022-07-14 16:31:53,369] {logging_mixin.py:115} INFO - [2022-07-14 16:31:53,369] {dagbag.py:508} INFO - Filling up the DagBag from /home/airflow/.local/lib/python3.7/site-packages/airflow/example_dags/example_subdag_operator.py
[2022-07-14 16:31:53,402] {processor.py:651} INFO - DAG(s) dict_keys(['example_subdag_operator.section-1', 'example_subdag_operator.section-2', 'example_subdag_operator']) retrieved from /home/airflow/.local/lib/python3.7/site-packages/airflow/example_dags/example_subdag_operator.py
[2022-07-14 16:31:53,445] {logging_mixin.py:115} INFO - [2022-07-14 16:31:53,444] {dag.py:2420} INFO - Sync 3 DAGs
[2022-07-14 16:31:53,475] {logging_mixin.py:115} INFO - [2022-07-14 16:31:53,475] {dag.py:2972} INFO - Setting next_dagrun for example_subdag_operator to 2022-01-01T00:00:00+00:00, run_after=2022-01-01T00:00:00+00:00
[2022-07-14 16:31:53,475] {logging_mixin.py:115} INFO - [2022-07-14 16:31:53,475] {dag.py:2972} INFO - Setting next_dagrun for example_subdag_operator.section-1 to None, run_after=None
[2022-07-14 16:31:53,475] {logging_mixin.py:115} INFO - [2022-07-14 16:31:53,475] {dag.py:2972} INFO - Setting next_dagrun for example_subdag_operator.section-2 to None, run_after=None
[2022-07-14 16:31:53,484] {logging_mixin.py:115} INFO - [2022-07-14 16:31:53,484] {dag.py:2420} INFO - Sync 2 DAGs
[2022-07-14 16:31:53,491] {logging_mixin.py:115} INFO - [2022-07-14 16:31:53,491] {dag.py:2972} INFO - Setting next_dagrun for example_subdag_operator.section-1 to None, run_after=None
[2022-07-14 16:31:53,492] {logging_mixin.py:115} INFO - [2022-07-14 16:31:53,492] {dag.py:2972} INFO - Setting next_dagrun for example_subdag_operator.section-2 to None, run_after=None
[2022-07-14 16:31:53,505] {processor.py:161} INFO - Processing /home/airflow/.local/lib/python3.7/site-packages/airflow/example_dags/example_subdag_operator.py took 0.140 seconds
[2022-07-14 16:32:23,612] {processor.py:153} INFO - Started process (PID=1715) to work on /home/airflow/.local/lib/python3.7/site-packages/airflow/example_dags/example_subdag_operator.py
[2022-07-14 16:32:23,613] {processor.py:641} INFO - Processing file /home/airflow/.local/lib/python3.7/site-packages/airflow/example_dags/example_subdag_operator.py for tasks to queue
[2022-07-14 16:32:23,613] {logging_mixin.py:115} INFO - [2022-07-14 16:32:23,613] {dagbag.py:508} INFO - Filling up the DagBag from /home/airflow/.local/lib/python3.7/site-packages/airflow/example_dags/example_subdag_operator.py
[2022-07-14 16:32:23,639] {processor.py:651} INFO - DAG(s) dict_keys(['example_subdag_operator.section-1', 'example_subdag_operator.section-2', 'example_subdag_operator']) retrieved from /home/airflow/.local/lib/python3.7/site-packages/airflow/example_dags/example_subdag_operator.py
[2022-07-14 16:32:23,669] {logging_mixin.py:115} INFO - [2022-07-14 16:32:23,669] {dag.py:2420} INFO - Sync 3 DAGs
[2022-07-14 16:32:23,689] {logging_mixin.py:115} INFO - [2022-07-14 16:32:23,689] {dag.py:2972} INFO - Setting next_dagrun for example_subdag_operator to 2022-01-01T00:00:00+00:00, run_after=2022-01-01T00:00:00+00:00
[2022-07-14 16:32:23,689] {logging_mixin.py:115} INFO - [2022-07-14 16:32:23,689] {dag.py:2972} INFO - Setting next_dagrun for example_subdag_operator.section-1 to None, run_after=None
[2022-07-14 16:32:23,689] {logging_mixin.py:115} INFO - [2022-07-14 16:32:23,689] {dag.py:2972} INFO - Setting next_dagrun for example_subdag_operator.section-2 to None, run_after=None
[2022-07-14 16:32:23,695] {logging_mixin.py:115} INFO - [2022-07-14 16:32:23,695] {dag.py:2420} INFO - Sync 2 DAGs
[2022-07-14 16:32:23,700] {logging_mixin.py:115} INFO - [2022-07-14 16:32:23,700] {dag.py:2972} INFO - Setting next_dagrun for example_subdag_operator.section-1 to None, run_after=None
[2022-07-14 16:32:23,701] {logging_mixin.py:115} INFO - [2022-07-14 16:32:23,700] {dag.py:2972} INFO - Setting next_dagrun for example_subdag_operator.section-2 to None, run_after=None
[2022-07-14 16:32:23,722] {processor.py:161} INFO - Processing /home/airflow/.local/lib/python3.7/site-packages/airflow/example_dags/example_subdag_operator.py took 0.112 seconds
[2022-07-14 16:32:53,860] {processor.py:153} INFO - Started process (PID=1767) to work on /home/airflow/.local/lib/python3.7/site-packages/airflow/example_dags/example_subdag_operator.py
[2022-07-14 16:32:53,860] {processor.py:641} INFO - Processing file /home/airflow/.local/lib/python3.7/site-packages/airflow/example_dags/example_subdag_operator.py for tasks to queue
[2022-07-14 16:32:53,861] {logging_mixin.py:115} INFO - [2022-07-14 16:32:53,861] {dagbag.py:508} INFO - Filling up the DagBag from /home/airflow/.local/lib/python3.7/site-packages/airflow/example_dags/example_subdag_operator.py
[2022-07-14 16:32:53,892] {processor.py:651} INFO - DAG(s) dict_keys(['example_subdag_operator.section-1', 'example_subdag_operator.section-2', 'example_subdag_operator']) retrieved from /home/airflow/.local/lib/python3.7/site-packages/airflow/example_dags/example_subdag_operator.py
[2022-07-14 16:32:53,933] {logging_mixin.py:115} INFO - [2022-07-14 16:32:53,933] {dag.py:2420} INFO - Sync 3 DAGs
[2022-07-14 16:32:53,962] {logging_mixin.py:115} INFO - [2022-07-14 16:32:53,962] {dag.py:2972} INFO - Setting next_dagrun for example_subdag_operator to 2022-01-01T00:00:00+00:00, run_after=2022-01-01T00:00:00+00:00
[2022-07-14 16:32:53,963] {logging_mixin.py:115} INFO - [2022-07-14 16:32:53,963] {dag.py:2972} INFO - Setting next_dagrun for example_subdag_operator.section-1 to None, run_after=None
[2022-07-14 16:32:53,963] {logging_mixin.py:115} INFO - [2022-07-14 16:32:53,963] {dag.py:2972} INFO - Setting next_dagrun for example_subdag_operator.section-2 to None, run_after=None
[2022-07-14 16:32:53,972] {logging_mixin.py:115} INFO - [2022-07-14 16:32:53,972] {dag.py:2420} INFO - Sync 2 DAGs
[2022-07-14 16:32:53,982] {logging_mixin.py:115} INFO - [2022-07-14 16:32:53,982] {dag.py:2972} INFO - Setting next_dagrun for example_subdag_operator.section-1 to None, run_after=None
[2022-07-14 16:32:53,982] {logging_mixin.py:115} INFO - [2022-07-14 16:32:53,982] {dag.py:2972} INFO - Setting next_dagrun for example_subdag_operator.section-2 to None, run_after=None
[2022-07-14 16:32:53,993] {processor.py:161} INFO - Processing /home/airflow/.local/lib/python3.7/site-packages/airflow/example_dags/example_subdag_operator.py took 0.137 seconds
[2022-07-14 16:33:24,179] {processor.py:153} INFO - Started process (PID=1829) to work on /home/airflow/.local/lib/python3.7/site-packages/airflow/example_dags/example_subdag_operator.py
[2022-07-14 16:33:24,179] {processor.py:641} INFO - Processing file /home/airflow/.local/lib/python3.7/site-packages/airflow/example_dags/example_subdag_operator.py for tasks to queue
[2022-07-14 16:33:24,180] {logging_mixin.py:115} INFO - [2022-07-14 16:33:24,180] {dagbag.py:508} INFO - Filling up the DagBag from /home/airflow/.local/lib/python3.7/site-packages/airflow/example_dags/example_subdag_operator.py
[2022-07-14 16:33:24,204] {processor.py:651} INFO - DAG(s) dict_keys(['example_subdag_operator.section-1', 'example_subdag_operator.section-2', 'example_subdag_operator']) retrieved from /home/airflow/.local/lib/python3.7/site-packages/airflow/example_dags/example_subdag_operator.py
[2022-07-14 16:33:24,235] {logging_mixin.py:115} INFO - [2022-07-14 16:33:24,235] {dag.py:2420} INFO - Sync 3 DAGs
[2022-07-14 16:33:24,261] {logging_mixin.py:115} INFO - [2022-07-14 16:33:24,261] {dag.py:2972} INFO - Setting next_dagrun for example_subdag_operator to 2022-01-01T00:00:00+00:00, run_after=2022-01-01T00:00:00+00:00
[2022-07-14 16:33:24,261] {logging_mixin.py:115} INFO - [2022-07-14 16:33:24,261] {dag.py:2972} INFO - Setting next_dagrun for example_subdag_operator.section-1 to None, run_after=None
[2022-07-14 16:33:24,262] {logging_mixin.py:115} INFO - [2022-07-14 16:33:24,262] {dag.py:2972} INFO - Setting next_dagrun for example_subdag_operator.section-2 to None, run_after=None
[2022-07-14 16:33:24,267] {logging_mixin.py:115} INFO - [2022-07-14 16:33:24,267] {dag.py:2420} INFO - Sync 2 DAGs
[2022-07-14 16:33:24,273] {logging_mixin.py:115} INFO - [2022-07-14 16:33:24,273] {dag.py:2972} INFO - Setting next_dagrun for example_subdag_operator.section-1 to None, run_after=None
[2022-07-14 16:33:24,273] {logging_mixin.py:115} INFO - [2022-07-14 16:33:24,273] {dag.py:2972} INFO - Setting next_dagrun for example_subdag_operator.section-2 to None, run_after=None
[2022-07-14 16:33:24,285] {processor.py:161} INFO - Processing /home/airflow/.local/lib/python3.7/site-packages/airflow/example_dags/example_subdag_operator.py took 0.109 seconds
[2022-07-14 16:33:54,357] {processor.py:153} INFO - Started process (PID=1889) to work on /home/airflow/.local/lib/python3.7/site-packages/airflow/example_dags/example_subdag_operator.py
[2022-07-14 16:33:54,358] {processor.py:641} INFO - Processing file /home/airflow/.local/lib/python3.7/site-packages/airflow/example_dags/example_subdag_operator.py for tasks to queue
[2022-07-14 16:33:54,358] {logging_mixin.py:115} INFO - [2022-07-14 16:33:54,358] {dagbag.py:508} INFO - Filling up the DagBag from /home/airflow/.local/lib/python3.7/site-packages/airflow/example_dags/example_subdag_operator.py
[2022-07-14 16:33:54,385] {processor.py:651} INFO - DAG(s) dict_keys(['example_subdag_operator.section-1', 'example_subdag_operator.section-2', 'example_subdag_operator']) retrieved from /home/airflow/.local/lib/python3.7/site-packages/airflow/example_dags/example_subdag_operator.py
[2022-07-14 16:33:54,419] {logging_mixin.py:115} INFO - [2022-07-14 16:33:54,419] {dag.py:2420} INFO - Sync 3 DAGs
[2022-07-14 16:33:54,440] {logging_mixin.py:115} INFO - [2022-07-14 16:33:54,440] {dag.py:2972} INFO - Setting next_dagrun for example_subdag_operator to 2022-01-01T00:00:00+00:00, run_after=2022-01-01T00:00:00+00:00
[2022-07-14 16:33:54,440] {logging_mixin.py:115} INFO - [2022-07-14 16:33:54,440] {dag.py:2972} INFO - Setting next_dagrun for example_subdag_operator.section-1 to None, run_after=None
[2022-07-14 16:33:54,440] {logging_mixin.py:115} INFO - [2022-07-14 16:33:54,440] {dag.py:2972} INFO - Setting next_dagrun for example_subdag_operator.section-2 to None, run_after=None
[2022-07-14 16:33:54,447] {logging_mixin.py:115} INFO - [2022-07-14 16:33:54,447] {dag.py:2420} INFO - Sync 2 DAGs
[2022-07-14 16:33:54,453] {logging_mixin.py:115} INFO - [2022-07-14 16:33:54,452] {dag.py:2972} INFO - Setting next_dagrun for example_subdag_operator.section-1 to None, run_after=None
[2022-07-14 16:33:54,453] {logging_mixin.py:115} INFO - [2022-07-14 16:33:54,453] {dag.py:2972} INFO - Setting next_dagrun for example_subdag_operator.section-2 to None, run_after=None
[2022-07-14 16:33:54,460] {processor.py:161} INFO - Processing /home/airflow/.local/lib/python3.7/site-packages/airflow/example_dags/example_subdag_operator.py took 0.106 seconds
[2022-07-14 16:34:24,709] {processor.py:153} INFO - Started process (PID=1940) to work on /home/airflow/.local/lib/python3.7/site-packages/airflow/example_dags/example_subdag_operator.py
[2022-07-14 16:34:24,710] {processor.py:641} INFO - Processing file /home/airflow/.local/lib/python3.7/site-packages/airflow/example_dags/example_subdag_operator.py for tasks to queue
[2022-07-14 16:34:24,710] {logging_mixin.py:115} INFO - [2022-07-14 16:34:24,710] {dagbag.py:508} INFO - Filling up the DagBag from /home/airflow/.local/lib/python3.7/site-packages/airflow/example_dags/example_subdag_operator.py
[2022-07-14 16:34:24,737] {processor.py:651} INFO - DAG(s) dict_keys(['example_subdag_operator.section-1', 'example_subdag_operator.section-2', 'example_subdag_operator']) retrieved from /home/airflow/.local/lib/python3.7/site-packages/airflow/example_dags/example_subdag_operator.py
[2022-07-14 16:34:24,791] {logging_mixin.py:115} INFO - [2022-07-14 16:34:24,791] {dag.py:2420} INFO - Sync 3 DAGs
[2022-07-14 16:34:24,821] {logging_mixin.py:115} INFO - [2022-07-14 16:34:24,820] {dag.py:2972} INFO - Setting next_dagrun for example_subdag_operator to 2022-01-01T00:00:00+00:00, run_after=2022-01-01T00:00:00+00:00
[2022-07-14 16:34:24,821] {logging_mixin.py:115} INFO - [2022-07-14 16:34:24,821] {dag.py:2972} INFO - Setting next_dagrun for example_subdag_operator.section-1 to None, run_after=None
[2022-07-14 16:34:24,821] {logging_mixin.py:115} INFO - [2022-07-14 16:34:24,821] {dag.py:2972} INFO - Setting next_dagrun for example_subdag_operator.section-2 to None, run_after=None
[2022-07-14 16:34:24,838] {logging_mixin.py:115} INFO - [2022-07-14 16:34:24,838] {dag.py:2420} INFO - Sync 2 DAGs
[2022-07-14 16:34:24,852] {logging_mixin.py:115} INFO - [2022-07-14 16:34:24,851] {dag.py:2972} INFO - Setting next_dagrun for example_subdag_operator.section-1 to None, run_after=None
[2022-07-14 16:34:24,852] {logging_mixin.py:115} INFO - [2022-07-14 16:34:24,852] {dag.py:2972} INFO - Setting next_dagrun for example_subdag_operator.section-2 to None, run_after=None
[2022-07-14 16:34:24,869] {processor.py:161} INFO - Processing /home/airflow/.local/lib/python3.7/site-packages/airflow/example_dags/example_subdag_operator.py took 0.163 seconds
[2022-07-14 16:34:55,529] {processor.py:153} INFO - Started process (PID=2001) to work on /home/airflow/.local/lib/python3.7/site-packages/airflow/example_dags/example_subdag_operator.py
[2022-07-14 16:34:55,529] {processor.py:641} INFO - Processing file /home/airflow/.local/lib/python3.7/site-packages/airflow/example_dags/example_subdag_operator.py for tasks to queue
[2022-07-14 16:34:55,530] {logging_mixin.py:115} INFO - [2022-07-14 16:34:55,530] {dagbag.py:508} INFO - Filling up the DagBag from /home/airflow/.local/lib/python3.7/site-packages/airflow/example_dags/example_subdag_operator.py
[2022-07-14 16:34:55,563] {processor.py:651} INFO - DAG(s) dict_keys(['example_subdag_operator.section-1', 'example_subdag_operator.section-2', 'example_subdag_operator']) retrieved from /home/airflow/.local/lib/python3.7/site-packages/airflow/example_dags/example_subdag_operator.py
[2022-07-14 16:34:55,596] {logging_mixin.py:115} INFO - [2022-07-14 16:34:55,596] {dag.py:2420} INFO - Sync 3 DAGs
[2022-07-14 16:34:55,624] {logging_mixin.py:115} INFO - [2022-07-14 16:34:55,624] {dag.py:2972} INFO - Setting next_dagrun for example_subdag_operator to 2022-01-01T00:00:00+00:00, run_after=2022-01-01T00:00:00+00:00
[2022-07-14 16:34:55,625] {logging_mixin.py:115} INFO - [2022-07-14 16:34:55,625] {dag.py:2972} INFO - Setting next_dagrun for example_subdag_operator.section-1 to None, run_after=None
[2022-07-14 16:34:55,625] {logging_mixin.py:115} INFO - [2022-07-14 16:34:55,625] {dag.py:2972} INFO - Setting next_dagrun for example_subdag_operator.section-2 to None, run_after=None
[2022-07-14 16:34:55,634] {logging_mixin.py:115} INFO - [2022-07-14 16:34:55,634] {dag.py:2420} INFO - Sync 2 DAGs
[2022-07-14 16:34:55,641] {logging_mixin.py:115} INFO - [2022-07-14 16:34:55,641] {dag.py:2972} INFO - Setting next_dagrun for example_subdag_operator.section-1 to None, run_after=None
[2022-07-14 16:34:55,641] {logging_mixin.py:115} INFO - [2022-07-14 16:34:55,641] {dag.py:2972} INFO - Setting next_dagrun for example_subdag_operator.section-2 to None, run_after=None
[2022-07-14 16:34:55,669] {processor.py:161} INFO - Processing /home/airflow/.local/lib/python3.7/site-packages/airflow/example_dags/example_subdag_operator.py took 0.144 seconds
[2022-07-14 16:35:26,681] {processor.py:153} INFO - Started process (PID=2053) to work on /home/airflow/.local/lib/python3.7/site-packages/airflow/example_dags/example_subdag_operator.py
[2022-07-14 16:35:26,682] {processor.py:641} INFO - Processing file /home/airflow/.local/lib/python3.7/site-packages/airflow/example_dags/example_subdag_operator.py for tasks to queue
[2022-07-14 16:35:26,682] {logging_mixin.py:115} INFO - [2022-07-14 16:35:26,682] {dagbag.py:508} INFO - Filling up the DagBag from /home/airflow/.local/lib/python3.7/site-packages/airflow/example_dags/example_subdag_operator.py
[2022-07-14 16:35:26,708] {processor.py:651} INFO - DAG(s) dict_keys(['example_subdag_operator.section-1', 'example_subdag_operator.section-2', 'example_subdag_operator']) retrieved from /home/airflow/.local/lib/python3.7/site-packages/airflow/example_dags/example_subdag_operator.py
[2022-07-14 16:35:26,748] {logging_mixin.py:115} INFO - [2022-07-14 16:35:26,748] {dag.py:2420} INFO - Sync 3 DAGs
[2022-07-14 16:35:26,782] {logging_mixin.py:115} INFO - [2022-07-14 16:35:26,782] {dag.py:2972} INFO - Setting next_dagrun for example_subdag_operator to 2022-01-01T00:00:00+00:00, run_after=2022-01-01T00:00:00+00:00
[2022-07-14 16:35:26,782] {logging_mixin.py:115} INFO - [2022-07-14 16:35:26,782] {dag.py:2972} INFO - Setting next_dagrun for example_subdag_operator.section-1 to None, run_after=None
[2022-07-14 16:35:26,783] {logging_mixin.py:115} INFO - [2022-07-14 16:35:26,782] {dag.py:2972} INFO - Setting next_dagrun for example_subdag_operator.section-2 to None, run_after=None
[2022-07-14 16:35:26,789] {logging_mixin.py:115} INFO - [2022-07-14 16:35:26,789] {dag.py:2420} INFO - Sync 2 DAGs
[2022-07-14 16:35:26,793] {logging_mixin.py:115} INFO - [2022-07-14 16:35:26,793] {dag.py:2972} INFO - Setting next_dagrun for example_subdag_operator.section-1 to None, run_after=None
[2022-07-14 16:35:26,794] {logging_mixin.py:115} INFO - [2022-07-14 16:35:26,794] {dag.py:2972} INFO - Setting next_dagrun for example_subdag_operator.section-2 to None, run_after=None
[2022-07-14 16:35:26,820] {processor.py:161} INFO - Processing /home/airflow/.local/lib/python3.7/site-packages/airflow/example_dags/example_subdag_operator.py took 0.141 seconds
[2022-07-14 16:35:56,917] {processor.py:153} INFO - Started process (PID=2113) to work on /home/airflow/.local/lib/python3.7/site-packages/airflow/example_dags/example_subdag_operator.py
[2022-07-14 16:35:56,917] {processor.py:641} INFO - Processing file /home/airflow/.local/lib/python3.7/site-packages/airflow/example_dags/example_subdag_operator.py for tasks to queue
[2022-07-14 16:35:56,917] {logging_mixin.py:115} INFO - [2022-07-14 16:35:56,917] {dagbag.py:508} INFO - Filling up the DagBag from /home/airflow/.local/lib/python3.7/site-packages/airflow/example_dags/example_subdag_operator.py
[2022-07-14 16:35:56,948] {processor.py:651} INFO - DAG(s) dict_keys(['example_subdag_operator.section-1', 'example_subdag_operator.section-2', 'example_subdag_operator']) retrieved from /home/airflow/.local/lib/python3.7/site-packages/airflow/example_dags/example_subdag_operator.py
[2022-07-14 16:35:56,990] {logging_mixin.py:115} INFO - [2022-07-14 16:35:56,990] {dag.py:2420} INFO - Sync 3 DAGs
[2022-07-14 16:35:57,018] {logging_mixin.py:115} INFO - [2022-07-14 16:35:57,018] {dag.py:2972} INFO - Setting next_dagrun for example_subdag_operator to 2022-01-01T00:00:00+00:00, run_after=2022-01-01T00:00:00+00:00
[2022-07-14 16:35:57,018] {logging_mixin.py:115} INFO - [2022-07-14 16:35:57,018] {dag.py:2972} INFO - Setting next_dagrun for example_subdag_operator.section-1 to None, run_after=None
[2022-07-14 16:35:57,018] {logging_mixin.py:115} INFO - [2022-07-14 16:35:57,018] {dag.py:2972} INFO - Setting next_dagrun for example_subdag_operator.section-2 to None, run_after=None
[2022-07-14 16:35:57,025] {logging_mixin.py:115} INFO - [2022-07-14 16:35:57,025] {dag.py:2420} INFO - Sync 2 DAGs
[2022-07-14 16:35:57,031] {logging_mixin.py:115} INFO - [2022-07-14 16:35:57,031] {dag.py:2972} INFO - Setting next_dagrun for example_subdag_operator.section-1 to None, run_after=None
[2022-07-14 16:35:57,031] {logging_mixin.py:115} INFO - [2022-07-14 16:35:57,031] {dag.py:2972} INFO - Setting next_dagrun for example_subdag_operator.section-2 to None, run_after=None
[2022-07-14 16:35:57,063] {processor.py:161} INFO - Processing /home/airflow/.local/lib/python3.7/site-packages/airflow/example_dags/example_subdag_operator.py took 0.150 seconds
