[2022-07-14 16:17:09,610] {processor.py:153} INFO - Started process (PID=81) to work on /home/airflow/.local/lib/python3.7/site-packages/airflow/example_dags/example_task_group.py
[2022-07-14 16:17:09,611] {processor.py:641} INFO - Processing file /home/airflow/.local/lib/python3.7/site-packages/airflow/example_dags/example_task_group.py for tasks to queue
[2022-07-14 16:17:09,611] {logging_mixin.py:115} INFO - [2022-07-14 16:17:09,611] {dagbag.py:508} INFO - Filling up the DagBag from /home/airflow/.local/lib/python3.7/site-packages/airflow/example_dags/example_task_group.py
[2022-07-14 16:17:09,735] {processor.py:651} INFO - DAG(s) dict_keys(['example_task_group']) retrieved from /home/airflow/.local/lib/python3.7/site-packages/airflow/example_dags/example_task_group.py
[2022-07-14 16:17:10,365] {logging_mixin.py:115} INFO - [2022-07-14 16:17:10,364] {manager.py:508} INFO - Created Permission View: can delete on DAG:example_task_group
[2022-07-14 16:17:10,476] {logging_mixin.py:115} INFO - [2022-07-14 16:17:10,476] {manager.py:508} INFO - Created Permission View: can read on DAG:example_task_group
[2022-07-14 16:17:10,503] {logging_mixin.py:115} INFO - [2022-07-14 16:17:10,503] {manager.py:508} INFO - Created Permission View: can edit on DAG:example_task_group
[2022-07-14 16:17:10,503] {logging_mixin.py:115} INFO - [2022-07-14 16:17:10,503] {dag.py:2420} INFO - Sync 1 DAGs
[2022-07-14 16:17:10,623] {logging_mixin.py:115} INFO - [2022-07-14 16:17:10,622] {dag.py:2439} INFO - Creating ORM DAG for example_task_group
[2022-07-14 16:17:10,699] {logging_mixin.py:115} INFO - [2022-07-14 16:17:10,699] {dag.py:2972} INFO - Setting next_dagrun for example_task_group to 2022-07-13T16:17:10.699463+00:00, run_after=2022-07-14T16:17:10.699463+00:00
[2022-07-14 16:17:10,772] {processor.py:161} INFO - Processing /home/airflow/.local/lib/python3.7/site-packages/airflow/example_dags/example_task_group.py took 1.197 seconds
[2022-07-14 16:17:41,379] {processor.py:153} INFO - Started process (PID=134) to work on /home/airflow/.local/lib/python3.7/site-packages/airflow/example_dags/example_task_group.py
[2022-07-14 16:17:41,383] {processor.py:641} INFO - Processing file /home/airflow/.local/lib/python3.7/site-packages/airflow/example_dags/example_task_group.py for tasks to queue
[2022-07-14 16:17:41,384] {logging_mixin.py:115} INFO - [2022-07-14 16:17:41,384] {dagbag.py:508} INFO - Filling up the DagBag from /home/airflow/.local/lib/python3.7/site-packages/airflow/example_dags/example_task_group.py
[2022-07-14 16:17:41,445] {processor.py:651} INFO - DAG(s) dict_keys(['example_task_group']) retrieved from /home/airflow/.local/lib/python3.7/site-packages/airflow/example_dags/example_task_group.py
[2022-07-14 16:17:41,604] {logging_mixin.py:115} INFO - [2022-07-14 16:17:41,604] {dag.py:2420} INFO - Sync 1 DAGs
[2022-07-14 16:17:41,744] {logging_mixin.py:115} INFO - [2022-07-14 16:17:41,743] {dag.py:2972} INFO - Setting next_dagrun for example_task_group to 2022-07-13T16:17:41.743521+00:00, run_after=2022-07-14T16:17:41.743521+00:00
[2022-07-14 16:17:41,826] {processor.py:161} INFO - Processing /home/airflow/.local/lib/python3.7/site-packages/airflow/example_dags/example_task_group.py took 0.485 seconds
[2022-07-14 16:18:12,465] {processor.py:153} INFO - Started process (PID=186) to work on /home/airflow/.local/lib/python3.7/site-packages/airflow/example_dags/example_task_group.py
[2022-07-14 16:18:12,482] {processor.py:641} INFO - Processing file /home/airflow/.local/lib/python3.7/site-packages/airflow/example_dags/example_task_group.py for tasks to queue
[2022-07-14 16:18:12,483] {logging_mixin.py:115} INFO - [2022-07-14 16:18:12,483] {dagbag.py:508} INFO - Filling up the DagBag from /home/airflow/.local/lib/python3.7/site-packages/airflow/example_dags/example_task_group.py
[2022-07-14 16:18:12,492] {processor.py:651} INFO - DAG(s) dict_keys(['example_task_group']) retrieved from /home/airflow/.local/lib/python3.7/site-packages/airflow/example_dags/example_task_group.py
[2022-07-14 16:18:12,532] {logging_mixin.py:115} INFO - [2022-07-14 16:18:12,532] {dag.py:2420} INFO - Sync 1 DAGs
[2022-07-14 16:18:12,567] {logging_mixin.py:115} INFO - [2022-07-14 16:18:12,567] {dag.py:2972} INFO - Setting next_dagrun for example_task_group to 2022-07-13T16:18:12.567223+00:00, run_after=2022-07-14T16:18:12.567223+00:00
[2022-07-14 16:18:12,610] {processor.py:161} INFO - Processing /home/airflow/.local/lib/python3.7/site-packages/airflow/example_dags/example_task_group.py took 0.147 seconds
[2022-07-14 16:18:42,681] {processor.py:153} INFO - Started process (PID=238) to work on /home/airflow/.local/lib/python3.7/site-packages/airflow/example_dags/example_task_group.py
[2022-07-14 16:18:42,682] {processor.py:641} INFO - Processing file /home/airflow/.local/lib/python3.7/site-packages/airflow/example_dags/example_task_group.py for tasks to queue
[2022-07-14 16:18:42,683] {logging_mixin.py:115} INFO - [2022-07-14 16:18:42,683] {dagbag.py:508} INFO - Filling up the DagBag from /home/airflow/.local/lib/python3.7/site-packages/airflow/example_dags/example_task_group.py
[2022-07-14 16:18:42,703] {processor.py:651} INFO - DAG(s) dict_keys(['example_task_group']) retrieved from /home/airflow/.local/lib/python3.7/site-packages/airflow/example_dags/example_task_group.py
[2022-07-14 16:18:42,753] {logging_mixin.py:115} INFO - [2022-07-14 16:18:42,753] {dag.py:2420} INFO - Sync 1 DAGs
[2022-07-14 16:18:42,795] {logging_mixin.py:115} INFO - [2022-07-14 16:18:42,795] {dag.py:2972} INFO - Setting next_dagrun for example_task_group to 2022-07-13T16:18:42.795385+00:00, run_after=2022-07-14T16:18:42.795385+00:00
[2022-07-14 16:18:42,842] {processor.py:161} INFO - Processing /home/airflow/.local/lib/python3.7/site-packages/airflow/example_dags/example_task_group.py took 0.173 seconds
[2022-07-14 16:19:13,018] {processor.py:153} INFO - Started process (PID=296) to work on /home/airflow/.local/lib/python3.7/site-packages/airflow/example_dags/example_task_group.py
[2022-07-14 16:19:13,047] {processor.py:641} INFO - Processing file /home/airflow/.local/lib/python3.7/site-packages/airflow/example_dags/example_task_group.py for tasks to queue
[2022-07-14 16:19:13,047] {logging_mixin.py:115} INFO - [2022-07-14 16:19:13,047] {dagbag.py:508} INFO - Filling up the DagBag from /home/airflow/.local/lib/python3.7/site-packages/airflow/example_dags/example_task_group.py
[2022-07-14 16:19:13,068] {processor.py:651} INFO - DAG(s) dict_keys(['example_task_group']) retrieved from /home/airflow/.local/lib/python3.7/site-packages/airflow/example_dags/example_task_group.py
[2022-07-14 16:19:13,121] {logging_mixin.py:115} INFO - [2022-07-14 16:19:13,120] {dag.py:2420} INFO - Sync 1 DAGs
[2022-07-14 16:19:13,161] {logging_mixin.py:115} INFO - [2022-07-14 16:19:13,161] {dag.py:2972} INFO - Setting next_dagrun for example_task_group to 2022-07-13T16:19:13.160928+00:00, run_after=2022-07-14T16:19:13.160928+00:00
[2022-07-14 16:19:13,192] {processor.py:161} INFO - Processing /home/airflow/.local/lib/python3.7/site-packages/airflow/example_dags/example_task_group.py took 0.177 seconds
[2022-07-14 16:19:43,586] {processor.py:153} INFO - Started process (PID=349) to work on /home/airflow/.local/lib/python3.7/site-packages/airflow/example_dags/example_task_group.py
[2022-07-14 16:19:43,589] {processor.py:641} INFO - Processing file /home/airflow/.local/lib/python3.7/site-packages/airflow/example_dags/example_task_group.py for tasks to queue
[2022-07-14 16:19:43,590] {logging_mixin.py:115} INFO - [2022-07-14 16:19:43,590] {dagbag.py:508} INFO - Filling up the DagBag from /home/airflow/.local/lib/python3.7/site-packages/airflow/example_dags/example_task_group.py
[2022-07-14 16:19:43,605] {processor.py:651} INFO - DAG(s) dict_keys(['example_task_group']) retrieved from /home/airflow/.local/lib/python3.7/site-packages/airflow/example_dags/example_task_group.py
[2022-07-14 16:19:43,646] {logging_mixin.py:115} INFO - [2022-07-14 16:19:43,645] {dag.py:2420} INFO - Sync 1 DAGs
[2022-07-14 16:19:43,682] {logging_mixin.py:115} INFO - [2022-07-14 16:19:43,682] {dag.py:2972} INFO - Setting next_dagrun for example_task_group to 2022-07-13T16:19:43.681960+00:00, run_after=2022-07-14T16:19:43.681960+00:00
[2022-07-14 16:19:43,726] {processor.py:161} INFO - Processing /home/airflow/.local/lib/python3.7/site-packages/airflow/example_dags/example_task_group.py took 0.146 seconds
[2022-07-14 16:20:14,079] {processor.py:153} INFO - Started process (PID=400) to work on /home/airflow/.local/lib/python3.7/site-packages/airflow/example_dags/example_task_group.py
[2022-07-14 16:20:14,102] {processor.py:641} INFO - Processing file /home/airflow/.local/lib/python3.7/site-packages/airflow/example_dags/example_task_group.py for tasks to queue
[2022-07-14 16:20:14,103] {logging_mixin.py:115} INFO - [2022-07-14 16:20:14,103] {dagbag.py:508} INFO - Filling up the DagBag from /home/airflow/.local/lib/python3.7/site-packages/airflow/example_dags/example_task_group.py
[2022-07-14 16:20:14,112] {processor.py:651} INFO - DAG(s) dict_keys(['example_task_group']) retrieved from /home/airflow/.local/lib/python3.7/site-packages/airflow/example_dags/example_task_group.py
[2022-07-14 16:20:14,160] {logging_mixin.py:115} INFO - [2022-07-14 16:20:14,160] {dag.py:2420} INFO - Sync 1 DAGs
[2022-07-14 16:20:14,203] {logging_mixin.py:115} INFO - [2022-07-14 16:20:14,203] {dag.py:2972} INFO - Setting next_dagrun for example_task_group to 2022-07-13T16:20:14.203341+00:00, run_after=2022-07-14T16:20:14.203341+00:00
[2022-07-14 16:20:14,225] {processor.py:161} INFO - Processing /home/airflow/.local/lib/python3.7/site-packages/airflow/example_dags/example_task_group.py took 0.149 seconds
[2022-07-14 16:20:44,451] {processor.py:153} INFO - Started process (PID=451) to work on /home/airflow/.local/lib/python3.7/site-packages/airflow/example_dags/example_task_group.py
[2022-07-14 16:20:44,452] {processor.py:641} INFO - Processing file /home/airflow/.local/lib/python3.7/site-packages/airflow/example_dags/example_task_group.py for tasks to queue
[2022-07-14 16:20:44,452] {logging_mixin.py:115} INFO - [2022-07-14 16:20:44,452] {dagbag.py:508} INFO - Filling up the DagBag from /home/airflow/.local/lib/python3.7/site-packages/airflow/example_dags/example_task_group.py
[2022-07-14 16:20:44,463] {processor.py:651} INFO - DAG(s) dict_keys(['example_task_group']) retrieved from /home/airflow/.local/lib/python3.7/site-packages/airflow/example_dags/example_task_group.py
[2022-07-14 16:20:44,526] {logging_mixin.py:115} INFO - [2022-07-14 16:20:44,526] {dag.py:2420} INFO - Sync 1 DAGs
[2022-07-14 16:20:44,563] {logging_mixin.py:115} INFO - [2022-07-14 16:20:44,563] {dag.py:2972} INFO - Setting next_dagrun for example_task_group to 2022-07-13T16:20:44.562891+00:00, run_after=2022-07-14T16:20:44.562891+00:00
[2022-07-14 16:20:44,613] {processor.py:161} INFO - Processing /home/airflow/.local/lib/python3.7/site-packages/airflow/example_dags/example_task_group.py took 0.165 seconds
[2022-07-14 16:21:14,942] {processor.py:153} INFO - Started process (PID=512) to work on /home/airflow/.local/lib/python3.7/site-packages/airflow/example_dags/example_task_group.py
[2022-07-14 16:21:14,955] {processor.py:641} INFO - Processing file /home/airflow/.local/lib/python3.7/site-packages/airflow/example_dags/example_task_group.py for tasks to queue
[2022-07-14 16:21:14,955] {logging_mixin.py:115} INFO - [2022-07-14 16:21:14,955] {dagbag.py:508} INFO - Filling up the DagBag from /home/airflow/.local/lib/python3.7/site-packages/airflow/example_dags/example_task_group.py
[2022-07-14 16:21:14,982] {processor.py:651} INFO - DAG(s) dict_keys(['example_task_group']) retrieved from /home/airflow/.local/lib/python3.7/site-packages/airflow/example_dags/example_task_group.py
[2022-07-14 16:21:15,247] {logging_mixin.py:115} INFO - [2022-07-14 16:21:15,247] {dag.py:2420} INFO - Sync 1 DAGs
[2022-07-14 16:21:15,361] {logging_mixin.py:115} INFO - [2022-07-14 16:21:15,361] {dag.py:2972} INFO - Setting next_dagrun for example_task_group to 2022-07-13T16:21:15.361384+00:00, run_after=2022-07-14T16:21:15.361384+00:00
[2022-07-14 16:21:15,395] {processor.py:161} INFO - Processing /home/airflow/.local/lib/python3.7/site-packages/airflow/example_dags/example_task_group.py took 0.473 seconds
[2022-07-14 16:21:45,543] {processor.py:153} INFO - Started process (PID=564) to work on /home/airflow/.local/lib/python3.7/site-packages/airflow/example_dags/example_task_group.py
[2022-07-14 16:21:45,543] {processor.py:641} INFO - Processing file /home/airflow/.local/lib/python3.7/site-packages/airflow/example_dags/example_task_group.py for tasks to queue
[2022-07-14 16:21:45,544] {logging_mixin.py:115} INFO - [2022-07-14 16:21:45,544] {dagbag.py:508} INFO - Filling up the DagBag from /home/airflow/.local/lib/python3.7/site-packages/airflow/example_dags/example_task_group.py
[2022-07-14 16:21:45,554] {processor.py:651} INFO - DAG(s) dict_keys(['example_task_group']) retrieved from /home/airflow/.local/lib/python3.7/site-packages/airflow/example_dags/example_task_group.py
[2022-07-14 16:21:45,612] {logging_mixin.py:115} INFO - [2022-07-14 16:21:45,612] {dag.py:2420} INFO - Sync 1 DAGs
[2022-07-14 16:21:45,655] {logging_mixin.py:115} INFO - [2022-07-14 16:21:45,655] {dag.py:2972} INFO - Setting next_dagrun for example_task_group to 2022-07-13T16:21:45.655236+00:00, run_after=2022-07-14T16:21:45.655236+00:00
[2022-07-14 16:21:45,705] {processor.py:161} INFO - Processing /home/airflow/.local/lib/python3.7/site-packages/airflow/example_dags/example_task_group.py took 0.170 seconds
[2022-07-14 16:22:16,399] {processor.py:153} INFO - Started process (PID=615) to work on /home/airflow/.local/lib/python3.7/site-packages/airflow/example_dags/example_task_group.py
[2022-07-14 16:22:16,422] {processor.py:641} INFO - Processing file /home/airflow/.local/lib/python3.7/site-packages/airflow/example_dags/example_task_group.py for tasks to queue
[2022-07-14 16:22:16,423] {logging_mixin.py:115} INFO - [2022-07-14 16:22:16,423] {dagbag.py:508} INFO - Filling up the DagBag from /home/airflow/.local/lib/python3.7/site-packages/airflow/example_dags/example_task_group.py
[2022-07-14 16:22:16,436] {processor.py:651} INFO - DAG(s) dict_keys(['example_task_group']) retrieved from /home/airflow/.local/lib/python3.7/site-packages/airflow/example_dags/example_task_group.py
[2022-07-14 16:22:16,504] {logging_mixin.py:115} INFO - [2022-07-14 16:22:16,503] {dag.py:2420} INFO - Sync 1 DAGs
[2022-07-14 16:22:16,553] {logging_mixin.py:115} INFO - [2022-07-14 16:22:16,553] {dag.py:2972} INFO - Setting next_dagrun for example_task_group to 2022-07-13T16:22:16.553202+00:00, run_after=2022-07-14T16:22:16.553202+00:00
[2022-07-14 16:22:16,574] {processor.py:161} INFO - Processing /home/airflow/.local/lib/python3.7/site-packages/airflow/example_dags/example_task_group.py took 0.181 seconds
[2022-07-14 16:22:46,914] {processor.py:153} INFO - Started process (PID=676) to work on /home/airflow/.local/lib/python3.7/site-packages/airflow/example_dags/example_task_group.py
[2022-07-14 16:22:46,953] {processor.py:641} INFO - Processing file /home/airflow/.local/lib/python3.7/site-packages/airflow/example_dags/example_task_group.py for tasks to queue
[2022-07-14 16:22:46,954] {logging_mixin.py:115} INFO - [2022-07-14 16:22:46,954] {dagbag.py:508} INFO - Filling up the DagBag from /home/airflow/.local/lib/python3.7/site-packages/airflow/example_dags/example_task_group.py
[2022-07-14 16:22:46,998] {processor.py:651} INFO - DAG(s) dict_keys(['example_task_group']) retrieved from /home/airflow/.local/lib/python3.7/site-packages/airflow/example_dags/example_task_group.py
[2022-07-14 16:22:47,100] {logging_mixin.py:115} INFO - [2022-07-14 16:22:47,100] {dag.py:2420} INFO - Sync 1 DAGs
[2022-07-14 16:22:47,264] {logging_mixin.py:115} INFO - [2022-07-14 16:22:47,262] {dag.py:2972} INFO - Setting next_dagrun for example_task_group to 2022-07-13T16:22:47.262459+00:00, run_after=2022-07-14T16:22:47.262459+00:00
[2022-07-14 16:22:47,344] {processor.py:161} INFO - Processing /home/airflow/.local/lib/python3.7/site-packages/airflow/example_dags/example_task_group.py took 0.439 seconds
[2022-07-14 16:23:17,620] {processor.py:153} INFO - Started process (PID=728) to work on /home/airflow/.local/lib/python3.7/site-packages/airflow/example_dags/example_task_group.py
[2022-07-14 16:23:17,621] {processor.py:641} INFO - Processing file /home/airflow/.local/lib/python3.7/site-packages/airflow/example_dags/example_task_group.py for tasks to queue
[2022-07-14 16:23:17,621] {logging_mixin.py:115} INFO - [2022-07-14 16:23:17,621] {dagbag.py:508} INFO - Filling up the DagBag from /home/airflow/.local/lib/python3.7/site-packages/airflow/example_dags/example_task_group.py
[2022-07-14 16:23:17,631] {processor.py:651} INFO - DAG(s) dict_keys(['example_task_group']) retrieved from /home/airflow/.local/lib/python3.7/site-packages/airflow/example_dags/example_task_group.py
[2022-07-14 16:23:17,671] {logging_mixin.py:115} INFO - [2022-07-14 16:23:17,670] {dag.py:2420} INFO - Sync 1 DAGs
[2022-07-14 16:23:17,703] {logging_mixin.py:115} INFO - [2022-07-14 16:23:17,702] {dag.py:2972} INFO - Setting next_dagrun for example_task_group to 2022-07-13T16:23:17.702582+00:00, run_after=2022-07-14T16:23:17.702582+00:00
[2022-07-14 16:23:17,756] {processor.py:161} INFO - Processing /home/airflow/.local/lib/python3.7/site-packages/airflow/example_dags/example_task_group.py took 0.140 seconds
[2022-07-14 16:23:47,813] {processor.py:153} INFO - Started process (PID=779) to work on /home/airflow/.local/lib/python3.7/site-packages/airflow/example_dags/example_task_group.py
[2022-07-14 16:23:47,814] {processor.py:641} INFO - Processing file /home/airflow/.local/lib/python3.7/site-packages/airflow/example_dags/example_task_group.py for tasks to queue
[2022-07-14 16:23:47,815] {logging_mixin.py:115} INFO - [2022-07-14 16:23:47,815] {dagbag.py:508} INFO - Filling up the DagBag from /home/airflow/.local/lib/python3.7/site-packages/airflow/example_dags/example_task_group.py
[2022-07-14 16:23:47,840] {processor.py:651} INFO - DAG(s) dict_keys(['example_task_group']) retrieved from /home/airflow/.local/lib/python3.7/site-packages/airflow/example_dags/example_task_group.py
[2022-07-14 16:23:47,898] {logging_mixin.py:115} INFO - [2022-07-14 16:23:47,898] {dag.py:2420} INFO - Sync 1 DAGs
[2022-07-14 16:23:47,938] {logging_mixin.py:115} INFO - [2022-07-14 16:23:47,938] {dag.py:2972} INFO - Setting next_dagrun for example_task_group to 2022-07-13T16:23:47.937896+00:00, run_after=2022-07-14T16:23:47.937896+00:00
[2022-07-14 16:23:47,961] {processor.py:161} INFO - Processing /home/airflow/.local/lib/python3.7/site-packages/airflow/example_dags/example_task_group.py took 0.156 seconds
[2022-07-14 16:24:18,069] {processor.py:153} INFO - Started process (PID=838) to work on /home/airflow/.local/lib/python3.7/site-packages/airflow/example_dags/example_task_group.py
[2022-07-14 16:24:18,078] {processor.py:641} INFO - Processing file /home/airflow/.local/lib/python3.7/site-packages/airflow/example_dags/example_task_group.py for tasks to queue
[2022-07-14 16:24:18,079] {logging_mixin.py:115} INFO - [2022-07-14 16:24:18,079] {dagbag.py:508} INFO - Filling up the DagBag from /home/airflow/.local/lib/python3.7/site-packages/airflow/example_dags/example_task_group.py
[2022-07-14 16:24:18,091] {processor.py:651} INFO - DAG(s) dict_keys(['example_task_group']) retrieved from /home/airflow/.local/lib/python3.7/site-packages/airflow/example_dags/example_task_group.py
[2022-07-14 16:24:18,133] {logging_mixin.py:115} INFO - [2022-07-14 16:24:18,132] {dag.py:2420} INFO - Sync 1 DAGs
[2022-07-14 16:24:18,177] {logging_mixin.py:115} INFO - [2022-07-14 16:24:18,177] {dag.py:2972} INFO - Setting next_dagrun for example_task_group to 2022-07-13T16:24:18.177116+00:00, run_after=2022-07-14T16:24:18.177116+00:00
[2022-07-14 16:24:18,231] {processor.py:161} INFO - Processing /home/airflow/.local/lib/python3.7/site-packages/airflow/example_dags/example_task_group.py took 0.166 seconds
[2022-07-14 16:24:48,336] {processor.py:153} INFO - Started process (PID=889) to work on /home/airflow/.local/lib/python3.7/site-packages/airflow/example_dags/example_task_group.py
[2022-07-14 16:24:48,348] {processor.py:641} INFO - Processing file /home/airflow/.local/lib/python3.7/site-packages/airflow/example_dags/example_task_group.py for tasks to queue
[2022-07-14 16:24:48,348] {logging_mixin.py:115} INFO - [2022-07-14 16:24:48,348] {dagbag.py:508} INFO - Filling up the DagBag from /home/airflow/.local/lib/python3.7/site-packages/airflow/example_dags/example_task_group.py
[2022-07-14 16:24:48,365] {processor.py:651} INFO - DAG(s) dict_keys(['example_task_group']) retrieved from /home/airflow/.local/lib/python3.7/site-packages/airflow/example_dags/example_task_group.py
[2022-07-14 16:24:48,427] {logging_mixin.py:115} INFO - [2022-07-14 16:24:48,427] {dag.py:2420} INFO - Sync 1 DAGs
[2022-07-14 16:24:48,481] {logging_mixin.py:115} INFO - [2022-07-14 16:24:48,480] {dag.py:2972} INFO - Setting next_dagrun for example_task_group to 2022-07-13T16:24:48.480562+00:00, run_after=2022-07-14T16:24:48.480562+00:00
[2022-07-14 16:24:48,521] {processor.py:161} INFO - Processing /home/airflow/.local/lib/python3.7/site-packages/airflow/example_dags/example_task_group.py took 0.193 seconds
[2022-07-14 16:25:18,692] {processor.py:153} INFO - Started process (PID=949) to work on /home/airflow/.local/lib/python3.7/site-packages/airflow/example_dags/example_task_group.py
[2022-07-14 16:25:18,693] {processor.py:641} INFO - Processing file /home/airflow/.local/lib/python3.7/site-packages/airflow/example_dags/example_task_group.py for tasks to queue
[2022-07-14 16:25:18,693] {logging_mixin.py:115} INFO - [2022-07-14 16:25:18,693] {dagbag.py:508} INFO - Filling up the DagBag from /home/airflow/.local/lib/python3.7/site-packages/airflow/example_dags/example_task_group.py
[2022-07-14 16:25:18,710] {processor.py:651} INFO - DAG(s) dict_keys(['example_task_group']) retrieved from /home/airflow/.local/lib/python3.7/site-packages/airflow/example_dags/example_task_group.py
[2022-07-14 16:25:18,779] {logging_mixin.py:115} INFO - [2022-07-14 16:25:18,779] {dag.py:2420} INFO - Sync 1 DAGs
[2022-07-14 16:25:18,845] {logging_mixin.py:115} INFO - [2022-07-14 16:25:18,845] {dag.py:2972} INFO - Setting next_dagrun for example_task_group to 2022-07-13T16:25:18.845277+00:00, run_after=2022-07-14T16:25:18.845277+00:00
[2022-07-14 16:25:18,881] {processor.py:161} INFO - Processing /home/airflow/.local/lib/python3.7/site-packages/airflow/example_dags/example_task_group.py took 0.195 seconds
[2022-07-14 16:25:49,124] {processor.py:153} INFO - Started process (PID=1000) to work on /home/airflow/.local/lib/python3.7/site-packages/airflow/example_dags/example_task_group.py
[2022-07-14 16:25:49,127] {processor.py:641} INFO - Processing file /home/airflow/.local/lib/python3.7/site-packages/airflow/example_dags/example_task_group.py for tasks to queue
[2022-07-14 16:25:49,127] {logging_mixin.py:115} INFO - [2022-07-14 16:25:49,127] {dagbag.py:508} INFO - Filling up the DagBag from /home/airflow/.local/lib/python3.7/site-packages/airflow/example_dags/example_task_group.py
[2022-07-14 16:25:49,135] {processor.py:651} INFO - DAG(s) dict_keys(['example_task_group']) retrieved from /home/airflow/.local/lib/python3.7/site-packages/airflow/example_dags/example_task_group.py
[2022-07-14 16:25:49,179] {logging_mixin.py:115} INFO - [2022-07-14 16:25:49,179] {dag.py:2420} INFO - Sync 1 DAGs
[2022-07-14 16:25:49,215] {logging_mixin.py:115} INFO - [2022-07-14 16:25:49,215] {dag.py:2972} INFO - Setting next_dagrun for example_task_group to 2022-07-13T16:25:49.215380+00:00, run_after=2022-07-14T16:25:49.215380+00:00
[2022-07-14 16:25:49,237] {processor.py:161} INFO - Processing /home/airflow/.local/lib/python3.7/site-packages/airflow/example_dags/example_task_group.py took 0.117 seconds
[2022-07-14 16:26:19,921] {processor.py:153} INFO - Started process (PID=1051) to work on /home/airflow/.local/lib/python3.7/site-packages/airflow/example_dags/example_task_group.py
[2022-07-14 16:26:19,922] {processor.py:641} INFO - Processing file /home/airflow/.local/lib/python3.7/site-packages/airflow/example_dags/example_task_group.py for tasks to queue
[2022-07-14 16:26:19,939] {logging_mixin.py:115} INFO - [2022-07-14 16:26:19,939] {dagbag.py:508} INFO - Filling up the DagBag from /home/airflow/.local/lib/python3.7/site-packages/airflow/example_dags/example_task_group.py
[2022-07-14 16:26:19,956] {processor.py:651} INFO - DAG(s) dict_keys(['example_task_group']) retrieved from /home/airflow/.local/lib/python3.7/site-packages/airflow/example_dags/example_task_group.py
[2022-07-14 16:26:20,091] {logging_mixin.py:115} INFO - [2022-07-14 16:26:20,091] {dag.py:2420} INFO - Sync 1 DAGs
[2022-07-14 16:26:20,166] {logging_mixin.py:115} INFO - [2022-07-14 16:26:20,166] {dag.py:2972} INFO - Setting next_dagrun for example_task_group to 2022-07-13T16:26:20.166143+00:00, run_after=2022-07-14T16:26:20.166143+00:00
[2022-07-14 16:26:20,215] {processor.py:161} INFO - Processing /home/airflow/.local/lib/python3.7/site-packages/airflow/example_dags/example_task_group.py took 0.297 seconds
[2022-07-14 16:26:50,682] {processor.py:153} INFO - Started process (PID=1112) to work on /home/airflow/.local/lib/python3.7/site-packages/airflow/example_dags/example_task_group.py
[2022-07-14 16:26:50,683] {processor.py:641} INFO - Processing file /home/airflow/.local/lib/python3.7/site-packages/airflow/example_dags/example_task_group.py for tasks to queue
[2022-07-14 16:26:50,684] {logging_mixin.py:115} INFO - [2022-07-14 16:26:50,683] {dagbag.py:508} INFO - Filling up the DagBag from /home/airflow/.local/lib/python3.7/site-packages/airflow/example_dags/example_task_group.py
[2022-07-14 16:26:50,704] {processor.py:651} INFO - DAG(s) dict_keys(['example_task_group']) retrieved from /home/airflow/.local/lib/python3.7/site-packages/airflow/example_dags/example_task_group.py
[2022-07-14 16:26:50,745] {logging_mixin.py:115} INFO - [2022-07-14 16:26:50,745] {dag.py:2420} INFO - Sync 1 DAGs
[2022-07-14 16:26:50,777] {logging_mixin.py:115} INFO - [2022-07-14 16:26:50,776] {dag.py:2972} INFO - Setting next_dagrun for example_task_group to 2022-07-13T16:26:50.776606+00:00, run_after=2022-07-14T16:26:50.776606+00:00
[2022-07-14 16:26:50,802] {processor.py:161} INFO - Processing /home/airflow/.local/lib/python3.7/site-packages/airflow/example_dags/example_task_group.py took 0.124 seconds
[2022-07-14 16:27:20,868] {processor.py:153} INFO - Started process (PID=1163) to work on /home/airflow/.local/lib/python3.7/site-packages/airflow/example_dags/example_task_group.py
[2022-07-14 16:27:20,869] {processor.py:641} INFO - Processing file /home/airflow/.local/lib/python3.7/site-packages/airflow/example_dags/example_task_group.py for tasks to queue
[2022-07-14 16:27:20,869] {logging_mixin.py:115} INFO - [2022-07-14 16:27:20,869] {dagbag.py:508} INFO - Filling up the DagBag from /home/airflow/.local/lib/python3.7/site-packages/airflow/example_dags/example_task_group.py
[2022-07-14 16:27:20,879] {processor.py:651} INFO - DAG(s) dict_keys(['example_task_group']) retrieved from /home/airflow/.local/lib/python3.7/site-packages/airflow/example_dags/example_task_group.py
[2022-07-14 16:27:20,917] {logging_mixin.py:115} INFO - [2022-07-14 16:27:20,917] {dag.py:2420} INFO - Sync 1 DAGs
[2022-07-14 16:27:20,952] {logging_mixin.py:115} INFO - [2022-07-14 16:27:20,952] {dag.py:2972} INFO - Setting next_dagrun for example_task_group to 2022-07-13T16:27:20.952074+00:00, run_after=2022-07-14T16:27:20.952074+00:00
[2022-07-14 16:27:20,977] {processor.py:161} INFO - Processing /home/airflow/.local/lib/python3.7/site-packages/airflow/example_dags/example_task_group.py took 0.113 seconds
[2022-07-14 16:27:51,938] {processor.py:153} INFO - Started process (PID=1225) to work on /home/airflow/.local/lib/python3.7/site-packages/airflow/example_dags/example_task_group.py
[2022-07-14 16:27:51,947] {processor.py:641} INFO - Processing file /home/airflow/.local/lib/python3.7/site-packages/airflow/example_dags/example_task_group.py for tasks to queue
[2022-07-14 16:27:51,947] {logging_mixin.py:115} INFO - [2022-07-14 16:27:51,947] {dagbag.py:508} INFO - Filling up the DagBag from /home/airflow/.local/lib/python3.7/site-packages/airflow/example_dags/example_task_group.py
[2022-07-14 16:27:51,978] {processor.py:651} INFO - DAG(s) dict_keys(['example_task_group']) retrieved from /home/airflow/.local/lib/python3.7/site-packages/airflow/example_dags/example_task_group.py
[2022-07-14 16:27:52,092] {logging_mixin.py:115} INFO - [2022-07-14 16:27:52,092] {dag.py:2420} INFO - Sync 1 DAGs
[2022-07-14 16:27:52,184] {logging_mixin.py:115} INFO - [2022-07-14 16:27:52,184] {dag.py:2972} INFO - Setting next_dagrun for example_task_group to 2022-07-13T16:27:52.184046+00:00, run_after=2022-07-14T16:27:52.184046+00:00
[2022-07-14 16:27:52,225] {processor.py:161} INFO - Processing /home/airflow/.local/lib/python3.7/site-packages/airflow/example_dags/example_task_group.py took 0.291 seconds
[2022-07-14 16:28:22,367] {processor.py:153} INFO - Started process (PID=1275) to work on /home/airflow/.local/lib/python3.7/site-packages/airflow/example_dags/example_task_group.py
[2022-07-14 16:28:22,377] {processor.py:641} INFO - Processing file /home/airflow/.local/lib/python3.7/site-packages/airflow/example_dags/example_task_group.py for tasks to queue
[2022-07-14 16:28:22,378] {logging_mixin.py:115} INFO - [2022-07-14 16:28:22,378] {dagbag.py:508} INFO - Filling up the DagBag from /home/airflow/.local/lib/python3.7/site-packages/airflow/example_dags/example_task_group.py
[2022-07-14 16:28:22,386] {processor.py:651} INFO - DAG(s) dict_keys(['example_task_group']) retrieved from /home/airflow/.local/lib/python3.7/site-packages/airflow/example_dags/example_task_group.py
[2022-07-14 16:28:22,421] {logging_mixin.py:115} INFO - [2022-07-14 16:28:22,421] {dag.py:2420} INFO - Sync 1 DAGs
[2022-07-14 16:28:22,453] {logging_mixin.py:115} INFO - [2022-07-14 16:28:22,453] {dag.py:2972} INFO - Setting next_dagrun for example_task_group to 2022-07-13T16:28:22.452856+00:00, run_after=2022-07-14T16:28:22.452856+00:00
[2022-07-14 16:28:22,470] {processor.py:161} INFO - Processing /home/airflow/.local/lib/python3.7/site-packages/airflow/example_dags/example_task_group.py took 0.107 seconds
[2022-07-14 16:28:53,107] {processor.py:153} INFO - Started process (PID=1328) to work on /home/airflow/.local/lib/python3.7/site-packages/airflow/example_dags/example_task_group.py
[2022-07-14 16:28:53,110] {processor.py:641} INFO - Processing file /home/airflow/.local/lib/python3.7/site-packages/airflow/example_dags/example_task_group.py for tasks to queue
[2022-07-14 16:28:53,111] {logging_mixin.py:115} INFO - [2022-07-14 16:28:53,111] {dagbag.py:508} INFO - Filling up the DagBag from /home/airflow/.local/lib/python3.7/site-packages/airflow/example_dags/example_task_group.py
[2022-07-14 16:28:53,120] {processor.py:651} INFO - DAG(s) dict_keys(['example_task_group']) retrieved from /home/airflow/.local/lib/python3.7/site-packages/airflow/example_dags/example_task_group.py
[2022-07-14 16:28:53,157] {logging_mixin.py:115} INFO - [2022-07-14 16:28:53,157] {dag.py:2420} INFO - Sync 1 DAGs
[2022-07-14 16:28:53,189] {logging_mixin.py:115} INFO - [2022-07-14 16:28:53,189] {dag.py:2972} INFO - Setting next_dagrun for example_task_group to 2022-07-13T16:28:53.189500+00:00, run_after=2022-07-14T16:28:53.189500+00:00
[2022-07-14 16:28:53,208] {processor.py:161} INFO - Processing /home/airflow/.local/lib/python3.7/site-packages/airflow/example_dags/example_task_group.py took 0.106 seconds
[2022-07-14 16:29:23,809] {processor.py:153} INFO - Started process (PID=1388) to work on /home/airflow/.local/lib/python3.7/site-packages/airflow/example_dags/example_task_group.py
[2022-07-14 16:29:23,818] {processor.py:641} INFO - Processing file /home/airflow/.local/lib/python3.7/site-packages/airflow/example_dags/example_task_group.py for tasks to queue
[2022-07-14 16:29:23,819] {logging_mixin.py:115} INFO - [2022-07-14 16:29:23,819] {dagbag.py:508} INFO - Filling up the DagBag from /home/airflow/.local/lib/python3.7/site-packages/airflow/example_dags/example_task_group.py
[2022-07-14 16:29:23,836] {processor.py:651} INFO - DAG(s) dict_keys(['example_task_group']) retrieved from /home/airflow/.local/lib/python3.7/site-packages/airflow/example_dags/example_task_group.py
[2022-07-14 16:29:23,904] {logging_mixin.py:115} INFO - [2022-07-14 16:29:23,903] {dag.py:2420} INFO - Sync 1 DAGs
[2022-07-14 16:29:23,966] {logging_mixin.py:115} INFO - [2022-07-14 16:29:23,966] {dag.py:2972} INFO - Setting next_dagrun for example_task_group to 2022-07-13T16:29:23.965969+00:00, run_after=2022-07-14T16:29:23.965969+00:00
[2022-07-14 16:29:24,025] {processor.py:161} INFO - Processing /home/airflow/.local/lib/python3.7/site-packages/airflow/example_dags/example_task_group.py took 0.220 seconds
[2022-07-14 16:29:54,503] {processor.py:153} INFO - Started process (PID=1440) to work on /home/airflow/.local/lib/python3.7/site-packages/airflow/example_dags/example_task_group.py
[2022-07-14 16:29:54,512] {processor.py:641} INFO - Processing file /home/airflow/.local/lib/python3.7/site-packages/airflow/example_dags/example_task_group.py for tasks to queue
[2022-07-14 16:29:54,513] {logging_mixin.py:115} INFO - [2022-07-14 16:29:54,513] {dagbag.py:508} INFO - Filling up the DagBag from /home/airflow/.local/lib/python3.7/site-packages/airflow/example_dags/example_task_group.py
[2022-07-14 16:29:54,521] {processor.py:651} INFO - DAG(s) dict_keys(['example_task_group']) retrieved from /home/airflow/.local/lib/python3.7/site-packages/airflow/example_dags/example_task_group.py
[2022-07-14 16:29:54,573] {logging_mixin.py:115} INFO - [2022-07-14 16:29:54,573] {dag.py:2420} INFO - Sync 1 DAGs
[2022-07-14 16:29:54,645] {logging_mixin.py:115} INFO - [2022-07-14 16:29:54,645] {dag.py:2972} INFO - Setting next_dagrun for example_task_group to 2022-07-13T16:29:54.644870+00:00, run_after=2022-07-14T16:29:54.644870+00:00
[2022-07-14 16:29:54,662] {processor.py:161} INFO - Processing /home/airflow/.local/lib/python3.7/site-packages/airflow/example_dags/example_task_group.py took 0.163 seconds
[2022-07-14 16:30:24,770] {processor.py:153} INFO - Started process (PID=1499) to work on /home/airflow/.local/lib/python3.7/site-packages/airflow/example_dags/example_task_group.py
[2022-07-14 16:30:24,779] {processor.py:641} INFO - Processing file /home/airflow/.local/lib/python3.7/site-packages/airflow/example_dags/example_task_group.py for tasks to queue
[2022-07-14 16:30:24,780] {logging_mixin.py:115} INFO - [2022-07-14 16:30:24,779] {dagbag.py:508} INFO - Filling up the DagBag from /home/airflow/.local/lib/python3.7/site-packages/airflow/example_dags/example_task_group.py
[2022-07-14 16:30:24,790] {processor.py:651} INFO - DAG(s) dict_keys(['example_task_group']) retrieved from /home/airflow/.local/lib/python3.7/site-packages/airflow/example_dags/example_task_group.py
[2022-07-14 16:30:24,866] {logging_mixin.py:115} INFO - [2022-07-14 16:30:24,866] {dag.py:2420} INFO - Sync 1 DAGs
[2022-07-14 16:30:24,913] {logging_mixin.py:115} INFO - [2022-07-14 16:30:24,913] {dag.py:2972} INFO - Setting next_dagrun for example_task_group to 2022-07-13T16:30:24.912846+00:00, run_after=2022-07-14T16:30:24.912846+00:00
[2022-07-14 16:30:24,938] {processor.py:161} INFO - Processing /home/airflow/.local/lib/python3.7/site-packages/airflow/example_dags/example_task_group.py took 0.176 seconds
[2022-07-14 16:30:55,330] {processor.py:153} INFO - Started process (PID=1551) to work on /home/airflow/.local/lib/python3.7/site-packages/airflow/example_dags/example_task_group.py
[2022-07-14 16:30:55,338] {processor.py:641} INFO - Processing file /home/airflow/.local/lib/python3.7/site-packages/airflow/example_dags/example_task_group.py for tasks to queue
[2022-07-14 16:30:55,338] {logging_mixin.py:115} INFO - [2022-07-14 16:30:55,338] {dagbag.py:508} INFO - Filling up the DagBag from /home/airflow/.local/lib/python3.7/site-packages/airflow/example_dags/example_task_group.py
[2022-07-14 16:30:55,360] {processor.py:651} INFO - DAG(s) dict_keys(['example_task_group']) retrieved from /home/airflow/.local/lib/python3.7/site-packages/airflow/example_dags/example_task_group.py
[2022-07-14 16:30:55,460] {logging_mixin.py:115} INFO - [2022-07-14 16:30:55,459] {dag.py:2420} INFO - Sync 1 DAGs
[2022-07-14 16:30:55,494] {logging_mixin.py:115} INFO - [2022-07-14 16:30:55,494] {dag.py:2972} INFO - Setting next_dagrun for example_task_group to 2022-07-13T16:30:55.494666+00:00, run_after=2022-07-14T16:30:55.494666+00:00
[2022-07-14 16:30:55,511] {processor.py:161} INFO - Processing /home/airflow/.local/lib/python3.7/site-packages/airflow/example_dags/example_task_group.py took 0.186 seconds
[2022-07-14 16:31:26,469] {processor.py:153} INFO - Started process (PID=1611) to work on /home/airflow/.local/lib/python3.7/site-packages/airflow/example_dags/example_task_group.py
[2022-07-14 16:31:26,477] {processor.py:641} INFO - Processing file /home/airflow/.local/lib/python3.7/site-packages/airflow/example_dags/example_task_group.py for tasks to queue
[2022-07-14 16:31:26,478] {logging_mixin.py:115} INFO - [2022-07-14 16:31:26,478] {dagbag.py:508} INFO - Filling up the DagBag from /home/airflow/.local/lib/python3.7/site-packages/airflow/example_dags/example_task_group.py
[2022-07-14 16:31:26,486] {processor.py:651} INFO - DAG(s) dict_keys(['example_task_group']) retrieved from /home/airflow/.local/lib/python3.7/site-packages/airflow/example_dags/example_task_group.py
[2022-07-14 16:31:26,511] {logging_mixin.py:115} INFO - [2022-07-14 16:31:26,511] {dag.py:2420} INFO - Sync 1 DAGs
[2022-07-14 16:31:26,533] {logging_mixin.py:115} INFO - [2022-07-14 16:31:26,533] {dag.py:2972} INFO - Setting next_dagrun for example_task_group to 2022-07-13T16:31:26.532889+00:00, run_after=2022-07-14T16:31:26.532889+00:00
[2022-07-14 16:31:26,543] {processor.py:161} INFO - Processing /home/airflow/.local/lib/python3.7/site-packages/airflow/example_dags/example_task_group.py took 0.080 seconds
[2022-07-14 16:31:57,003] {processor.py:153} INFO - Started process (PID=1672) to work on /home/airflow/.local/lib/python3.7/site-packages/airflow/example_dags/example_task_group.py
[2022-07-14 16:31:57,003] {processor.py:641} INFO - Processing file /home/airflow/.local/lib/python3.7/site-packages/airflow/example_dags/example_task_group.py for tasks to queue
[2022-07-14 16:31:57,004] {logging_mixin.py:115} INFO - [2022-07-14 16:31:57,004] {dagbag.py:508} INFO - Filling up the DagBag from /home/airflow/.local/lib/python3.7/site-packages/airflow/example_dags/example_task_group.py
[2022-07-14 16:31:57,015] {processor.py:651} INFO - DAG(s) dict_keys(['example_task_group']) retrieved from /home/airflow/.local/lib/python3.7/site-packages/airflow/example_dags/example_task_group.py
[2022-07-14 16:31:57,048] {logging_mixin.py:115} INFO - [2022-07-14 16:31:57,048] {dag.py:2420} INFO - Sync 1 DAGs
[2022-07-14 16:31:57,080] {logging_mixin.py:115} INFO - [2022-07-14 16:31:57,080] {dag.py:2972} INFO - Setting next_dagrun for example_task_group to 2022-07-13T16:31:57.079930+00:00, run_after=2022-07-14T16:31:57.079930+00:00
[2022-07-14 16:31:57,098] {processor.py:161} INFO - Processing /home/airflow/.local/lib/python3.7/site-packages/airflow/example_dags/example_task_group.py took 0.100 seconds
[2022-07-14 16:32:27,265] {processor.py:153} INFO - Started process (PID=1725) to work on /home/airflow/.local/lib/python3.7/site-packages/airflow/example_dags/example_task_group.py
[2022-07-14 16:32:27,270] {processor.py:641} INFO - Processing file /home/airflow/.local/lib/python3.7/site-packages/airflow/example_dags/example_task_group.py for tasks to queue
[2022-07-14 16:32:27,271] {logging_mixin.py:115} INFO - [2022-07-14 16:32:27,270] {dagbag.py:508} INFO - Filling up the DagBag from /home/airflow/.local/lib/python3.7/site-packages/airflow/example_dags/example_task_group.py
[2022-07-14 16:32:27,281] {processor.py:651} INFO - DAG(s) dict_keys(['example_task_group']) retrieved from /home/airflow/.local/lib/python3.7/site-packages/airflow/example_dags/example_task_group.py
[2022-07-14 16:32:27,332] {logging_mixin.py:115} INFO - [2022-07-14 16:32:27,332] {dag.py:2420} INFO - Sync 1 DAGs
[2022-07-14 16:32:27,361] {logging_mixin.py:115} INFO - [2022-07-14 16:32:27,361] {dag.py:2972} INFO - Setting next_dagrun for example_task_group to 2022-07-13T16:32:27.360915+00:00, run_after=2022-07-14T16:32:27.360915+00:00
[2022-07-14 16:32:27,390] {processor.py:161} INFO - Processing /home/airflow/.local/lib/python3.7/site-packages/airflow/example_dags/example_task_group.py took 0.129 seconds
[2022-07-14 16:32:57,501] {processor.py:153} INFO - Started process (PID=1786) to work on /home/airflow/.local/lib/python3.7/site-packages/airflow/example_dags/example_task_group.py
[2022-07-14 16:32:57,502] {processor.py:641} INFO - Processing file /home/airflow/.local/lib/python3.7/site-packages/airflow/example_dags/example_task_group.py for tasks to queue
[2022-07-14 16:32:57,503] {logging_mixin.py:115} INFO - [2022-07-14 16:32:57,503] {dagbag.py:508} INFO - Filling up the DagBag from /home/airflow/.local/lib/python3.7/site-packages/airflow/example_dags/example_task_group.py
[2022-07-14 16:32:57,528] {processor.py:651} INFO - DAG(s) dict_keys(['example_task_group']) retrieved from /home/airflow/.local/lib/python3.7/site-packages/airflow/example_dags/example_task_group.py
[2022-07-14 16:32:57,584] {logging_mixin.py:115} INFO - [2022-07-14 16:32:57,583] {dag.py:2420} INFO - Sync 1 DAGs
[2022-07-14 16:32:57,609] {logging_mixin.py:115} INFO - [2022-07-14 16:32:57,608] {dag.py:2972} INFO - Setting next_dagrun for example_task_group to 2022-07-13T16:32:57.608755+00:00, run_after=2022-07-14T16:32:57.608755+00:00
[2022-07-14 16:32:57,638] {processor.py:161} INFO - Processing /home/airflow/.local/lib/python3.7/site-packages/airflow/example_dags/example_task_group.py took 0.164 seconds
[2022-07-14 16:33:27,664] {processor.py:153} INFO - Started process (PID=1837) to work on /home/airflow/.local/lib/python3.7/site-packages/airflow/example_dags/example_task_group.py
[2022-07-14 16:33:27,664] {processor.py:641} INFO - Processing file /home/airflow/.local/lib/python3.7/site-packages/airflow/example_dags/example_task_group.py for tasks to queue
[2022-07-14 16:33:27,665] {logging_mixin.py:115} INFO - [2022-07-14 16:33:27,665] {dagbag.py:508} INFO - Filling up the DagBag from /home/airflow/.local/lib/python3.7/site-packages/airflow/example_dags/example_task_group.py
[2022-07-14 16:33:27,674] {processor.py:651} INFO - DAG(s) dict_keys(['example_task_group']) retrieved from /home/airflow/.local/lib/python3.7/site-packages/airflow/example_dags/example_task_group.py
[2022-07-14 16:33:27,699] {logging_mixin.py:115} INFO - [2022-07-14 16:33:27,699] {dag.py:2420} INFO - Sync 1 DAGs
[2022-07-14 16:33:27,721] {logging_mixin.py:115} INFO - [2022-07-14 16:33:27,721] {dag.py:2972} INFO - Setting next_dagrun for example_task_group to 2022-07-13T16:33:27.721042+00:00, run_after=2022-07-14T16:33:27.721042+00:00
[2022-07-14 16:33:27,752] {processor.py:161} INFO - Processing /home/airflow/.local/lib/python3.7/site-packages/airflow/example_dags/example_task_group.py took 0.092 seconds
[2022-07-14 16:33:57,828] {processor.py:153} INFO - Started process (PID=1897) to work on /home/airflow/.local/lib/python3.7/site-packages/airflow/example_dags/example_task_group.py
[2022-07-14 16:33:57,848] {processor.py:641} INFO - Processing file /home/airflow/.local/lib/python3.7/site-packages/airflow/example_dags/example_task_group.py for tasks to queue
[2022-07-14 16:33:57,848] {logging_mixin.py:115} INFO - [2022-07-14 16:33:57,848] {dagbag.py:508} INFO - Filling up the DagBag from /home/airflow/.local/lib/python3.7/site-packages/airflow/example_dags/example_task_group.py
[2022-07-14 16:33:57,855] {processor.py:651} INFO - DAG(s) dict_keys(['example_task_group']) retrieved from /home/airflow/.local/lib/python3.7/site-packages/airflow/example_dags/example_task_group.py
[2022-07-14 16:33:57,880] {logging_mixin.py:115} INFO - [2022-07-14 16:33:57,880] {dag.py:2420} INFO - Sync 1 DAGs
[2022-07-14 16:33:57,900] {logging_mixin.py:115} INFO - [2022-07-14 16:33:57,900] {dag.py:2972} INFO - Setting next_dagrun for example_task_group to 2022-07-13T16:33:57.900502+00:00, run_after=2022-07-14T16:33:57.900502+00:00
[2022-07-14 16:33:57,913] {processor.py:161} INFO - Processing /home/airflow/.local/lib/python3.7/site-packages/airflow/example_dags/example_task_group.py took 0.090 seconds
[2022-07-14 16:34:28,409] {processor.py:153} INFO - Started process (PID=1959) to work on /home/airflow/.local/lib/python3.7/site-packages/airflow/example_dags/example_task_group.py
[2022-07-14 16:34:28,420] {processor.py:641} INFO - Processing file /home/airflow/.local/lib/python3.7/site-packages/airflow/example_dags/example_task_group.py for tasks to queue
[2022-07-14 16:34:28,421] {logging_mixin.py:115} INFO - [2022-07-14 16:34:28,421] {dagbag.py:508} INFO - Filling up the DagBag from /home/airflow/.local/lib/python3.7/site-packages/airflow/example_dags/example_task_group.py
[2022-07-14 16:34:28,429] {processor.py:651} INFO - DAG(s) dict_keys(['example_task_group']) retrieved from /home/airflow/.local/lib/python3.7/site-packages/airflow/example_dags/example_task_group.py
[2022-07-14 16:34:28,504] {logging_mixin.py:115} INFO - [2022-07-14 16:34:28,504] {dag.py:2420} INFO - Sync 1 DAGs
[2022-07-14 16:34:28,560] {logging_mixin.py:115} INFO - [2022-07-14 16:34:28,559] {dag.py:2972} INFO - Setting next_dagrun for example_task_group to 2022-07-13T16:34:28.559713+00:00, run_after=2022-07-14T16:34:28.559713+00:00
[2022-07-14 16:34:28,592] {processor.py:161} INFO - Processing /home/airflow/.local/lib/python3.7/site-packages/airflow/example_dags/example_task_group.py took 0.186 seconds
[2022-07-14 16:34:59,116] {processor.py:153} INFO - Started process (PID=2011) to work on /home/airflow/.local/lib/python3.7/site-packages/airflow/example_dags/example_task_group.py
[2022-07-14 16:34:59,134] {processor.py:641} INFO - Processing file /home/airflow/.local/lib/python3.7/site-packages/airflow/example_dags/example_task_group.py for tasks to queue
[2022-07-14 16:34:59,134] {logging_mixin.py:115} INFO - [2022-07-14 16:34:59,134] {dagbag.py:508} INFO - Filling up the DagBag from /home/airflow/.local/lib/python3.7/site-packages/airflow/example_dags/example_task_group.py
[2022-07-14 16:34:59,142] {processor.py:651} INFO - DAG(s) dict_keys(['example_task_group']) retrieved from /home/airflow/.local/lib/python3.7/site-packages/airflow/example_dags/example_task_group.py
[2022-07-14 16:34:59,172] {logging_mixin.py:115} INFO - [2022-07-14 16:34:59,172] {dag.py:2420} INFO - Sync 1 DAGs
[2022-07-14 16:34:59,200] {logging_mixin.py:115} INFO - [2022-07-14 16:34:59,200] {dag.py:2972} INFO - Setting next_dagrun for example_task_group to 2022-07-13T16:34:59.200337+00:00, run_after=2022-07-14T16:34:59.200337+00:00
[2022-07-14 16:34:59,216] {processor.py:161} INFO - Processing /home/airflow/.local/lib/python3.7/site-packages/airflow/example_dags/example_task_group.py took 0.103 seconds
[2022-07-14 16:35:29,443] {processor.py:153} INFO - Started process (PID=2071) to work on /home/airflow/.local/lib/python3.7/site-packages/airflow/example_dags/example_task_group.py
[2022-07-14 16:35:29,462] {processor.py:641} INFO - Processing file /home/airflow/.local/lib/python3.7/site-packages/airflow/example_dags/example_task_group.py for tasks to queue
[2022-07-14 16:35:29,462] {logging_mixin.py:115} INFO - [2022-07-14 16:35:29,462] {dagbag.py:508} INFO - Filling up the DagBag from /home/airflow/.local/lib/python3.7/site-packages/airflow/example_dags/example_task_group.py
[2022-07-14 16:35:29,471] {processor.py:651} INFO - DAG(s) dict_keys(['example_task_group']) retrieved from /home/airflow/.local/lib/python3.7/site-packages/airflow/example_dags/example_task_group.py
[2022-07-14 16:35:29,503] {logging_mixin.py:115} INFO - [2022-07-14 16:35:29,503] {dag.py:2420} INFO - Sync 1 DAGs
[2022-07-14 16:35:29,534] {logging_mixin.py:115} INFO - [2022-07-14 16:35:29,534] {dag.py:2972} INFO - Setting next_dagrun for example_task_group to 2022-07-13T16:35:29.533780+00:00, run_after=2022-07-14T16:35:29.533780+00:00
[2022-07-14 16:35:29,550] {processor.py:161} INFO - Processing /home/airflow/.local/lib/python3.7/site-packages/airflow/example_dags/example_task_group.py took 0.109 seconds
[2022-07-14 16:35:59,583] {processor.py:153} INFO - Started process (PID=2122) to work on /home/airflow/.local/lib/python3.7/site-packages/airflow/example_dags/example_task_group.py
[2022-07-14 16:35:59,583] {processor.py:641} INFO - Processing file /home/airflow/.local/lib/python3.7/site-packages/airflow/example_dags/example_task_group.py for tasks to queue
[2022-07-14 16:35:59,583] {logging_mixin.py:115} INFO - [2022-07-14 16:35:59,583] {dagbag.py:508} INFO - Filling up the DagBag from /home/airflow/.local/lib/python3.7/site-packages/airflow/example_dags/example_task_group.py
[2022-07-14 16:35:59,590] {processor.py:651} INFO - DAG(s) dict_keys(['example_task_group']) retrieved from /home/airflow/.local/lib/python3.7/site-packages/airflow/example_dags/example_task_group.py
[2022-07-14 16:35:59,618] {logging_mixin.py:115} INFO - [2022-07-14 16:35:59,617] {dag.py:2420} INFO - Sync 1 DAGs
[2022-07-14 16:35:59,646] {logging_mixin.py:115} INFO - [2022-07-14 16:35:59,646] {dag.py:2972} INFO - Setting next_dagrun for example_task_group to 2022-07-13T16:35:59.645757+00:00, run_after=2022-07-14T16:35:59.645757+00:00
[2022-07-14 16:35:59,690] {processor.py:161} INFO - Processing /home/airflow/.local/lib/python3.7/site-packages/airflow/example_dags/example_task_group.py took 0.110 seconds
