[2022-07-14 16:17:05,666] {processor.py:153} INFO - Started process (PID=69) to work on /home/airflow/.local/lib/python3.7/site-packages/airflow/example_dags/example_external_task_marker_dag.py
[2022-07-14 16:17:05,673] {processor.py:641} INFO - Processing file /home/airflow/.local/lib/python3.7/site-packages/airflow/example_dags/example_external_task_marker_dag.py for tasks to queue
[2022-07-14 16:17:05,674] {logging_mixin.py:115} INFO - [2022-07-14 16:17:05,673] {dagbag.py:508} INFO - Filling up the DagBag from /home/airflow/.local/lib/python3.7/site-packages/airflow/example_dags/example_external_task_marker_dag.py
[2022-07-14 16:17:05,693] {processor.py:651} INFO - DAG(s) dict_keys(['example_external_task_marker_parent', 'example_external_task_marker_child']) retrieved from /home/airflow/.local/lib/python3.7/site-packages/airflow/example_dags/example_external_task_marker_dag.py
[2022-07-14 16:17:05,955] {logging_mixin.py:115} INFO - [2022-07-14 16:17:05,955] {manager.py:508} INFO - Created Permission View: can delete on DAG:example_external_task_marker_parent
[2022-07-14 16:17:05,991] {logging_mixin.py:115} INFO - [2022-07-14 16:17:05,991] {manager.py:508} INFO - Created Permission View: can read on DAG:example_external_task_marker_parent
[2022-07-14 16:17:06,014] {logging_mixin.py:115} INFO - [2022-07-14 16:17:06,014] {manager.py:508} INFO - Created Permission View: can edit on DAG:example_external_task_marker_parent
[2022-07-14 16:17:06,194] {logging_mixin.py:115} INFO - [2022-07-14 16:17:06,194] {manager.py:508} INFO - Created Permission View: can delete on DAG:example_external_task_marker_child
[2022-07-14 16:17:06,301] {logging_mixin.py:115} INFO - [2022-07-14 16:17:06,301] {manager.py:508} INFO - Created Permission View: can read on DAG:example_external_task_marker_child
[2022-07-14 16:17:06,396] {logging_mixin.py:115} INFO - [2022-07-14 16:17:06,396] {manager.py:508} INFO - Created Permission View: can edit on DAG:example_external_task_marker_child
[2022-07-14 16:17:06,397] {logging_mixin.py:115} INFO - [2022-07-14 16:17:06,396] {dag.py:2420} INFO - Sync 2 DAGs
[2022-07-14 16:17:06,470] {logging_mixin.py:115} INFO - [2022-07-14 16:17:06,469] {dag.py:2439} INFO - Creating ORM DAG for example_external_task_marker_parent
[2022-07-14 16:17:06,487] {logging_mixin.py:115} INFO - [2022-07-14 16:17:06,487] {dag.py:2439} INFO - Creating ORM DAG for example_external_task_marker_child
[2022-07-14 16:17:06,571] {logging_mixin.py:115} INFO - [2022-07-14 16:17:06,571] {dag.py:2972} INFO - Setting next_dagrun for example_external_task_marker_child to None, run_after=None
[2022-07-14 16:17:06,572] {logging_mixin.py:115} INFO - [2022-07-14 16:17:06,572] {dag.py:2972} INFO - Setting next_dagrun for example_external_task_marker_parent to None, run_after=None
[2022-07-14 16:17:06,699] {processor.py:161} INFO - Processing /home/airflow/.local/lib/python3.7/site-packages/airflow/example_dags/example_external_task_marker_dag.py took 1.053 seconds
[2022-07-14 16:17:36,831] {processor.py:153} INFO - Started process (PID=119) to work on /home/airflow/.local/lib/python3.7/site-packages/airflow/example_dags/example_external_task_marker_dag.py
[2022-07-14 16:17:36,832] {processor.py:641} INFO - Processing file /home/airflow/.local/lib/python3.7/site-packages/airflow/example_dags/example_external_task_marker_dag.py for tasks to queue
[2022-07-14 16:17:36,833] {logging_mixin.py:115} INFO - [2022-07-14 16:17:36,833] {dagbag.py:508} INFO - Filling up the DagBag from /home/airflow/.local/lib/python3.7/site-packages/airflow/example_dags/example_external_task_marker_dag.py
[2022-07-14 16:17:36,841] {processor.py:651} INFO - DAG(s) dict_keys(['example_external_task_marker_parent', 'example_external_task_marker_child']) retrieved from /home/airflow/.local/lib/python3.7/site-packages/airflow/example_dags/example_external_task_marker_dag.py
[2022-07-14 16:17:36,939] {logging_mixin.py:115} INFO - [2022-07-14 16:17:36,938] {dag.py:2420} INFO - Sync 2 DAGs
[2022-07-14 16:17:37,004] {logging_mixin.py:115} INFO - [2022-07-14 16:17:37,004] {dag.py:2972} INFO - Setting next_dagrun for example_external_task_marker_child to None, run_after=None
[2022-07-14 16:17:37,005] {logging_mixin.py:115} INFO - [2022-07-14 16:17:37,004] {dag.py:2972} INFO - Setting next_dagrun for example_external_task_marker_parent to None, run_after=None
[2022-07-14 16:17:37,037] {processor.py:161} INFO - Processing /home/airflow/.local/lib/python3.7/site-packages/airflow/example_dags/example_external_task_marker_dag.py took 0.210 seconds
[2022-07-14 16:18:07,091] {processor.py:153} INFO - Started process (PID=171) to work on /home/airflow/.local/lib/python3.7/site-packages/airflow/example_dags/example_external_task_marker_dag.py
[2022-07-14 16:18:07,092] {processor.py:641} INFO - Processing file /home/airflow/.local/lib/python3.7/site-packages/airflow/example_dags/example_external_task_marker_dag.py for tasks to queue
[2022-07-14 16:18:07,093] {logging_mixin.py:115} INFO - [2022-07-14 16:18:07,093] {dagbag.py:508} INFO - Filling up the DagBag from /home/airflow/.local/lib/python3.7/site-packages/airflow/example_dags/example_external_task_marker_dag.py
[2022-07-14 16:18:07,100] {processor.py:651} INFO - DAG(s) dict_keys(['example_external_task_marker_parent', 'example_external_task_marker_child']) retrieved from /home/airflow/.local/lib/python3.7/site-packages/airflow/example_dags/example_external_task_marker_dag.py
[2022-07-14 16:18:07,195] {logging_mixin.py:115} INFO - [2022-07-14 16:18:07,195] {dag.py:2420} INFO - Sync 2 DAGs
[2022-07-14 16:18:07,245] {logging_mixin.py:115} INFO - [2022-07-14 16:18:07,245] {dag.py:2972} INFO - Setting next_dagrun for example_external_task_marker_child to None, run_after=None
[2022-07-14 16:18:07,246] {logging_mixin.py:115} INFO - [2022-07-14 16:18:07,246] {dag.py:2972} INFO - Setting next_dagrun for example_external_task_marker_parent to None, run_after=None
[2022-07-14 16:18:07,305] {processor.py:161} INFO - Processing /home/airflow/.local/lib/python3.7/site-packages/airflow/example_dags/example_external_task_marker_dag.py took 0.218 seconds
[2022-07-14 16:18:37,972] {processor.py:153} INFO - Started process (PID=232) to work on /home/airflow/.local/lib/python3.7/site-packages/airflow/example_dags/example_external_task_marker_dag.py
[2022-07-14 16:18:37,973] {processor.py:641} INFO - Processing file /home/airflow/.local/lib/python3.7/site-packages/airflow/example_dags/example_external_task_marker_dag.py for tasks to queue
[2022-07-14 16:18:37,974] {logging_mixin.py:115} INFO - [2022-07-14 16:18:37,974] {dagbag.py:508} INFO - Filling up the DagBag from /home/airflow/.local/lib/python3.7/site-packages/airflow/example_dags/example_external_task_marker_dag.py
[2022-07-14 16:18:37,981] {processor.py:651} INFO - DAG(s) dict_keys(['example_external_task_marker_parent', 'example_external_task_marker_child']) retrieved from /home/airflow/.local/lib/python3.7/site-packages/airflow/example_dags/example_external_task_marker_dag.py
[2022-07-14 16:18:38,084] {logging_mixin.py:115} INFO - [2022-07-14 16:18:38,084] {dag.py:2420} INFO - Sync 2 DAGs
[2022-07-14 16:18:38,132] {logging_mixin.py:115} INFO - [2022-07-14 16:18:38,132] {dag.py:2972} INFO - Setting next_dagrun for example_external_task_marker_child to None, run_after=None
[2022-07-14 16:18:38,133] {logging_mixin.py:115} INFO - [2022-07-14 16:18:38,133] {dag.py:2972} INFO - Setting next_dagrun for example_external_task_marker_parent to None, run_after=None
[2022-07-14 16:18:38,186] {processor.py:161} INFO - Processing /home/airflow/.local/lib/python3.7/site-packages/airflow/example_dags/example_external_task_marker_dag.py took 0.219 seconds
[2022-07-14 16:19:08,329] {processor.py:153} INFO - Started process (PID=283) to work on /home/airflow/.local/lib/python3.7/site-packages/airflow/example_dags/example_external_task_marker_dag.py
[2022-07-14 16:19:08,335] {processor.py:641} INFO - Processing file /home/airflow/.local/lib/python3.7/site-packages/airflow/example_dags/example_external_task_marker_dag.py for tasks to queue
[2022-07-14 16:19:08,335] {logging_mixin.py:115} INFO - [2022-07-14 16:19:08,335] {dagbag.py:508} INFO - Filling up the DagBag from /home/airflow/.local/lib/python3.7/site-packages/airflow/example_dags/example_external_task_marker_dag.py
[2022-07-14 16:19:08,340] {processor.py:651} INFO - DAG(s) dict_keys(['example_external_task_marker_parent', 'example_external_task_marker_child']) retrieved from /home/airflow/.local/lib/python3.7/site-packages/airflow/example_dags/example_external_task_marker_dag.py
[2022-07-14 16:19:08,419] {logging_mixin.py:115} INFO - [2022-07-14 16:19:08,419] {dag.py:2420} INFO - Sync 2 DAGs
[2022-07-14 16:19:08,464] {logging_mixin.py:115} INFO - [2022-07-14 16:19:08,464] {dag.py:2972} INFO - Setting next_dagrun for example_external_task_marker_child to None, run_after=None
[2022-07-14 16:19:08,465] {logging_mixin.py:115} INFO - [2022-07-14 16:19:08,465] {dag.py:2972} INFO - Setting next_dagrun for example_external_task_marker_parent to None, run_after=None
[2022-07-14 16:19:08,483] {processor.py:161} INFO - Processing /home/airflow/.local/lib/python3.7/site-packages/airflow/example_dags/example_external_task_marker_dag.py took 0.157 seconds
[2022-07-14 16:19:38,642] {processor.py:153} INFO - Started process (PID=334) to work on /home/airflow/.local/lib/python3.7/site-packages/airflow/example_dags/example_external_task_marker_dag.py
[2022-07-14 16:19:38,642] {processor.py:641} INFO - Processing file /home/airflow/.local/lib/python3.7/site-packages/airflow/example_dags/example_external_task_marker_dag.py for tasks to queue
[2022-07-14 16:19:38,646] {logging_mixin.py:115} INFO - [2022-07-14 16:19:38,646] {dagbag.py:508} INFO - Filling up the DagBag from /home/airflow/.local/lib/python3.7/site-packages/airflow/example_dags/example_external_task_marker_dag.py
[2022-07-14 16:19:38,652] {processor.py:651} INFO - DAG(s) dict_keys(['example_external_task_marker_parent', 'example_external_task_marker_child']) retrieved from /home/airflow/.local/lib/python3.7/site-packages/airflow/example_dags/example_external_task_marker_dag.py
[2022-07-14 16:19:38,740] {logging_mixin.py:115} INFO - [2022-07-14 16:19:38,740] {dag.py:2420} INFO - Sync 2 DAGs
[2022-07-14 16:19:38,781] {logging_mixin.py:115} INFO - [2022-07-14 16:19:38,781] {dag.py:2972} INFO - Setting next_dagrun for example_external_task_marker_child to None, run_after=None
[2022-07-14 16:19:38,781] {logging_mixin.py:115} INFO - [2022-07-14 16:19:38,781] {dag.py:2972} INFO - Setting next_dagrun for example_external_task_marker_parent to None, run_after=None
[2022-07-14 16:19:38,826] {processor.py:161} INFO - Processing /home/airflow/.local/lib/python3.7/site-packages/airflow/example_dags/example_external_task_marker_dag.py took 0.188 seconds
[2022-07-14 16:20:09,674] {processor.py:153} INFO - Started process (PID=394) to work on /home/airflow/.local/lib/python3.7/site-packages/airflow/example_dags/example_external_task_marker_dag.py
[2022-07-14 16:20:09,674] {processor.py:641} INFO - Processing file /home/airflow/.local/lib/python3.7/site-packages/airflow/example_dags/example_external_task_marker_dag.py for tasks to queue
[2022-07-14 16:20:09,675] {logging_mixin.py:115} INFO - [2022-07-14 16:20:09,675] {dagbag.py:508} INFO - Filling up the DagBag from /home/airflow/.local/lib/python3.7/site-packages/airflow/example_dags/example_external_task_marker_dag.py
[2022-07-14 16:20:09,680] {processor.py:651} INFO - DAG(s) dict_keys(['example_external_task_marker_parent', 'example_external_task_marker_child']) retrieved from /home/airflow/.local/lib/python3.7/site-packages/airflow/example_dags/example_external_task_marker_dag.py
[2022-07-14 16:20:09,753] {logging_mixin.py:115} INFO - [2022-07-14 16:20:09,753] {dag.py:2420} INFO - Sync 2 DAGs
[2022-07-14 16:20:09,800] {logging_mixin.py:115} INFO - [2022-07-14 16:20:09,799] {dag.py:2972} INFO - Setting next_dagrun for example_external_task_marker_child to None, run_after=None
[2022-07-14 16:20:09,800] {logging_mixin.py:115} INFO - [2022-07-14 16:20:09,800] {dag.py:2972} INFO - Setting next_dagrun for example_external_task_marker_parent to None, run_after=None
[2022-07-14 16:20:09,848] {processor.py:161} INFO - Processing /home/airflow/.local/lib/python3.7/site-packages/airflow/example_dags/example_external_task_marker_dag.py took 0.178 seconds
[2022-07-14 16:20:40,124] {processor.py:153} INFO - Started process (PID=445) to work on /home/airflow/.local/lib/python3.7/site-packages/airflow/example_dags/example_external_task_marker_dag.py
[2022-07-14 16:20:40,125] {processor.py:641} INFO - Processing file /home/airflow/.local/lib/python3.7/site-packages/airflow/example_dags/example_external_task_marker_dag.py for tasks to queue
[2022-07-14 16:20:40,125] {logging_mixin.py:115} INFO - [2022-07-14 16:20:40,125] {dagbag.py:508} INFO - Filling up the DagBag from /home/airflow/.local/lib/python3.7/site-packages/airflow/example_dags/example_external_task_marker_dag.py
[2022-07-14 16:20:40,130] {processor.py:651} INFO - DAG(s) dict_keys(['example_external_task_marker_parent', 'example_external_task_marker_child']) retrieved from /home/airflow/.local/lib/python3.7/site-packages/airflow/example_dags/example_external_task_marker_dag.py
[2022-07-14 16:20:40,202] {logging_mixin.py:115} INFO - [2022-07-14 16:20:40,202] {dag.py:2420} INFO - Sync 2 DAGs
[2022-07-14 16:20:40,235] {logging_mixin.py:115} INFO - [2022-07-14 16:20:40,235] {dag.py:2972} INFO - Setting next_dagrun for example_external_task_marker_child to None, run_after=None
[2022-07-14 16:20:40,235] {logging_mixin.py:115} INFO - [2022-07-14 16:20:40,235] {dag.py:2972} INFO - Setting next_dagrun for example_external_task_marker_parent to None, run_after=None
[2022-07-14 16:20:40,280] {processor.py:161} INFO - Processing /home/airflow/.local/lib/python3.7/site-packages/airflow/example_dags/example_external_task_marker_dag.py took 0.159 seconds
[2022-07-14 16:21:10,500] {processor.py:153} INFO - Started process (PID=497) to work on /home/airflow/.local/lib/python3.7/site-packages/airflow/example_dags/example_external_task_marker_dag.py
[2022-07-14 16:21:10,501] {processor.py:641} INFO - Processing file /home/airflow/.local/lib/python3.7/site-packages/airflow/example_dags/example_external_task_marker_dag.py for tasks to queue
[2022-07-14 16:21:10,502] {logging_mixin.py:115} INFO - [2022-07-14 16:21:10,502] {dagbag.py:508} INFO - Filling up the DagBag from /home/airflow/.local/lib/python3.7/site-packages/airflow/example_dags/example_external_task_marker_dag.py
[2022-07-14 16:21:10,509] {processor.py:651} INFO - DAG(s) dict_keys(['example_external_task_marker_parent', 'example_external_task_marker_child']) retrieved from /home/airflow/.local/lib/python3.7/site-packages/airflow/example_dags/example_external_task_marker_dag.py
[2022-07-14 16:21:10,571] {logging_mixin.py:115} INFO - [2022-07-14 16:21:10,571] {dag.py:2420} INFO - Sync 2 DAGs
[2022-07-14 16:21:10,605] {logging_mixin.py:115} INFO - [2022-07-14 16:21:10,605] {dag.py:2972} INFO - Setting next_dagrun for example_external_task_marker_child to None, run_after=None
[2022-07-14 16:21:10,605] {logging_mixin.py:115} INFO - [2022-07-14 16:21:10,605] {dag.py:2972} INFO - Setting next_dagrun for example_external_task_marker_parent to None, run_after=None
[2022-07-14 16:21:10,654] {processor.py:161} INFO - Processing /home/airflow/.local/lib/python3.7/site-packages/airflow/example_dags/example_external_task_marker_dag.py took 0.159 seconds
[2022-07-14 16:21:41,688] {processor.py:153} INFO - Started process (PID=558) to work on /home/airflow/.local/lib/python3.7/site-packages/airflow/example_dags/example_external_task_marker_dag.py
[2022-07-14 16:21:41,689] {processor.py:641} INFO - Processing file /home/airflow/.local/lib/python3.7/site-packages/airflow/example_dags/example_external_task_marker_dag.py for tasks to queue
[2022-07-14 16:21:41,689] {logging_mixin.py:115} INFO - [2022-07-14 16:21:41,689] {dagbag.py:508} INFO - Filling up the DagBag from /home/airflow/.local/lib/python3.7/site-packages/airflow/example_dags/example_external_task_marker_dag.py
[2022-07-14 16:21:41,705] {processor.py:651} INFO - DAG(s) dict_keys(['example_external_task_marker_parent', 'example_external_task_marker_child']) retrieved from /home/airflow/.local/lib/python3.7/site-packages/airflow/example_dags/example_external_task_marker_dag.py
[2022-07-14 16:21:41,830] {logging_mixin.py:115} INFO - [2022-07-14 16:21:41,830] {dag.py:2420} INFO - Sync 2 DAGs
[2022-07-14 16:21:41,900] {logging_mixin.py:115} INFO - [2022-07-14 16:21:41,900] {dag.py:2972} INFO - Setting next_dagrun for example_external_task_marker_child to None, run_after=None
[2022-07-14 16:21:41,900] {logging_mixin.py:115} INFO - [2022-07-14 16:21:41,900] {dag.py:2972} INFO - Setting next_dagrun for example_external_task_marker_parent to None, run_after=None
[2022-07-14 16:21:41,965] {processor.py:161} INFO - Processing /home/airflow/.local/lib/python3.7/site-packages/airflow/example_dags/example_external_task_marker_dag.py took 0.297 seconds
[2022-07-14 16:22:12,933] {processor.py:153} INFO - Started process (PID=609) to work on /home/airflow/.local/lib/python3.7/site-packages/airflow/example_dags/example_external_task_marker_dag.py
[2022-07-14 16:22:12,956] {processor.py:641} INFO - Processing file /home/airflow/.local/lib/python3.7/site-packages/airflow/example_dags/example_external_task_marker_dag.py for tasks to queue
[2022-07-14 16:22:12,957] {logging_mixin.py:115} INFO - [2022-07-14 16:22:12,957] {dagbag.py:508} INFO - Filling up the DagBag from /home/airflow/.local/lib/python3.7/site-packages/airflow/example_dags/example_external_task_marker_dag.py
[2022-07-14 16:22:12,968] {processor.py:651} INFO - DAG(s) dict_keys(['example_external_task_marker_parent', 'example_external_task_marker_child']) retrieved from /home/airflow/.local/lib/python3.7/site-packages/airflow/example_dags/example_external_task_marker_dag.py
[2022-07-14 16:22:13,084] {logging_mixin.py:115} INFO - [2022-07-14 16:22:13,084] {dag.py:2420} INFO - Sync 2 DAGs
[2022-07-14 16:22:13,137] {logging_mixin.py:115} INFO - [2022-07-14 16:22:13,136] {dag.py:2972} INFO - Setting next_dagrun for example_external_task_marker_child to None, run_after=None
[2022-07-14 16:22:13,137] {logging_mixin.py:115} INFO - [2022-07-14 16:22:13,137] {dag.py:2972} INFO - Setting next_dagrun for example_external_task_marker_parent to None, run_after=None
[2022-07-14 16:22:13,193] {processor.py:161} INFO - Processing /home/airflow/.local/lib/python3.7/site-packages/airflow/example_dags/example_external_task_marker_dag.py took 0.264 seconds
[2022-07-14 16:22:43,515] {processor.py:153} INFO - Started process (PID=661) to work on /home/airflow/.local/lib/python3.7/site-packages/airflow/example_dags/example_external_task_marker_dag.py
[2022-07-14 16:22:43,518] {processor.py:641} INFO - Processing file /home/airflow/.local/lib/python3.7/site-packages/airflow/example_dags/example_external_task_marker_dag.py for tasks to queue
[2022-07-14 16:22:43,519] {logging_mixin.py:115} INFO - [2022-07-14 16:22:43,518] {dagbag.py:508} INFO - Filling up the DagBag from /home/airflow/.local/lib/python3.7/site-packages/airflow/example_dags/example_external_task_marker_dag.py
[2022-07-14 16:22:43,524] {processor.py:651} INFO - DAG(s) dict_keys(['example_external_task_marker_parent', 'example_external_task_marker_child']) retrieved from /home/airflow/.local/lib/python3.7/site-packages/airflow/example_dags/example_external_task_marker_dag.py
[2022-07-14 16:22:43,600] {logging_mixin.py:115} INFO - [2022-07-14 16:22:43,599] {dag.py:2420} INFO - Sync 2 DAGs
[2022-07-14 16:22:43,633] {logging_mixin.py:115} INFO - [2022-07-14 16:22:43,633] {dag.py:2972} INFO - Setting next_dagrun for example_external_task_marker_child to None, run_after=None
[2022-07-14 16:22:43,634] {logging_mixin.py:115} INFO - [2022-07-14 16:22:43,634] {dag.py:2972} INFO - Setting next_dagrun for example_external_task_marker_parent to None, run_after=None
[2022-07-14 16:22:43,681] {processor.py:161} INFO - Processing /home/airflow/.local/lib/python3.7/site-packages/airflow/example_dags/example_external_task_marker_dag.py took 0.170 seconds
[2022-07-14 16:23:13,887] {processor.py:153} INFO - Started process (PID=722) to work on /home/airflow/.local/lib/python3.7/site-packages/airflow/example_dags/example_external_task_marker_dag.py
[2022-07-14 16:23:13,919] {processor.py:641} INFO - Processing file /home/airflow/.local/lib/python3.7/site-packages/airflow/example_dags/example_external_task_marker_dag.py for tasks to queue
[2022-07-14 16:23:13,920] {logging_mixin.py:115} INFO - [2022-07-14 16:23:13,920] {dagbag.py:508} INFO - Filling up the DagBag from /home/airflow/.local/lib/python3.7/site-packages/airflow/example_dags/example_external_task_marker_dag.py
[2022-07-14 16:23:13,939] {processor.py:651} INFO - DAG(s) dict_keys(['example_external_task_marker_parent', 'example_external_task_marker_child']) retrieved from /home/airflow/.local/lib/python3.7/site-packages/airflow/example_dags/example_external_task_marker_dag.py
[2022-07-14 16:23:14,128] {logging_mixin.py:115} INFO - [2022-07-14 16:23:14,128] {dag.py:2420} INFO - Sync 2 DAGs
[2022-07-14 16:23:14,222] {logging_mixin.py:115} INFO - [2022-07-14 16:23:14,221] {dag.py:2972} INFO - Setting next_dagrun for example_external_task_marker_child to None, run_after=None
[2022-07-14 16:23:14,222] {logging_mixin.py:115} INFO - [2022-07-14 16:23:14,222] {dag.py:2972} INFO - Setting next_dagrun for example_external_task_marker_parent to None, run_after=None
[2022-07-14 16:23:14,270] {processor.py:161} INFO - Processing /home/airflow/.local/lib/python3.7/site-packages/airflow/example_dags/example_external_task_marker_dag.py took 0.389 seconds
[2022-07-14 16:23:44,326] {processor.py:153} INFO - Started process (PID=773) to work on /home/airflow/.local/lib/python3.7/site-packages/airflow/example_dags/example_external_task_marker_dag.py
[2022-07-14 16:23:44,327] {processor.py:641} INFO - Processing file /home/airflow/.local/lib/python3.7/site-packages/airflow/example_dags/example_external_task_marker_dag.py for tasks to queue
[2022-07-14 16:23:44,328] {logging_mixin.py:115} INFO - [2022-07-14 16:23:44,328] {dagbag.py:508} INFO - Filling up the DagBag from /home/airflow/.local/lib/python3.7/site-packages/airflow/example_dags/example_external_task_marker_dag.py
[2022-07-14 16:23:44,333] {processor.py:651} INFO - DAG(s) dict_keys(['example_external_task_marker_parent', 'example_external_task_marker_child']) retrieved from /home/airflow/.local/lib/python3.7/site-packages/airflow/example_dags/example_external_task_marker_dag.py
[2022-07-14 16:23:44,401] {logging_mixin.py:115} INFO - [2022-07-14 16:23:44,401] {dag.py:2420} INFO - Sync 2 DAGs
[2022-07-14 16:23:44,450] {logging_mixin.py:115} INFO - [2022-07-14 16:23:44,450] {dag.py:2972} INFO - Setting next_dagrun for example_external_task_marker_child to None, run_after=None
[2022-07-14 16:23:44,450] {logging_mixin.py:115} INFO - [2022-07-14 16:23:44,450] {dag.py:2972} INFO - Setting next_dagrun for example_external_task_marker_parent to None, run_after=None
[2022-07-14 16:23:44,481] {processor.py:161} INFO - Processing /home/airflow/.local/lib/python3.7/site-packages/airflow/example_dags/example_external_task_marker_dag.py took 0.159 seconds
[2022-07-14 16:24:14,544] {processor.py:153} INFO - Started process (PID=832) to work on /home/airflow/.local/lib/python3.7/site-packages/airflow/example_dags/example_external_task_marker_dag.py
[2022-07-14 16:24:14,546] {processor.py:641} INFO - Processing file /home/airflow/.local/lib/python3.7/site-packages/airflow/example_dags/example_external_task_marker_dag.py for tasks to queue
[2022-07-14 16:24:14,547] {logging_mixin.py:115} INFO - [2022-07-14 16:24:14,547] {dagbag.py:508} INFO - Filling up the DagBag from /home/airflow/.local/lib/python3.7/site-packages/airflow/example_dags/example_external_task_marker_dag.py
[2022-07-14 16:24:14,552] {processor.py:651} INFO - DAG(s) dict_keys(['example_external_task_marker_parent', 'example_external_task_marker_child']) retrieved from /home/airflow/.local/lib/python3.7/site-packages/airflow/example_dags/example_external_task_marker_dag.py
[2022-07-14 16:24:14,641] {logging_mixin.py:115} INFO - [2022-07-14 16:24:14,641] {dag.py:2420} INFO - Sync 2 DAGs
[2022-07-14 16:24:14,678] {logging_mixin.py:115} INFO - [2022-07-14 16:24:14,678] {dag.py:2972} INFO - Setting next_dagrun for example_external_task_marker_child to None, run_after=None
[2022-07-14 16:24:14,678] {logging_mixin.py:115} INFO - [2022-07-14 16:24:14,678] {dag.py:2972} INFO - Setting next_dagrun for example_external_task_marker_parent to None, run_after=None
[2022-07-14 16:24:14,697] {processor.py:161} INFO - Processing /home/airflow/.local/lib/python3.7/site-packages/airflow/example_dags/example_external_task_marker_dag.py took 0.163 seconds
[2022-07-14 16:24:44,756] {processor.py:153} INFO - Started process (PID=883) to work on /home/airflow/.local/lib/python3.7/site-packages/airflow/example_dags/example_external_task_marker_dag.py
[2022-07-14 16:24:44,767] {processor.py:641} INFO - Processing file /home/airflow/.local/lib/python3.7/site-packages/airflow/example_dags/example_external_task_marker_dag.py for tasks to queue
[2022-07-14 16:24:44,767] {logging_mixin.py:115} INFO - [2022-07-14 16:24:44,767] {dagbag.py:508} INFO - Filling up the DagBag from /home/airflow/.local/lib/python3.7/site-packages/airflow/example_dags/example_external_task_marker_dag.py
[2022-07-14 16:24:44,773] {processor.py:651} INFO - DAG(s) dict_keys(['example_external_task_marker_parent', 'example_external_task_marker_child']) retrieved from /home/airflow/.local/lib/python3.7/site-packages/airflow/example_dags/example_external_task_marker_dag.py
[2022-07-14 16:24:44,868] {logging_mixin.py:115} INFO - [2022-07-14 16:24:44,868] {dag.py:2420} INFO - Sync 2 DAGs
[2022-07-14 16:24:44,906] {logging_mixin.py:115} INFO - [2022-07-14 16:24:44,906] {dag.py:2972} INFO - Setting next_dagrun for example_external_task_marker_child to None, run_after=None
[2022-07-14 16:24:44,906] {logging_mixin.py:115} INFO - [2022-07-14 16:24:44,906] {dag.py:2972} INFO - Setting next_dagrun for example_external_task_marker_parent to None, run_after=None
[2022-07-14 16:24:44,933] {processor.py:161} INFO - Processing /home/airflow/.local/lib/python3.7/site-packages/airflow/example_dags/example_external_task_marker_dag.py took 0.181 seconds
[2022-07-14 16:25:14,986] {processor.py:153} INFO - Started process (PID=935) to work on /home/airflow/.local/lib/python3.7/site-packages/airflow/example_dags/example_external_task_marker_dag.py
[2022-07-14 16:25:14,987] {processor.py:641} INFO - Processing file /home/airflow/.local/lib/python3.7/site-packages/airflow/example_dags/example_external_task_marker_dag.py for tasks to queue
[2022-07-14 16:25:14,987] {logging_mixin.py:115} INFO - [2022-07-14 16:25:14,987] {dagbag.py:508} INFO - Filling up the DagBag from /home/airflow/.local/lib/python3.7/site-packages/airflow/example_dags/example_external_task_marker_dag.py
[2022-07-14 16:25:14,992] {processor.py:651} INFO - DAG(s) dict_keys(['example_external_task_marker_parent', 'example_external_task_marker_child']) retrieved from /home/airflow/.local/lib/python3.7/site-packages/airflow/example_dags/example_external_task_marker_dag.py
[2022-07-14 16:25:15,159] {logging_mixin.py:115} INFO - [2022-07-14 16:25:15,159] {dag.py:2420} INFO - Sync 2 DAGs
[2022-07-14 16:25:15,205] {logging_mixin.py:115} INFO - [2022-07-14 16:25:15,205] {dag.py:2972} INFO - Setting next_dagrun for example_external_task_marker_child to None, run_after=None
[2022-07-14 16:25:15,206] {logging_mixin.py:115} INFO - [2022-07-14 16:25:15,206] {dag.py:2972} INFO - Setting next_dagrun for example_external_task_marker_parent to None, run_after=None
[2022-07-14 16:25:15,229] {processor.py:161} INFO - Processing /home/airflow/.local/lib/python3.7/site-packages/airflow/example_dags/example_external_task_marker_dag.py took 0.247 seconds
[2022-07-14 16:25:45,758] {processor.py:153} INFO - Started process (PID=994) to work on /home/airflow/.local/lib/python3.7/site-packages/airflow/example_dags/example_external_task_marker_dag.py
[2022-07-14 16:25:45,758] {processor.py:641} INFO - Processing file /home/airflow/.local/lib/python3.7/site-packages/airflow/example_dags/example_external_task_marker_dag.py for tasks to queue
[2022-07-14 16:25:45,759] {logging_mixin.py:115} INFO - [2022-07-14 16:25:45,759] {dagbag.py:508} INFO - Filling up the DagBag from /home/airflow/.local/lib/python3.7/site-packages/airflow/example_dags/example_external_task_marker_dag.py
[2022-07-14 16:25:45,764] {processor.py:651} INFO - DAG(s) dict_keys(['example_external_task_marker_parent', 'example_external_task_marker_child']) retrieved from /home/airflow/.local/lib/python3.7/site-packages/airflow/example_dags/example_external_task_marker_dag.py
[2022-07-14 16:25:45,859] {logging_mixin.py:115} INFO - [2022-07-14 16:25:45,859] {dag.py:2420} INFO - Sync 2 DAGs
[2022-07-14 16:25:45,911] {logging_mixin.py:115} INFO - [2022-07-14 16:25:45,911] {dag.py:2972} INFO - Setting next_dagrun for example_external_task_marker_child to None, run_after=None
[2022-07-14 16:25:45,912] {logging_mixin.py:115} INFO - [2022-07-14 16:25:45,911] {dag.py:2972} INFO - Setting next_dagrun for example_external_task_marker_parent to None, run_after=None
[2022-07-14 16:25:45,944] {processor.py:161} INFO - Processing /home/airflow/.local/lib/python3.7/site-packages/airflow/example_dags/example_external_task_marker_dag.py took 0.190 seconds
[2022-07-14 16:26:15,979] {processor.py:153} INFO - Started process (PID=1045) to work on /home/airflow/.local/lib/python3.7/site-packages/airflow/example_dags/example_external_task_marker_dag.py
[2022-07-14 16:26:15,979] {processor.py:641} INFO - Processing file /home/airflow/.local/lib/python3.7/site-packages/airflow/example_dags/example_external_task_marker_dag.py for tasks to queue
[2022-07-14 16:26:15,980] {logging_mixin.py:115} INFO - [2022-07-14 16:26:15,980] {dagbag.py:508} INFO - Filling up the DagBag from /home/airflow/.local/lib/python3.7/site-packages/airflow/example_dags/example_external_task_marker_dag.py
[2022-07-14 16:26:15,985] {processor.py:651} INFO - DAG(s) dict_keys(['example_external_task_marker_parent', 'example_external_task_marker_child']) retrieved from /home/airflow/.local/lib/python3.7/site-packages/airflow/example_dags/example_external_task_marker_dag.py
[2022-07-14 16:26:16,049] {logging_mixin.py:115} INFO - [2022-07-14 16:26:16,048] {dag.py:2420} INFO - Sync 2 DAGs
[2022-07-14 16:26:16,080] {logging_mixin.py:115} INFO - [2022-07-14 16:26:16,080] {dag.py:2972} INFO - Setting next_dagrun for example_external_task_marker_child to None, run_after=None
[2022-07-14 16:26:16,080] {logging_mixin.py:115} INFO - [2022-07-14 16:26:16,080] {dag.py:2972} INFO - Setting next_dagrun for example_external_task_marker_parent to None, run_after=None
[2022-07-14 16:26:16,108] {processor.py:161} INFO - Processing /home/airflow/.local/lib/python3.7/site-packages/airflow/example_dags/example_external_task_marker_dag.py took 0.133 seconds
[2022-07-14 16:26:47,211] {processor.py:153} INFO - Started process (PID=1104) to work on /home/airflow/.local/lib/python3.7/site-packages/airflow/example_dags/example_external_task_marker_dag.py
[2022-07-14 16:26:47,212] {processor.py:641} INFO - Processing file /home/airflow/.local/lib/python3.7/site-packages/airflow/example_dags/example_external_task_marker_dag.py for tasks to queue
[2022-07-14 16:26:47,212] {logging_mixin.py:115} INFO - [2022-07-14 16:26:47,212] {dagbag.py:508} INFO - Filling up the DagBag from /home/airflow/.local/lib/python3.7/site-packages/airflow/example_dags/example_external_task_marker_dag.py
[2022-07-14 16:26:47,218] {processor.py:651} INFO - DAG(s) dict_keys(['example_external_task_marker_parent', 'example_external_task_marker_child']) retrieved from /home/airflow/.local/lib/python3.7/site-packages/airflow/example_dags/example_external_task_marker_dag.py
[2022-07-14 16:26:47,281] {logging_mixin.py:115} INFO - [2022-07-14 16:26:47,281] {dag.py:2420} INFO - Sync 2 DAGs
[2022-07-14 16:26:47,315] {logging_mixin.py:115} INFO - [2022-07-14 16:26:47,315] {dag.py:2972} INFO - Setting next_dagrun for example_external_task_marker_child to None, run_after=None
[2022-07-14 16:26:47,315] {logging_mixin.py:115} INFO - [2022-07-14 16:26:47,315] {dag.py:2972} INFO - Setting next_dagrun for example_external_task_marker_parent to None, run_after=None
[2022-07-14 16:26:47,339] {processor.py:161} INFO - Processing /home/airflow/.local/lib/python3.7/site-packages/airflow/example_dags/example_external_task_marker_dag.py took 0.132 seconds
[2022-07-14 16:27:17,446] {processor.py:153} INFO - Started process (PID=1158) to work on /home/airflow/.local/lib/python3.7/site-packages/airflow/example_dags/example_external_task_marker_dag.py
[2022-07-14 16:27:17,447] {processor.py:641} INFO - Processing file /home/airflow/.local/lib/python3.7/site-packages/airflow/example_dags/example_external_task_marker_dag.py for tasks to queue
[2022-07-14 16:27:17,447] {logging_mixin.py:115} INFO - [2022-07-14 16:27:17,447] {dagbag.py:508} INFO - Filling up the DagBag from /home/airflow/.local/lib/python3.7/site-packages/airflow/example_dags/example_external_task_marker_dag.py
[2022-07-14 16:27:17,453] {processor.py:651} INFO - DAG(s) dict_keys(['example_external_task_marker_parent', 'example_external_task_marker_child']) retrieved from /home/airflow/.local/lib/python3.7/site-packages/airflow/example_dags/example_external_task_marker_dag.py
[2022-07-14 16:27:17,514] {logging_mixin.py:115} INFO - [2022-07-14 16:27:17,513] {dag.py:2420} INFO - Sync 2 DAGs
[2022-07-14 16:27:17,546] {logging_mixin.py:115} INFO - [2022-07-14 16:27:17,546] {dag.py:2972} INFO - Setting next_dagrun for example_external_task_marker_child to None, run_after=None
[2022-07-14 16:27:17,546] {logging_mixin.py:115} INFO - [2022-07-14 16:27:17,546] {dag.py:2972} INFO - Setting next_dagrun for example_external_task_marker_parent to None, run_after=None
[2022-07-14 16:27:17,572] {processor.py:161} INFO - Processing /home/airflow/.local/lib/python3.7/site-packages/airflow/example_dags/example_external_task_marker_dag.py took 0.130 seconds
[2022-07-14 16:27:48,258] {processor.py:153} INFO - Started process (PID=1210) to work on /home/airflow/.local/lib/python3.7/site-packages/airflow/example_dags/example_external_task_marker_dag.py
[2022-07-14 16:27:48,270] {processor.py:641} INFO - Processing file /home/airflow/.local/lib/python3.7/site-packages/airflow/example_dags/example_external_task_marker_dag.py for tasks to queue
[2022-07-14 16:27:48,270] {logging_mixin.py:115} INFO - [2022-07-14 16:27:48,270] {dagbag.py:508} INFO - Filling up the DagBag from /home/airflow/.local/lib/python3.7/site-packages/airflow/example_dags/example_external_task_marker_dag.py
[2022-07-14 16:27:48,275] {processor.py:651} INFO - DAG(s) dict_keys(['example_external_task_marker_parent', 'example_external_task_marker_child']) retrieved from /home/airflow/.local/lib/python3.7/site-packages/airflow/example_dags/example_external_task_marker_dag.py
[2022-07-14 16:27:48,370] {logging_mixin.py:115} INFO - [2022-07-14 16:27:48,370] {dag.py:2420} INFO - Sync 2 DAGs
[2022-07-14 16:27:48,412] {logging_mixin.py:115} INFO - [2022-07-14 16:27:48,411] {dag.py:2972} INFO - Setting next_dagrun for example_external_task_marker_child to None, run_after=None
[2022-07-14 16:27:48,412] {logging_mixin.py:115} INFO - [2022-07-14 16:27:48,412] {dag.py:2972} INFO - Setting next_dagrun for example_external_task_marker_parent to None, run_after=None
[2022-07-14 16:27:48,445] {processor.py:161} INFO - Processing /home/airflow/.local/lib/python3.7/site-packages/airflow/example_dags/example_external_task_marker_dag.py took 0.193 seconds
[2022-07-14 16:28:19,540] {processor.py:153} INFO - Started process (PID=1270) to work on /home/airflow/.local/lib/python3.7/site-packages/airflow/example_dags/example_external_task_marker_dag.py
[2022-07-14 16:28:19,551] {processor.py:641} INFO - Processing file /home/airflow/.local/lib/python3.7/site-packages/airflow/example_dags/example_external_task_marker_dag.py for tasks to queue
[2022-07-14 16:28:19,552] {logging_mixin.py:115} INFO - [2022-07-14 16:28:19,552] {dagbag.py:508} INFO - Filling up the DagBag from /home/airflow/.local/lib/python3.7/site-packages/airflow/example_dags/example_external_task_marker_dag.py
[2022-07-14 16:28:19,558] {processor.py:651} INFO - DAG(s) dict_keys(['example_external_task_marker_parent', 'example_external_task_marker_child']) retrieved from /home/airflow/.local/lib/python3.7/site-packages/airflow/example_dags/example_external_task_marker_dag.py
[2022-07-14 16:28:19,711] {logging_mixin.py:115} INFO - [2022-07-14 16:28:19,711] {dag.py:2420} INFO - Sync 2 DAGs
[2022-07-14 16:28:19,775] {logging_mixin.py:115} INFO - [2022-07-14 16:28:19,775] {dag.py:2972} INFO - Setting next_dagrun for example_external_task_marker_child to None, run_after=None
[2022-07-14 16:28:19,775] {logging_mixin.py:115} INFO - [2022-07-14 16:28:19,775] {dag.py:2972} INFO - Setting next_dagrun for example_external_task_marker_parent to None, run_after=None
[2022-07-14 16:28:19,824] {processor.py:161} INFO - Processing /home/airflow/.local/lib/python3.7/site-packages/airflow/example_dags/example_external_task_marker_dag.py took 0.293 seconds
[2022-07-14 16:28:50,631] {processor.py:153} INFO - Started process (PID=1322) to work on /home/airflow/.local/lib/python3.7/site-packages/airflow/example_dags/example_external_task_marker_dag.py
[2022-07-14 16:28:50,631] {processor.py:641} INFO - Processing file /home/airflow/.local/lib/python3.7/site-packages/airflow/example_dags/example_external_task_marker_dag.py for tasks to queue
[2022-07-14 16:28:50,632] {logging_mixin.py:115} INFO - [2022-07-14 16:28:50,632] {dagbag.py:508} INFO - Filling up the DagBag from /home/airflow/.local/lib/python3.7/site-packages/airflow/example_dags/example_external_task_marker_dag.py
[2022-07-14 16:28:50,640] {processor.py:651} INFO - DAG(s) dict_keys(['example_external_task_marker_parent', 'example_external_task_marker_child']) retrieved from /home/airflow/.local/lib/python3.7/site-packages/airflow/example_dags/example_external_task_marker_dag.py
[2022-07-14 16:28:50,794] {logging_mixin.py:115} INFO - [2022-07-14 16:28:50,794] {dag.py:2420} INFO - Sync 2 DAGs
[2022-07-14 16:28:50,839] {logging_mixin.py:115} INFO - [2022-07-14 16:28:50,839] {dag.py:2972} INFO - Setting next_dagrun for example_external_task_marker_child to None, run_after=None
[2022-07-14 16:28:50,840] {logging_mixin.py:115} INFO - [2022-07-14 16:28:50,840] {dag.py:2972} INFO - Setting next_dagrun for example_external_task_marker_parent to None, run_after=None
[2022-07-14 16:28:50,880] {processor.py:161} INFO - Processing /home/airflow/.local/lib/python3.7/site-packages/airflow/example_dags/example_external_task_marker_dag.py took 0.252 seconds
[2022-07-14 16:29:21,016] {processor.py:153} INFO - Started process (PID=1379) to work on /home/airflow/.local/lib/python3.7/site-packages/airflow/example_dags/example_external_task_marker_dag.py
[2022-07-14 16:29:21,030] {processor.py:641} INFO - Processing file /home/airflow/.local/lib/python3.7/site-packages/airflow/example_dags/example_external_task_marker_dag.py for tasks to queue
[2022-07-14 16:29:21,030] {logging_mixin.py:115} INFO - [2022-07-14 16:29:21,030] {dagbag.py:508} INFO - Filling up the DagBag from /home/airflow/.local/lib/python3.7/site-packages/airflow/example_dags/example_external_task_marker_dag.py
[2022-07-14 16:29:21,043] {processor.py:651} INFO - DAG(s) dict_keys(['example_external_task_marker_parent', 'example_external_task_marker_child']) retrieved from /home/airflow/.local/lib/python3.7/site-packages/airflow/example_dags/example_external_task_marker_dag.py
[2022-07-14 16:29:21,267] {logging_mixin.py:115} INFO - [2022-07-14 16:29:21,264] {dag.py:2420} INFO - Sync 2 DAGs
[2022-07-14 16:29:21,342] {logging_mixin.py:115} INFO - [2022-07-14 16:29:21,341] {dag.py:2972} INFO - Setting next_dagrun for example_external_task_marker_child to None, run_after=None
[2022-07-14 16:29:21,342] {logging_mixin.py:115} INFO - [2022-07-14 16:29:21,342] {dag.py:2972} INFO - Setting next_dagrun for example_external_task_marker_parent to None, run_after=None
[2022-07-14 16:29:21,364] {processor.py:161} INFO - Processing /home/airflow/.local/lib/python3.7/site-packages/airflow/example_dags/example_external_task_marker_dag.py took 0.360 seconds
[2022-07-14 16:29:51,721] {processor.py:153} INFO - Started process (PID=1435) to work on /home/airflow/.local/lib/python3.7/site-packages/airflow/example_dags/example_external_task_marker_dag.py
[2022-07-14 16:29:51,733] {processor.py:641} INFO - Processing file /home/airflow/.local/lib/python3.7/site-packages/airflow/example_dags/example_external_task_marker_dag.py for tasks to queue
[2022-07-14 16:29:51,734] {logging_mixin.py:115} INFO - [2022-07-14 16:29:51,734] {dagbag.py:508} INFO - Filling up the DagBag from /home/airflow/.local/lib/python3.7/site-packages/airflow/example_dags/example_external_task_marker_dag.py
[2022-07-14 16:29:51,748] {processor.py:651} INFO - DAG(s) dict_keys(['example_external_task_marker_parent', 'example_external_task_marker_child']) retrieved from /home/airflow/.local/lib/python3.7/site-packages/airflow/example_dags/example_external_task_marker_dag.py
[2022-07-14 16:29:51,928] {logging_mixin.py:115} INFO - [2022-07-14 16:29:51,927] {dag.py:2420} INFO - Sync 2 DAGs
[2022-07-14 16:29:52,031] {logging_mixin.py:115} INFO - [2022-07-14 16:29:52,031] {dag.py:2972} INFO - Setting next_dagrun for example_external_task_marker_child to None, run_after=None
[2022-07-14 16:29:52,031] {logging_mixin.py:115} INFO - [2022-07-14 16:29:52,031] {dag.py:2972} INFO - Setting next_dagrun for example_external_task_marker_parent to None, run_after=None
[2022-07-14 16:29:52,121] {processor.py:161} INFO - Processing /home/airflow/.local/lib/python3.7/site-packages/airflow/example_dags/example_external_task_marker_dag.py took 0.404 seconds
[2022-07-14 16:30:22,231] {processor.py:153} INFO - Started process (PID=1485) to work on /home/airflow/.local/lib/python3.7/site-packages/airflow/example_dags/example_external_task_marker_dag.py
[2022-07-14 16:30:22,232] {processor.py:641} INFO - Processing file /home/airflow/.local/lib/python3.7/site-packages/airflow/example_dags/example_external_task_marker_dag.py for tasks to queue
[2022-07-14 16:30:22,232] {logging_mixin.py:115} INFO - [2022-07-14 16:30:22,232] {dagbag.py:508} INFO - Filling up the DagBag from /home/airflow/.local/lib/python3.7/site-packages/airflow/example_dags/example_external_task_marker_dag.py
[2022-07-14 16:30:22,238] {processor.py:651} INFO - DAG(s) dict_keys(['example_external_task_marker_parent', 'example_external_task_marker_child']) retrieved from /home/airflow/.local/lib/python3.7/site-packages/airflow/example_dags/example_external_task_marker_dag.py
[2022-07-14 16:30:22,305] {logging_mixin.py:115} INFO - [2022-07-14 16:30:22,305] {dag.py:2420} INFO - Sync 2 DAGs
[2022-07-14 16:30:22,336] {logging_mixin.py:115} INFO - [2022-07-14 16:30:22,336] {dag.py:2972} INFO - Setting next_dagrun for example_external_task_marker_child to None, run_after=None
[2022-07-14 16:30:22,337] {logging_mixin.py:115} INFO - [2022-07-14 16:30:22,337] {dag.py:2972} INFO - Setting next_dagrun for example_external_task_marker_parent to None, run_after=None
[2022-07-14 16:30:22,381] {processor.py:161} INFO - Processing /home/airflow/.local/lib/python3.7/site-packages/airflow/example_dags/example_external_task_marker_dag.py took 0.155 seconds
[2022-07-14 16:30:52,743] {processor.py:153} INFO - Started process (PID=1545) to work on /home/airflow/.local/lib/python3.7/site-packages/airflow/example_dags/example_external_task_marker_dag.py
[2022-07-14 16:30:52,749] {processor.py:641} INFO - Processing file /home/airflow/.local/lib/python3.7/site-packages/airflow/example_dags/example_external_task_marker_dag.py for tasks to queue
[2022-07-14 16:30:52,750] {logging_mixin.py:115} INFO - [2022-07-14 16:30:52,750] {dagbag.py:508} INFO - Filling up the DagBag from /home/airflow/.local/lib/python3.7/site-packages/airflow/example_dags/example_external_task_marker_dag.py
[2022-07-14 16:30:52,757] {processor.py:651} INFO - DAG(s) dict_keys(['example_external_task_marker_parent', 'example_external_task_marker_child']) retrieved from /home/airflow/.local/lib/python3.7/site-packages/airflow/example_dags/example_external_task_marker_dag.py
[2022-07-14 16:30:52,895] {logging_mixin.py:115} INFO - [2022-07-14 16:30:52,895] {dag.py:2420} INFO - Sync 2 DAGs
[2022-07-14 16:30:52,969] {logging_mixin.py:115} INFO - [2022-07-14 16:30:52,969] {dag.py:2972} INFO - Setting next_dagrun for example_external_task_marker_child to None, run_after=None
[2022-07-14 16:30:52,969] {logging_mixin.py:115} INFO - [2022-07-14 16:30:52,969] {dag.py:2972} INFO - Setting next_dagrun for example_external_task_marker_parent to None, run_after=None
[2022-07-14 16:30:53,000] {processor.py:161} INFO - Processing /home/airflow/.local/lib/python3.7/site-packages/airflow/example_dags/example_external_task_marker_dag.py took 0.265 seconds
[2022-07-14 16:31:23,040] {processor.py:153} INFO - Started process (PID=1605) to work on /home/airflow/.local/lib/python3.7/site-packages/airflow/example_dags/example_external_task_marker_dag.py
[2022-07-14 16:31:23,041] {processor.py:641} INFO - Processing file /home/airflow/.local/lib/python3.7/site-packages/airflow/example_dags/example_external_task_marker_dag.py for tasks to queue
[2022-07-14 16:31:23,041] {logging_mixin.py:115} INFO - [2022-07-14 16:31:23,041] {dagbag.py:508} INFO - Filling up the DagBag from /home/airflow/.local/lib/python3.7/site-packages/airflow/example_dags/example_external_task_marker_dag.py
[2022-07-14 16:31:23,044] {processor.py:651} INFO - DAG(s) dict_keys(['example_external_task_marker_parent', 'example_external_task_marker_child']) retrieved from /home/airflow/.local/lib/python3.7/site-packages/airflow/example_dags/example_external_task_marker_dag.py
[2022-07-14 16:31:23,090] {logging_mixin.py:115} INFO - [2022-07-14 16:31:23,090] {dag.py:2420} INFO - Sync 2 DAGs
[2022-07-14 16:31:23,118] {logging_mixin.py:115} INFO - [2022-07-14 16:31:23,118] {dag.py:2972} INFO - Setting next_dagrun for example_external_task_marker_child to None, run_after=None
[2022-07-14 16:31:23,118] {logging_mixin.py:115} INFO - [2022-07-14 16:31:23,118] {dag.py:2972} INFO - Setting next_dagrun for example_external_task_marker_parent to None, run_after=None
[2022-07-14 16:31:23,158] {processor.py:161} INFO - Processing /home/airflow/.local/lib/python3.7/site-packages/airflow/example_dags/example_external_task_marker_dag.py took 0.121 seconds
[2022-07-14 16:31:53,666] {processor.py:153} INFO - Started process (PID=1659) to work on /home/airflow/.local/lib/python3.7/site-packages/airflow/example_dags/example_external_task_marker_dag.py
[2022-07-14 16:31:53,673] {processor.py:641} INFO - Processing file /home/airflow/.local/lib/python3.7/site-packages/airflow/example_dags/example_external_task_marker_dag.py for tasks to queue
[2022-07-14 16:31:53,673] {logging_mixin.py:115} INFO - [2022-07-14 16:31:53,673] {dagbag.py:508} INFO - Filling up the DagBag from /home/airflow/.local/lib/python3.7/site-packages/airflow/example_dags/example_external_task_marker_dag.py
[2022-07-14 16:31:53,678] {processor.py:651} INFO - DAG(s) dict_keys(['example_external_task_marker_parent', 'example_external_task_marker_child']) retrieved from /home/airflow/.local/lib/python3.7/site-packages/airflow/example_dags/example_external_task_marker_dag.py
[2022-07-14 16:31:53,744] {logging_mixin.py:115} INFO - [2022-07-14 16:31:53,744] {dag.py:2420} INFO - Sync 2 DAGs
[2022-07-14 16:31:53,774] {logging_mixin.py:115} INFO - [2022-07-14 16:31:53,774] {dag.py:2972} INFO - Setting next_dagrun for example_external_task_marker_child to None, run_after=None
[2022-07-14 16:31:53,774] {logging_mixin.py:115} INFO - [2022-07-14 16:31:53,774] {dag.py:2972} INFO - Setting next_dagrun for example_external_task_marker_parent to None, run_after=None
[2022-07-14 16:31:53,796] {processor.py:161} INFO - Processing /home/airflow/.local/lib/python3.7/site-packages/airflow/example_dags/example_external_task_marker_dag.py took 0.133 seconds
[2022-07-14 16:32:23,827] {processor.py:153} INFO - Started process (PID=1719) to work on /home/airflow/.local/lib/python3.7/site-packages/airflow/example_dags/example_external_task_marker_dag.py
[2022-07-14 16:32:23,828] {processor.py:641} INFO - Processing file /home/airflow/.local/lib/python3.7/site-packages/airflow/example_dags/example_external_task_marker_dag.py for tasks to queue
[2022-07-14 16:32:23,829] {logging_mixin.py:115} INFO - [2022-07-14 16:32:23,828] {dagbag.py:508} INFO - Filling up the DagBag from /home/airflow/.local/lib/python3.7/site-packages/airflow/example_dags/example_external_task_marker_dag.py
[2022-07-14 16:32:23,833] {processor.py:651} INFO - DAG(s) dict_keys(['example_external_task_marker_parent', 'example_external_task_marker_child']) retrieved from /home/airflow/.local/lib/python3.7/site-packages/airflow/example_dags/example_external_task_marker_dag.py
[2022-07-14 16:32:23,881] {logging_mixin.py:115} INFO - [2022-07-14 16:32:23,881] {dag.py:2420} INFO - Sync 2 DAGs
[2022-07-14 16:32:23,910] {logging_mixin.py:115} INFO - [2022-07-14 16:32:23,910] {dag.py:2972} INFO - Setting next_dagrun for example_external_task_marker_child to None, run_after=None
[2022-07-14 16:32:23,910] {logging_mixin.py:115} INFO - [2022-07-14 16:32:23,910] {dag.py:2972} INFO - Setting next_dagrun for example_external_task_marker_parent to None, run_after=None
[2022-07-14 16:32:23,940] {processor.py:161} INFO - Processing /home/airflow/.local/lib/python3.7/site-packages/airflow/example_dags/example_external_task_marker_dag.py took 0.115 seconds
[2022-07-14 16:32:54,113] {processor.py:153} INFO - Started process (PID=1771) to work on /home/airflow/.local/lib/python3.7/site-packages/airflow/example_dags/example_external_task_marker_dag.py
[2022-07-14 16:32:54,114] {processor.py:641} INFO - Processing file /home/airflow/.local/lib/python3.7/site-packages/airflow/example_dags/example_external_task_marker_dag.py for tasks to queue
[2022-07-14 16:32:54,114] {logging_mixin.py:115} INFO - [2022-07-14 16:32:54,114] {dagbag.py:508} INFO - Filling up the DagBag from /home/airflow/.local/lib/python3.7/site-packages/airflow/example_dags/example_external_task_marker_dag.py
[2022-07-14 16:32:54,117] {processor.py:651} INFO - DAG(s) dict_keys(['example_external_task_marker_parent', 'example_external_task_marker_child']) retrieved from /home/airflow/.local/lib/python3.7/site-packages/airflow/example_dags/example_external_task_marker_dag.py
[2022-07-14 16:32:54,168] {logging_mixin.py:115} INFO - [2022-07-14 16:32:54,168] {dag.py:2420} INFO - Sync 2 DAGs
[2022-07-14 16:32:54,195] {logging_mixin.py:115} INFO - [2022-07-14 16:32:54,195] {dag.py:2972} INFO - Setting next_dagrun for example_external_task_marker_child to None, run_after=None
[2022-07-14 16:32:54,195] {logging_mixin.py:115} INFO - [2022-07-14 16:32:54,195] {dag.py:2972} INFO - Setting next_dagrun for example_external_task_marker_parent to None, run_after=None
[2022-07-14 16:32:54,228] {processor.py:161} INFO - Processing /home/airflow/.local/lib/python3.7/site-packages/airflow/example_dags/example_external_task_marker_dag.py took 0.117 seconds
[2022-07-14 16:33:24,302] {processor.py:153} INFO - Started process (PID=1832) to work on /home/airflow/.local/lib/python3.7/site-packages/airflow/example_dags/example_external_task_marker_dag.py
[2022-07-14 16:33:24,303] {processor.py:641} INFO - Processing file /home/airflow/.local/lib/python3.7/site-packages/airflow/example_dags/example_external_task_marker_dag.py for tasks to queue
[2022-07-14 16:33:24,304] {logging_mixin.py:115} INFO - [2022-07-14 16:33:24,303] {dagbag.py:508} INFO - Filling up the DagBag from /home/airflow/.local/lib/python3.7/site-packages/airflow/example_dags/example_external_task_marker_dag.py
[2022-07-14 16:33:24,308] {processor.py:651} INFO - DAG(s) dict_keys(['example_external_task_marker_parent', 'example_external_task_marker_child']) retrieved from /home/airflow/.local/lib/python3.7/site-packages/airflow/example_dags/example_external_task_marker_dag.py
[2022-07-14 16:33:24,351] {logging_mixin.py:115} INFO - [2022-07-14 16:33:24,351] {dag.py:2420} INFO - Sync 2 DAGs
[2022-07-14 16:33:24,374] {logging_mixin.py:115} INFO - [2022-07-14 16:33:24,374] {dag.py:2972} INFO - Setting next_dagrun for example_external_task_marker_child to None, run_after=None
[2022-07-14 16:33:24,375] {logging_mixin.py:115} INFO - [2022-07-14 16:33:24,375] {dag.py:2972} INFO - Setting next_dagrun for example_external_task_marker_parent to None, run_after=None
[2022-07-14 16:33:24,387] {processor.py:161} INFO - Processing /home/airflow/.local/lib/python3.7/site-packages/airflow/example_dags/example_external_task_marker_dag.py took 0.087 seconds
[2022-07-14 16:33:54,552] {processor.py:153} INFO - Started process (PID=1892) to work on /home/airflow/.local/lib/python3.7/site-packages/airflow/example_dags/example_external_task_marker_dag.py
[2022-07-14 16:33:54,552] {processor.py:641} INFO - Processing file /home/airflow/.local/lib/python3.7/site-packages/airflow/example_dags/example_external_task_marker_dag.py for tasks to queue
[2022-07-14 16:33:54,553] {logging_mixin.py:115} INFO - [2022-07-14 16:33:54,553] {dagbag.py:508} INFO - Filling up the DagBag from /home/airflow/.local/lib/python3.7/site-packages/airflow/example_dags/example_external_task_marker_dag.py
[2022-07-14 16:33:54,556] {processor.py:651} INFO - DAG(s) dict_keys(['example_external_task_marker_parent', 'example_external_task_marker_child']) retrieved from /home/airflow/.local/lib/python3.7/site-packages/airflow/example_dags/example_external_task_marker_dag.py
[2022-07-14 16:33:54,597] {logging_mixin.py:115} INFO - [2022-07-14 16:33:54,597] {dag.py:2420} INFO - Sync 2 DAGs
[2022-07-14 16:33:54,617] {logging_mixin.py:115} INFO - [2022-07-14 16:33:54,617] {dag.py:2972} INFO - Setting next_dagrun for example_external_task_marker_child to None, run_after=None
[2022-07-14 16:33:54,617] {logging_mixin.py:115} INFO - [2022-07-14 16:33:54,617] {dag.py:2972} INFO - Setting next_dagrun for example_external_task_marker_parent to None, run_after=None
[2022-07-14 16:33:54,648] {processor.py:161} INFO - Processing /home/airflow/.local/lib/python3.7/site-packages/airflow/example_dags/example_external_task_marker_dag.py took 0.099 seconds
[2022-07-14 16:34:25,015] {processor.py:153} INFO - Started process (PID=1944) to work on /home/airflow/.local/lib/python3.7/site-packages/airflow/example_dags/example_external_task_marker_dag.py
[2022-07-14 16:34:25,016] {processor.py:641} INFO - Processing file /home/airflow/.local/lib/python3.7/site-packages/airflow/example_dags/example_external_task_marker_dag.py for tasks to queue
[2022-07-14 16:34:25,016] {logging_mixin.py:115} INFO - [2022-07-14 16:34:25,016] {dagbag.py:508} INFO - Filling up the DagBag from /home/airflow/.local/lib/python3.7/site-packages/airflow/example_dags/example_external_task_marker_dag.py
[2022-07-14 16:34:25,021] {processor.py:651} INFO - DAG(s) dict_keys(['example_external_task_marker_parent', 'example_external_task_marker_child']) retrieved from /home/airflow/.local/lib/python3.7/site-packages/airflow/example_dags/example_external_task_marker_dag.py
[2022-07-14 16:34:25,073] {logging_mixin.py:115} INFO - [2022-07-14 16:34:25,073] {dag.py:2420} INFO - Sync 2 DAGs
[2022-07-14 16:34:25,117] {logging_mixin.py:115} INFO - [2022-07-14 16:34:25,117] {dag.py:2972} INFO - Setting next_dagrun for example_external_task_marker_child to None, run_after=None
[2022-07-14 16:34:25,118] {logging_mixin.py:115} INFO - [2022-07-14 16:34:25,118] {dag.py:2972} INFO - Setting next_dagrun for example_external_task_marker_parent to None, run_after=None
[2022-07-14 16:34:25,165] {processor.py:161} INFO - Processing /home/airflow/.local/lib/python3.7/site-packages/airflow/example_dags/example_external_task_marker_dag.py took 0.154 seconds
[2022-07-14 16:34:55,821] {processor.py:153} INFO - Started process (PID=2005) to work on /home/airflow/.local/lib/python3.7/site-packages/airflow/example_dags/example_external_task_marker_dag.py
[2022-07-14 16:34:55,822] {processor.py:641} INFO - Processing file /home/airflow/.local/lib/python3.7/site-packages/airflow/example_dags/example_external_task_marker_dag.py for tasks to queue
[2022-07-14 16:34:55,823] {logging_mixin.py:115} INFO - [2022-07-14 16:34:55,823] {dagbag.py:508} INFO - Filling up the DagBag from /home/airflow/.local/lib/python3.7/site-packages/airflow/example_dags/example_external_task_marker_dag.py
[2022-07-14 16:34:55,827] {processor.py:651} INFO - DAG(s) dict_keys(['example_external_task_marker_parent', 'example_external_task_marker_child']) retrieved from /home/airflow/.local/lib/python3.7/site-packages/airflow/example_dags/example_external_task_marker_dag.py
[2022-07-14 16:34:55,881] {logging_mixin.py:115} INFO - [2022-07-14 16:34:55,881] {dag.py:2420} INFO - Sync 2 DAGs
[2022-07-14 16:34:55,911] {logging_mixin.py:115} INFO - [2022-07-14 16:34:55,911] {dag.py:2972} INFO - Setting next_dagrun for example_external_task_marker_child to None, run_after=None
[2022-07-14 16:34:55,912] {logging_mixin.py:115} INFO - [2022-07-14 16:34:55,912] {dag.py:2972} INFO - Setting next_dagrun for example_external_task_marker_parent to None, run_after=None
[2022-07-14 16:34:55,952] {processor.py:161} INFO - Processing /home/airflow/.local/lib/python3.7/site-packages/airflow/example_dags/example_external_task_marker_dag.py took 0.134 seconds
[2022-07-14 16:35:26,923] {processor.py:153} INFO - Started process (PID=2057) to work on /home/airflow/.local/lib/python3.7/site-packages/airflow/example_dags/example_external_task_marker_dag.py
[2022-07-14 16:35:26,924] {processor.py:641} INFO - Processing file /home/airflow/.local/lib/python3.7/site-packages/airflow/example_dags/example_external_task_marker_dag.py for tasks to queue
[2022-07-14 16:35:26,924] {logging_mixin.py:115} INFO - [2022-07-14 16:35:26,924] {dagbag.py:508} INFO - Filling up the DagBag from /home/airflow/.local/lib/python3.7/site-packages/airflow/example_dags/example_external_task_marker_dag.py
[2022-07-14 16:35:26,928] {processor.py:651} INFO - DAG(s) dict_keys(['example_external_task_marker_parent', 'example_external_task_marker_child']) retrieved from /home/airflow/.local/lib/python3.7/site-packages/airflow/example_dags/example_external_task_marker_dag.py
[2022-07-14 16:35:26,966] {logging_mixin.py:115} INFO - [2022-07-14 16:35:26,966] {dag.py:2420} INFO - Sync 2 DAGs
[2022-07-14 16:35:26,985] {logging_mixin.py:115} INFO - [2022-07-14 16:35:26,985] {dag.py:2972} INFO - Setting next_dagrun for example_external_task_marker_child to None, run_after=None
[2022-07-14 16:35:26,985] {logging_mixin.py:115} INFO - [2022-07-14 16:35:26,985] {dag.py:2972} INFO - Setting next_dagrun for example_external_task_marker_parent to None, run_after=None
[2022-07-14 16:35:27,021] {processor.py:161} INFO - Processing /home/airflow/.local/lib/python3.7/site-packages/airflow/example_dags/example_external_task_marker_dag.py took 0.100 seconds
[2022-07-14 16:35:57,305] {processor.py:153} INFO - Started process (PID=2117) to work on /home/airflow/.local/lib/python3.7/site-packages/airflow/example_dags/example_external_task_marker_dag.py
[2022-07-14 16:35:57,305] {processor.py:641} INFO - Processing file /home/airflow/.local/lib/python3.7/site-packages/airflow/example_dags/example_external_task_marker_dag.py for tasks to queue
[2022-07-14 16:35:57,306] {logging_mixin.py:115} INFO - [2022-07-14 16:35:57,306] {dagbag.py:508} INFO - Filling up the DagBag from /home/airflow/.local/lib/python3.7/site-packages/airflow/example_dags/example_external_task_marker_dag.py
[2022-07-14 16:35:57,310] {processor.py:651} INFO - DAG(s) dict_keys(['example_external_task_marker_parent', 'example_external_task_marker_child']) retrieved from /home/airflow/.local/lib/python3.7/site-packages/airflow/example_dags/example_external_task_marker_dag.py
[2022-07-14 16:35:57,364] {logging_mixin.py:115} INFO - [2022-07-14 16:35:57,364] {dag.py:2420} INFO - Sync 2 DAGs
[2022-07-14 16:35:57,392] {logging_mixin.py:115} INFO - [2022-07-14 16:35:57,392] {dag.py:2972} INFO - Setting next_dagrun for example_external_task_marker_child to None, run_after=None
[2022-07-14 16:35:57,393] {logging_mixin.py:115} INFO - [2022-07-14 16:35:57,393] {dag.py:2972} INFO - Setting next_dagrun for example_external_task_marker_parent to None, run_after=None
[2022-07-14 16:35:57,420] {processor.py:161} INFO - Processing /home/airflow/.local/lib/python3.7/site-packages/airflow/example_dags/example_external_task_marker_dag.py took 0.119 seconds
