[2022-07-14 16:17:03,376] {processor.py:153} INFO - Started process (PID=63) to work on /home/airflow/.local/lib/python3.7/site-packages/airflow/example_dags/example_bash_operator.py
[2022-07-14 16:17:03,376] {processor.py:641} INFO - Processing file /home/airflow/.local/lib/python3.7/site-packages/airflow/example_dags/example_bash_operator.py for tasks to queue
[2022-07-14 16:17:03,377] {logging_mixin.py:115} INFO - [2022-07-14 16:17:03,377] {dagbag.py:508} INFO - Filling up the DagBag from /home/airflow/.local/lib/python3.7/site-packages/airflow/example_dags/example_bash_operator.py
[2022-07-14 16:17:03,414] {processor.py:651} INFO - DAG(s) dict_keys(['example_bash_operator']) retrieved from /home/airflow/.local/lib/python3.7/site-packages/airflow/example_dags/example_bash_operator.py
[2022-07-14 16:17:03,732] {logging_mixin.py:115} INFO - [2022-07-14 16:17:03,732] {manager.py:508} INFO - Created Permission View: can delete on DAG:example_bash_operator
[2022-07-14 16:17:03,768] {logging_mixin.py:115} INFO - [2022-07-14 16:17:03,768] {manager.py:508} INFO - Created Permission View: can read on DAG:example_bash_operator
[2022-07-14 16:17:03,790] {logging_mixin.py:115} INFO - [2022-07-14 16:17:03,790] {manager.py:508} INFO - Created Permission View: can edit on DAG:example_bash_operator
[2022-07-14 16:17:03,790] {logging_mixin.py:115} INFO - [2022-07-14 16:17:03,790] {dag.py:2420} INFO - Sync 1 DAGs
[2022-07-14 16:17:03,821] {logging_mixin.py:115} INFO - [2022-07-14 16:17:03,821] {dag.py:2439} INFO - Creating ORM DAG for example_bash_operator
[2022-07-14 16:17:03,881] {logging_mixin.py:115} INFO - [2022-07-14 16:17:03,881] {dag.py:2972} INFO - Setting next_dagrun for example_bash_operator to 2022-07-13T00:00:00+00:00, run_after=2022-07-14T00:00:00+00:00
[2022-07-14 16:17:03,921] {processor.py:161} INFO - Processing /home/airflow/.local/lib/python3.7/site-packages/airflow/example_dags/example_bash_operator.py took 0.561 seconds
[2022-07-14 16:17:34,144] {processor.py:153} INFO - Started process (PID=113) to work on /home/airflow/.local/lib/python3.7/site-packages/airflow/example_dags/example_bash_operator.py
[2022-07-14 16:17:34,146] {processor.py:641} INFO - Processing file /home/airflow/.local/lib/python3.7/site-packages/airflow/example_dags/example_bash_operator.py for tasks to queue
[2022-07-14 16:17:34,146] {logging_mixin.py:115} INFO - [2022-07-14 16:17:34,146] {dagbag.py:508} INFO - Filling up the DagBag from /home/airflow/.local/lib/python3.7/site-packages/airflow/example_dags/example_bash_operator.py
[2022-07-14 16:17:34,170] {processor.py:651} INFO - DAG(s) dict_keys(['example_bash_operator']) retrieved from /home/airflow/.local/lib/python3.7/site-packages/airflow/example_dags/example_bash_operator.py
[2022-07-14 16:17:34,220] {logging_mixin.py:115} INFO - [2022-07-14 16:17:34,220] {dag.py:2420} INFO - Sync 1 DAGs
[2022-07-14 16:17:34,261] {logging_mixin.py:115} INFO - [2022-07-14 16:17:34,261] {dag.py:2972} INFO - Setting next_dagrun for example_bash_operator to 2022-07-13T00:00:00+00:00, run_after=2022-07-14T00:00:00+00:00
[2022-07-14 16:17:34,302] {processor.py:161} INFO - Processing /home/airflow/.local/lib/python3.7/site-packages/airflow/example_dags/example_bash_operator.py took 0.164 seconds
[2022-07-14 16:18:04,395] {processor.py:153} INFO - Started process (PID=165) to work on /home/airflow/.local/lib/python3.7/site-packages/airflow/example_dags/example_bash_operator.py
[2022-07-14 16:18:04,396] {processor.py:641} INFO - Processing file /home/airflow/.local/lib/python3.7/site-packages/airflow/example_dags/example_bash_operator.py for tasks to queue
[2022-07-14 16:18:04,396] {logging_mixin.py:115} INFO - [2022-07-14 16:18:04,396] {dagbag.py:508} INFO - Filling up the DagBag from /home/airflow/.local/lib/python3.7/site-packages/airflow/example_dags/example_bash_operator.py
[2022-07-14 16:18:04,421] {processor.py:651} INFO - DAG(s) dict_keys(['example_bash_operator']) retrieved from /home/airflow/.local/lib/python3.7/site-packages/airflow/example_dags/example_bash_operator.py
[2022-07-14 16:18:04,457] {logging_mixin.py:115} INFO - [2022-07-14 16:18:04,457] {dag.py:2420} INFO - Sync 1 DAGs
[2022-07-14 16:18:04,495] {logging_mixin.py:115} INFO - [2022-07-14 16:18:04,494] {dag.py:2972} INFO - Setting next_dagrun for example_bash_operator to 2022-07-13T00:00:00+00:00, run_after=2022-07-14T00:00:00+00:00
[2022-07-14 16:18:04,511] {processor.py:161} INFO - Processing /home/airflow/.local/lib/python3.7/site-packages/airflow/example_dags/example_bash_operator.py took 0.120 seconds
[2022-07-14 16:18:35,246] {processor.py:153} INFO - Started process (PID=226) to work on /home/airflow/.local/lib/python3.7/site-packages/airflow/example_dags/example_bash_operator.py
[2022-07-14 16:18:35,272] {processor.py:641} INFO - Processing file /home/airflow/.local/lib/python3.7/site-packages/airflow/example_dags/example_bash_operator.py for tasks to queue
[2022-07-14 16:18:35,273] {logging_mixin.py:115} INFO - [2022-07-14 16:18:35,272] {dagbag.py:508} INFO - Filling up the DagBag from /home/airflow/.local/lib/python3.7/site-packages/airflow/example_dags/example_bash_operator.py
[2022-07-14 16:18:35,319] {processor.py:651} INFO - DAG(s) dict_keys(['example_bash_operator']) retrieved from /home/airflow/.local/lib/python3.7/site-packages/airflow/example_dags/example_bash_operator.py
[2022-07-14 16:18:35,377] {logging_mixin.py:115} INFO - [2022-07-14 16:18:35,377] {dag.py:2420} INFO - Sync 1 DAGs
[2022-07-14 16:18:35,418] {logging_mixin.py:115} INFO - [2022-07-14 16:18:35,418] {dag.py:2972} INFO - Setting next_dagrun for example_bash_operator to 2022-07-13T00:00:00+00:00, run_after=2022-07-14T00:00:00+00:00
[2022-07-14 16:18:35,462] {processor.py:161} INFO - Processing /home/airflow/.local/lib/python3.7/site-packages/airflow/example_dags/example_bash_operator.py took 0.229 seconds
[2022-07-14 16:19:05,751] {processor.py:153} INFO - Started process (PID=277) to work on /home/airflow/.local/lib/python3.7/site-packages/airflow/example_dags/example_bash_operator.py
[2022-07-14 16:19:05,751] {processor.py:641} INFO - Processing file /home/airflow/.local/lib/python3.7/site-packages/airflow/example_dags/example_bash_operator.py for tasks to queue
[2022-07-14 16:19:05,752] {logging_mixin.py:115} INFO - [2022-07-14 16:19:05,752] {dagbag.py:508} INFO - Filling up the DagBag from /home/airflow/.local/lib/python3.7/site-packages/airflow/example_dags/example_bash_operator.py
[2022-07-14 16:19:05,767] {processor.py:651} INFO - DAG(s) dict_keys(['example_bash_operator']) retrieved from /home/airflow/.local/lib/python3.7/site-packages/airflow/example_dags/example_bash_operator.py
[2022-07-14 16:19:05,809] {logging_mixin.py:115} INFO - [2022-07-14 16:19:05,809] {dag.py:2420} INFO - Sync 1 DAGs
[2022-07-14 16:19:05,848] {logging_mixin.py:115} INFO - [2022-07-14 16:19:05,848] {dag.py:2972} INFO - Setting next_dagrun for example_bash_operator to 2022-07-13T00:00:00+00:00, run_after=2022-07-14T00:00:00+00:00
[2022-07-14 16:19:05,891] {processor.py:161} INFO - Processing /home/airflow/.local/lib/python3.7/site-packages/airflow/example_dags/example_bash_operator.py took 0.143 seconds
[2022-07-14 16:19:36,075] {processor.py:153} INFO - Started process (PID=328) to work on /home/airflow/.local/lib/python3.7/site-packages/airflow/example_dags/example_bash_operator.py
[2022-07-14 16:19:36,076] {processor.py:641} INFO - Processing file /home/airflow/.local/lib/python3.7/site-packages/airflow/example_dags/example_bash_operator.py for tasks to queue
[2022-07-14 16:19:36,077] {logging_mixin.py:115} INFO - [2022-07-14 16:19:36,076] {dagbag.py:508} INFO - Filling up the DagBag from /home/airflow/.local/lib/python3.7/site-packages/airflow/example_dags/example_bash_operator.py
[2022-07-14 16:19:36,091] {processor.py:651} INFO - DAG(s) dict_keys(['example_bash_operator']) retrieved from /home/airflow/.local/lib/python3.7/site-packages/airflow/example_dags/example_bash_operator.py
[2022-07-14 16:19:36,140] {logging_mixin.py:115} INFO - [2022-07-14 16:19:36,140] {dag.py:2420} INFO - Sync 1 DAGs
[2022-07-14 16:19:36,192] {logging_mixin.py:115} INFO - [2022-07-14 16:19:36,191] {dag.py:2972} INFO - Setting next_dagrun for example_bash_operator to 2022-07-13T00:00:00+00:00, run_after=2022-07-14T00:00:00+00:00
[2022-07-14 16:19:36,254] {processor.py:161} INFO - Processing /home/airflow/.local/lib/python3.7/site-packages/airflow/example_dags/example_bash_operator.py took 0.183 seconds
[2022-07-14 16:20:07,230] {processor.py:153} INFO - Started process (PID=386) to work on /home/airflow/.local/lib/python3.7/site-packages/airflow/example_dags/example_bash_operator.py
[2022-07-14 16:20:07,247] {processor.py:641} INFO - Processing file /home/airflow/.local/lib/python3.7/site-packages/airflow/example_dags/example_bash_operator.py for tasks to queue
[2022-07-14 16:20:07,249] {logging_mixin.py:115} INFO - [2022-07-14 16:20:07,248] {dagbag.py:508} INFO - Filling up the DagBag from /home/airflow/.local/lib/python3.7/site-packages/airflow/example_dags/example_bash_operator.py
[2022-07-14 16:20:07,321] {processor.py:651} INFO - DAG(s) dict_keys(['example_bash_operator']) retrieved from /home/airflow/.local/lib/python3.7/site-packages/airflow/example_dags/example_bash_operator.py
[2022-07-14 16:20:07,473] {logging_mixin.py:115} INFO - [2022-07-14 16:20:07,473] {dag.py:2420} INFO - Sync 1 DAGs
[2022-07-14 16:20:07,579] {logging_mixin.py:115} INFO - [2022-07-14 16:20:07,579] {dag.py:2972} INFO - Setting next_dagrun for example_bash_operator to 2022-07-13T00:00:00+00:00, run_after=2022-07-14T00:00:00+00:00
[2022-07-14 16:20:07,638] {processor.py:161} INFO - Processing /home/airflow/.local/lib/python3.7/site-packages/airflow/example_dags/example_bash_operator.py took 0.420 seconds
[2022-07-14 16:20:38,522] {processor.py:153} INFO - Started process (PID=439) to work on /home/airflow/.local/lib/python3.7/site-packages/airflow/example_dags/example_bash_operator.py
[2022-07-14 16:20:38,552] {processor.py:641} INFO - Processing file /home/airflow/.local/lib/python3.7/site-packages/airflow/example_dags/example_bash_operator.py for tasks to queue
[2022-07-14 16:20:38,552] {logging_mixin.py:115} INFO - [2022-07-14 16:20:38,552] {dagbag.py:508} INFO - Filling up the DagBag from /home/airflow/.local/lib/python3.7/site-packages/airflow/example_dags/example_bash_operator.py
[2022-07-14 16:20:38,567] {processor.py:651} INFO - DAG(s) dict_keys(['example_bash_operator']) retrieved from /home/airflow/.local/lib/python3.7/site-packages/airflow/example_dags/example_bash_operator.py
[2022-07-14 16:20:38,634] {logging_mixin.py:115} INFO - [2022-07-14 16:20:38,634] {dag.py:2420} INFO - Sync 1 DAGs
[2022-07-14 16:20:38,691] {logging_mixin.py:115} INFO - [2022-07-14 16:20:38,690] {dag.py:2972} INFO - Setting next_dagrun for example_bash_operator to 2022-07-13T00:00:00+00:00, run_after=2022-07-14T00:00:00+00:00
[2022-07-14 16:20:38,738] {processor.py:161} INFO - Processing /home/airflow/.local/lib/python3.7/site-packages/airflow/example_dags/example_bash_operator.py took 0.220 seconds
[2022-07-14 16:21:08,773] {processor.py:153} INFO - Started process (PID=491) to work on /home/airflow/.local/lib/python3.7/site-packages/airflow/example_dags/example_bash_operator.py
[2022-07-14 16:21:08,775] {processor.py:641} INFO - Processing file /home/airflow/.local/lib/python3.7/site-packages/airflow/example_dags/example_bash_operator.py for tasks to queue
[2022-07-14 16:21:08,776] {logging_mixin.py:115} INFO - [2022-07-14 16:21:08,776] {dagbag.py:508} INFO - Filling up the DagBag from /home/airflow/.local/lib/python3.7/site-packages/airflow/example_dags/example_bash_operator.py
[2022-07-14 16:21:08,793] {processor.py:651} INFO - DAG(s) dict_keys(['example_bash_operator']) retrieved from /home/airflow/.local/lib/python3.7/site-packages/airflow/example_dags/example_bash_operator.py
[2022-07-14 16:21:08,831] {logging_mixin.py:115} INFO - [2022-07-14 16:21:08,831] {dag.py:2420} INFO - Sync 1 DAGs
[2022-07-14 16:21:08,867] {logging_mixin.py:115} INFO - [2022-07-14 16:21:08,867] {dag.py:2972} INFO - Setting next_dagrun for example_bash_operator to 2022-07-13T00:00:00+00:00, run_after=2022-07-14T00:00:00+00:00
[2022-07-14 16:21:08,924] {processor.py:161} INFO - Processing /home/airflow/.local/lib/python3.7/site-packages/airflow/example_dags/example_bash_operator.py took 0.154 seconds
[2022-07-14 16:21:39,526] {processor.py:153} INFO - Started process (PID=543) to work on /home/airflow/.local/lib/python3.7/site-packages/airflow/example_dags/example_bash_operator.py
[2022-07-14 16:21:39,527] {processor.py:641} INFO - Processing file /home/airflow/.local/lib/python3.7/site-packages/airflow/example_dags/example_bash_operator.py for tasks to queue
[2022-07-14 16:21:39,528] {logging_mixin.py:115} INFO - [2022-07-14 16:21:39,527] {dagbag.py:508} INFO - Filling up the DagBag from /home/airflow/.local/lib/python3.7/site-packages/airflow/example_dags/example_bash_operator.py
[2022-07-14 16:21:39,553] {processor.py:651} INFO - DAG(s) dict_keys(['example_bash_operator']) retrieved from /home/airflow/.local/lib/python3.7/site-packages/airflow/example_dags/example_bash_operator.py
[2022-07-14 16:21:39,624] {logging_mixin.py:115} INFO - [2022-07-14 16:21:39,624] {dag.py:2420} INFO - Sync 1 DAGs
[2022-07-14 16:21:39,678] {logging_mixin.py:115} INFO - [2022-07-14 16:21:39,678] {dag.py:2972} INFO - Setting next_dagrun for example_bash_operator to 2022-07-13T00:00:00+00:00, run_after=2022-07-14T00:00:00+00:00
[2022-07-14 16:21:39,695] {processor.py:161} INFO - Processing /home/airflow/.local/lib/python3.7/site-packages/airflow/example_dags/example_bash_operator.py took 0.172 seconds
[2022-07-14 16:22:10,225] {processor.py:153} INFO - Started process (PID=603) to work on /home/airflow/.local/lib/python3.7/site-packages/airflow/example_dags/example_bash_operator.py
[2022-07-14 16:22:10,226] {processor.py:641} INFO - Processing file /home/airflow/.local/lib/python3.7/site-packages/airflow/example_dags/example_bash_operator.py for tasks to queue
[2022-07-14 16:22:10,227] {logging_mixin.py:115} INFO - [2022-07-14 16:22:10,227] {dagbag.py:508} INFO - Filling up the DagBag from /home/airflow/.local/lib/python3.7/site-packages/airflow/example_dags/example_bash_operator.py
[2022-07-14 16:22:10,241] {processor.py:651} INFO - DAG(s) dict_keys(['example_bash_operator']) retrieved from /home/airflow/.local/lib/python3.7/site-packages/airflow/example_dags/example_bash_operator.py
[2022-07-14 16:22:10,279] {logging_mixin.py:115} INFO - [2022-07-14 16:22:10,279] {dag.py:2420} INFO - Sync 1 DAGs
[2022-07-14 16:22:10,322] {logging_mixin.py:115} INFO - [2022-07-14 16:22:10,322] {dag.py:2972} INFO - Setting next_dagrun for example_bash_operator to 2022-07-13T00:00:00+00:00, run_after=2022-07-14T00:00:00+00:00
[2022-07-14 16:22:10,371] {processor.py:161} INFO - Processing /home/airflow/.local/lib/python3.7/site-packages/airflow/example_dags/example_bash_operator.py took 0.150 seconds
[2022-07-14 16:22:41,637] {processor.py:153} INFO - Started process (PID=655) to work on /home/airflow/.local/lib/python3.7/site-packages/airflow/example_dags/example_bash_operator.py
[2022-07-14 16:22:41,637] {processor.py:641} INFO - Processing file /home/airflow/.local/lib/python3.7/site-packages/airflow/example_dags/example_bash_operator.py for tasks to queue
[2022-07-14 16:22:41,638] {logging_mixin.py:115} INFO - [2022-07-14 16:22:41,638] {dagbag.py:508} INFO - Filling up the DagBag from /home/airflow/.local/lib/python3.7/site-packages/airflow/example_dags/example_bash_operator.py
[2022-07-14 16:22:41,655] {processor.py:651} INFO - DAG(s) dict_keys(['example_bash_operator']) retrieved from /home/airflow/.local/lib/python3.7/site-packages/airflow/example_dags/example_bash_operator.py
[2022-07-14 16:22:41,691] {logging_mixin.py:115} INFO - [2022-07-14 16:22:41,691] {dag.py:2420} INFO - Sync 1 DAGs
[2022-07-14 16:22:41,728] {logging_mixin.py:115} INFO - [2022-07-14 16:22:41,727] {dag.py:2972} INFO - Setting next_dagrun for example_bash_operator to 2022-07-13T00:00:00+00:00, run_after=2022-07-14T00:00:00+00:00
[2022-07-14 16:22:41,767] {processor.py:161} INFO - Processing /home/airflow/.local/lib/python3.7/site-packages/airflow/example_dags/example_bash_operator.py took 0.134 seconds
[2022-07-14 16:23:12,001] {processor.py:153} INFO - Started process (PID=716) to work on /home/airflow/.local/lib/python3.7/site-packages/airflow/example_dags/example_bash_operator.py
[2022-07-14 16:23:12,007] {processor.py:641} INFO - Processing file /home/airflow/.local/lib/python3.7/site-packages/airflow/example_dags/example_bash_operator.py for tasks to queue
[2022-07-14 16:23:12,007] {logging_mixin.py:115} INFO - [2022-07-14 16:23:12,007] {dagbag.py:508} INFO - Filling up the DagBag from /home/airflow/.local/lib/python3.7/site-packages/airflow/example_dags/example_bash_operator.py
[2022-07-14 16:23:12,046] {processor.py:651} INFO - DAG(s) dict_keys(['example_bash_operator']) retrieved from /home/airflow/.local/lib/python3.7/site-packages/airflow/example_dags/example_bash_operator.py
[2022-07-14 16:23:12,087] {logging_mixin.py:115} INFO - [2022-07-14 16:23:12,087] {dag.py:2420} INFO - Sync 1 DAGs
[2022-07-14 16:23:12,131] {logging_mixin.py:115} INFO - [2022-07-14 16:23:12,131] {dag.py:2972} INFO - Setting next_dagrun for example_bash_operator to 2022-07-13T00:00:00+00:00, run_after=2022-07-14T00:00:00+00:00
[2022-07-14 16:23:12,150] {processor.py:161} INFO - Processing /home/airflow/.local/lib/python3.7/site-packages/airflow/example_dags/example_bash_operator.py took 0.153 seconds
[2022-07-14 16:23:42,497] {processor.py:153} INFO - Started process (PID=767) to work on /home/airflow/.local/lib/python3.7/site-packages/airflow/example_dags/example_bash_operator.py
[2022-07-14 16:23:42,498] {processor.py:641} INFO - Processing file /home/airflow/.local/lib/python3.7/site-packages/airflow/example_dags/example_bash_operator.py for tasks to queue
[2022-07-14 16:23:42,499] {logging_mixin.py:115} INFO - [2022-07-14 16:23:42,499] {dagbag.py:508} INFO - Filling up the DagBag from /home/airflow/.local/lib/python3.7/site-packages/airflow/example_dags/example_bash_operator.py
[2022-07-14 16:23:42,523] {processor.py:651} INFO - DAG(s) dict_keys(['example_bash_operator']) retrieved from /home/airflow/.local/lib/python3.7/site-packages/airflow/example_dags/example_bash_operator.py
[2022-07-14 16:23:42,573] {logging_mixin.py:115} INFO - [2022-07-14 16:23:42,573] {dag.py:2420} INFO - Sync 1 DAGs
[2022-07-14 16:23:42,615] {logging_mixin.py:115} INFO - [2022-07-14 16:23:42,615] {dag.py:2972} INFO - Setting next_dagrun for example_bash_operator to 2022-07-13T00:00:00+00:00, run_after=2022-07-14T00:00:00+00:00
[2022-07-14 16:23:42,670] {processor.py:161} INFO - Processing /home/airflow/.local/lib/python3.7/site-packages/airflow/example_dags/example_bash_operator.py took 0.180 seconds
[2022-07-14 16:24:12,769] {processor.py:153} INFO - Started process (PID=818) to work on /home/airflow/.local/lib/python3.7/site-packages/airflow/example_dags/example_bash_operator.py
[2022-07-14 16:24:12,770] {processor.py:641} INFO - Processing file /home/airflow/.local/lib/python3.7/site-packages/airflow/example_dags/example_bash_operator.py for tasks to queue
[2022-07-14 16:24:12,771] {logging_mixin.py:115} INFO - [2022-07-14 16:24:12,771] {dagbag.py:508} INFO - Filling up the DagBag from /home/airflow/.local/lib/python3.7/site-packages/airflow/example_dags/example_bash_operator.py
[2022-07-14 16:24:12,789] {processor.py:651} INFO - DAG(s) dict_keys(['example_bash_operator']) retrieved from /home/airflow/.local/lib/python3.7/site-packages/airflow/example_dags/example_bash_operator.py
[2022-07-14 16:24:12,825] {logging_mixin.py:115} INFO - [2022-07-14 16:24:12,824] {dag.py:2420} INFO - Sync 1 DAGs
[2022-07-14 16:24:12,862] {logging_mixin.py:115} INFO - [2022-07-14 16:24:12,861] {dag.py:2972} INFO - Setting next_dagrun for example_bash_operator to 2022-07-13T00:00:00+00:00, run_after=2022-07-14T00:00:00+00:00
[2022-07-14 16:24:12,881] {processor.py:161} INFO - Processing /home/airflow/.local/lib/python3.7/site-packages/airflow/example_dags/example_bash_operator.py took 0.118 seconds
[2022-07-14 16:24:43,196] {processor.py:153} INFO - Started process (PID=877) to work on /home/airflow/.local/lib/python3.7/site-packages/airflow/example_dags/example_bash_operator.py
[2022-07-14 16:24:43,197] {processor.py:641} INFO - Processing file /home/airflow/.local/lib/python3.7/site-packages/airflow/example_dags/example_bash_operator.py for tasks to queue
[2022-07-14 16:24:43,197] {logging_mixin.py:115} INFO - [2022-07-14 16:24:43,197] {dagbag.py:508} INFO - Filling up the DagBag from /home/airflow/.local/lib/python3.7/site-packages/airflow/example_dags/example_bash_operator.py
[2022-07-14 16:24:43,214] {processor.py:651} INFO - DAG(s) dict_keys(['example_bash_operator']) retrieved from /home/airflow/.local/lib/python3.7/site-packages/airflow/example_dags/example_bash_operator.py
[2022-07-14 16:24:43,248] {logging_mixin.py:115} INFO - [2022-07-14 16:24:43,247] {dag.py:2420} INFO - Sync 1 DAGs
[2022-07-14 16:24:43,299] {logging_mixin.py:115} INFO - [2022-07-14 16:24:43,299] {dag.py:2972} INFO - Setting next_dagrun for example_bash_operator to 2022-07-13T00:00:00+00:00, run_after=2022-07-14T00:00:00+00:00
[2022-07-14 16:24:43,322] {processor.py:161} INFO - Processing /home/airflow/.local/lib/python3.7/site-packages/airflow/example_dags/example_bash_operator.py took 0.130 seconds
[2022-07-14 16:25:14,181] {processor.py:153} INFO - Started process (PID=929) to work on /home/airflow/.local/lib/python3.7/site-packages/airflow/example_dags/example_bash_operator.py
[2022-07-14 16:25:14,182] {processor.py:641} INFO - Processing file /home/airflow/.local/lib/python3.7/site-packages/airflow/example_dags/example_bash_operator.py for tasks to queue
[2022-07-14 16:25:14,183] {logging_mixin.py:115} INFO - [2022-07-14 16:25:14,183] {dagbag.py:508} INFO - Filling up the DagBag from /home/airflow/.local/lib/python3.7/site-packages/airflow/example_dags/example_bash_operator.py
[2022-07-14 16:25:14,213] {processor.py:651} INFO - DAG(s) dict_keys(['example_bash_operator']) retrieved from /home/airflow/.local/lib/python3.7/site-packages/airflow/example_dags/example_bash_operator.py
[2022-07-14 16:25:14,283] {logging_mixin.py:115} INFO - [2022-07-14 16:25:14,283] {dag.py:2420} INFO - Sync 1 DAGs
[2022-07-14 16:25:14,320] {logging_mixin.py:115} INFO - [2022-07-14 16:25:14,320] {dag.py:2972} INFO - Setting next_dagrun for example_bash_operator to 2022-07-13T00:00:00+00:00, run_after=2022-07-14T00:00:00+00:00
[2022-07-14 16:25:14,358] {processor.py:161} INFO - Processing /home/airflow/.local/lib/python3.7/site-packages/airflow/example_dags/example_bash_operator.py took 0.181 seconds
[2022-07-14 16:25:45,023] {processor.py:153} INFO - Started process (PID=988) to work on /home/airflow/.local/lib/python3.7/site-packages/airflow/example_dags/example_bash_operator.py
[2022-07-14 16:25:45,024] {processor.py:641} INFO - Processing file /home/airflow/.local/lib/python3.7/site-packages/airflow/example_dags/example_bash_operator.py for tasks to queue
[2022-07-14 16:25:45,024] {logging_mixin.py:115} INFO - [2022-07-14 16:25:45,024] {dagbag.py:508} INFO - Filling up the DagBag from /home/airflow/.local/lib/python3.7/site-packages/airflow/example_dags/example_bash_operator.py
[2022-07-14 16:25:45,039] {processor.py:651} INFO - DAG(s) dict_keys(['example_bash_operator']) retrieved from /home/airflow/.local/lib/python3.7/site-packages/airflow/example_dags/example_bash_operator.py
[2022-07-14 16:25:45,075] {logging_mixin.py:115} INFO - [2022-07-14 16:25:45,075] {dag.py:2420} INFO - Sync 1 DAGs
[2022-07-14 16:25:45,117] {logging_mixin.py:115} INFO - [2022-07-14 16:25:45,117] {dag.py:2972} INFO - Setting next_dagrun for example_bash_operator to 2022-07-13T00:00:00+00:00, run_after=2022-07-14T00:00:00+00:00
[2022-07-14 16:25:45,143] {processor.py:161} INFO - Processing /home/airflow/.local/lib/python3.7/site-packages/airflow/example_dags/example_bash_operator.py took 0.124 seconds
[2022-07-14 16:26:15,300] {processor.py:153} INFO - Started process (PID=1039) to work on /home/airflow/.local/lib/python3.7/site-packages/airflow/example_dags/example_bash_operator.py
[2022-07-14 16:26:15,303] {processor.py:641} INFO - Processing file /home/airflow/.local/lib/python3.7/site-packages/airflow/example_dags/example_bash_operator.py for tasks to queue
[2022-07-14 16:26:15,303] {logging_mixin.py:115} INFO - [2022-07-14 16:26:15,303] {dagbag.py:508} INFO - Filling up the DagBag from /home/airflow/.local/lib/python3.7/site-packages/airflow/example_dags/example_bash_operator.py
[2022-07-14 16:26:15,324] {processor.py:651} INFO - DAG(s) dict_keys(['example_bash_operator']) retrieved from /home/airflow/.local/lib/python3.7/site-packages/airflow/example_dags/example_bash_operator.py
[2022-07-14 16:26:15,362] {logging_mixin.py:115} INFO - [2022-07-14 16:26:15,362] {dag.py:2420} INFO - Sync 1 DAGs
[2022-07-14 16:26:15,396] {logging_mixin.py:115} INFO - [2022-07-14 16:26:15,396] {dag.py:2972} INFO - Setting next_dagrun for example_bash_operator to 2022-07-13T00:00:00+00:00, run_after=2022-07-14T00:00:00+00:00
[2022-07-14 16:26:15,417] {processor.py:161} INFO - Processing /home/airflow/.local/lib/python3.7/site-packages/airflow/example_dags/example_bash_operator.py took 0.125 seconds
[2022-07-14 16:26:46,443] {processor.py:153} INFO - Started process (PID=1097) to work on /home/airflow/.local/lib/python3.7/site-packages/airflow/example_dags/example_bash_operator.py
[2022-07-14 16:26:46,447] {processor.py:641} INFO - Processing file /home/airflow/.local/lib/python3.7/site-packages/airflow/example_dags/example_bash_operator.py for tasks to queue
[2022-07-14 16:26:46,447] {logging_mixin.py:115} INFO - [2022-07-14 16:26:46,447] {dagbag.py:508} INFO - Filling up the DagBag from /home/airflow/.local/lib/python3.7/site-packages/airflow/example_dags/example_bash_operator.py
[2022-07-14 16:26:46,478] {processor.py:651} INFO - DAG(s) dict_keys(['example_bash_operator']) retrieved from /home/airflow/.local/lib/python3.7/site-packages/airflow/example_dags/example_bash_operator.py
[2022-07-14 16:26:46,557] {logging_mixin.py:115} INFO - [2022-07-14 16:26:46,557] {dag.py:2420} INFO - Sync 1 DAGs
[2022-07-14 16:26:46,610] {logging_mixin.py:115} INFO - [2022-07-14 16:26:46,610] {dag.py:2972} INFO - Setting next_dagrun for example_bash_operator to 2022-07-13T00:00:00+00:00, run_after=2022-07-14T00:00:00+00:00
[2022-07-14 16:26:46,639] {processor.py:161} INFO - Processing /home/airflow/.local/lib/python3.7/site-packages/airflow/example_dags/example_bash_operator.py took 0.200 seconds
[2022-07-14 16:27:16,825] {processor.py:153} INFO - Started process (PID=1152) to work on /home/airflow/.local/lib/python3.7/site-packages/airflow/example_dags/example_bash_operator.py
[2022-07-14 16:27:16,825] {processor.py:641} INFO - Processing file /home/airflow/.local/lib/python3.7/site-packages/airflow/example_dags/example_bash_operator.py for tasks to queue
[2022-07-14 16:27:16,826] {logging_mixin.py:115} INFO - [2022-07-14 16:27:16,826] {dagbag.py:508} INFO - Filling up the DagBag from /home/airflow/.local/lib/python3.7/site-packages/airflow/example_dags/example_bash_operator.py
[2022-07-14 16:27:16,851] {processor.py:651} INFO - DAG(s) dict_keys(['example_bash_operator']) retrieved from /home/airflow/.local/lib/python3.7/site-packages/airflow/example_dags/example_bash_operator.py
[2022-07-14 16:27:16,886] {logging_mixin.py:115} INFO - [2022-07-14 16:27:16,886] {dag.py:2420} INFO - Sync 1 DAGs
[2022-07-14 16:27:16,921] {logging_mixin.py:115} INFO - [2022-07-14 16:27:16,921] {dag.py:2972} INFO - Setting next_dagrun for example_bash_operator to 2022-07-13T00:00:00+00:00, run_after=2022-07-14T00:00:00+00:00
[2022-07-14 16:27:16,945] {processor.py:161} INFO - Processing /home/airflow/.local/lib/python3.7/site-packages/airflow/example_dags/example_bash_operator.py took 0.126 seconds
[2022-07-14 16:27:47,600] {processor.py:153} INFO - Started process (PID=1204) to work on /home/airflow/.local/lib/python3.7/site-packages/airflow/example_dags/example_bash_operator.py
[2022-07-14 16:27:47,601] {processor.py:641} INFO - Processing file /home/airflow/.local/lib/python3.7/site-packages/airflow/example_dags/example_bash_operator.py for tasks to queue
[2022-07-14 16:27:47,602] {logging_mixin.py:115} INFO - [2022-07-14 16:27:47,602] {dagbag.py:508} INFO - Filling up the DagBag from /home/airflow/.local/lib/python3.7/site-packages/airflow/example_dags/example_bash_operator.py
[2022-07-14 16:27:47,625] {processor.py:651} INFO - DAG(s) dict_keys(['example_bash_operator']) retrieved from /home/airflow/.local/lib/python3.7/site-packages/airflow/example_dags/example_bash_operator.py
[2022-07-14 16:27:47,673] {logging_mixin.py:115} INFO - [2022-07-14 16:27:47,673] {dag.py:2420} INFO - Sync 1 DAGs
[2022-07-14 16:27:47,714] {logging_mixin.py:115} INFO - [2022-07-14 16:27:47,714] {dag.py:2972} INFO - Setting next_dagrun for example_bash_operator to 2022-07-13T00:00:00+00:00, run_after=2022-07-14T00:00:00+00:00
[2022-07-14 16:27:47,761] {processor.py:161} INFO - Processing /home/airflow/.local/lib/python3.7/site-packages/airflow/example_dags/example_bash_operator.py took 0.166 seconds
[2022-07-14 16:28:18,448] {processor.py:153} INFO - Started process (PID=1264) to work on /home/airflow/.local/lib/python3.7/site-packages/airflow/example_dags/example_bash_operator.py
[2022-07-14 16:28:18,459] {processor.py:641} INFO - Processing file /home/airflow/.local/lib/python3.7/site-packages/airflow/example_dags/example_bash_operator.py for tasks to queue
[2022-07-14 16:28:18,459] {logging_mixin.py:115} INFO - [2022-07-14 16:28:18,459] {dagbag.py:508} INFO - Filling up the DagBag from /home/airflow/.local/lib/python3.7/site-packages/airflow/example_dags/example_bash_operator.py
[2022-07-14 16:28:18,492] {processor.py:651} INFO - DAG(s) dict_keys(['example_bash_operator']) retrieved from /home/airflow/.local/lib/python3.7/site-packages/airflow/example_dags/example_bash_operator.py
[2022-07-14 16:28:18,623] {logging_mixin.py:115} INFO - [2022-07-14 16:28:18,623] {dag.py:2420} INFO - Sync 1 DAGs
[2022-07-14 16:28:18,776] {logging_mixin.py:115} INFO - [2022-07-14 16:28:18,775] {dag.py:2972} INFO - Setting next_dagrun for example_bash_operator to 2022-07-13T00:00:00+00:00, run_after=2022-07-14T00:00:00+00:00
[2022-07-14 16:28:18,873] {processor.py:161} INFO - Processing /home/airflow/.local/lib/python3.7/site-packages/airflow/example_dags/example_bash_operator.py took 0.434 seconds
[2022-07-14 16:28:49,869] {processor.py:153} INFO - Started process (PID=1316) to work on /home/airflow/.local/lib/python3.7/site-packages/airflow/example_dags/example_bash_operator.py
[2022-07-14 16:28:49,887] {processor.py:641} INFO - Processing file /home/airflow/.local/lib/python3.7/site-packages/airflow/example_dags/example_bash_operator.py for tasks to queue
[2022-07-14 16:28:49,887] {logging_mixin.py:115} INFO - [2022-07-14 16:28:49,887] {dagbag.py:508} INFO - Filling up the DagBag from /home/airflow/.local/lib/python3.7/site-packages/airflow/example_dags/example_bash_operator.py
[2022-07-14 16:28:49,962] {processor.py:651} INFO - DAG(s) dict_keys(['example_bash_operator']) retrieved from /home/airflow/.local/lib/python3.7/site-packages/airflow/example_dags/example_bash_operator.py
[2022-07-14 16:28:50,034] {logging_mixin.py:115} INFO - [2022-07-14 16:28:50,034] {dag.py:2420} INFO - Sync 1 DAGs
[2022-07-14 16:28:50,089] {logging_mixin.py:115} INFO - [2022-07-14 16:28:50,089] {dag.py:2972} INFO - Setting next_dagrun for example_bash_operator to 2022-07-13T00:00:00+00:00, run_after=2022-07-14T00:00:00+00:00
[2022-07-14 16:28:50,106] {processor.py:161} INFO - Processing /home/airflow/.local/lib/python3.7/site-packages/airflow/example_dags/example_bash_operator.py took 0.254 seconds
[2022-07-14 16:29:20,269] {processor.py:153} INFO - Started process (PID=1368) to work on /home/airflow/.local/lib/python3.7/site-packages/airflow/example_dags/example_bash_operator.py
[2022-07-14 16:29:20,275] {processor.py:641} INFO - Processing file /home/airflow/.local/lib/python3.7/site-packages/airflow/example_dags/example_bash_operator.py for tasks to queue
[2022-07-14 16:29:20,276] {logging_mixin.py:115} INFO - [2022-07-14 16:29:20,276] {dagbag.py:508} INFO - Filling up the DagBag from /home/airflow/.local/lib/python3.7/site-packages/airflow/example_dags/example_bash_operator.py
[2022-07-14 16:29:20,306] {processor.py:651} INFO - DAG(s) dict_keys(['example_bash_operator']) retrieved from /home/airflow/.local/lib/python3.7/site-packages/airflow/example_dags/example_bash_operator.py
[2022-07-14 16:29:20,348] {logging_mixin.py:115} INFO - [2022-07-14 16:29:20,348] {dag.py:2420} INFO - Sync 1 DAGs
[2022-07-14 16:29:20,387] {logging_mixin.py:115} INFO - [2022-07-14 16:29:20,387] {dag.py:2972} INFO - Setting next_dagrun for example_bash_operator to 2022-07-13T00:00:00+00:00, run_after=2022-07-14T00:00:00+00:00
[2022-07-14 16:29:20,409] {processor.py:161} INFO - Processing /home/airflow/.local/lib/python3.7/site-packages/airflow/example_dags/example_bash_operator.py took 0.143 seconds
[2022-07-14 16:29:50,666] {processor.py:153} INFO - Started process (PID=1428) to work on /home/airflow/.local/lib/python3.7/site-packages/airflow/example_dags/example_bash_operator.py
[2022-07-14 16:29:50,681] {processor.py:641} INFO - Processing file /home/airflow/.local/lib/python3.7/site-packages/airflow/example_dags/example_bash_operator.py for tasks to queue
[2022-07-14 16:29:50,682] {logging_mixin.py:115} INFO - [2022-07-14 16:29:50,682] {dagbag.py:508} INFO - Filling up the DagBag from /home/airflow/.local/lib/python3.7/site-packages/airflow/example_dags/example_bash_operator.py
[2022-07-14 16:29:50,739] {processor.py:651} INFO - DAG(s) dict_keys(['example_bash_operator']) retrieved from /home/airflow/.local/lib/python3.7/site-packages/airflow/example_dags/example_bash_operator.py
[2022-07-14 16:29:50,823] {logging_mixin.py:115} INFO - [2022-07-14 16:29:50,823] {dag.py:2420} INFO - Sync 1 DAGs
[2022-07-14 16:29:50,906] {logging_mixin.py:115} INFO - [2022-07-14 16:29:50,906] {dag.py:2972} INFO - Setting next_dagrun for example_bash_operator to 2022-07-13T00:00:00+00:00, run_after=2022-07-14T00:00:00+00:00
[2022-07-14 16:29:50,939] {processor.py:161} INFO - Processing /home/airflow/.local/lib/python3.7/site-packages/airflow/example_dags/example_bash_operator.py took 0.277 seconds
[2022-07-14 16:30:21,497] {processor.py:153} INFO - Started process (PID=1479) to work on /home/airflow/.local/lib/python3.7/site-packages/airflow/example_dags/example_bash_operator.py
[2022-07-14 16:30:21,510] {processor.py:641} INFO - Processing file /home/airflow/.local/lib/python3.7/site-packages/airflow/example_dags/example_bash_operator.py for tasks to queue
[2022-07-14 16:30:21,511] {logging_mixin.py:115} INFO - [2022-07-14 16:30:21,511] {dagbag.py:508} INFO - Filling up the DagBag from /home/airflow/.local/lib/python3.7/site-packages/airflow/example_dags/example_bash_operator.py
[2022-07-14 16:30:21,526] {processor.py:651} INFO - DAG(s) dict_keys(['example_bash_operator']) retrieved from /home/airflow/.local/lib/python3.7/site-packages/airflow/example_dags/example_bash_operator.py
[2022-07-14 16:30:21,559] {logging_mixin.py:115} INFO - [2022-07-14 16:30:21,559] {dag.py:2420} INFO - Sync 1 DAGs
[2022-07-14 16:30:21,594] {logging_mixin.py:115} INFO - [2022-07-14 16:30:21,594] {dag.py:2972} INFO - Setting next_dagrun for example_bash_operator to 2022-07-13T00:00:00+00:00, run_after=2022-07-14T00:00:00+00:00
[2022-07-14 16:30:21,616] {processor.py:161} INFO - Processing /home/airflow/.local/lib/python3.7/site-packages/airflow/example_dags/example_bash_operator.py took 0.122 seconds
[2022-07-14 16:30:52,309] {processor.py:153} INFO - Started process (PID=1539) to work on /home/airflow/.local/lib/python3.7/site-packages/airflow/example_dags/example_bash_operator.py
[2022-07-14 16:30:52,323] {processor.py:641} INFO - Processing file /home/airflow/.local/lib/python3.7/site-packages/airflow/example_dags/example_bash_operator.py for tasks to queue
[2022-07-14 16:30:52,324] {logging_mixin.py:115} INFO - [2022-07-14 16:30:52,324] {dagbag.py:508} INFO - Filling up the DagBag from /home/airflow/.local/lib/python3.7/site-packages/airflow/example_dags/example_bash_operator.py
[2022-07-14 16:30:52,340] {processor.py:651} INFO - DAG(s) dict_keys(['example_bash_operator']) retrieved from /home/airflow/.local/lib/python3.7/site-packages/airflow/example_dags/example_bash_operator.py
[2022-07-14 16:30:52,371] {logging_mixin.py:115} INFO - [2022-07-14 16:30:52,371] {dag.py:2420} INFO - Sync 1 DAGs
[2022-07-14 16:30:52,424] {logging_mixin.py:115} INFO - [2022-07-14 16:30:52,424] {dag.py:2972} INFO - Setting next_dagrun for example_bash_operator to 2022-07-13T00:00:00+00:00, run_after=2022-07-14T00:00:00+00:00
[2022-07-14 16:30:52,439] {processor.py:161} INFO - Processing /home/airflow/.local/lib/python3.7/site-packages/airflow/example_dags/example_bash_operator.py took 0.138 seconds
[2022-07-14 16:31:22,686] {processor.py:153} INFO - Started process (PID=1599) to work on /home/airflow/.local/lib/python3.7/site-packages/airflow/example_dags/example_bash_operator.py
[2022-07-14 16:31:22,701] {processor.py:641} INFO - Processing file /home/airflow/.local/lib/python3.7/site-packages/airflow/example_dags/example_bash_operator.py for tasks to queue
[2022-07-14 16:31:22,702] {logging_mixin.py:115} INFO - [2022-07-14 16:31:22,701] {dagbag.py:508} INFO - Filling up the DagBag from /home/airflow/.local/lib/python3.7/site-packages/airflow/example_dags/example_bash_operator.py
[2022-07-14 16:31:22,712] {processor.py:651} INFO - DAG(s) dict_keys(['example_bash_operator']) retrieved from /home/airflow/.local/lib/python3.7/site-packages/airflow/example_dags/example_bash_operator.py
[2022-07-14 16:31:22,735] {logging_mixin.py:115} INFO - [2022-07-14 16:31:22,735] {dag.py:2420} INFO - Sync 1 DAGs
[2022-07-14 16:31:22,757] {logging_mixin.py:115} INFO - [2022-07-14 16:31:22,756] {dag.py:2972} INFO - Setting next_dagrun for example_bash_operator to 2022-07-13T00:00:00+00:00, run_after=2022-07-14T00:00:00+00:00
[2022-07-14 16:31:22,767] {processor.py:161} INFO - Processing /home/airflow/.local/lib/python3.7/site-packages/airflow/example_dags/example_bash_operator.py took 0.084 seconds
[2022-07-14 16:31:53,180] {processor.py:153} INFO - Started process (PID=1652) to work on /home/airflow/.local/lib/python3.7/site-packages/airflow/example_dags/example_bash_operator.py
[2022-07-14 16:31:53,196] {processor.py:641} INFO - Processing file /home/airflow/.local/lib/python3.7/site-packages/airflow/example_dags/example_bash_operator.py for tasks to queue
[2022-07-14 16:31:53,196] {logging_mixin.py:115} INFO - [2022-07-14 16:31:53,196] {dagbag.py:508} INFO - Filling up the DagBag from /home/airflow/.local/lib/python3.7/site-packages/airflow/example_dags/example_bash_operator.py
[2022-07-14 16:31:53,212] {processor.py:651} INFO - DAG(s) dict_keys(['example_bash_operator']) retrieved from /home/airflow/.local/lib/python3.7/site-packages/airflow/example_dags/example_bash_operator.py
[2022-07-14 16:31:53,245] {logging_mixin.py:115} INFO - [2022-07-14 16:31:53,245] {dag.py:2420} INFO - Sync 1 DAGs
[2022-07-14 16:31:53,289] {logging_mixin.py:115} INFO - [2022-07-14 16:31:53,289] {dag.py:2972} INFO - Setting next_dagrun for example_bash_operator to 2022-07-13T00:00:00+00:00, run_after=2022-07-14T00:00:00+00:00
[2022-07-14 16:31:53,348] {processor.py:161} INFO - Processing /home/airflow/.local/lib/python3.7/site-packages/airflow/example_dags/example_bash_operator.py took 0.171 seconds
[2022-07-14 16:32:23,440] {processor.py:153} INFO - Started process (PID=1713) to work on /home/airflow/.local/lib/python3.7/site-packages/airflow/example_dags/example_bash_operator.py
[2022-07-14 16:32:23,441] {processor.py:641} INFO - Processing file /home/airflow/.local/lib/python3.7/site-packages/airflow/example_dags/example_bash_operator.py for tasks to queue
[2022-07-14 16:32:23,442] {logging_mixin.py:115} INFO - [2022-07-14 16:32:23,442] {dagbag.py:508} INFO - Filling up the DagBag from /home/airflow/.local/lib/python3.7/site-packages/airflow/example_dags/example_bash_operator.py
[2022-07-14 16:32:23,473] {processor.py:651} INFO - DAG(s) dict_keys(['example_bash_operator']) retrieved from /home/airflow/.local/lib/python3.7/site-packages/airflow/example_dags/example_bash_operator.py
[2022-07-14 16:32:23,548] {logging_mixin.py:115} INFO - [2022-07-14 16:32:23,548] {dag.py:2420} INFO - Sync 1 DAGs
[2022-07-14 16:32:23,585] {logging_mixin.py:115} INFO - [2022-07-14 16:32:23,585] {dag.py:2972} INFO - Setting next_dagrun for example_bash_operator to 2022-07-13T00:00:00+00:00, run_after=2022-07-14T00:00:00+00:00
[2022-07-14 16:32:23,596] {processor.py:161} INFO - Processing /home/airflow/.local/lib/python3.7/site-packages/airflow/example_dags/example_bash_operator.py took 0.162 seconds
[2022-07-14 16:32:53,681] {processor.py:153} INFO - Started process (PID=1765) to work on /home/airflow/.local/lib/python3.7/site-packages/airflow/example_dags/example_bash_operator.py
[2022-07-14 16:32:53,698] {processor.py:641} INFO - Processing file /home/airflow/.local/lib/python3.7/site-packages/airflow/example_dags/example_bash_operator.py for tasks to queue
[2022-07-14 16:32:53,699] {logging_mixin.py:115} INFO - [2022-07-14 16:32:53,699] {dagbag.py:508} INFO - Filling up the DagBag from /home/airflow/.local/lib/python3.7/site-packages/airflow/example_dags/example_bash_operator.py
[2022-07-14 16:32:53,713] {processor.py:651} INFO - DAG(s) dict_keys(['example_bash_operator']) retrieved from /home/airflow/.local/lib/python3.7/site-packages/airflow/example_dags/example_bash_operator.py
[2022-07-14 16:32:53,772] {logging_mixin.py:115} INFO - [2022-07-14 16:32:53,772] {dag.py:2420} INFO - Sync 1 DAGs
[2022-07-14 16:32:53,808] {logging_mixin.py:115} INFO - [2022-07-14 16:32:53,807] {dag.py:2972} INFO - Setting next_dagrun for example_bash_operator to 2022-07-13T00:00:00+00:00, run_after=2022-07-14T00:00:00+00:00
[2022-07-14 16:32:53,854] {processor.py:161} INFO - Processing /home/airflow/.local/lib/python3.7/site-packages/airflow/example_dags/example_bash_operator.py took 0.175 seconds
[2022-07-14 16:33:23,965] {processor.py:153} INFO - Started process (PID=1826) to work on /home/airflow/.local/lib/python3.7/site-packages/airflow/example_dags/example_bash_operator.py
[2022-07-14 16:33:23,984] {processor.py:641} INFO - Processing file /home/airflow/.local/lib/python3.7/site-packages/airflow/example_dags/example_bash_operator.py for tasks to queue
[2022-07-14 16:33:23,985] {logging_mixin.py:115} INFO - [2022-07-14 16:33:23,985] {dagbag.py:508} INFO - Filling up the DagBag from /home/airflow/.local/lib/python3.7/site-packages/airflow/example_dags/example_bash_operator.py
[2022-07-14 16:33:24,005] {processor.py:651} INFO - DAG(s) dict_keys(['example_bash_operator']) retrieved from /home/airflow/.local/lib/python3.7/site-packages/airflow/example_dags/example_bash_operator.py
[2022-07-14 16:33:24,028] {logging_mixin.py:115} INFO - [2022-07-14 16:33:24,028] {dag.py:2420} INFO - Sync 1 DAGs
[2022-07-14 16:33:24,049] {logging_mixin.py:115} INFO - [2022-07-14 16:33:24,049] {dag.py:2972} INFO - Setting next_dagrun for example_bash_operator to 2022-07-13T00:00:00+00:00, run_after=2022-07-14T00:00:00+00:00
[2022-07-14 16:33:24,061] {processor.py:161} INFO - Processing /home/airflow/.local/lib/python3.7/site-packages/airflow/example_dags/example_bash_operator.py took 0.103 seconds
[2022-07-14 16:33:54,217] {processor.py:153} INFO - Started process (PID=1886) to work on /home/airflow/.local/lib/python3.7/site-packages/airflow/example_dags/example_bash_operator.py
[2022-07-14 16:33:54,238] {processor.py:641} INFO - Processing file /home/airflow/.local/lib/python3.7/site-packages/airflow/example_dags/example_bash_operator.py for tasks to queue
[2022-07-14 16:33:54,240] {logging_mixin.py:115} INFO - [2022-07-14 16:33:54,239] {dagbag.py:508} INFO - Filling up the DagBag from /home/airflow/.local/lib/python3.7/site-packages/airflow/example_dags/example_bash_operator.py
[2022-07-14 16:33:54,270] {processor.py:651} INFO - DAG(s) dict_keys(['example_bash_operator']) retrieved from /home/airflow/.local/lib/python3.7/site-packages/airflow/example_dags/example_bash_operator.py
[2022-07-14 16:33:54,295] {logging_mixin.py:115} INFO - [2022-07-14 16:33:54,295] {dag.py:2420} INFO - Sync 1 DAGs
[2022-07-14 16:33:54,319] {logging_mixin.py:115} INFO - [2022-07-14 16:33:54,318] {dag.py:2972} INFO - Setting next_dagrun for example_bash_operator to 2022-07-13T00:00:00+00:00, run_after=2022-07-14T00:00:00+00:00
[2022-07-14 16:33:54,329] {processor.py:161} INFO - Processing /home/airflow/.local/lib/python3.7/site-packages/airflow/example_dags/example_bash_operator.py took 0.122 seconds
[2022-07-14 16:34:24,608] {processor.py:153} INFO - Started process (PID=1938) to work on /home/airflow/.local/lib/python3.7/site-packages/airflow/example_dags/example_bash_operator.py
[2022-07-14 16:34:24,608] {processor.py:641} INFO - Processing file /home/airflow/.local/lib/python3.7/site-packages/airflow/example_dags/example_bash_operator.py for tasks to queue
[2022-07-14 16:34:24,609] {logging_mixin.py:115} INFO - [2022-07-14 16:34:24,609] {dagbag.py:508} INFO - Filling up the DagBag from /home/airflow/.local/lib/python3.7/site-packages/airflow/example_dags/example_bash_operator.py
[2022-07-14 16:34:24,619] {processor.py:651} INFO - DAG(s) dict_keys(['example_bash_operator']) retrieved from /home/airflow/.local/lib/python3.7/site-packages/airflow/example_dags/example_bash_operator.py
[2022-07-14 16:34:24,642] {logging_mixin.py:115} INFO - [2022-07-14 16:34:24,642] {dag.py:2420} INFO - Sync 1 DAGs
[2022-07-14 16:34:24,663] {logging_mixin.py:115} INFO - [2022-07-14 16:34:24,663] {dag.py:2972} INFO - Setting next_dagrun for example_bash_operator to 2022-07-13T00:00:00+00:00, run_after=2022-07-14T00:00:00+00:00
[2022-07-14 16:34:24,694] {processor.py:161} INFO - Processing /home/airflow/.local/lib/python3.7/site-packages/airflow/example_dags/example_bash_operator.py took 0.088 seconds
[2022-07-14 16:34:55,399] {processor.py:153} INFO - Started process (PID=1999) to work on /home/airflow/.local/lib/python3.7/site-packages/airflow/example_dags/example_bash_operator.py
[2022-07-14 16:34:55,403] {processor.py:641} INFO - Processing file /home/airflow/.local/lib/python3.7/site-packages/airflow/example_dags/example_bash_operator.py for tasks to queue
[2022-07-14 16:34:55,404] {logging_mixin.py:115} INFO - [2022-07-14 16:34:55,404] {dagbag.py:508} INFO - Filling up the DagBag from /home/airflow/.local/lib/python3.7/site-packages/airflow/example_dags/example_bash_operator.py
[2022-07-14 16:34:55,415] {processor.py:651} INFO - DAG(s) dict_keys(['example_bash_operator']) retrieved from /home/airflow/.local/lib/python3.7/site-packages/airflow/example_dags/example_bash_operator.py
[2022-07-14 16:34:55,446] {logging_mixin.py:115} INFO - [2022-07-14 16:34:55,446] {dag.py:2420} INFO - Sync 1 DAGs
[2022-07-14 16:34:55,473] {logging_mixin.py:115} INFO - [2022-07-14 16:34:55,473] {dag.py:2972} INFO - Setting next_dagrun for example_bash_operator to 2022-07-13T00:00:00+00:00, run_after=2022-07-14T00:00:00+00:00
[2022-07-14 16:34:55,507] {processor.py:161} INFO - Processing /home/airflow/.local/lib/python3.7/site-packages/airflow/example_dags/example_bash_operator.py took 0.111 seconds
[2022-07-14 16:35:26,512] {processor.py:153} INFO - Started process (PID=2051) to work on /home/airflow/.local/lib/python3.7/site-packages/airflow/example_dags/example_bash_operator.py
[2022-07-14 16:35:26,537] {processor.py:641} INFO - Processing file /home/airflow/.local/lib/python3.7/site-packages/airflow/example_dags/example_bash_operator.py for tasks to queue
[2022-07-14 16:35:26,539] {logging_mixin.py:115} INFO - [2022-07-14 16:35:26,538] {dagbag.py:508} INFO - Filling up the DagBag from /home/airflow/.local/lib/python3.7/site-packages/airflow/example_dags/example_bash_operator.py
[2022-07-14 16:35:26,592] {processor.py:651} INFO - DAG(s) dict_keys(['example_bash_operator']) retrieved from /home/airflow/.local/lib/python3.7/site-packages/airflow/example_dags/example_bash_operator.py
[2022-07-14 16:35:26,630] {logging_mixin.py:115} INFO - [2022-07-14 16:35:26,630] {dag.py:2420} INFO - Sync 1 DAGs
[2022-07-14 16:35:26,653] {logging_mixin.py:115} INFO - [2022-07-14 16:35:26,653] {dag.py:2972} INFO - Setting next_dagrun for example_bash_operator to 2022-07-13T00:00:00+00:00, run_after=2022-07-14T00:00:00+00:00
[2022-07-14 16:35:26,666] {processor.py:161} INFO - Processing /home/airflow/.local/lib/python3.7/site-packages/airflow/example_dags/example_bash_operator.py took 0.163 seconds
[2022-07-14 16:35:56,808] {processor.py:153} INFO - Started process (PID=2111) to work on /home/airflow/.local/lib/python3.7/site-packages/airflow/example_dags/example_bash_operator.py
[2022-07-14 16:35:56,808] {processor.py:641} INFO - Processing file /home/airflow/.local/lib/python3.7/site-packages/airflow/example_dags/example_bash_operator.py for tasks to queue
[2022-07-14 16:35:56,809] {logging_mixin.py:115} INFO - [2022-07-14 16:35:56,809] {dagbag.py:508} INFO - Filling up the DagBag from /home/airflow/.local/lib/python3.7/site-packages/airflow/example_dags/example_bash_operator.py
[2022-07-14 16:35:56,824] {processor.py:651} INFO - DAG(s) dict_keys(['example_bash_operator']) retrieved from /home/airflow/.local/lib/python3.7/site-packages/airflow/example_dags/example_bash_operator.py
[2022-07-14 16:35:56,852] {logging_mixin.py:115} INFO - [2022-07-14 16:35:56,851] {dag.py:2420} INFO - Sync 1 DAGs
[2022-07-14 16:35:56,883] {logging_mixin.py:115} INFO - [2022-07-14 16:35:56,883] {dag.py:2972} INFO - Setting next_dagrun for example_bash_operator to 2022-07-13T00:00:00+00:00, run_after=2022-07-14T00:00:00+00:00
[2022-07-14 16:35:56,900] {processor.py:161} INFO - Processing /home/airflow/.local/lib/python3.7/site-packages/airflow/example_dags/example_bash_operator.py took 0.095 seconds
