[2022-07-14 16:17:01,793] {processor.py:153} INFO - Started process (PID=58) to work on /home/airflow/.local/lib/python3.7/site-packages/airflow/example_dags/example_short_circuit_operator.py
[2022-07-14 16:17:01,793] {processor.py:641} INFO - Processing file /home/airflow/.local/lib/python3.7/site-packages/airflow/example_dags/example_short_circuit_operator.py for tasks to queue
[2022-07-14 16:17:01,794] {logging_mixin.py:115} INFO - [2022-07-14 16:17:01,794] {dagbag.py:508} INFO - Filling up the DagBag from /home/airflow/.local/lib/python3.7/site-packages/airflow/example_dags/example_short_circuit_operator.py
[2022-07-14 16:17:01,852] {processor.py:651} INFO - DAG(s) dict_keys(['example_short_circuit_operator']) retrieved from /home/airflow/.local/lib/python3.7/site-packages/airflow/example_dags/example_short_circuit_operator.py
[2022-07-14 16:17:02,243] {logging_mixin.py:115} INFO - [2022-07-14 16:17:02,243] {manager.py:508} INFO - Created Permission View: can delete on DAG:example_short_circuit_operator
[2022-07-14 16:17:02,321] {logging_mixin.py:115} INFO - [2022-07-14 16:17:02,321] {manager.py:508} INFO - Created Permission View: can read on DAG:example_short_circuit_operator
[2022-07-14 16:17:02,368] {logging_mixin.py:115} INFO - [2022-07-14 16:17:02,368] {manager.py:508} INFO - Created Permission View: can edit on DAG:example_short_circuit_operator
[2022-07-14 16:17:02,368] {logging_mixin.py:115} INFO - [2022-07-14 16:17:02,368] {dag.py:2420} INFO - Sync 1 DAGs
[2022-07-14 16:17:02,405] {logging_mixin.py:115} INFO - [2022-07-14 16:17:02,405] {dag.py:2439} INFO - Creating ORM DAG for example_short_circuit_operator
[2022-07-14 16:17:02,443] {logging_mixin.py:115} INFO - [2022-07-14 16:17:02,443] {dag.py:2972} INFO - Setting next_dagrun for example_short_circuit_operator to 2022-07-13T16:17:02.442585+00:00, run_after=2022-07-14T16:17:02.442585+00:00
[2022-07-14 16:17:02,485] {processor.py:161} INFO - Processing /home/airflow/.local/lib/python3.7/site-packages/airflow/example_dags/example_short_circuit_operator.py took 0.700 seconds
[2022-07-14 16:17:32,544] {processor.py:153} INFO - Started process (PID=108) to work on /home/airflow/.local/lib/python3.7/site-packages/airflow/example_dags/example_short_circuit_operator.py
[2022-07-14 16:17:32,547] {processor.py:641} INFO - Processing file /home/airflow/.local/lib/python3.7/site-packages/airflow/example_dags/example_short_circuit_operator.py for tasks to queue
[2022-07-14 16:17:32,548] {logging_mixin.py:115} INFO - [2022-07-14 16:17:32,548] {dagbag.py:508} INFO - Filling up the DagBag from /home/airflow/.local/lib/python3.7/site-packages/airflow/example_dags/example_short_circuit_operator.py
[2022-07-14 16:17:32,570] {processor.py:651} INFO - DAG(s) dict_keys(['example_short_circuit_operator']) retrieved from /home/airflow/.local/lib/python3.7/site-packages/airflow/example_dags/example_short_circuit_operator.py
[2022-07-14 16:17:32,617] {logging_mixin.py:115} INFO - [2022-07-14 16:17:32,617] {dag.py:2420} INFO - Sync 1 DAGs
[2022-07-14 16:17:32,651] {logging_mixin.py:115} INFO - [2022-07-14 16:17:32,651] {dag.py:2972} INFO - Setting next_dagrun for example_short_circuit_operator to 2022-07-13T16:17:32.651101+00:00, run_after=2022-07-14T16:17:32.651101+00:00
[2022-07-14 16:17:32,701] {processor.py:161} INFO - Processing /home/airflow/.local/lib/python3.7/site-packages/airflow/example_dags/example_short_circuit_operator.py took 0.169 seconds
[2022-07-14 16:18:03,016] {processor.py:153} INFO - Started process (PID=160) to work on /home/airflow/.local/lib/python3.7/site-packages/airflow/example_dags/example_short_circuit_operator.py
[2022-07-14 16:18:03,016] {processor.py:641} INFO - Processing file /home/airflow/.local/lib/python3.7/site-packages/airflow/example_dags/example_short_circuit_operator.py for tasks to queue
[2022-07-14 16:18:03,017] {logging_mixin.py:115} INFO - [2022-07-14 16:18:03,017] {dagbag.py:508} INFO - Filling up the DagBag from /home/airflow/.local/lib/python3.7/site-packages/airflow/example_dags/example_short_circuit_operator.py
[2022-07-14 16:18:03,032] {processor.py:651} INFO - DAG(s) dict_keys(['example_short_circuit_operator']) retrieved from /home/airflow/.local/lib/python3.7/site-packages/airflow/example_dags/example_short_circuit_operator.py
[2022-07-14 16:18:03,069] {logging_mixin.py:115} INFO - [2022-07-14 16:18:03,069] {dag.py:2420} INFO - Sync 1 DAGs
[2022-07-14 16:18:03,102] {logging_mixin.py:115} INFO - [2022-07-14 16:18:03,102] {dag.py:2972} INFO - Setting next_dagrun for example_short_circuit_operator to 2022-07-13T16:18:03.102228+00:00, run_after=2022-07-14T16:18:03.102228+00:00
[2022-07-14 16:18:03,119] {processor.py:161} INFO - Processing /home/airflow/.local/lib/python3.7/site-packages/airflow/example_dags/example_short_circuit_operator.py took 0.107 seconds
[2022-07-14 16:18:34,230] {processor.py:153} INFO - Started process (PID=219) to work on /home/airflow/.local/lib/python3.7/site-packages/airflow/example_dags/example_short_circuit_operator.py
[2022-07-14 16:18:34,231] {processor.py:641} INFO - Processing file /home/airflow/.local/lib/python3.7/site-packages/airflow/example_dags/example_short_circuit_operator.py for tasks to queue
[2022-07-14 16:18:34,232] {logging_mixin.py:115} INFO - [2022-07-14 16:18:34,232] {dagbag.py:508} INFO - Filling up the DagBag from /home/airflow/.local/lib/python3.7/site-packages/airflow/example_dags/example_short_circuit_operator.py
[2022-07-14 16:18:34,261] {processor.py:651} INFO - DAG(s) dict_keys(['example_short_circuit_operator']) retrieved from /home/airflow/.local/lib/python3.7/site-packages/airflow/example_dags/example_short_circuit_operator.py
[2022-07-14 16:18:34,404] {logging_mixin.py:115} INFO - [2022-07-14 16:18:34,404] {dag.py:2420} INFO - Sync 1 DAGs
[2022-07-14 16:18:34,576] {logging_mixin.py:115} INFO - [2022-07-14 16:18:34,575] {dag.py:2972} INFO - Setting next_dagrun for example_short_circuit_operator to 2022-07-13T16:18:34.575574+00:00, run_after=2022-07-14T16:18:34.575574+00:00
[2022-07-14 16:18:34,654] {processor.py:161} INFO - Processing /home/airflow/.local/lib/python3.7/site-packages/airflow/example_dags/example_short_circuit_operator.py took 0.428 seconds
[2022-07-14 16:19:05,039] {processor.py:153} INFO - Started process (PID=272) to work on /home/airflow/.local/lib/python3.7/site-packages/airflow/example_dags/example_short_circuit_operator.py
[2022-07-14 16:19:05,039] {processor.py:641} INFO - Processing file /home/airflow/.local/lib/python3.7/site-packages/airflow/example_dags/example_short_circuit_operator.py for tasks to queue
[2022-07-14 16:19:05,040] {logging_mixin.py:115} INFO - [2022-07-14 16:19:05,040] {dagbag.py:508} INFO - Filling up the DagBag from /home/airflow/.local/lib/python3.7/site-packages/airflow/example_dags/example_short_circuit_operator.py
[2022-07-14 16:19:05,053] {processor.py:651} INFO - DAG(s) dict_keys(['example_short_circuit_operator']) retrieved from /home/airflow/.local/lib/python3.7/site-packages/airflow/example_dags/example_short_circuit_operator.py
[2022-07-14 16:19:05,096] {logging_mixin.py:115} INFO - [2022-07-14 16:19:05,096] {dag.py:2420} INFO - Sync 1 DAGs
[2022-07-14 16:19:05,129] {logging_mixin.py:115} INFO - [2022-07-14 16:19:05,129] {dag.py:2972} INFO - Setting next_dagrun for example_short_circuit_operator to 2022-07-13T16:19:05.129212+00:00, run_after=2022-07-14T16:19:05.129212+00:00
[2022-07-14 16:19:05,179] {processor.py:161} INFO - Processing /home/airflow/.local/lib/python3.7/site-packages/airflow/example_dags/example_short_circuit_operator.py took 0.144 seconds
[2022-07-14 16:19:35,271] {processor.py:153} INFO - Started process (PID=323) to work on /home/airflow/.local/lib/python3.7/site-packages/airflow/example_dags/example_short_circuit_operator.py
[2022-07-14 16:19:35,272] {processor.py:641} INFO - Processing file /home/airflow/.local/lib/python3.7/site-packages/airflow/example_dags/example_short_circuit_operator.py for tasks to queue
[2022-07-14 16:19:35,273] {logging_mixin.py:115} INFO - [2022-07-14 16:19:35,273] {dagbag.py:508} INFO - Filling up the DagBag from /home/airflow/.local/lib/python3.7/site-packages/airflow/example_dags/example_short_circuit_operator.py
[2022-07-14 16:19:35,299] {processor.py:651} INFO - DAG(s) dict_keys(['example_short_circuit_operator']) retrieved from /home/airflow/.local/lib/python3.7/site-packages/airflow/example_dags/example_short_circuit_operator.py
[2022-07-14 16:19:35,343] {logging_mixin.py:115} INFO - [2022-07-14 16:19:35,343] {dag.py:2420} INFO - Sync 1 DAGs
[2022-07-14 16:19:35,376] {logging_mixin.py:115} INFO - [2022-07-14 16:19:35,376] {dag.py:2972} INFO - Setting next_dagrun for example_short_circuit_operator to 2022-07-13T16:19:35.375707+00:00, run_after=2022-07-14T16:19:35.375707+00:00
[2022-07-14 16:19:35,392] {processor.py:161} INFO - Processing /home/airflow/.local/lib/python3.7/site-packages/airflow/example_dags/example_short_circuit_operator.py took 0.131 seconds
[2022-07-14 16:20:06,155] {processor.py:153} INFO - Started process (PID=375) to work on /home/airflow/.local/lib/python3.7/site-packages/airflow/example_dags/example_short_circuit_operator.py
[2022-07-14 16:20:06,156] {processor.py:641} INFO - Processing file /home/airflow/.local/lib/python3.7/site-packages/airflow/example_dags/example_short_circuit_operator.py for tasks to queue
[2022-07-14 16:20:06,156] {logging_mixin.py:115} INFO - [2022-07-14 16:20:06,156] {dagbag.py:508} INFO - Filling up the DagBag from /home/airflow/.local/lib/python3.7/site-packages/airflow/example_dags/example_short_circuit_operator.py
[2022-07-14 16:20:06,169] {processor.py:651} INFO - DAG(s) dict_keys(['example_short_circuit_operator']) retrieved from /home/airflow/.local/lib/python3.7/site-packages/airflow/example_dags/example_short_circuit_operator.py
[2022-07-14 16:20:06,231] {logging_mixin.py:115} INFO - [2022-07-14 16:20:06,231] {dag.py:2420} INFO - Sync 1 DAGs
[2022-07-14 16:20:06,289] {logging_mixin.py:115} INFO - [2022-07-14 16:20:06,289] {dag.py:2972} INFO - Setting next_dagrun for example_short_circuit_operator to 2022-07-13T16:20:06.289068+00:00, run_after=2022-07-14T16:20:06.289068+00:00
[2022-07-14 16:20:06,348] {processor.py:161} INFO - Processing /home/airflow/.local/lib/python3.7/site-packages/airflow/example_dags/example_short_circuit_operator.py took 0.197 seconds
[2022-07-14 16:20:36,989] {processor.py:153} INFO - Started process (PID=434) to work on /home/airflow/.local/lib/python3.7/site-packages/airflow/example_dags/example_short_circuit_operator.py
[2022-07-14 16:20:36,990] {processor.py:641} INFO - Processing file /home/airflow/.local/lib/python3.7/site-packages/airflow/example_dags/example_short_circuit_operator.py for tasks to queue
[2022-07-14 16:20:36,991] {logging_mixin.py:115} INFO - [2022-07-14 16:20:36,991] {dagbag.py:508} INFO - Filling up the DagBag from /home/airflow/.local/lib/python3.7/site-packages/airflow/example_dags/example_short_circuit_operator.py
[2022-07-14 16:20:37,003] {processor.py:651} INFO - DAG(s) dict_keys(['example_short_circuit_operator']) retrieved from /home/airflow/.local/lib/python3.7/site-packages/airflow/example_dags/example_short_circuit_operator.py
[2022-07-14 16:20:37,045] {logging_mixin.py:115} INFO - [2022-07-14 16:20:37,045] {dag.py:2420} INFO - Sync 1 DAGs
[2022-07-14 16:20:37,079] {logging_mixin.py:115} INFO - [2022-07-14 16:20:37,079] {dag.py:2972} INFO - Setting next_dagrun for example_short_circuit_operator to 2022-07-13T16:20:37.078683+00:00, run_after=2022-07-14T16:20:37.078683+00:00
[2022-07-14 16:20:37,133] {processor.py:161} INFO - Processing /home/airflow/.local/lib/python3.7/site-packages/airflow/example_dags/example_short_circuit_operator.py took 0.148 seconds
[2022-07-14 16:21:08,084] {processor.py:153} INFO - Started process (PID=486) to work on /home/airflow/.local/lib/python3.7/site-packages/airflow/example_dags/example_short_circuit_operator.py
[2022-07-14 16:21:08,085] {processor.py:641} INFO - Processing file /home/airflow/.local/lib/python3.7/site-packages/airflow/example_dags/example_short_circuit_operator.py for tasks to queue
[2022-07-14 16:21:08,086] {logging_mixin.py:115} INFO - [2022-07-14 16:21:08,086] {dagbag.py:508} INFO - Filling up the DagBag from /home/airflow/.local/lib/python3.7/site-packages/airflow/example_dags/example_short_circuit_operator.py
[2022-07-14 16:21:08,104] {processor.py:651} INFO - DAG(s) dict_keys(['example_short_circuit_operator']) retrieved from /home/airflow/.local/lib/python3.7/site-packages/airflow/example_dags/example_short_circuit_operator.py
[2022-07-14 16:21:08,164] {logging_mixin.py:115} INFO - [2022-07-14 16:21:08,163] {dag.py:2420} INFO - Sync 1 DAGs
[2022-07-14 16:21:08,211] {logging_mixin.py:115} INFO - [2022-07-14 16:21:08,211] {dag.py:2972} INFO - Setting next_dagrun for example_short_circuit_operator to 2022-07-13T16:21:08.210819+00:00, run_after=2022-07-14T16:21:08.210819+00:00
[2022-07-14 16:21:08,263] {processor.py:161} INFO - Processing /home/airflow/.local/lib/python3.7/site-packages/airflow/example_dags/example_short_circuit_operator.py took 0.186 seconds
[2022-07-14 16:21:38,842] {processor.py:153} INFO - Started process (PID=538) to work on /home/airflow/.local/lib/python3.7/site-packages/airflow/example_dags/example_short_circuit_operator.py
[2022-07-14 16:21:38,842] {processor.py:641} INFO - Processing file /home/airflow/.local/lib/python3.7/site-packages/airflow/example_dags/example_short_circuit_operator.py for tasks to queue
[2022-07-14 16:21:38,843] {logging_mixin.py:115} INFO - [2022-07-14 16:21:38,843] {dagbag.py:508} INFO - Filling up the DagBag from /home/airflow/.local/lib/python3.7/site-packages/airflow/example_dags/example_short_circuit_operator.py
[2022-07-14 16:21:38,855] {processor.py:651} INFO - DAG(s) dict_keys(['example_short_circuit_operator']) retrieved from /home/airflow/.local/lib/python3.7/site-packages/airflow/example_dags/example_short_circuit_operator.py
[2022-07-14 16:21:38,899] {logging_mixin.py:115} INFO - [2022-07-14 16:21:38,899] {dag.py:2420} INFO - Sync 1 DAGs
[2022-07-14 16:21:38,943] {logging_mixin.py:115} INFO - [2022-07-14 16:21:38,943] {dag.py:2972} INFO - Setting next_dagrun for example_short_circuit_operator to 2022-07-13T16:21:38.943143+00:00, run_after=2022-07-14T16:21:38.943143+00:00
[2022-07-14 16:21:38,997] {processor.py:161} INFO - Processing /home/airflow/.local/lib/python3.7/site-packages/airflow/example_dags/example_short_circuit_operator.py took 0.159 seconds
[2022-07-14 16:22:09,589] {processor.py:153} INFO - Started process (PID=598) to work on /home/airflow/.local/lib/python3.7/site-packages/airflow/example_dags/example_short_circuit_operator.py
[2022-07-14 16:22:09,589] {processor.py:641} INFO - Processing file /home/airflow/.local/lib/python3.7/site-packages/airflow/example_dags/example_short_circuit_operator.py for tasks to queue
[2022-07-14 16:22:09,590] {logging_mixin.py:115} INFO - [2022-07-14 16:22:09,590] {dagbag.py:508} INFO - Filling up the DagBag from /home/airflow/.local/lib/python3.7/site-packages/airflow/example_dags/example_short_circuit_operator.py
[2022-07-14 16:22:09,605] {processor.py:651} INFO - DAG(s) dict_keys(['example_short_circuit_operator']) retrieved from /home/airflow/.local/lib/python3.7/site-packages/airflow/example_dags/example_short_circuit_operator.py
[2022-07-14 16:22:09,656] {logging_mixin.py:115} INFO - [2022-07-14 16:22:09,656] {dag.py:2420} INFO - Sync 1 DAGs
[2022-07-14 16:22:09,711] {logging_mixin.py:115} INFO - [2022-07-14 16:22:09,711] {dag.py:2972} INFO - Setting next_dagrun for example_short_circuit_operator to 2022-07-13T16:22:09.710746+00:00, run_after=2022-07-14T16:22:09.710746+00:00
[2022-07-14 16:22:09,769] {processor.py:161} INFO - Processing /home/airflow/.local/lib/python3.7/site-packages/airflow/example_dags/example_short_circuit_operator.py took 0.184 seconds
[2022-07-14 16:22:40,760] {processor.py:153} INFO - Started process (PID=650) to work on /home/airflow/.local/lib/python3.7/site-packages/airflow/example_dags/example_short_circuit_operator.py
[2022-07-14 16:22:40,761] {processor.py:641} INFO - Processing file /home/airflow/.local/lib/python3.7/site-packages/airflow/example_dags/example_short_circuit_operator.py for tasks to queue
[2022-07-14 16:22:40,762] {logging_mixin.py:115} INFO - [2022-07-14 16:22:40,762] {dagbag.py:508} INFO - Filling up the DagBag from /home/airflow/.local/lib/python3.7/site-packages/airflow/example_dags/example_short_circuit_operator.py
[2022-07-14 16:22:40,777] {processor.py:651} INFO - DAG(s) dict_keys(['example_short_circuit_operator']) retrieved from /home/airflow/.local/lib/python3.7/site-packages/airflow/example_dags/example_short_circuit_operator.py
[2022-07-14 16:22:40,820] {logging_mixin.py:115} INFO - [2022-07-14 16:22:40,819] {dag.py:2420} INFO - Sync 1 DAGs
[2022-07-14 16:22:40,852] {logging_mixin.py:115} INFO - [2022-07-14 16:22:40,852] {dag.py:2972} INFO - Setting next_dagrun for example_short_circuit_operator to 2022-07-13T16:22:40.852060+00:00, run_after=2022-07-14T16:22:40.852060+00:00
[2022-07-14 16:22:40,908] {processor.py:161} INFO - Processing /home/airflow/.local/lib/python3.7/site-packages/airflow/example_dags/example_short_circuit_operator.py took 0.151 seconds
[2022-07-14 16:23:11,150] {processor.py:153} INFO - Started process (PID=711) to work on /home/airflow/.local/lib/python3.7/site-packages/airflow/example_dags/example_short_circuit_operator.py
[2022-07-14 16:23:11,150] {processor.py:641} INFO - Processing file /home/airflow/.local/lib/python3.7/site-packages/airflow/example_dags/example_short_circuit_operator.py for tasks to queue
[2022-07-14 16:23:11,151] {logging_mixin.py:115} INFO - [2022-07-14 16:23:11,151] {dagbag.py:508} INFO - Filling up the DagBag from /home/airflow/.local/lib/python3.7/site-packages/airflow/example_dags/example_short_circuit_operator.py
[2022-07-14 16:23:11,164] {processor.py:651} INFO - DAG(s) dict_keys(['example_short_circuit_operator']) retrieved from /home/airflow/.local/lib/python3.7/site-packages/airflow/example_dags/example_short_circuit_operator.py
[2022-07-14 16:23:11,204] {logging_mixin.py:115} INFO - [2022-07-14 16:23:11,204] {dag.py:2420} INFO - Sync 1 DAGs
[2022-07-14 16:23:11,239] {logging_mixin.py:115} INFO - [2022-07-14 16:23:11,239] {dag.py:2972} INFO - Setting next_dagrun for example_short_circuit_operator to 2022-07-13T16:23:11.239282+00:00, run_after=2022-07-14T16:23:11.239282+00:00
[2022-07-14 16:23:11,302] {processor.py:161} INFO - Processing /home/airflow/.local/lib/python3.7/site-packages/airflow/example_dags/example_short_circuit_operator.py took 0.156 seconds
[2022-07-14 16:23:41,351] {processor.py:153} INFO - Started process (PID=761) to work on /home/airflow/.local/lib/python3.7/site-packages/airflow/example_dags/example_short_circuit_operator.py
[2022-07-14 16:23:41,351] {processor.py:641} INFO - Processing file /home/airflow/.local/lib/python3.7/site-packages/airflow/example_dags/example_short_circuit_operator.py for tasks to queue
[2022-07-14 16:23:41,352] {logging_mixin.py:115} INFO - [2022-07-14 16:23:41,352] {dagbag.py:508} INFO - Filling up the DagBag from /home/airflow/.local/lib/python3.7/site-packages/airflow/example_dags/example_short_circuit_operator.py
[2022-07-14 16:23:41,371] {processor.py:651} INFO - DAG(s) dict_keys(['example_short_circuit_operator']) retrieved from /home/airflow/.local/lib/python3.7/site-packages/airflow/example_dags/example_short_circuit_operator.py
[2022-07-14 16:23:41,437] {logging_mixin.py:115} INFO - [2022-07-14 16:23:41,437] {dag.py:2420} INFO - Sync 1 DAGs
[2022-07-14 16:23:41,480] {logging_mixin.py:115} INFO - [2022-07-14 16:23:41,480] {dag.py:2972} INFO - Setting next_dagrun for example_short_circuit_operator to 2022-07-13T16:23:41.480259+00:00, run_after=2022-07-14T16:23:41.480259+00:00
[2022-07-14 16:23:41,506] {processor.py:161} INFO - Processing /home/airflow/.local/lib/python3.7/site-packages/airflow/example_dags/example_short_circuit_operator.py took 0.160 seconds
[2022-07-14 16:24:11,676] {processor.py:153} INFO - Started process (PID=812) to work on /home/airflow/.local/lib/python3.7/site-packages/airflow/example_dags/example_short_circuit_operator.py
[2022-07-14 16:24:11,987] {processor.py:641} INFO - Processing file /home/airflow/.local/lib/python3.7/site-packages/airflow/example_dags/example_short_circuit_operator.py for tasks to queue
[2022-07-14 16:24:11,987] {logging_mixin.py:115} INFO - [2022-07-14 16:24:11,987] {dagbag.py:508} INFO - Filling up the DagBag from /home/airflow/.local/lib/python3.7/site-packages/airflow/example_dags/example_short_circuit_operator.py
[2022-07-14 16:24:12,001] {processor.py:651} INFO - DAG(s) dict_keys(['example_short_circuit_operator']) retrieved from /home/airflow/.local/lib/python3.7/site-packages/airflow/example_dags/example_short_circuit_operator.py
[2022-07-14 16:24:12,043] {logging_mixin.py:115} INFO - [2022-07-14 16:24:12,042] {dag.py:2420} INFO - Sync 1 DAGs
[2022-07-14 16:24:12,075] {logging_mixin.py:115} INFO - [2022-07-14 16:24:12,075] {dag.py:2972} INFO - Setting next_dagrun for example_short_circuit_operator to 2022-07-13T16:24:12.075331+00:00, run_after=2022-07-14T16:24:12.075331+00:00
[2022-07-14 16:24:12,095] {processor.py:161} INFO - Processing /home/airflow/.local/lib/python3.7/site-packages/airflow/example_dags/example_short_circuit_operator.py took 0.424 seconds
[2022-07-14 16:24:42,763] {processor.py:153} INFO - Started process (PID=872) to work on /home/airflow/.local/lib/python3.7/site-packages/airflow/example_dags/example_short_circuit_operator.py
[2022-07-14 16:24:42,764] {processor.py:641} INFO - Processing file /home/airflow/.local/lib/python3.7/site-packages/airflow/example_dags/example_short_circuit_operator.py for tasks to queue
[2022-07-14 16:24:42,764] {logging_mixin.py:115} INFO - [2022-07-14 16:24:42,764] {dagbag.py:508} INFO - Filling up the DagBag from /home/airflow/.local/lib/python3.7/site-packages/airflow/example_dags/example_short_circuit_operator.py
[2022-07-14 16:24:42,777] {processor.py:651} INFO - DAG(s) dict_keys(['example_short_circuit_operator']) retrieved from /home/airflow/.local/lib/python3.7/site-packages/airflow/example_dags/example_short_circuit_operator.py
[2022-07-14 16:24:42,820] {logging_mixin.py:115} INFO - [2022-07-14 16:24:42,820] {dag.py:2420} INFO - Sync 1 DAGs
[2022-07-14 16:24:42,856] {logging_mixin.py:115} INFO - [2022-07-14 16:24:42,856] {dag.py:2972} INFO - Setting next_dagrun for example_short_circuit_operator to 2022-07-13T16:24:42.856126+00:00, run_after=2022-07-14T16:24:42.856126+00:00
[2022-07-14 16:24:42,880] {processor.py:161} INFO - Processing /home/airflow/.local/lib/python3.7/site-packages/airflow/example_dags/example_short_circuit_operator.py took 0.120 seconds
[2022-07-14 16:25:13,347] {processor.py:153} INFO - Started process (PID=924) to work on /home/airflow/.local/lib/python3.7/site-packages/airflow/example_dags/example_short_circuit_operator.py
[2022-07-14 16:25:13,353] {processor.py:641} INFO - Processing file /home/airflow/.local/lib/python3.7/site-packages/airflow/example_dags/example_short_circuit_operator.py for tasks to queue
[2022-07-14 16:25:13,354] {logging_mixin.py:115} INFO - [2022-07-14 16:25:13,353] {dagbag.py:508} INFO - Filling up the DagBag from /home/airflow/.local/lib/python3.7/site-packages/airflow/example_dags/example_short_circuit_operator.py
[2022-07-14 16:25:13,411] {processor.py:651} INFO - DAG(s) dict_keys(['example_short_circuit_operator']) retrieved from /home/airflow/.local/lib/python3.7/site-packages/airflow/example_dags/example_short_circuit_operator.py
[2022-07-14 16:25:13,535] {logging_mixin.py:115} INFO - [2022-07-14 16:25:13,535] {dag.py:2420} INFO - Sync 1 DAGs
[2022-07-14 16:25:13,622] {logging_mixin.py:115} INFO - [2022-07-14 16:25:13,622] {dag.py:2972} INFO - Setting next_dagrun for example_short_circuit_operator to 2022-07-13T16:25:13.622229+00:00, run_after=2022-07-14T16:25:13.622229+00:00
[2022-07-14 16:25:13,668] {processor.py:161} INFO - Processing /home/airflow/.local/lib/python3.7/site-packages/airflow/example_dags/example_short_circuit_operator.py took 0.337 seconds
[2022-07-14 16:25:44,477] {processor.py:153} INFO - Started process (PID=983) to work on /home/airflow/.local/lib/python3.7/site-packages/airflow/example_dags/example_short_circuit_operator.py
[2022-07-14 16:25:44,478] {processor.py:641} INFO - Processing file /home/airflow/.local/lib/python3.7/site-packages/airflow/example_dags/example_short_circuit_operator.py for tasks to queue
[2022-07-14 16:25:44,481] {logging_mixin.py:115} INFO - [2022-07-14 16:25:44,481] {dagbag.py:508} INFO - Filling up the DagBag from /home/airflow/.local/lib/python3.7/site-packages/airflow/example_dags/example_short_circuit_operator.py
[2022-07-14 16:25:44,498] {processor.py:651} INFO - DAG(s) dict_keys(['example_short_circuit_operator']) retrieved from /home/airflow/.local/lib/python3.7/site-packages/airflow/example_dags/example_short_circuit_operator.py
[2022-07-14 16:25:44,545] {logging_mixin.py:115} INFO - [2022-07-14 16:25:44,545] {dag.py:2420} INFO - Sync 1 DAGs
[2022-07-14 16:25:44,580] {logging_mixin.py:115} INFO - [2022-07-14 16:25:44,580] {dag.py:2972} INFO - Setting next_dagrun for example_short_circuit_operator to 2022-07-13T16:25:44.580434+00:00, run_after=2022-07-14T16:25:44.580434+00:00
[2022-07-14 16:25:44,613] {processor.py:161} INFO - Processing /home/airflow/.local/lib/python3.7/site-packages/airflow/example_dags/example_short_circuit_operator.py took 0.140 seconds
[2022-07-14 16:26:14,803] {processor.py:153} INFO - Started process (PID=1034) to work on /home/airflow/.local/lib/python3.7/site-packages/airflow/example_dags/example_short_circuit_operator.py
[2022-07-14 16:26:14,803] {processor.py:641} INFO - Processing file /home/airflow/.local/lib/python3.7/site-packages/airflow/example_dags/example_short_circuit_operator.py for tasks to queue
[2022-07-14 16:26:14,804] {logging_mixin.py:115} INFO - [2022-07-14 16:26:14,804] {dagbag.py:508} INFO - Filling up the DagBag from /home/airflow/.local/lib/python3.7/site-packages/airflow/example_dags/example_short_circuit_operator.py
[2022-07-14 16:26:14,817] {processor.py:651} INFO - DAG(s) dict_keys(['example_short_circuit_operator']) retrieved from /home/airflow/.local/lib/python3.7/site-packages/airflow/example_dags/example_short_circuit_operator.py
[2022-07-14 16:26:14,857] {logging_mixin.py:115} INFO - [2022-07-14 16:26:14,857] {dag.py:2420} INFO - Sync 1 DAGs
[2022-07-14 16:26:14,893] {logging_mixin.py:115} INFO - [2022-07-14 16:26:14,893] {dag.py:2972} INFO - Setting next_dagrun for example_short_circuit_operator to 2022-07-13T16:26:14.893537+00:00, run_after=2022-07-14T16:26:14.893537+00:00
[2022-07-14 16:26:14,918] {processor.py:161} INFO - Processing /home/airflow/.local/lib/python3.7/site-packages/airflow/example_dags/example_short_circuit_operator.py took 0.120 seconds
[2022-07-14 16:26:45,669] {processor.py:153} INFO - Started process (PID=1086) to work on /home/airflow/.local/lib/python3.7/site-packages/airflow/example_dags/example_short_circuit_operator.py
[2022-07-14 16:26:45,691] {processor.py:641} INFO - Processing file /home/airflow/.local/lib/python3.7/site-packages/airflow/example_dags/example_short_circuit_operator.py for tasks to queue
[2022-07-14 16:26:45,691] {logging_mixin.py:115} INFO - [2022-07-14 16:26:45,691] {dagbag.py:508} INFO - Filling up the DagBag from /home/airflow/.local/lib/python3.7/site-packages/airflow/example_dags/example_short_circuit_operator.py
[2022-07-14 16:26:45,717] {processor.py:651} INFO - DAG(s) dict_keys(['example_short_circuit_operator']) retrieved from /home/airflow/.local/lib/python3.7/site-packages/airflow/example_dags/example_short_circuit_operator.py
[2022-07-14 16:26:45,807] {logging_mixin.py:115} INFO - [2022-07-14 16:26:45,807] {dag.py:2420} INFO - Sync 1 DAGs
[2022-07-14 16:26:45,866] {logging_mixin.py:115} INFO - [2022-07-14 16:26:45,866] {dag.py:2972} INFO - Setting next_dagrun for example_short_circuit_operator to 2022-07-13T16:26:45.866107+00:00, run_after=2022-07-14T16:26:45.866107+00:00
[2022-07-14 16:26:45,884] {processor.py:161} INFO - Processing /home/airflow/.local/lib/python3.7/site-packages/airflow/example_dags/example_short_circuit_operator.py took 0.224 seconds
[2022-07-14 16:27:16,269] {processor.py:153} INFO - Started process (PID=1147) to work on /home/airflow/.local/lib/python3.7/site-packages/airflow/example_dags/example_short_circuit_operator.py
[2022-07-14 16:27:16,270] {processor.py:641} INFO - Processing file /home/airflow/.local/lib/python3.7/site-packages/airflow/example_dags/example_short_circuit_operator.py for tasks to queue
[2022-07-14 16:27:16,271] {logging_mixin.py:115} INFO - [2022-07-14 16:27:16,271] {dagbag.py:508} INFO - Filling up the DagBag from /home/airflow/.local/lib/python3.7/site-packages/airflow/example_dags/example_short_circuit_operator.py
[2022-07-14 16:27:16,289] {processor.py:651} INFO - DAG(s) dict_keys(['example_short_circuit_operator']) retrieved from /home/airflow/.local/lib/python3.7/site-packages/airflow/example_dags/example_short_circuit_operator.py
[2022-07-14 16:27:16,330] {logging_mixin.py:115} INFO - [2022-07-14 16:27:16,329] {dag.py:2420} INFO - Sync 1 DAGs
[2022-07-14 16:27:16,364] {logging_mixin.py:115} INFO - [2022-07-14 16:27:16,364] {dag.py:2972} INFO - Setting next_dagrun for example_short_circuit_operator to 2022-07-13T16:27:16.364051+00:00, run_after=2022-07-14T16:27:16.364051+00:00
[2022-07-14 16:27:16,388] {processor.py:161} INFO - Processing /home/airflow/.local/lib/python3.7/site-packages/airflow/example_dags/example_short_circuit_operator.py took 0.123 seconds
[2022-07-14 16:27:46,522] {processor.py:153} INFO - Started process (PID=1199) to work on /home/airflow/.local/lib/python3.7/site-packages/airflow/example_dags/example_short_circuit_operator.py
[2022-07-14 16:27:46,528] {processor.py:641} INFO - Processing file /home/airflow/.local/lib/python3.7/site-packages/airflow/example_dags/example_short_circuit_operator.py for tasks to queue
[2022-07-14 16:27:46,529] {logging_mixin.py:115} INFO - [2022-07-14 16:27:46,529] {dagbag.py:508} INFO - Filling up the DagBag from /home/airflow/.local/lib/python3.7/site-packages/airflow/example_dags/example_short_circuit_operator.py
[2022-07-14 16:27:46,557] {processor.py:651} INFO - DAG(s) dict_keys(['example_short_circuit_operator']) retrieved from /home/airflow/.local/lib/python3.7/site-packages/airflow/example_dags/example_short_circuit_operator.py
[2022-07-14 16:27:46,715] {logging_mixin.py:115} INFO - [2022-07-14 16:27:46,715] {dag.py:2420} INFO - Sync 1 DAGs
[2022-07-14 16:27:46,795] {logging_mixin.py:115} INFO - [2022-07-14 16:27:46,795] {dag.py:2972} INFO - Setting next_dagrun for example_short_circuit_operator to 2022-07-13T16:27:46.794973+00:00, run_after=2022-07-14T16:27:46.794973+00:00
[2022-07-14 16:27:46,835] {processor.py:161} INFO - Processing /home/airflow/.local/lib/python3.7/site-packages/airflow/example_dags/example_short_circuit_operator.py took 0.317 seconds
[2022-07-14 16:28:17,602] {processor.py:153} INFO - Started process (PID=1259) to work on /home/airflow/.local/lib/python3.7/site-packages/airflow/example_dags/example_short_circuit_operator.py
[2022-07-14 16:28:17,602] {processor.py:641} INFO - Processing file /home/airflow/.local/lib/python3.7/site-packages/airflow/example_dags/example_short_circuit_operator.py for tasks to queue
[2022-07-14 16:28:17,619] {logging_mixin.py:115} INFO - [2022-07-14 16:28:17,619] {dagbag.py:508} INFO - Filling up the DagBag from /home/airflow/.local/lib/python3.7/site-packages/airflow/example_dags/example_short_circuit_operator.py
[2022-07-14 16:28:17,639] {processor.py:651} INFO - DAG(s) dict_keys(['example_short_circuit_operator']) retrieved from /home/airflow/.local/lib/python3.7/site-packages/airflow/example_dags/example_short_circuit_operator.py
[2022-07-14 16:28:17,730] {logging_mixin.py:115} INFO - [2022-07-14 16:28:17,730] {dag.py:2420} INFO - Sync 1 DAGs
[2022-07-14 16:28:17,797] {logging_mixin.py:115} INFO - [2022-07-14 16:28:17,797] {dag.py:2972} INFO - Setting next_dagrun for example_short_circuit_operator to 2022-07-13T16:28:17.797169+00:00, run_after=2022-07-14T16:28:17.797169+00:00
[2022-07-14 16:28:17,829] {processor.py:161} INFO - Processing /home/airflow/.local/lib/python3.7/site-packages/airflow/example_dags/example_short_circuit_operator.py took 0.231 seconds
[2022-07-14 16:28:48,288] {processor.py:153} INFO - Started process (PID=1311) to work on /home/airflow/.local/lib/python3.7/site-packages/airflow/example_dags/example_short_circuit_operator.py
[2022-07-14 16:28:48,295] {processor.py:641} INFO - Processing file /home/airflow/.local/lib/python3.7/site-packages/airflow/example_dags/example_short_circuit_operator.py for tasks to queue
[2022-07-14 16:28:48,296] {logging_mixin.py:115} INFO - [2022-07-14 16:28:48,296] {dagbag.py:508} INFO - Filling up the DagBag from /home/airflow/.local/lib/python3.7/site-packages/airflow/example_dags/example_short_circuit_operator.py
[2022-07-14 16:28:48,307] {processor.py:651} INFO - DAG(s) dict_keys(['example_short_circuit_operator']) retrieved from /home/airflow/.local/lib/python3.7/site-packages/airflow/example_dags/example_short_circuit_operator.py
[2022-07-14 16:28:48,350] {logging_mixin.py:115} INFO - [2022-07-14 16:28:48,350] {dag.py:2420} INFO - Sync 1 DAGs
[2022-07-14 16:28:48,400] {logging_mixin.py:115} INFO - [2022-07-14 16:28:48,400] {dag.py:2972} INFO - Setting next_dagrun for example_short_circuit_operator to 2022-07-13T16:28:48.399833+00:00, run_after=2022-07-14T16:28:48.399833+00:00
[2022-07-14 16:28:48,424] {processor.py:161} INFO - Processing /home/airflow/.local/lib/python3.7/site-packages/airflow/example_dags/example_short_circuit_operator.py took 0.140 seconds
[2022-07-14 16:29:18,663] {processor.py:153} INFO - Started process (PID=1363) to work on /home/airflow/.local/lib/python3.7/site-packages/airflow/example_dags/example_short_circuit_operator.py
[2022-07-14 16:29:18,663] {processor.py:641} INFO - Processing file /home/airflow/.local/lib/python3.7/site-packages/airflow/example_dags/example_short_circuit_operator.py for tasks to queue
[2022-07-14 16:29:18,664] {logging_mixin.py:115} INFO - [2022-07-14 16:29:18,664] {dagbag.py:508} INFO - Filling up the DagBag from /home/airflow/.local/lib/python3.7/site-packages/airflow/example_dags/example_short_circuit_operator.py
[2022-07-14 16:29:18,678] {processor.py:651} INFO - DAG(s) dict_keys(['example_short_circuit_operator']) retrieved from /home/airflow/.local/lib/python3.7/site-packages/airflow/example_dags/example_short_circuit_operator.py
[2022-07-14 16:29:18,722] {logging_mixin.py:115} INFO - [2022-07-14 16:29:18,722] {dag.py:2420} INFO - Sync 1 DAGs
[2022-07-14 16:29:18,757] {logging_mixin.py:115} INFO - [2022-07-14 16:29:18,757] {dag.py:2972} INFO - Setting next_dagrun for example_short_circuit_operator to 2022-07-13T16:29:18.757529+00:00, run_after=2022-07-14T16:29:18.757529+00:00
[2022-07-14 16:29:18,787] {processor.py:161} INFO - Processing /home/airflow/.local/lib/python3.7/site-packages/airflow/example_dags/example_short_circuit_operator.py took 0.128 seconds
[2022-07-14 16:29:48,989] {processor.py:153} INFO - Started process (PID=1423) to work on /home/airflow/.local/lib/python3.7/site-packages/airflow/example_dags/example_short_circuit_operator.py
[2022-07-14 16:29:48,995] {processor.py:641} INFO - Processing file /home/airflow/.local/lib/python3.7/site-packages/airflow/example_dags/example_short_circuit_operator.py for tasks to queue
[2022-07-14 16:29:48,996] {logging_mixin.py:115} INFO - [2022-07-14 16:29:48,996] {dagbag.py:508} INFO - Filling up the DagBag from /home/airflow/.local/lib/python3.7/site-packages/airflow/example_dags/example_short_circuit_operator.py
[2022-07-14 16:29:49,110] {processor.py:651} INFO - DAG(s) dict_keys(['example_short_circuit_operator']) retrieved from /home/airflow/.local/lib/python3.7/site-packages/airflow/example_dags/example_short_circuit_operator.py
[2022-07-14 16:29:49,208] {logging_mixin.py:115} INFO - [2022-07-14 16:29:49,208] {dag.py:2420} INFO - Sync 1 DAGs
[2022-07-14 16:29:49,261] {logging_mixin.py:115} INFO - [2022-07-14 16:29:49,261] {dag.py:2972} INFO - Setting next_dagrun for example_short_circuit_operator to 2022-07-13T16:29:49.261044+00:00, run_after=2022-07-14T16:29:49.261044+00:00
[2022-07-14 16:29:49,339] {processor.py:161} INFO - Processing /home/airflow/.local/lib/python3.7/site-packages/airflow/example_dags/example_short_circuit_operator.py took 0.355 seconds
[2022-07-14 16:30:19,954] {processor.py:153} INFO - Started process (PID=1474) to work on /home/airflow/.local/lib/python3.7/site-packages/airflow/example_dags/example_short_circuit_operator.py
[2022-07-14 16:30:19,968] {processor.py:641} INFO - Processing file /home/airflow/.local/lib/python3.7/site-packages/airflow/example_dags/example_short_circuit_operator.py for tasks to queue
[2022-07-14 16:30:19,968] {logging_mixin.py:115} INFO - [2022-07-14 16:30:19,968] {dagbag.py:508} INFO - Filling up the DagBag from /home/airflow/.local/lib/python3.7/site-packages/airflow/example_dags/example_short_circuit_operator.py
[2022-07-14 16:30:19,986] {processor.py:651} INFO - DAG(s) dict_keys(['example_short_circuit_operator']) retrieved from /home/airflow/.local/lib/python3.7/site-packages/airflow/example_dags/example_short_circuit_operator.py
[2022-07-14 16:30:20,039] {logging_mixin.py:115} INFO - [2022-07-14 16:30:20,039] {dag.py:2420} INFO - Sync 1 DAGs
[2022-07-14 16:30:20,091] {logging_mixin.py:115} INFO - [2022-07-14 16:30:20,091] {dag.py:2972} INFO - Setting next_dagrun for example_short_circuit_operator to 2022-07-13T16:30:20.090832+00:00, run_after=2022-07-14T16:30:20.090832+00:00
[2022-07-14 16:30:20,114] {processor.py:161} INFO - Processing /home/airflow/.local/lib/python3.7/site-packages/airflow/example_dags/example_short_circuit_operator.py took 0.164 seconds
[2022-07-14 16:30:50,951] {processor.py:153} INFO - Started process (PID=1534) to work on /home/airflow/.local/lib/python3.7/site-packages/airflow/example_dags/example_short_circuit_operator.py
[2022-07-14 16:30:50,957] {processor.py:641} INFO - Processing file /home/airflow/.local/lib/python3.7/site-packages/airflow/example_dags/example_short_circuit_operator.py for tasks to queue
[2022-07-14 16:30:50,958] {logging_mixin.py:115} INFO - [2022-07-14 16:30:50,958] {dagbag.py:508} INFO - Filling up the DagBag from /home/airflow/.local/lib/python3.7/site-packages/airflow/example_dags/example_short_circuit_operator.py
[2022-07-14 16:30:50,970] {processor.py:651} INFO - DAG(s) dict_keys(['example_short_circuit_operator']) retrieved from /home/airflow/.local/lib/python3.7/site-packages/airflow/example_dags/example_short_circuit_operator.py
[2022-07-14 16:30:50,999] {logging_mixin.py:115} INFO - [2022-07-14 16:30:50,999] {dag.py:2420} INFO - Sync 1 DAGs
[2022-07-14 16:30:51,020] {logging_mixin.py:115} INFO - [2022-07-14 16:30:51,019] {dag.py:2972} INFO - Setting next_dagrun for example_short_circuit_operator to 2022-07-13T16:30:51.019763+00:00, run_after=2022-07-14T16:30:51.019763+00:00
[2022-07-14 16:30:51,033] {processor.py:161} INFO - Processing /home/airflow/.local/lib/python3.7/site-packages/airflow/example_dags/example_short_circuit_operator.py took 0.087 seconds
[2022-07-14 16:31:21,419] {processor.py:153} INFO - Started process (PID=1585) to work on /home/airflow/.local/lib/python3.7/site-packages/airflow/example_dags/example_short_circuit_operator.py
[2022-07-14 16:31:21,429] {processor.py:641} INFO - Processing file /home/airflow/.local/lib/python3.7/site-packages/airflow/example_dags/example_short_circuit_operator.py for tasks to queue
[2022-07-14 16:31:21,430] {logging_mixin.py:115} INFO - [2022-07-14 16:31:21,429] {dagbag.py:508} INFO - Filling up the DagBag from /home/airflow/.local/lib/python3.7/site-packages/airflow/example_dags/example_short_circuit_operator.py
[2022-07-14 16:31:21,441] {processor.py:651} INFO - DAG(s) dict_keys(['example_short_circuit_operator']) retrieved from /home/airflow/.local/lib/python3.7/site-packages/airflow/example_dags/example_short_circuit_operator.py
[2022-07-14 16:31:21,467] {logging_mixin.py:115} INFO - [2022-07-14 16:31:21,467] {dag.py:2420} INFO - Sync 1 DAGs
[2022-07-14 16:31:21,488] {logging_mixin.py:115} INFO - [2022-07-14 16:31:21,488] {dag.py:2972} INFO - Setting next_dagrun for example_short_circuit_operator to 2022-07-13T16:31:21.487937+00:00, run_after=2022-07-14T16:31:21.487937+00:00
[2022-07-14 16:31:21,501] {processor.py:161} INFO - Processing /home/airflow/.local/lib/python3.7/site-packages/airflow/example_dags/example_short_circuit_operator.py took 0.085 seconds
[2022-07-14 16:31:51,624] {processor.py:153} INFO - Started process (PID=1647) to work on /home/airflow/.local/lib/python3.7/site-packages/airflow/example_dags/example_short_circuit_operator.py
[2022-07-14 16:31:51,626] {processor.py:641} INFO - Processing file /home/airflow/.local/lib/python3.7/site-packages/airflow/example_dags/example_short_circuit_operator.py for tasks to queue
[2022-07-14 16:31:51,627] {logging_mixin.py:115} INFO - [2022-07-14 16:31:51,627] {dagbag.py:508} INFO - Filling up the DagBag from /home/airflow/.local/lib/python3.7/site-packages/airflow/example_dags/example_short_circuit_operator.py
[2022-07-14 16:31:51,656] {processor.py:651} INFO - DAG(s) dict_keys(['example_short_circuit_operator']) retrieved from /home/airflow/.local/lib/python3.7/site-packages/airflow/example_dags/example_short_circuit_operator.py
[2022-07-14 16:31:51,741] {logging_mixin.py:115} INFO - [2022-07-14 16:31:51,740] {dag.py:2420} INFO - Sync 1 DAGs
[2022-07-14 16:31:51,782] {logging_mixin.py:115} INFO - [2022-07-14 16:31:51,782] {dag.py:2972} INFO - Setting next_dagrun for example_short_circuit_operator to 2022-07-13T16:31:51.781806+00:00, run_after=2022-07-14T16:31:51.781806+00:00
[2022-07-14 16:31:51,830] {processor.py:161} INFO - Processing /home/airflow/.local/lib/python3.7/site-packages/airflow/example_dags/example_short_circuit_operator.py took 0.215 seconds
[2022-07-14 16:32:22,036] {processor.py:153} INFO - Started process (PID=1708) to work on /home/airflow/.local/lib/python3.7/site-packages/airflow/example_dags/example_short_circuit_operator.py
[2022-07-14 16:32:22,036] {processor.py:641} INFO - Processing file /home/airflow/.local/lib/python3.7/site-packages/airflow/example_dags/example_short_circuit_operator.py for tasks to queue
[2022-07-14 16:32:22,036] {logging_mixin.py:115} INFO - [2022-07-14 16:32:22,036] {dagbag.py:508} INFO - Filling up the DagBag from /home/airflow/.local/lib/python3.7/site-packages/airflow/example_dags/example_short_circuit_operator.py
[2022-07-14 16:32:22,046] {processor.py:651} INFO - DAG(s) dict_keys(['example_short_circuit_operator']) retrieved from /home/airflow/.local/lib/python3.7/site-packages/airflow/example_dags/example_short_circuit_operator.py
[2022-07-14 16:32:22,074] {logging_mixin.py:115} INFO - [2022-07-14 16:32:22,074] {dag.py:2420} INFO - Sync 1 DAGs
[2022-07-14 16:32:22,102] {logging_mixin.py:115} INFO - [2022-07-14 16:32:22,102] {dag.py:2972} INFO - Setting next_dagrun for example_short_circuit_operator to 2022-07-13T16:32:22.102250+00:00, run_after=2022-07-14T16:32:22.102250+00:00
[2022-07-14 16:32:22,113] {processor.py:161} INFO - Processing /home/airflow/.local/lib/python3.7/site-packages/airflow/example_dags/example_short_circuit_operator.py took 0.080 seconds
[2022-07-14 16:32:52,372] {processor.py:153} INFO - Started process (PID=1760) to work on /home/airflow/.local/lib/python3.7/site-packages/airflow/example_dags/example_short_circuit_operator.py
[2022-07-14 16:32:52,372] {processor.py:641} INFO - Processing file /home/airflow/.local/lib/python3.7/site-packages/airflow/example_dags/example_short_circuit_operator.py for tasks to queue
[2022-07-14 16:32:52,373] {logging_mixin.py:115} INFO - [2022-07-14 16:32:52,373] {dagbag.py:508} INFO - Filling up the DagBag from /home/airflow/.local/lib/python3.7/site-packages/airflow/example_dags/example_short_circuit_operator.py
[2022-07-14 16:32:52,384] {processor.py:651} INFO - DAG(s) dict_keys(['example_short_circuit_operator']) retrieved from /home/airflow/.local/lib/python3.7/site-packages/airflow/example_dags/example_short_circuit_operator.py
[2022-07-14 16:32:52,410] {logging_mixin.py:115} INFO - [2022-07-14 16:32:52,410] {dag.py:2420} INFO - Sync 1 DAGs
[2022-07-14 16:32:52,430] {logging_mixin.py:115} INFO - [2022-07-14 16:32:52,430] {dag.py:2972} INFO - Setting next_dagrun for example_short_circuit_operator to 2022-07-13T16:32:52.430485+00:00, run_after=2022-07-14T16:32:52.430485+00:00
[2022-07-14 16:32:52,457] {processor.py:161} INFO - Processing /home/airflow/.local/lib/python3.7/site-packages/airflow/example_dags/example_short_circuit_operator.py took 0.089 seconds
[2022-07-14 16:33:22,656] {processor.py:153} INFO - Started process (PID=1821) to work on /home/airflow/.local/lib/python3.7/site-packages/airflow/example_dags/example_short_circuit_operator.py
[2022-07-14 16:33:22,669] {processor.py:641} INFO - Processing file /home/airflow/.local/lib/python3.7/site-packages/airflow/example_dags/example_short_circuit_operator.py for tasks to queue
[2022-07-14 16:33:22,669] {logging_mixin.py:115} INFO - [2022-07-14 16:33:22,669] {dagbag.py:508} INFO - Filling up the DagBag from /home/airflow/.local/lib/python3.7/site-packages/airflow/example_dags/example_short_circuit_operator.py
[2022-07-14 16:33:22,679] {processor.py:651} INFO - DAG(s) dict_keys(['example_short_circuit_operator']) retrieved from /home/airflow/.local/lib/python3.7/site-packages/airflow/example_dags/example_short_circuit_operator.py
[2022-07-14 16:33:22,707] {logging_mixin.py:115} INFO - [2022-07-14 16:33:22,707] {dag.py:2420} INFO - Sync 1 DAGs
[2022-07-14 16:33:22,735] {logging_mixin.py:115} INFO - [2022-07-14 16:33:22,735] {dag.py:2972} INFO - Setting next_dagrun for example_short_circuit_operator to 2022-07-13T16:33:22.735350+00:00, run_after=2022-07-14T16:33:22.735350+00:00
[2022-07-14 16:33:22,751] {processor.py:161} INFO - Processing /home/airflow/.local/lib/python3.7/site-packages/airflow/example_dags/example_short_circuit_operator.py took 0.099 seconds
[2022-07-14 16:33:52,835] {processor.py:153} INFO - Started process (PID=1881) to work on /home/airflow/.local/lib/python3.7/site-packages/airflow/example_dags/example_short_circuit_operator.py
[2022-07-14 16:33:52,835] {processor.py:641} INFO - Processing file /home/airflow/.local/lib/python3.7/site-packages/airflow/example_dags/example_short_circuit_operator.py for tasks to queue
[2022-07-14 16:33:52,836] {logging_mixin.py:115} INFO - [2022-07-14 16:33:52,836] {dagbag.py:508} INFO - Filling up the DagBag from /home/airflow/.local/lib/python3.7/site-packages/airflow/example_dags/example_short_circuit_operator.py
[2022-07-14 16:33:52,848] {processor.py:651} INFO - DAG(s) dict_keys(['example_short_circuit_operator']) retrieved from /home/airflow/.local/lib/python3.7/site-packages/airflow/example_dags/example_short_circuit_operator.py
[2022-07-14 16:33:52,880] {logging_mixin.py:115} INFO - [2022-07-14 16:33:52,880] {dag.py:2420} INFO - Sync 1 DAGs
[2022-07-14 16:33:52,910] {logging_mixin.py:115} INFO - [2022-07-14 16:33:52,910] {dag.py:2972} INFO - Setting next_dagrun for example_short_circuit_operator to 2022-07-13T16:33:52.909952+00:00, run_after=2022-07-14T16:33:52.909952+00:00
[2022-07-14 16:33:52,926] {processor.py:161} INFO - Processing /home/airflow/.local/lib/python3.7/site-packages/airflow/example_dags/example_short_circuit_operator.py took 0.094 seconds
[2022-07-14 16:34:23,159] {processor.py:153} INFO - Started process (PID=1933) to work on /home/airflow/.local/lib/python3.7/site-packages/airflow/example_dags/example_short_circuit_operator.py
[2022-07-14 16:34:23,160] {processor.py:641} INFO - Processing file /home/airflow/.local/lib/python3.7/site-packages/airflow/example_dags/example_short_circuit_operator.py for tasks to queue
[2022-07-14 16:34:23,160] {logging_mixin.py:115} INFO - [2022-07-14 16:34:23,160] {dagbag.py:508} INFO - Filling up the DagBag from /home/airflow/.local/lib/python3.7/site-packages/airflow/example_dags/example_short_circuit_operator.py
[2022-07-14 16:34:23,171] {processor.py:651} INFO - DAG(s) dict_keys(['example_short_circuit_operator']) retrieved from /home/airflow/.local/lib/python3.7/site-packages/airflow/example_dags/example_short_circuit_operator.py
[2022-07-14 16:34:23,201] {logging_mixin.py:115} INFO - [2022-07-14 16:34:23,201] {dag.py:2420} INFO - Sync 1 DAGs
[2022-07-14 16:34:23,229] {logging_mixin.py:115} INFO - [2022-07-14 16:34:23,229] {dag.py:2972} INFO - Setting next_dagrun for example_short_circuit_operator to 2022-07-13T16:34:23.229512+00:00, run_after=2022-07-14T16:34:23.229512+00:00
[2022-07-14 16:34:23,271] {processor.py:161} INFO - Processing /home/airflow/.local/lib/python3.7/site-packages/airflow/example_dags/example_short_circuit_operator.py took 0.115 seconds
[2022-07-14 16:34:53,372] {processor.py:153} INFO - Started process (PID=1994) to work on /home/airflow/.local/lib/python3.7/site-packages/airflow/example_dags/example_short_circuit_operator.py
[2022-07-14 16:34:53,395] {processor.py:641} INFO - Processing file /home/airflow/.local/lib/python3.7/site-packages/airflow/example_dags/example_short_circuit_operator.py for tasks to queue
[2022-07-14 16:34:53,395] {logging_mixin.py:115} INFO - [2022-07-14 16:34:53,395] {dagbag.py:508} INFO - Filling up the DagBag from /home/airflow/.local/lib/python3.7/site-packages/airflow/example_dags/example_short_circuit_operator.py
[2022-07-14 16:34:53,413] {processor.py:651} INFO - DAG(s) dict_keys(['example_short_circuit_operator']) retrieved from /home/airflow/.local/lib/python3.7/site-packages/airflow/example_dags/example_short_circuit_operator.py
[2022-07-14 16:34:53,450] {logging_mixin.py:115} INFO - [2022-07-14 16:34:53,450] {dag.py:2420} INFO - Sync 1 DAGs
[2022-07-14 16:34:53,532] {logging_mixin.py:115} INFO - [2022-07-14 16:34:53,532] {dag.py:2972} INFO - Setting next_dagrun for example_short_circuit_operator to 2022-07-13T16:34:53.531898+00:00, run_after=2022-07-14T16:34:53.531898+00:00
[2022-07-14 16:34:53,568] {processor.py:161} INFO - Processing /home/airflow/.local/lib/python3.7/site-packages/airflow/example_dags/example_short_circuit_operator.py took 0.201 seconds
[2022-07-14 16:35:24,057] {processor.py:153} INFO - Started process (PID=2046) to work on /home/airflow/.local/lib/python3.7/site-packages/airflow/example_dags/example_short_circuit_operator.py
[2022-07-14 16:35:24,076] {processor.py:641} INFO - Processing file /home/airflow/.local/lib/python3.7/site-packages/airflow/example_dags/example_short_circuit_operator.py for tasks to queue
[2022-07-14 16:35:24,077] {logging_mixin.py:115} INFO - [2022-07-14 16:35:24,077] {dagbag.py:508} INFO - Filling up the DagBag from /home/airflow/.local/lib/python3.7/site-packages/airflow/example_dags/example_short_circuit_operator.py
[2022-07-14 16:35:24,106] {processor.py:651} INFO - DAG(s) dict_keys(['example_short_circuit_operator']) retrieved from /home/airflow/.local/lib/python3.7/site-packages/airflow/example_dags/example_short_circuit_operator.py
[2022-07-14 16:35:24,162] {logging_mixin.py:115} INFO - [2022-07-14 16:35:24,162] {dag.py:2420} INFO - Sync 1 DAGs
[2022-07-14 16:35:24,185] {logging_mixin.py:115} INFO - [2022-07-14 16:35:24,185] {dag.py:2972} INFO - Setting next_dagrun for example_short_circuit_operator to 2022-07-13T16:35:24.185016+00:00, run_after=2022-07-14T16:35:24.185016+00:00
[2022-07-14 16:35:24,198] {processor.py:161} INFO - Processing /home/airflow/.local/lib/python3.7/site-packages/airflow/example_dags/example_short_circuit_operator.py took 0.144 seconds
[2022-07-14 16:35:54,389] {processor.py:153} INFO - Started process (PID=2106) to work on /home/airflow/.local/lib/python3.7/site-packages/airflow/example_dags/example_short_circuit_operator.py
[2022-07-14 16:35:54,389] {processor.py:641} INFO - Processing file /home/airflow/.local/lib/python3.7/site-packages/airflow/example_dags/example_short_circuit_operator.py for tasks to queue
[2022-07-14 16:35:54,390] {logging_mixin.py:115} INFO - [2022-07-14 16:35:54,390] {dagbag.py:508} INFO - Filling up the DagBag from /home/airflow/.local/lib/python3.7/site-packages/airflow/example_dags/example_short_circuit_operator.py
[2022-07-14 16:35:54,402] {processor.py:651} INFO - DAG(s) dict_keys(['example_short_circuit_operator']) retrieved from /home/airflow/.local/lib/python3.7/site-packages/airflow/example_dags/example_short_circuit_operator.py
[2022-07-14 16:35:54,479] {logging_mixin.py:115} INFO - [2022-07-14 16:35:54,479] {dag.py:2420} INFO - Sync 1 DAGs
[2022-07-14 16:35:54,514] {logging_mixin.py:115} INFO - [2022-07-14 16:35:54,514] {dag.py:2972} INFO - Setting next_dagrun for example_short_circuit_operator to 2022-07-13T16:35:54.513863+00:00, run_after=2022-07-14T16:35:54.513863+00:00
[2022-07-14 16:35:54,529] {processor.py:161} INFO - Processing /home/airflow/.local/lib/python3.7/site-packages/airflow/example_dags/example_short_circuit_operator.py took 0.148 seconds
[2022-07-14 16:36:24,735] {processor.py:153} INFO - Started process (PID=2158) to work on /home/airflow/.local/lib/python3.7/site-packages/airflow/example_dags/example_short_circuit_operator.py
[2022-07-14 16:36:24,751] {processor.py:641} INFO - Processing file /home/airflow/.local/lib/python3.7/site-packages/airflow/example_dags/example_short_circuit_operator.py for tasks to queue
[2022-07-14 16:36:24,752] {logging_mixin.py:115} INFO - [2022-07-14 16:36:24,752] {dagbag.py:508} INFO - Filling up the DagBag from /home/airflow/.local/lib/python3.7/site-packages/airflow/example_dags/example_short_circuit_operator.py
[2022-07-14 16:36:24,768] {processor.py:651} INFO - DAG(s) dict_keys(['example_short_circuit_operator']) retrieved from /home/airflow/.local/lib/python3.7/site-packages/airflow/example_dags/example_short_circuit_operator.py
[2022-07-14 16:36:24,797] {logging_mixin.py:115} INFO - [2022-07-14 16:36:24,797] {dag.py:2420} INFO - Sync 1 DAGs
[2022-07-14 16:36:24,817] {logging_mixin.py:115} INFO - [2022-07-14 16:36:24,817] {dag.py:2972} INFO - Setting next_dagrun for example_short_circuit_operator to 2022-07-13T16:36:24.817304+00:00, run_after=2022-07-14T16:36:24.817304+00:00
[2022-07-14 16:36:24,827] {processor.py:161} INFO - Processing /home/airflow/.local/lib/python3.7/site-packages/airflow/example_dags/example_short_circuit_operator.py took 0.099 seconds
