[2022-07-14 16:17:01,862] {processor.py:153} INFO - Started process (PID=59) to work on /home/airflow/.local/lib/python3.7/site-packages/airflow/example_dags/example_complex.py
[2022-07-14 16:17:01,862] {processor.py:641} INFO - Processing file /home/airflow/.local/lib/python3.7/site-packages/airflow/example_dags/example_complex.py for tasks to queue
[2022-07-14 16:17:01,870] {logging_mixin.py:115} INFO - [2022-07-14 16:17:01,863] {dagbag.py:508} INFO - Filling up the DagBag from /home/airflow/.local/lib/python3.7/site-packages/airflow/example_dags/example_complex.py
[2022-07-14 16:17:01,957] {processor.py:651} INFO - DAG(s) dict_keys(['example_complex']) retrieved from /home/airflow/.local/lib/python3.7/site-packages/airflow/example_dags/example_complex.py
[2022-07-14 16:17:02,365] {logging_mixin.py:115} INFO - [2022-07-14 16:17:02,365] {manager.py:508} INFO - Created Permission View: can delete on DAG:example_complex
[2022-07-14 16:17:02,411] {logging_mixin.py:115} INFO - [2022-07-14 16:17:02,411] {manager.py:508} INFO - Created Permission View: can read on DAG:example_complex
[2022-07-14 16:17:02,451] {logging_mixin.py:115} INFO - [2022-07-14 16:17:02,451] {manager.py:508} INFO - Created Permission View: can edit on DAG:example_complex
[2022-07-14 16:17:02,451] {logging_mixin.py:115} INFO - [2022-07-14 16:17:02,451] {dag.py:2420} INFO - Sync 1 DAGs
[2022-07-14 16:17:02,493] {logging_mixin.py:115} INFO - [2022-07-14 16:17:02,493] {dag.py:2439} INFO - Creating ORM DAG for example_complex
[2022-07-14 16:17:02,523] {logging_mixin.py:115} INFO - [2022-07-14 16:17:02,523] {dag.py:2972} INFO - Setting next_dagrun for example_complex to None, run_after=None
[2022-07-14 16:17:02,564] {processor.py:161} INFO - Processing /home/airflow/.local/lib/python3.7/site-packages/airflow/example_dags/example_complex.py took 0.731 seconds
[2022-07-14 16:17:32,659] {processor.py:153} INFO - Started process (PID=109) to work on /home/airflow/.local/lib/python3.7/site-packages/airflow/example_dags/example_complex.py
[2022-07-14 16:17:32,682] {processor.py:641} INFO - Processing file /home/airflow/.local/lib/python3.7/site-packages/airflow/example_dags/example_complex.py for tasks to queue
[2022-07-14 16:17:32,682] {logging_mixin.py:115} INFO - [2022-07-14 16:17:32,682] {dagbag.py:508} INFO - Filling up the DagBag from /home/airflow/.local/lib/python3.7/site-packages/airflow/example_dags/example_complex.py
[2022-07-14 16:17:32,714] {processor.py:651} INFO - DAG(s) dict_keys(['example_complex']) retrieved from /home/airflow/.local/lib/python3.7/site-packages/airflow/example_dags/example_complex.py
[2022-07-14 16:17:32,768] {logging_mixin.py:115} INFO - [2022-07-14 16:17:32,768] {dag.py:2420} INFO - Sync 1 DAGs
[2022-07-14 16:17:32,800] {logging_mixin.py:115} INFO - [2022-07-14 16:17:32,800] {dag.py:2972} INFO - Setting next_dagrun for example_complex to None, run_after=None
[2022-07-14 16:17:32,840] {processor.py:161} INFO - Processing /home/airflow/.local/lib/python3.7/site-packages/airflow/example_dags/example_complex.py took 0.188 seconds
[2022-07-14 16:18:03,013] {processor.py:153} INFO - Started process (PID=161) to work on /home/airflow/.local/lib/python3.7/site-packages/airflow/example_dags/example_complex.py
[2022-07-14 16:18:03,014] {processor.py:641} INFO - Processing file /home/airflow/.local/lib/python3.7/site-packages/airflow/example_dags/example_complex.py for tasks to queue
[2022-07-14 16:18:03,015] {logging_mixin.py:115} INFO - [2022-07-14 16:18:03,015] {dagbag.py:508} INFO - Filling up the DagBag from /home/airflow/.local/lib/python3.7/site-packages/airflow/example_dags/example_complex.py
[2022-07-14 16:18:03,055] {processor.py:651} INFO - DAG(s) dict_keys(['example_complex']) retrieved from /home/airflow/.local/lib/python3.7/site-packages/airflow/example_dags/example_complex.py
[2022-07-14 16:18:03,154] {logging_mixin.py:115} INFO - [2022-07-14 16:18:03,154] {dag.py:2420} INFO - Sync 1 DAGs
[2022-07-14 16:18:03,207] {logging_mixin.py:115} INFO - [2022-07-14 16:18:03,206] {dag.py:2972} INFO - Setting next_dagrun for example_complex to None, run_after=None
[2022-07-14 16:18:03,230] {processor.py:161} INFO - Processing /home/airflow/.local/lib/python3.7/site-packages/airflow/example_dags/example_complex.py took 0.222 seconds
[2022-07-14 16:18:34,268] {processor.py:153} INFO - Started process (PID=220) to work on /home/airflow/.local/lib/python3.7/site-packages/airflow/example_dags/example_complex.py
[2022-07-14 16:18:34,269] {processor.py:641} INFO - Processing file /home/airflow/.local/lib/python3.7/site-packages/airflow/example_dags/example_complex.py for tasks to queue
[2022-07-14 16:18:34,269] {logging_mixin.py:115} INFO - [2022-07-14 16:18:34,269] {dagbag.py:508} INFO - Filling up the DagBag from /home/airflow/.local/lib/python3.7/site-packages/airflow/example_dags/example_complex.py
[2022-07-14 16:18:34,388] {processor.py:651} INFO - DAG(s) dict_keys(['example_complex']) retrieved from /home/airflow/.local/lib/python3.7/site-packages/airflow/example_dags/example_complex.py
[2022-07-14 16:18:34,596] {logging_mixin.py:115} INFO - [2022-07-14 16:18:34,596] {dag.py:2420} INFO - Sync 1 DAGs
[2022-07-14 16:18:34,631] {logging_mixin.py:115} INFO - [2022-07-14 16:18:34,630] {dag.py:2972} INFO - Setting next_dagrun for example_complex to None, run_after=None
[2022-07-14 16:18:34,671] {processor.py:161} INFO - Processing /home/airflow/.local/lib/python3.7/site-packages/airflow/example_dags/example_complex.py took 0.413 seconds
[2022-07-14 16:19:05,045] {processor.py:153} INFO - Started process (PID=273) to work on /home/airflow/.local/lib/python3.7/site-packages/airflow/example_dags/example_complex.py
[2022-07-14 16:19:05,045] {processor.py:641} INFO - Processing file /home/airflow/.local/lib/python3.7/site-packages/airflow/example_dags/example_complex.py for tasks to queue
[2022-07-14 16:19:05,046] {logging_mixin.py:115} INFO - [2022-07-14 16:19:05,046] {dagbag.py:508} INFO - Filling up the DagBag from /home/airflow/.local/lib/python3.7/site-packages/airflow/example_dags/example_complex.py
[2022-07-14 16:19:05,071] {processor.py:651} INFO - DAG(s) dict_keys(['example_complex']) retrieved from /home/airflow/.local/lib/python3.7/site-packages/airflow/example_dags/example_complex.py
[2022-07-14 16:19:05,133] {logging_mixin.py:115} INFO - [2022-07-14 16:19:05,133] {dag.py:2420} INFO - Sync 1 DAGs
[2022-07-14 16:19:05,170] {logging_mixin.py:115} INFO - [2022-07-14 16:19:05,170] {dag.py:2972} INFO - Setting next_dagrun for example_complex to None, run_after=None
[2022-07-14 16:19:05,191] {processor.py:161} INFO - Processing /home/airflow/.local/lib/python3.7/site-packages/airflow/example_dags/example_complex.py took 0.150 seconds
[2022-07-14 16:19:35,398] {processor.py:153} INFO - Started process (PID=324) to work on /home/airflow/.local/lib/python3.7/site-packages/airflow/example_dags/example_complex.py
[2022-07-14 16:19:35,399] {processor.py:641} INFO - Processing file /home/airflow/.local/lib/python3.7/site-packages/airflow/example_dags/example_complex.py for tasks to queue
[2022-07-14 16:19:35,400] {logging_mixin.py:115} INFO - [2022-07-14 16:19:35,399] {dagbag.py:508} INFO - Filling up the DagBag from /home/airflow/.local/lib/python3.7/site-packages/airflow/example_dags/example_complex.py
[2022-07-14 16:19:35,422] {processor.py:651} INFO - DAG(s) dict_keys(['example_complex']) retrieved from /home/airflow/.local/lib/python3.7/site-packages/airflow/example_dags/example_complex.py
[2022-07-14 16:19:35,474] {logging_mixin.py:115} INFO - [2022-07-14 16:19:35,474] {dag.py:2420} INFO - Sync 1 DAGs
[2022-07-14 16:19:35,507] {logging_mixin.py:115} INFO - [2022-07-14 16:19:35,507] {dag.py:2972} INFO - Setting next_dagrun for example_complex to None, run_after=None
[2022-07-14 16:19:35,552] {processor.py:161} INFO - Processing /home/airflow/.local/lib/python3.7/site-packages/airflow/example_dags/example_complex.py took 0.159 seconds
[2022-07-14 16:20:06,312] {processor.py:153} INFO - Started process (PID=376) to work on /home/airflow/.local/lib/python3.7/site-packages/airflow/example_dags/example_complex.py
[2022-07-14 16:20:06,313] {processor.py:641} INFO - Processing file /home/airflow/.local/lib/python3.7/site-packages/airflow/example_dags/example_complex.py for tasks to queue
[2022-07-14 16:20:06,314] {logging_mixin.py:115} INFO - [2022-07-14 16:20:06,313] {dagbag.py:508} INFO - Filling up the DagBag from /home/airflow/.local/lib/python3.7/site-packages/airflow/example_dags/example_complex.py
[2022-07-14 16:20:06,348] {processor.py:651} INFO - DAG(s) dict_keys(['example_complex']) retrieved from /home/airflow/.local/lib/python3.7/site-packages/airflow/example_dags/example_complex.py
[2022-07-14 16:20:06,465] {logging_mixin.py:115} INFO - [2022-07-14 16:20:06,459] {dag.py:2420} INFO - Sync 1 DAGs
[2022-07-14 16:20:06,605] {logging_mixin.py:115} INFO - [2022-07-14 16:20:06,605] {dag.py:2972} INFO - Setting next_dagrun for example_complex to None, run_after=None
[2022-07-14 16:20:06,652] {processor.py:161} INFO - Processing /home/airflow/.local/lib/python3.7/site-packages/airflow/example_dags/example_complex.py took 0.345 seconds
[2022-07-14 16:20:37,157] {processor.py:153} INFO - Started process (PID=435) to work on /home/airflow/.local/lib/python3.7/site-packages/airflow/example_dags/example_complex.py
[2022-07-14 16:20:37,157] {processor.py:641} INFO - Processing file /home/airflow/.local/lib/python3.7/site-packages/airflow/example_dags/example_complex.py for tasks to queue
[2022-07-14 16:20:37,158] {logging_mixin.py:115} INFO - [2022-07-14 16:20:37,158] {dagbag.py:508} INFO - Filling up the DagBag from /home/airflow/.local/lib/python3.7/site-packages/airflow/example_dags/example_complex.py
[2022-07-14 16:20:37,181] {processor.py:651} INFO - DAG(s) dict_keys(['example_complex']) retrieved from /home/airflow/.local/lib/python3.7/site-packages/airflow/example_dags/example_complex.py
[2022-07-14 16:20:37,239] {logging_mixin.py:115} INFO - [2022-07-14 16:20:37,239] {dag.py:2420} INFO - Sync 1 DAGs
[2022-07-14 16:20:37,272] {logging_mixin.py:115} INFO - [2022-07-14 16:20:37,272] {dag.py:2972} INFO - Setting next_dagrun for example_complex to None, run_after=None
[2022-07-14 16:20:37,317] {processor.py:161} INFO - Processing /home/airflow/.local/lib/python3.7/site-packages/airflow/example_dags/example_complex.py took 0.164 seconds
[2022-07-14 16:21:08,284] {processor.py:153} INFO - Started process (PID=487) to work on /home/airflow/.local/lib/python3.7/site-packages/airflow/example_dags/example_complex.py
[2022-07-14 16:21:08,285] {processor.py:641} INFO - Processing file /home/airflow/.local/lib/python3.7/site-packages/airflow/example_dags/example_complex.py for tasks to queue
[2022-07-14 16:21:08,286] {logging_mixin.py:115} INFO - [2022-07-14 16:21:08,285] {dagbag.py:508} INFO - Filling up the DagBag from /home/airflow/.local/lib/python3.7/site-packages/airflow/example_dags/example_complex.py
[2022-07-14 16:21:08,309] {processor.py:651} INFO - DAG(s) dict_keys(['example_complex']) retrieved from /home/airflow/.local/lib/python3.7/site-packages/airflow/example_dags/example_complex.py
[2022-07-14 16:21:08,361] {logging_mixin.py:115} INFO - [2022-07-14 16:21:08,361] {dag.py:2420} INFO - Sync 1 DAGs
[2022-07-14 16:21:08,396] {logging_mixin.py:115} INFO - [2022-07-14 16:21:08,396] {dag.py:2972} INFO - Setting next_dagrun for example_complex to None, run_after=None
[2022-07-14 16:21:08,442] {processor.py:161} INFO - Processing /home/airflow/.local/lib/python3.7/site-packages/airflow/example_dags/example_complex.py took 0.162 seconds
[2022-07-14 16:21:39,035] {processor.py:153} INFO - Started process (PID=539) to work on /home/airflow/.local/lib/python3.7/site-packages/airflow/example_dags/example_complex.py
[2022-07-14 16:21:39,036] {processor.py:641} INFO - Processing file /home/airflow/.local/lib/python3.7/site-packages/airflow/example_dags/example_complex.py for tasks to queue
[2022-07-14 16:21:39,037] {logging_mixin.py:115} INFO - [2022-07-14 16:21:39,037] {dagbag.py:508} INFO - Filling up the DagBag from /home/airflow/.local/lib/python3.7/site-packages/airflow/example_dags/example_complex.py
[2022-07-14 16:21:39,075] {processor.py:651} INFO - DAG(s) dict_keys(['example_complex']) retrieved from /home/airflow/.local/lib/python3.7/site-packages/airflow/example_dags/example_complex.py
[2022-07-14 16:21:39,199] {logging_mixin.py:115} INFO - [2022-07-14 16:21:39,199] {dag.py:2420} INFO - Sync 1 DAGs
[2022-07-14 16:21:39,263] {logging_mixin.py:115} INFO - [2022-07-14 16:21:39,263] {dag.py:2972} INFO - Setting next_dagrun for example_complex to None, run_after=None
[2022-07-14 16:21:39,301] {processor.py:161} INFO - Processing /home/airflow/.local/lib/python3.7/site-packages/airflow/example_dags/example_complex.py took 0.273 seconds
[2022-07-14 16:22:09,648] {processor.py:153} INFO - Started process (PID=599) to work on /home/airflow/.local/lib/python3.7/site-packages/airflow/example_dags/example_complex.py
[2022-07-14 16:22:09,654] {processor.py:641} INFO - Processing file /home/airflow/.local/lib/python3.7/site-packages/airflow/example_dags/example_complex.py for tasks to queue
[2022-07-14 16:22:09,655] {logging_mixin.py:115} INFO - [2022-07-14 16:22:09,655] {dagbag.py:508} INFO - Filling up the DagBag from /home/airflow/.local/lib/python3.7/site-packages/airflow/example_dags/example_complex.py
[2022-07-14 16:22:09,687] {processor.py:651} INFO - DAG(s) dict_keys(['example_complex']) retrieved from /home/airflow/.local/lib/python3.7/site-packages/airflow/example_dags/example_complex.py
[2022-07-14 16:22:09,744] {logging_mixin.py:115} INFO - [2022-07-14 16:22:09,744] {dag.py:2420} INFO - Sync 1 DAGs
[2022-07-14 16:22:09,783] {logging_mixin.py:115} INFO - [2022-07-14 16:22:09,783] {dag.py:2972} INFO - Setting next_dagrun for example_complex to None, run_after=None
[2022-07-14 16:22:09,796] {processor.py:161} INFO - Processing /home/airflow/.local/lib/python3.7/site-packages/airflow/example_dags/example_complex.py took 0.156 seconds
[2022-07-14 16:22:40,937] {processor.py:153} INFO - Started process (PID=651) to work on /home/airflow/.local/lib/python3.7/site-packages/airflow/example_dags/example_complex.py
[2022-07-14 16:22:40,938] {processor.py:641} INFO - Processing file /home/airflow/.local/lib/python3.7/site-packages/airflow/example_dags/example_complex.py for tasks to queue
[2022-07-14 16:22:40,938] {logging_mixin.py:115} INFO - [2022-07-14 16:22:40,938] {dagbag.py:508} INFO - Filling up the DagBag from /home/airflow/.local/lib/python3.7/site-packages/airflow/example_dags/example_complex.py
[2022-07-14 16:22:40,966] {processor.py:651} INFO - DAG(s) dict_keys(['example_complex']) retrieved from /home/airflow/.local/lib/python3.7/site-packages/airflow/example_dags/example_complex.py
[2022-07-14 16:22:41,021] {logging_mixin.py:115} INFO - [2022-07-14 16:22:41,021] {dag.py:2420} INFO - Sync 1 DAGs
[2022-07-14 16:22:41,057] {logging_mixin.py:115} INFO - [2022-07-14 16:22:41,057] {dag.py:2972} INFO - Setting next_dagrun for example_complex to None, run_after=None
[2022-07-14 16:22:41,112] {processor.py:161} INFO - Processing /home/airflow/.local/lib/python3.7/site-packages/airflow/example_dags/example_complex.py took 0.179 seconds
[2022-07-14 16:23:11,342] {processor.py:153} INFO - Started process (PID=712) to work on /home/airflow/.local/lib/python3.7/site-packages/airflow/example_dags/example_complex.py
[2022-07-14 16:23:11,380] {processor.py:641} INFO - Processing file /home/airflow/.local/lib/python3.7/site-packages/airflow/example_dags/example_complex.py for tasks to queue
[2022-07-14 16:23:11,380] {logging_mixin.py:115} INFO - [2022-07-14 16:23:11,380] {dagbag.py:508} INFO - Filling up the DagBag from /home/airflow/.local/lib/python3.7/site-packages/airflow/example_dags/example_complex.py
[2022-07-14 16:23:11,417] {processor.py:651} INFO - DAG(s) dict_keys(['example_complex']) retrieved from /home/airflow/.local/lib/python3.7/site-packages/airflow/example_dags/example_complex.py
[2022-07-14 16:23:11,493] {logging_mixin.py:115} INFO - [2022-07-14 16:23:11,493] {dag.py:2420} INFO - Sync 1 DAGs
[2022-07-14 16:23:11,564] {logging_mixin.py:115} INFO - [2022-07-14 16:23:11,563] {dag.py:2972} INFO - Setting next_dagrun for example_complex to None, run_after=None
[2022-07-14 16:23:11,591] {processor.py:161} INFO - Processing /home/airflow/.local/lib/python3.7/site-packages/airflow/example_dags/example_complex.py took 0.253 seconds
[2022-07-14 16:23:41,808] {processor.py:153} INFO - Started process (PID=763) to work on /home/airflow/.local/lib/python3.7/site-packages/airflow/example_dags/example_complex.py
[2022-07-14 16:23:41,810] {processor.py:641} INFO - Processing file /home/airflow/.local/lib/python3.7/site-packages/airflow/example_dags/example_complex.py for tasks to queue
[2022-07-14 16:23:41,811] {logging_mixin.py:115} INFO - [2022-07-14 16:23:41,811] {dagbag.py:508} INFO - Filling up the DagBag from /home/airflow/.local/lib/python3.7/site-packages/airflow/example_dags/example_complex.py
[2022-07-14 16:23:41,836] {processor.py:651} INFO - DAG(s) dict_keys(['example_complex']) retrieved from /home/airflow/.local/lib/python3.7/site-packages/airflow/example_dags/example_complex.py
[2022-07-14 16:23:41,911] {logging_mixin.py:115} INFO - [2022-07-14 16:23:41,911] {dag.py:2420} INFO - Sync 1 DAGs
[2022-07-14 16:23:41,948] {logging_mixin.py:115} INFO - [2022-07-14 16:23:41,948] {dag.py:2972} INFO - Setting next_dagrun for example_complex to None, run_after=None
[2022-07-14 16:23:41,987] {processor.py:161} INFO - Processing /home/airflow/.local/lib/python3.7/site-packages/airflow/example_dags/example_complex.py took 0.183 seconds
[2022-07-14 16:24:12,145] {processor.py:153} INFO - Started process (PID=814) to work on /home/airflow/.local/lib/python3.7/site-packages/airflow/example_dags/example_complex.py
[2022-07-14 16:24:12,146] {processor.py:641} INFO - Processing file /home/airflow/.local/lib/python3.7/site-packages/airflow/example_dags/example_complex.py for tasks to queue
[2022-07-14 16:24:12,147] {logging_mixin.py:115} INFO - [2022-07-14 16:24:12,146] {dagbag.py:508} INFO - Filling up the DagBag from /home/airflow/.local/lib/python3.7/site-packages/airflow/example_dags/example_complex.py
[2022-07-14 16:24:12,179] {processor.py:651} INFO - DAG(s) dict_keys(['example_complex']) retrieved from /home/airflow/.local/lib/python3.7/site-packages/airflow/example_dags/example_complex.py
[2022-07-14 16:24:12,256] {logging_mixin.py:115} INFO - [2022-07-14 16:24:12,256] {dag.py:2420} INFO - Sync 1 DAGs
[2022-07-14 16:24:12,319] {logging_mixin.py:115} INFO - [2022-07-14 16:24:12,319] {dag.py:2972} INFO - Setting next_dagrun for example_complex to None, run_after=None
[2022-07-14 16:24:12,366] {processor.py:161} INFO - Processing /home/airflow/.local/lib/python3.7/site-packages/airflow/example_dags/example_complex.py took 0.228 seconds
[2022-07-14 16:24:42,904] {processor.py:153} INFO - Started process (PID=873) to work on /home/airflow/.local/lib/python3.7/site-packages/airflow/example_dags/example_complex.py
[2022-07-14 16:24:42,905] {processor.py:641} INFO - Processing file /home/airflow/.local/lib/python3.7/site-packages/airflow/example_dags/example_complex.py for tasks to queue
[2022-07-14 16:24:42,906] {logging_mixin.py:115} INFO - [2022-07-14 16:24:42,906] {dagbag.py:508} INFO - Filling up the DagBag from /home/airflow/.local/lib/python3.7/site-packages/airflow/example_dags/example_complex.py
[2022-07-14 16:24:42,938] {processor.py:651} INFO - DAG(s) dict_keys(['example_complex']) retrieved from /home/airflow/.local/lib/python3.7/site-packages/airflow/example_dags/example_complex.py
[2022-07-14 16:24:43,012] {logging_mixin.py:115} INFO - [2022-07-14 16:24:43,012] {dag.py:2420} INFO - Sync 1 DAGs
[2022-07-14 16:24:43,059] {logging_mixin.py:115} INFO - [2022-07-14 16:24:43,058] {dag.py:2972} INFO - Setting next_dagrun for example_complex to None, run_after=None
[2022-07-14 16:24:43,083] {processor.py:161} INFO - Processing /home/airflow/.local/lib/python3.7/site-packages/airflow/example_dags/example_complex.py took 0.185 seconds
[2022-07-14 16:25:13,435] {processor.py:153} INFO - Started process (PID=925) to work on /home/airflow/.local/lib/python3.7/site-packages/airflow/example_dags/example_complex.py
[2022-07-14 16:25:13,446] {processor.py:641} INFO - Processing file /home/airflow/.local/lib/python3.7/site-packages/airflow/example_dags/example_complex.py for tasks to queue
[2022-07-14 16:25:13,447] {logging_mixin.py:115} INFO - [2022-07-14 16:25:13,447] {dagbag.py:508} INFO - Filling up the DagBag from /home/airflow/.local/lib/python3.7/site-packages/airflow/example_dags/example_complex.py
[2022-07-14 16:25:13,514] {processor.py:651} INFO - DAG(s) dict_keys(['example_complex']) retrieved from /home/airflow/.local/lib/python3.7/site-packages/airflow/example_dags/example_complex.py
[2022-07-14 16:25:13,667] {logging_mixin.py:115} INFO - [2022-07-14 16:25:13,667] {dag.py:2420} INFO - Sync 1 DAGs
[2022-07-14 16:25:13,755] {logging_mixin.py:115} INFO - [2022-07-14 16:25:13,755] {dag.py:2972} INFO - Setting next_dagrun for example_complex to None, run_after=None
[2022-07-14 16:25:13,811] {processor.py:161} INFO - Processing /home/airflow/.local/lib/python3.7/site-packages/airflow/example_dags/example_complex.py took 0.383 seconds
[2022-07-14 16:25:44,648] {processor.py:153} INFO - Started process (PID=984) to work on /home/airflow/.local/lib/python3.7/site-packages/airflow/example_dags/example_complex.py
[2022-07-14 16:25:44,649] {processor.py:641} INFO - Processing file /home/airflow/.local/lib/python3.7/site-packages/airflow/example_dags/example_complex.py for tasks to queue
[2022-07-14 16:25:44,649] {logging_mixin.py:115} INFO - [2022-07-14 16:25:44,649] {dagbag.py:508} INFO - Filling up the DagBag from /home/airflow/.local/lib/python3.7/site-packages/airflow/example_dags/example_complex.py
[2022-07-14 16:25:44,678] {processor.py:651} INFO - DAG(s) dict_keys(['example_complex']) retrieved from /home/airflow/.local/lib/python3.7/site-packages/airflow/example_dags/example_complex.py
[2022-07-14 16:25:44,772] {logging_mixin.py:115} INFO - [2022-07-14 16:25:44,771] {dag.py:2420} INFO - Sync 1 DAGs
[2022-07-14 16:25:44,825] {logging_mixin.py:115} INFO - [2022-07-14 16:25:44,825] {dag.py:2972} INFO - Setting next_dagrun for example_complex to None, run_after=None
[2022-07-14 16:25:44,856] {processor.py:161} INFO - Processing /home/airflow/.local/lib/python3.7/site-packages/airflow/example_dags/example_complex.py took 0.212 seconds
[2022-07-14 16:26:14,946] {processor.py:153} INFO - Started process (PID=1035) to work on /home/airflow/.local/lib/python3.7/site-packages/airflow/example_dags/example_complex.py
[2022-07-14 16:26:14,947] {processor.py:641} INFO - Processing file /home/airflow/.local/lib/python3.7/site-packages/airflow/example_dags/example_complex.py for tasks to queue
[2022-07-14 16:26:14,947] {logging_mixin.py:115} INFO - [2022-07-14 16:26:14,947] {dagbag.py:508} INFO - Filling up the DagBag from /home/airflow/.local/lib/python3.7/site-packages/airflow/example_dags/example_complex.py
[2022-07-14 16:26:14,976] {processor.py:651} INFO - DAG(s) dict_keys(['example_complex']) retrieved from /home/airflow/.local/lib/python3.7/site-packages/airflow/example_dags/example_complex.py
[2022-07-14 16:26:15,029] {logging_mixin.py:115} INFO - [2022-07-14 16:26:15,028] {dag.py:2420} INFO - Sync 1 DAGs
[2022-07-14 16:26:15,062] {logging_mixin.py:115} INFO - [2022-07-14 16:26:15,062] {dag.py:2972} INFO - Setting next_dagrun for example_complex to None, run_after=None
[2022-07-14 16:26:15,090] {processor.py:161} INFO - Processing /home/airflow/.local/lib/python3.7/site-packages/airflow/example_dags/example_complex.py took 0.147 seconds
[2022-07-14 16:26:45,843] {processor.py:153} INFO - Started process (PID=1087) to work on /home/airflow/.local/lib/python3.7/site-packages/airflow/example_dags/example_complex.py
[2022-07-14 16:26:45,853] {processor.py:641} INFO - Processing file /home/airflow/.local/lib/python3.7/site-packages/airflow/example_dags/example_complex.py for tasks to queue
[2022-07-14 16:26:45,854] {logging_mixin.py:115} INFO - [2022-07-14 16:26:45,854] {dagbag.py:508} INFO - Filling up the DagBag from /home/airflow/.local/lib/python3.7/site-packages/airflow/example_dags/example_complex.py
[2022-07-14 16:26:45,883] {processor.py:651} INFO - DAG(s) dict_keys(['example_complex']) retrieved from /home/airflow/.local/lib/python3.7/site-packages/airflow/example_dags/example_complex.py
[2022-07-14 16:26:46,013] {logging_mixin.py:115} INFO - [2022-07-14 16:26:46,013] {dag.py:2420} INFO - Sync 1 DAGs
[2022-07-14 16:26:46,113] {logging_mixin.py:115} INFO - [2022-07-14 16:26:46,112] {dag.py:2972} INFO - Setting next_dagrun for example_complex to None, run_after=None
[2022-07-14 16:26:46,157] {processor.py:161} INFO - Processing /home/airflow/.local/lib/python3.7/site-packages/airflow/example_dags/example_complex.py took 0.318 seconds
[2022-07-14 16:27:16,422] {processor.py:153} INFO - Started process (PID=1148) to work on /home/airflow/.local/lib/python3.7/site-packages/airflow/example_dags/example_complex.py
[2022-07-14 16:27:16,423] {processor.py:641} INFO - Processing file /home/airflow/.local/lib/python3.7/site-packages/airflow/example_dags/example_complex.py for tasks to queue
[2022-07-14 16:27:16,424] {logging_mixin.py:115} INFO - [2022-07-14 16:27:16,423] {dagbag.py:508} INFO - Filling up the DagBag from /home/airflow/.local/lib/python3.7/site-packages/airflow/example_dags/example_complex.py
[2022-07-14 16:27:16,449] {processor.py:651} INFO - DAG(s) dict_keys(['example_complex']) retrieved from /home/airflow/.local/lib/python3.7/site-packages/airflow/example_dags/example_complex.py
[2022-07-14 16:27:16,554] {logging_mixin.py:115} INFO - [2022-07-14 16:27:16,554] {dag.py:2420} INFO - Sync 1 DAGs
[2022-07-14 16:27:16,604] {logging_mixin.py:115} INFO - [2022-07-14 16:27:16,604] {dag.py:2972} INFO - Setting next_dagrun for example_complex to None, run_after=None
[2022-07-14 16:27:16,631] {processor.py:161} INFO - Processing /home/airflow/.local/lib/python3.7/site-packages/airflow/example_dags/example_complex.py took 0.212 seconds
[2022-07-14 16:27:46,867] {processor.py:153} INFO - Started process (PID=1200) to work on /home/airflow/.local/lib/python3.7/site-packages/airflow/example_dags/example_complex.py
[2022-07-14 16:27:46,868] {processor.py:641} INFO - Processing file /home/airflow/.local/lib/python3.7/site-packages/airflow/example_dags/example_complex.py for tasks to queue
[2022-07-14 16:27:46,869] {logging_mixin.py:115} INFO - [2022-07-14 16:27:46,869] {dagbag.py:508} INFO - Filling up the DagBag from /home/airflow/.local/lib/python3.7/site-packages/airflow/example_dags/example_complex.py
[2022-07-14 16:27:46,914] {processor.py:651} INFO - DAG(s) dict_keys(['example_complex']) retrieved from /home/airflow/.local/lib/python3.7/site-packages/airflow/example_dags/example_complex.py
[2022-07-14 16:27:46,989] {logging_mixin.py:115} INFO - [2022-07-14 16:27:46,989] {dag.py:2420} INFO - Sync 1 DAGs
[2022-07-14 16:27:47,039] {logging_mixin.py:115} INFO - [2022-07-14 16:27:47,039] {dag.py:2972} INFO - Setting next_dagrun for example_complex to None, run_after=None
[2022-07-14 16:27:47,071] {processor.py:161} INFO - Processing /home/airflow/.local/lib/python3.7/site-packages/airflow/example_dags/example_complex.py took 0.210 seconds
[2022-07-14 16:28:17,887] {processor.py:153} INFO - Started process (PID=1260) to work on /home/airflow/.local/lib/python3.7/site-packages/airflow/example_dags/example_complex.py
[2022-07-14 16:28:17,898] {processor.py:641} INFO - Processing file /home/airflow/.local/lib/python3.7/site-packages/airflow/example_dags/example_complex.py for tasks to queue
[2022-07-14 16:28:17,899] {logging_mixin.py:115} INFO - [2022-07-14 16:28:17,899] {dagbag.py:508} INFO - Filling up the DagBag from /home/airflow/.local/lib/python3.7/site-packages/airflow/example_dags/example_complex.py
[2022-07-14 16:28:17,986] {processor.py:651} INFO - DAG(s) dict_keys(['example_complex']) retrieved from /home/airflow/.local/lib/python3.7/site-packages/airflow/example_dags/example_complex.py
[2022-07-14 16:28:18,108] {logging_mixin.py:115} INFO - [2022-07-14 16:28:18,108] {dag.py:2420} INFO - Sync 1 DAGs
[2022-07-14 16:28:18,160] {logging_mixin.py:115} INFO - [2022-07-14 16:28:18,160] {dag.py:2972} INFO - Setting next_dagrun for example_complex to None, run_after=None
[2022-07-14 16:28:18,204] {processor.py:161} INFO - Processing /home/airflow/.local/lib/python3.7/site-packages/airflow/example_dags/example_complex.py took 0.325 seconds
[2022-07-14 16:28:48,447] {processor.py:153} INFO - Started process (PID=1312) to work on /home/airflow/.local/lib/python3.7/site-packages/airflow/example_dags/example_complex.py
[2022-07-14 16:28:48,447] {processor.py:641} INFO - Processing file /home/airflow/.local/lib/python3.7/site-packages/airflow/example_dags/example_complex.py for tasks to queue
[2022-07-14 16:28:48,448] {logging_mixin.py:115} INFO - [2022-07-14 16:28:48,448] {dagbag.py:508} INFO - Filling up the DagBag from /home/airflow/.local/lib/python3.7/site-packages/airflow/example_dags/example_complex.py
[2022-07-14 16:28:48,471] {processor.py:651} INFO - DAG(s) dict_keys(['example_complex']) retrieved from /home/airflow/.local/lib/python3.7/site-packages/airflow/example_dags/example_complex.py
[2022-07-14 16:28:48,524] {logging_mixin.py:115} INFO - [2022-07-14 16:28:48,524] {dag.py:2420} INFO - Sync 1 DAGs
[2022-07-14 16:28:48,557] {logging_mixin.py:115} INFO - [2022-07-14 16:28:48,557] {dag.py:2972} INFO - Setting next_dagrun for example_complex to None, run_after=None
[2022-07-14 16:28:48,580] {processor.py:161} INFO - Processing /home/airflow/.local/lib/python3.7/site-packages/airflow/example_dags/example_complex.py took 0.137 seconds
[2022-07-14 16:29:18,812] {processor.py:153} INFO - Started process (PID=1364) to work on /home/airflow/.local/lib/python3.7/site-packages/airflow/example_dags/example_complex.py
[2022-07-14 16:29:18,813] {processor.py:641} INFO - Processing file /home/airflow/.local/lib/python3.7/site-packages/airflow/example_dags/example_complex.py for tasks to queue
[2022-07-14 16:29:18,813] {logging_mixin.py:115} INFO - [2022-07-14 16:29:18,813] {dagbag.py:508} INFO - Filling up the DagBag from /home/airflow/.local/lib/python3.7/site-packages/airflow/example_dags/example_complex.py
[2022-07-14 16:29:18,834] {processor.py:651} INFO - DAG(s) dict_keys(['example_complex']) retrieved from /home/airflow/.local/lib/python3.7/site-packages/airflow/example_dags/example_complex.py
[2022-07-14 16:29:18,878] {logging_mixin.py:115} INFO - [2022-07-14 16:29:18,878] {dag.py:2420} INFO - Sync 1 DAGs
[2022-07-14 16:29:18,910] {logging_mixin.py:115} INFO - [2022-07-14 16:29:18,910] {dag.py:2972} INFO - Setting next_dagrun for example_complex to None, run_after=None
[2022-07-14 16:29:18,925] {processor.py:161} INFO - Processing /home/airflow/.local/lib/python3.7/site-packages/airflow/example_dags/example_complex.py took 0.116 seconds
[2022-07-14 16:29:49,220] {processor.py:153} INFO - Started process (PID=1424) to work on /home/airflow/.local/lib/python3.7/site-packages/airflow/example_dags/example_complex.py
[2022-07-14 16:29:49,221] {processor.py:641} INFO - Processing file /home/airflow/.local/lib/python3.7/site-packages/airflow/example_dags/example_complex.py for tasks to queue
[2022-07-14 16:29:49,222] {logging_mixin.py:115} INFO - [2022-07-14 16:29:49,222] {dagbag.py:508} INFO - Filling up the DagBag from /home/airflow/.local/lib/python3.7/site-packages/airflow/example_dags/example_complex.py
[2022-07-14 16:29:49,245] {processor.py:651} INFO - DAG(s) dict_keys(['example_complex']) retrieved from /home/airflow/.local/lib/python3.7/site-packages/airflow/example_dags/example_complex.py
[2022-07-14 16:29:49,296] {logging_mixin.py:115} INFO - [2022-07-14 16:29:49,296] {dag.py:2420} INFO - Sync 1 DAGs
[2022-07-14 16:29:49,330] {logging_mixin.py:115} INFO - [2022-07-14 16:29:49,330] {dag.py:2972} INFO - Setting next_dagrun for example_complex to None, run_after=None
[2022-07-14 16:29:49,363] {processor.py:161} INFO - Processing /home/airflow/.local/lib/python3.7/site-packages/airflow/example_dags/example_complex.py took 0.148 seconds
[2022-07-14 16:30:20,143] {processor.py:153} INFO - Started process (PID=1475) to work on /home/airflow/.local/lib/python3.7/site-packages/airflow/example_dags/example_complex.py
[2022-07-14 16:30:20,143] {processor.py:641} INFO - Processing file /home/airflow/.local/lib/python3.7/site-packages/airflow/example_dags/example_complex.py for tasks to queue
[2022-07-14 16:30:20,144] {logging_mixin.py:115} INFO - [2022-07-14 16:30:20,144] {dagbag.py:508} INFO - Filling up the DagBag from /home/airflow/.local/lib/python3.7/site-packages/airflow/example_dags/example_complex.py
[2022-07-14 16:30:20,165] {processor.py:651} INFO - DAG(s) dict_keys(['example_complex']) retrieved from /home/airflow/.local/lib/python3.7/site-packages/airflow/example_dags/example_complex.py
[2022-07-14 16:30:20,214] {logging_mixin.py:115} INFO - [2022-07-14 16:30:20,214] {dag.py:2420} INFO - Sync 1 DAGs
[2022-07-14 16:30:20,244] {logging_mixin.py:115} INFO - [2022-07-14 16:30:20,244] {dag.py:2972} INFO - Setting next_dagrun for example_complex to None, run_after=None
[2022-07-14 16:30:20,280] {processor.py:161} INFO - Processing /home/airflow/.local/lib/python3.7/site-packages/airflow/example_dags/example_complex.py took 0.142 seconds
[2022-07-14 16:30:51,050] {processor.py:153} INFO - Started process (PID=1535) to work on /home/airflow/.local/lib/python3.7/site-packages/airflow/example_dags/example_complex.py
[2022-07-14 16:30:51,051] {processor.py:641} INFO - Processing file /home/airflow/.local/lib/python3.7/site-packages/airflow/example_dags/example_complex.py for tasks to queue
[2022-07-14 16:30:51,051] {logging_mixin.py:115} INFO - [2022-07-14 16:30:51,051] {dagbag.py:508} INFO - Filling up the DagBag from /home/airflow/.local/lib/python3.7/site-packages/airflow/example_dags/example_complex.py
[2022-07-14 16:30:51,078] {processor.py:651} INFO - DAG(s) dict_keys(['example_complex']) retrieved from /home/airflow/.local/lib/python3.7/site-packages/airflow/example_dags/example_complex.py
[2022-07-14 16:30:51,123] {logging_mixin.py:115} INFO - [2022-07-14 16:30:51,122] {dag.py:2420} INFO - Sync 1 DAGs
[2022-07-14 16:30:51,151] {logging_mixin.py:115} INFO - [2022-07-14 16:30:51,151] {dag.py:2972} INFO - Setting next_dagrun for example_complex to None, run_after=None
[2022-07-14 16:30:51,164] {processor.py:161} INFO - Processing /home/airflow/.local/lib/python3.7/site-packages/airflow/example_dags/example_complex.py took 0.117 seconds
[2022-07-14 16:31:21,516] {processor.py:153} INFO - Started process (PID=1586) to work on /home/airflow/.local/lib/python3.7/site-packages/airflow/example_dags/example_complex.py
[2022-07-14 16:31:21,516] {processor.py:641} INFO - Processing file /home/airflow/.local/lib/python3.7/site-packages/airflow/example_dags/example_complex.py for tasks to queue
[2022-07-14 16:31:21,517] {logging_mixin.py:115} INFO - [2022-07-14 16:31:21,517] {dagbag.py:508} INFO - Filling up the DagBag from /home/airflow/.local/lib/python3.7/site-packages/airflow/example_dags/example_complex.py
[2022-07-14 16:31:21,530] {processor.py:651} INFO - DAG(s) dict_keys(['example_complex']) retrieved from /home/airflow/.local/lib/python3.7/site-packages/airflow/example_dags/example_complex.py
[2022-07-14 16:31:21,557] {logging_mixin.py:115} INFO - [2022-07-14 16:31:21,557] {dag.py:2420} INFO - Sync 1 DAGs
[2022-07-14 16:31:21,577] {logging_mixin.py:115} INFO - [2022-07-14 16:31:21,577] {dag.py:2972} INFO - Setting next_dagrun for example_complex to None, run_after=None
[2022-07-14 16:31:21,589] {processor.py:161} INFO - Processing /home/airflow/.local/lib/python3.7/site-packages/airflow/example_dags/example_complex.py took 0.075 seconds
[2022-07-14 16:31:51,861] {processor.py:153} INFO - Started process (PID=1648) to work on /home/airflow/.local/lib/python3.7/site-packages/airflow/example_dags/example_complex.py
[2022-07-14 16:31:51,862] {processor.py:641} INFO - Processing file /home/airflow/.local/lib/python3.7/site-packages/airflow/example_dags/example_complex.py for tasks to queue
[2022-07-14 16:31:51,862] {logging_mixin.py:115} INFO - [2022-07-14 16:31:51,862] {dagbag.py:508} INFO - Filling up the DagBag from /home/airflow/.local/lib/python3.7/site-packages/airflow/example_dags/example_complex.py
[2022-07-14 16:31:51,877] {processor.py:651} INFO - DAG(s) dict_keys(['example_complex']) retrieved from /home/airflow/.local/lib/python3.7/site-packages/airflow/example_dags/example_complex.py
[2022-07-14 16:31:51,906] {logging_mixin.py:115} INFO - [2022-07-14 16:31:51,906] {dag.py:2420} INFO - Sync 1 DAGs
[2022-07-14 16:31:51,925] {logging_mixin.py:115} INFO - [2022-07-14 16:31:51,925] {dag.py:2972} INFO - Setting next_dagrun for example_complex to None, run_after=None
[2022-07-14 16:31:51,935] {processor.py:161} INFO - Processing /home/airflow/.local/lib/python3.7/site-packages/airflow/example_dags/example_complex.py took 0.077 seconds
[2022-07-14 16:32:22,128] {processor.py:153} INFO - Started process (PID=1709) to work on /home/airflow/.local/lib/python3.7/site-packages/airflow/example_dags/example_complex.py
[2022-07-14 16:32:22,128] {processor.py:641} INFO - Processing file /home/airflow/.local/lib/python3.7/site-packages/airflow/example_dags/example_complex.py for tasks to queue
[2022-07-14 16:32:22,128] {logging_mixin.py:115} INFO - [2022-07-14 16:32:22,128] {dagbag.py:508} INFO - Filling up the DagBag from /home/airflow/.local/lib/python3.7/site-packages/airflow/example_dags/example_complex.py
[2022-07-14 16:32:22,141] {processor.py:651} INFO - DAG(s) dict_keys(['example_complex']) retrieved from /home/airflow/.local/lib/python3.7/site-packages/airflow/example_dags/example_complex.py
[2022-07-14 16:32:22,172] {logging_mixin.py:115} INFO - [2022-07-14 16:32:22,172] {dag.py:2420} INFO - Sync 1 DAGs
[2022-07-14 16:32:22,193] {logging_mixin.py:115} INFO - [2022-07-14 16:32:22,193] {dag.py:2972} INFO - Setting next_dagrun for example_complex to None, run_after=None
[2022-07-14 16:32:22,204] {processor.py:161} INFO - Processing /home/airflow/.local/lib/python3.7/site-packages/airflow/example_dags/example_complex.py took 0.079 seconds
[2022-07-14 16:32:52,473] {processor.py:153} INFO - Started process (PID=1761) to work on /home/airflow/.local/lib/python3.7/site-packages/airflow/example_dags/example_complex.py
[2022-07-14 16:32:52,474] {processor.py:641} INFO - Processing file /home/airflow/.local/lib/python3.7/site-packages/airflow/example_dags/example_complex.py for tasks to queue
[2022-07-14 16:32:52,474] {logging_mixin.py:115} INFO - [2022-07-14 16:32:52,474] {dagbag.py:508} INFO - Filling up the DagBag from /home/airflow/.local/lib/python3.7/site-packages/airflow/example_dags/example_complex.py
[2022-07-14 16:32:52,488] {processor.py:651} INFO - DAG(s) dict_keys(['example_complex']) retrieved from /home/airflow/.local/lib/python3.7/site-packages/airflow/example_dags/example_complex.py
[2022-07-14 16:32:52,516] {logging_mixin.py:115} INFO - [2022-07-14 16:32:52,516] {dag.py:2420} INFO - Sync 1 DAGs
[2022-07-14 16:32:52,539] {logging_mixin.py:115} INFO - [2022-07-14 16:32:52,539] {dag.py:2972} INFO - Setting next_dagrun for example_complex to None, run_after=None
[2022-07-14 16:32:52,549] {processor.py:161} INFO - Processing /home/airflow/.local/lib/python3.7/site-packages/airflow/example_dags/example_complex.py took 0.079 seconds
[2022-07-14 16:33:22,768] {processor.py:153} INFO - Started process (PID=1822) to work on /home/airflow/.local/lib/python3.7/site-packages/airflow/example_dags/example_complex.py
[2022-07-14 16:33:22,769] {processor.py:641} INFO - Processing file /home/airflow/.local/lib/python3.7/site-packages/airflow/example_dags/example_complex.py for tasks to queue
[2022-07-14 16:33:22,769] {logging_mixin.py:115} INFO - [2022-07-14 16:33:22,769] {dagbag.py:508} INFO - Filling up the DagBag from /home/airflow/.local/lib/python3.7/site-packages/airflow/example_dags/example_complex.py
[2022-07-14 16:33:22,783] {processor.py:651} INFO - DAG(s) dict_keys(['example_complex']) retrieved from /home/airflow/.local/lib/python3.7/site-packages/airflow/example_dags/example_complex.py
[2022-07-14 16:33:22,817] {logging_mixin.py:115} INFO - [2022-07-14 16:33:22,817] {dag.py:2420} INFO - Sync 1 DAGs
[2022-07-14 16:33:22,837] {logging_mixin.py:115} INFO - [2022-07-14 16:33:22,837] {dag.py:2972} INFO - Setting next_dagrun for example_complex to None, run_after=None
[2022-07-14 16:33:22,847] {processor.py:161} INFO - Processing /home/airflow/.local/lib/python3.7/site-packages/airflow/example_dags/example_complex.py took 0.082 seconds
[2022-07-14 16:33:52,955] {processor.py:153} INFO - Started process (PID=1882) to work on /home/airflow/.local/lib/python3.7/site-packages/airflow/example_dags/example_complex.py
[2022-07-14 16:33:52,956] {processor.py:641} INFO - Processing file /home/airflow/.local/lib/python3.7/site-packages/airflow/example_dags/example_complex.py for tasks to queue
[2022-07-14 16:33:52,957] {logging_mixin.py:115} INFO - [2022-07-14 16:33:52,956] {dagbag.py:508} INFO - Filling up the DagBag from /home/airflow/.local/lib/python3.7/site-packages/airflow/example_dags/example_complex.py
[2022-07-14 16:33:52,977] {processor.py:651} INFO - DAG(s) dict_keys(['example_complex']) retrieved from /home/airflow/.local/lib/python3.7/site-packages/airflow/example_dags/example_complex.py
[2022-07-14 16:33:53,015] {logging_mixin.py:115} INFO - [2022-07-14 16:33:53,015] {dag.py:2420} INFO - Sync 1 DAGs
[2022-07-14 16:33:53,045] {logging_mixin.py:115} INFO - [2022-07-14 16:33:53,045] {dag.py:2972} INFO - Setting next_dagrun for example_complex to None, run_after=None
[2022-07-14 16:33:53,059] {processor.py:161} INFO - Processing /home/airflow/.local/lib/python3.7/site-packages/airflow/example_dags/example_complex.py took 0.107 seconds
[2022-07-14 16:34:23,300] {processor.py:153} INFO - Started process (PID=1934) to work on /home/airflow/.local/lib/python3.7/site-packages/airflow/example_dags/example_complex.py
[2022-07-14 16:34:23,300] {processor.py:641} INFO - Processing file /home/airflow/.local/lib/python3.7/site-packages/airflow/example_dags/example_complex.py for tasks to queue
[2022-07-14 16:34:23,301] {logging_mixin.py:115} INFO - [2022-07-14 16:34:23,301] {dagbag.py:508} INFO - Filling up the DagBag from /home/airflow/.local/lib/python3.7/site-packages/airflow/example_dags/example_complex.py
[2022-07-14 16:34:23,315] {processor.py:651} INFO - DAG(s) dict_keys(['example_complex']) retrieved from /home/airflow/.local/lib/python3.7/site-packages/airflow/example_dags/example_complex.py
[2022-07-14 16:34:23,349] {logging_mixin.py:115} INFO - [2022-07-14 16:34:23,349] {dag.py:2420} INFO - Sync 1 DAGs
[2022-07-14 16:34:23,378] {logging_mixin.py:115} INFO - [2022-07-14 16:34:23,378] {dag.py:2972} INFO - Setting next_dagrun for example_complex to None, run_after=None
[2022-07-14 16:34:23,411] {processor.py:161} INFO - Processing /home/airflow/.local/lib/python3.7/site-packages/airflow/example_dags/example_complex.py took 0.119 seconds
[2022-07-14 16:34:53,654] {processor.py:153} INFO - Started process (PID=1995) to work on /home/airflow/.local/lib/python3.7/site-packages/airflow/example_dags/example_complex.py
[2022-07-14 16:34:53,676] {processor.py:641} INFO - Processing file /home/airflow/.local/lib/python3.7/site-packages/airflow/example_dags/example_complex.py for tasks to queue
[2022-07-14 16:34:53,677] {logging_mixin.py:115} INFO - [2022-07-14 16:34:53,677] {dagbag.py:508} INFO - Filling up the DagBag from /home/airflow/.local/lib/python3.7/site-packages/airflow/example_dags/example_complex.py
[2022-07-14 16:34:53,700] {processor.py:651} INFO - DAG(s) dict_keys(['example_complex']) retrieved from /home/airflow/.local/lib/python3.7/site-packages/airflow/example_dags/example_complex.py
[2022-07-14 16:34:53,745] {logging_mixin.py:115} INFO - [2022-07-14 16:34:53,745] {dag.py:2420} INFO - Sync 1 DAGs
[2022-07-14 16:34:53,776] {logging_mixin.py:115} INFO - [2022-07-14 16:34:53,776] {dag.py:2972} INFO - Setting next_dagrun for example_complex to None, run_after=None
[2022-07-14 16:34:53,804] {processor.py:161} INFO - Processing /home/airflow/.local/lib/python3.7/site-packages/airflow/example_dags/example_complex.py took 0.159 seconds
[2022-07-14 16:35:24,214] {processor.py:153} INFO - Started process (PID=2047) to work on /home/airflow/.local/lib/python3.7/site-packages/airflow/example_dags/example_complex.py
[2022-07-14 16:35:24,214] {processor.py:641} INFO - Processing file /home/airflow/.local/lib/python3.7/site-packages/airflow/example_dags/example_complex.py for tasks to queue
[2022-07-14 16:35:24,215] {logging_mixin.py:115} INFO - [2022-07-14 16:35:24,215] {dagbag.py:508} INFO - Filling up the DagBag from /home/airflow/.local/lib/python3.7/site-packages/airflow/example_dags/example_complex.py
[2022-07-14 16:35:24,228] {processor.py:651} INFO - DAG(s) dict_keys(['example_complex']) retrieved from /home/airflow/.local/lib/python3.7/site-packages/airflow/example_dags/example_complex.py
[2022-07-14 16:35:24,258] {logging_mixin.py:115} INFO - [2022-07-14 16:35:24,258] {dag.py:2420} INFO - Sync 1 DAGs
[2022-07-14 16:35:24,279] {logging_mixin.py:115} INFO - [2022-07-14 16:35:24,279] {dag.py:2972} INFO - Setting next_dagrun for example_complex to None, run_after=None
[2022-07-14 16:35:24,313] {processor.py:161} INFO - Processing /home/airflow/.local/lib/python3.7/site-packages/airflow/example_dags/example_complex.py took 0.103 seconds
[2022-07-14 16:35:54,565] {processor.py:153} INFO - Started process (PID=2107) to work on /home/airflow/.local/lib/python3.7/site-packages/airflow/example_dags/example_complex.py
[2022-07-14 16:35:54,567] {processor.py:641} INFO - Processing file /home/airflow/.local/lib/python3.7/site-packages/airflow/example_dags/example_complex.py for tasks to queue
[2022-07-14 16:35:54,568] {logging_mixin.py:115} INFO - [2022-07-14 16:35:54,568] {dagbag.py:508} INFO - Filling up the DagBag from /home/airflow/.local/lib/python3.7/site-packages/airflow/example_dags/example_complex.py
[2022-07-14 16:35:54,590] {processor.py:651} INFO - DAG(s) dict_keys(['example_complex']) retrieved from /home/airflow/.local/lib/python3.7/site-packages/airflow/example_dags/example_complex.py
[2022-07-14 16:35:54,628] {logging_mixin.py:115} INFO - [2022-07-14 16:35:54,628] {dag.py:2420} INFO - Sync 1 DAGs
[2022-07-14 16:35:54,658] {logging_mixin.py:115} INFO - [2022-07-14 16:35:54,658] {dag.py:2972} INFO - Setting next_dagrun for example_complex to None, run_after=None
[2022-07-14 16:35:54,695] {processor.py:161} INFO - Processing /home/airflow/.local/lib/python3.7/site-packages/airflow/example_dags/example_complex.py took 0.134 seconds
[2022-07-14 16:36:24,842] {processor.py:153} INFO - Started process (PID=2159) to work on /home/airflow/.local/lib/python3.7/site-packages/airflow/example_dags/example_complex.py
[2022-07-14 16:36:24,843] {processor.py:641} INFO - Processing file /home/airflow/.local/lib/python3.7/site-packages/airflow/example_dags/example_complex.py for tasks to queue
[2022-07-14 16:36:24,843] {logging_mixin.py:115} INFO - [2022-07-14 16:36:24,843] {dagbag.py:508} INFO - Filling up the DagBag from /home/airflow/.local/lib/python3.7/site-packages/airflow/example_dags/example_complex.py
[2022-07-14 16:36:24,858] {processor.py:651} INFO - DAG(s) dict_keys(['example_complex']) retrieved from /home/airflow/.local/lib/python3.7/site-packages/airflow/example_dags/example_complex.py
[2022-07-14 16:36:24,887] {logging_mixin.py:115} INFO - [2022-07-14 16:36:24,887] {dag.py:2420} INFO - Sync 1 DAGs
[2022-07-14 16:36:24,908] {logging_mixin.py:115} INFO - [2022-07-14 16:36:24,908] {dag.py:2972} INFO - Setting next_dagrun for example_complex to None, run_after=None
[2022-07-14 16:36:24,945] {processor.py:161} INFO - Processing /home/airflow/.local/lib/python3.7/site-packages/airflow/example_dags/example_complex.py took 0.105 seconds
