[2022-07-14 16:16:59,845] {processor.py:153} INFO - Started process (PID=53) to work on /home/airflow/.local/lib/python3.7/site-packages/airflow/example_dags/example_skip_dag.py
[2022-07-14 16:16:59,846] {processor.py:641} INFO - Processing file /home/airflow/.local/lib/python3.7/site-packages/airflow/example_dags/example_skip_dag.py for tasks to queue
[2022-07-14 16:16:59,859] {logging_mixin.py:115} INFO - [2022-07-14 16:16:59,846] {dagbag.py:508} INFO - Filling up the DagBag from /home/airflow/.local/lib/python3.7/site-packages/airflow/example_dags/example_skip_dag.py
[2022-07-14 16:16:59,887] {processor.py:651} INFO - DAG(s) dict_keys(['example_skip_dag']) retrieved from /home/airflow/.local/lib/python3.7/site-packages/airflow/example_dags/example_skip_dag.py
[2022-07-14 16:17:00,138] {logging_mixin.py:115} INFO - [2022-07-14 16:17:00,138] {manager.py:508} INFO - Created Permission View: can delete on DAG:example_skip_dag
[2022-07-14 16:17:00,168] {logging_mixin.py:115} INFO - [2022-07-14 16:17:00,168] {manager.py:508} INFO - Created Permission View: can read on DAG:example_skip_dag
[2022-07-14 16:17:00,198] {logging_mixin.py:115} INFO - [2022-07-14 16:17:00,197] {manager.py:508} INFO - Created Permission View: can edit on DAG:example_skip_dag
[2022-07-14 16:17:00,198] {logging_mixin.py:115} INFO - [2022-07-14 16:17:00,198] {dag.py:2420} INFO - Sync 1 DAGs
[2022-07-14 16:17:00,234] {logging_mixin.py:115} INFO - [2022-07-14 16:17:00,230] {dag.py:2439} INFO - Creating ORM DAG for example_skip_dag
[2022-07-14 16:17:00,268] {logging_mixin.py:115} INFO - [2022-07-14 16:17:00,268] {dag.py:2972} INFO - Setting next_dagrun for example_skip_dag to 2022-07-13T16:17:00.268446+00:00, run_after=2022-07-14T16:17:00.268446+00:00
[2022-07-14 16:17:00,317] {processor.py:161} INFO - Processing /home/airflow/.local/lib/python3.7/site-packages/airflow/example_dags/example_skip_dag.py took 0.480 seconds
[2022-07-14 16:17:31,068] {processor.py:153} INFO - Started process (PID=103) to work on /home/airflow/.local/lib/python3.7/site-packages/airflow/example_dags/example_skip_dag.py
[2022-07-14 16:17:31,090] {processor.py:641} INFO - Processing file /home/airflow/.local/lib/python3.7/site-packages/airflow/example_dags/example_skip_dag.py for tasks to queue
[2022-07-14 16:17:31,091] {logging_mixin.py:115} INFO - [2022-07-14 16:17:31,091] {dagbag.py:508} INFO - Filling up the DagBag from /home/airflow/.local/lib/python3.7/site-packages/airflow/example_dags/example_skip_dag.py
[2022-07-14 16:17:31,099] {processor.py:651} INFO - DAG(s) dict_keys(['example_skip_dag']) retrieved from /home/airflow/.local/lib/python3.7/site-packages/airflow/example_dags/example_skip_dag.py
[2022-07-14 16:17:31,135] {logging_mixin.py:115} INFO - [2022-07-14 16:17:31,134] {dag.py:2420} INFO - Sync 1 DAGs
[2022-07-14 16:17:31,167] {logging_mixin.py:115} INFO - [2022-07-14 16:17:31,167] {dag.py:2972} INFO - Setting next_dagrun for example_skip_dag to 2022-07-13T16:17:31.167276+00:00, run_after=2022-07-14T16:17:31.167276+00:00
[2022-07-14 16:17:31,186] {processor.py:161} INFO - Processing /home/airflow/.local/lib/python3.7/site-packages/airflow/example_dags/example_skip_dag.py took 0.123 seconds
[2022-07-14 16:18:01,277] {processor.py:153} INFO - Started process (PID=155) to work on /home/airflow/.local/lib/python3.7/site-packages/airflow/example_dags/example_skip_dag.py
[2022-07-14 16:18:01,278] {processor.py:641} INFO - Processing file /home/airflow/.local/lib/python3.7/site-packages/airflow/example_dags/example_skip_dag.py for tasks to queue
[2022-07-14 16:18:01,279] {logging_mixin.py:115} INFO - [2022-07-14 16:18:01,279] {dagbag.py:508} INFO - Filling up the DagBag from /home/airflow/.local/lib/python3.7/site-packages/airflow/example_dags/example_skip_dag.py
[2022-07-14 16:18:01,290] {processor.py:651} INFO - DAG(s) dict_keys(['example_skip_dag']) retrieved from /home/airflow/.local/lib/python3.7/site-packages/airflow/example_dags/example_skip_dag.py
[2022-07-14 16:18:01,338] {logging_mixin.py:115} INFO - [2022-07-14 16:18:01,338] {dag.py:2420} INFO - Sync 1 DAGs
[2022-07-14 16:18:01,373] {logging_mixin.py:115} INFO - [2022-07-14 16:18:01,373] {dag.py:2972} INFO - Setting next_dagrun for example_skip_dag to 2022-07-13T16:18:01.373118+00:00, run_after=2022-07-14T16:18:01.373118+00:00
[2022-07-14 16:18:01,429] {processor.py:161} INFO - Processing /home/airflow/.local/lib/python3.7/site-packages/airflow/example_dags/example_skip_dag.py took 0.157 seconds
[2022-07-14 16:18:31,504] {processor.py:153} INFO - Started process (PID=207) to work on /home/airflow/.local/lib/python3.7/site-packages/airflow/example_dags/example_skip_dag.py
[2022-07-14 16:18:31,504] {processor.py:641} INFO - Processing file /home/airflow/.local/lib/python3.7/site-packages/airflow/example_dags/example_skip_dag.py for tasks to queue
[2022-07-14 16:18:31,505] {logging_mixin.py:115} INFO - [2022-07-14 16:18:31,505] {dagbag.py:508} INFO - Filling up the DagBag from /home/airflow/.local/lib/python3.7/site-packages/airflow/example_dags/example_skip_dag.py
[2022-07-14 16:18:31,512] {processor.py:651} INFO - DAG(s) dict_keys(['example_skip_dag']) retrieved from /home/airflow/.local/lib/python3.7/site-packages/airflow/example_dags/example_skip_dag.py
[2022-07-14 16:18:31,569] {logging_mixin.py:115} INFO - [2022-07-14 16:18:31,569] {dag.py:2420} INFO - Sync 1 DAGs
[2022-07-14 16:18:31,604] {logging_mixin.py:115} INFO - [2022-07-14 16:18:31,603] {dag.py:2972} INFO - Setting next_dagrun for example_skip_dag to 2022-07-13T16:18:31.603558+00:00, run_after=2022-07-14T16:18:31.603558+00:00
[2022-07-14 16:18:31,650] {processor.py:161} INFO - Processing /home/airflow/.local/lib/python3.7/site-packages/airflow/example_dags/example_skip_dag.py took 0.149 seconds
[2022-07-14 16:19:02,160] {processor.py:153} INFO - Started process (PID=267) to work on /home/airflow/.local/lib/python3.7/site-packages/airflow/example_dags/example_skip_dag.py
[2022-07-14 16:19:02,188] {processor.py:641} INFO - Processing file /home/airflow/.local/lib/python3.7/site-packages/airflow/example_dags/example_skip_dag.py for tasks to queue
[2022-07-14 16:19:02,189] {logging_mixin.py:115} INFO - [2022-07-14 16:19:02,188] {dagbag.py:508} INFO - Filling up the DagBag from /home/airflow/.local/lib/python3.7/site-packages/airflow/example_dags/example_skip_dag.py
[2022-07-14 16:19:02,194] {processor.py:651} INFO - DAG(s) dict_keys(['example_skip_dag']) retrieved from /home/airflow/.local/lib/python3.7/site-packages/airflow/example_dags/example_skip_dag.py
[2022-07-14 16:19:02,285] {logging_mixin.py:115} INFO - [2022-07-14 16:19:02,285] {dag.py:2420} INFO - Sync 1 DAGs
[2022-07-14 16:19:02,333] {logging_mixin.py:115} INFO - [2022-07-14 16:19:02,333] {dag.py:2972} INFO - Setting next_dagrun for example_skip_dag to 2022-07-13T16:19:02.332844+00:00, run_after=2022-07-14T16:19:02.332844+00:00
[2022-07-14 16:19:02,384] {processor.py:161} INFO - Processing /home/airflow/.local/lib/python3.7/site-packages/airflow/example_dags/example_skip_dag.py took 0.230 seconds
[2022-07-14 16:19:32,770] {processor.py:153} INFO - Started process (PID=318) to work on /home/airflow/.local/lib/python3.7/site-packages/airflow/example_dags/example_skip_dag.py
[2022-07-14 16:19:32,771] {processor.py:641} INFO - Processing file /home/airflow/.local/lib/python3.7/site-packages/airflow/example_dags/example_skip_dag.py for tasks to queue
[2022-07-14 16:19:32,771] {logging_mixin.py:115} INFO - [2022-07-14 16:19:32,771] {dagbag.py:508} INFO - Filling up the DagBag from /home/airflow/.local/lib/python3.7/site-packages/airflow/example_dags/example_skip_dag.py
[2022-07-14 16:19:32,782] {processor.py:651} INFO - DAG(s) dict_keys(['example_skip_dag']) retrieved from /home/airflow/.local/lib/python3.7/site-packages/airflow/example_dags/example_skip_dag.py
[2022-07-14 16:19:32,822] {logging_mixin.py:115} INFO - [2022-07-14 16:19:32,822] {dag.py:2420} INFO - Sync 1 DAGs
[2022-07-14 16:19:32,854] {logging_mixin.py:115} INFO - [2022-07-14 16:19:32,854] {dag.py:2972} INFO - Setting next_dagrun for example_skip_dag to 2022-07-13T16:19:32.854182+00:00, run_after=2022-07-14T16:19:32.854182+00:00
[2022-07-14 16:19:32,896] {processor.py:161} INFO - Processing /home/airflow/.local/lib/python3.7/site-packages/airflow/example_dags/example_skip_dag.py took 0.130 seconds
[2022-07-14 16:20:03,625] {processor.py:153} INFO - Started process (PID=370) to work on /home/airflow/.local/lib/python3.7/site-packages/airflow/example_dags/example_skip_dag.py
[2022-07-14 16:20:03,653] {processor.py:641} INFO - Processing file /home/airflow/.local/lib/python3.7/site-packages/airflow/example_dags/example_skip_dag.py for tasks to queue
[2022-07-14 16:20:03,654] {logging_mixin.py:115} INFO - [2022-07-14 16:20:03,654] {dagbag.py:508} INFO - Filling up the DagBag from /home/airflow/.local/lib/python3.7/site-packages/airflow/example_dags/example_skip_dag.py
[2022-07-14 16:20:03,660] {processor.py:651} INFO - DAG(s) dict_keys(['example_skip_dag']) retrieved from /home/airflow/.local/lib/python3.7/site-packages/airflow/example_dags/example_skip_dag.py
[2022-07-14 16:20:03,697] {logging_mixin.py:115} INFO - [2022-07-14 16:20:03,697] {dag.py:2420} INFO - Sync 1 DAGs
[2022-07-14 16:20:03,730] {logging_mixin.py:115} INFO - [2022-07-14 16:20:03,730] {dag.py:2972} INFO - Setting next_dagrun for example_skip_dag to 2022-07-13T16:20:03.729708+00:00, run_after=2022-07-14T16:20:03.729708+00:00
[2022-07-14 16:20:03,749] {processor.py:161} INFO - Processing /home/airflow/.local/lib/python3.7/site-packages/airflow/example_dags/example_skip_dag.py took 0.128 seconds
[2022-07-14 16:20:34,415] {processor.py:153} INFO - Started process (PID=427) to work on /home/airflow/.local/lib/python3.7/site-packages/airflow/example_dags/example_skip_dag.py
[2022-07-14 16:20:34,416] {processor.py:641} INFO - Processing file /home/airflow/.local/lib/python3.7/site-packages/airflow/example_dags/example_skip_dag.py for tasks to queue
[2022-07-14 16:20:34,416] {logging_mixin.py:115} INFO - [2022-07-14 16:20:34,416] {dagbag.py:508} INFO - Filling up the DagBag from /home/airflow/.local/lib/python3.7/site-packages/airflow/example_dags/example_skip_dag.py
[2022-07-14 16:20:34,428] {processor.py:651} INFO - DAG(s) dict_keys(['example_skip_dag']) retrieved from /home/airflow/.local/lib/python3.7/site-packages/airflow/example_dags/example_skip_dag.py
[2022-07-14 16:20:34,555] {logging_mixin.py:115} INFO - [2022-07-14 16:20:34,555] {dag.py:2420} INFO - Sync 1 DAGs
[2022-07-14 16:20:34,678] {logging_mixin.py:115} INFO - [2022-07-14 16:20:34,678] {dag.py:2972} INFO - Setting next_dagrun for example_skip_dag to 2022-07-13T16:20:34.678422+00:00, run_after=2022-07-14T16:20:34.678422+00:00
[2022-07-14 16:20:34,745] {processor.py:161} INFO - Processing /home/airflow/.local/lib/python3.7/site-packages/airflow/example_dags/example_skip_dag.py took 0.339 seconds
[2022-07-14 16:21:04,894] {processor.py:153} INFO - Started process (PID=481) to work on /home/airflow/.local/lib/python3.7/site-packages/airflow/example_dags/example_skip_dag.py
[2022-07-14 16:21:04,924] {processor.py:641} INFO - Processing file /home/airflow/.local/lib/python3.7/site-packages/airflow/example_dags/example_skip_dag.py for tasks to queue
[2022-07-14 16:21:04,925] {logging_mixin.py:115} INFO - [2022-07-14 16:21:04,925] {dagbag.py:508} INFO - Filling up the DagBag from /home/airflow/.local/lib/python3.7/site-packages/airflow/example_dags/example_skip_dag.py
[2022-07-14 16:21:04,932] {processor.py:651} INFO - DAG(s) dict_keys(['example_skip_dag']) retrieved from /home/airflow/.local/lib/python3.7/site-packages/airflow/example_dags/example_skip_dag.py
[2022-07-14 16:21:04,973] {logging_mixin.py:115} INFO - [2022-07-14 16:21:04,973] {dag.py:2420} INFO - Sync 1 DAGs
[2022-07-14 16:21:05,019] {logging_mixin.py:115} INFO - [2022-07-14 16:21:05,019] {dag.py:2972} INFO - Setting next_dagrun for example_skip_dag to 2022-07-13T16:21:05.019382+00:00, run_after=2022-07-14T16:21:05.019382+00:00
[2022-07-14 16:21:05,044] {processor.py:161} INFO - Processing /home/airflow/.local/lib/python3.7/site-packages/airflow/example_dags/example_skip_dag.py took 0.154 seconds
[2022-07-14 16:21:35,405] {processor.py:153} INFO - Started process (PID=533) to work on /home/airflow/.local/lib/python3.7/site-packages/airflow/example_dags/example_skip_dag.py
[2022-07-14 16:21:35,406] {processor.py:641} INFO - Processing file /home/airflow/.local/lib/python3.7/site-packages/airflow/example_dags/example_skip_dag.py for tasks to queue
[2022-07-14 16:21:35,407] {logging_mixin.py:115} INFO - [2022-07-14 16:21:35,407] {dagbag.py:508} INFO - Filling up the DagBag from /home/airflow/.local/lib/python3.7/site-packages/airflow/example_dags/example_skip_dag.py
[2022-07-14 16:21:35,415] {processor.py:651} INFO - DAG(s) dict_keys(['example_skip_dag']) retrieved from /home/airflow/.local/lib/python3.7/site-packages/airflow/example_dags/example_skip_dag.py
[2022-07-14 16:21:35,452] {logging_mixin.py:115} INFO - [2022-07-14 16:21:35,451] {dag.py:2420} INFO - Sync 1 DAGs
[2022-07-14 16:21:35,489] {logging_mixin.py:115} INFO - [2022-07-14 16:21:35,489] {dag.py:2972} INFO - Setting next_dagrun for example_skip_dag to 2022-07-13T16:21:35.488863+00:00, run_after=2022-07-14T16:21:35.488863+00:00
[2022-07-14 16:21:35,539] {processor.py:161} INFO - Processing /home/airflow/.local/lib/python3.7/site-packages/airflow/example_dags/example_skip_dag.py took 0.138 seconds
[2022-07-14 16:22:05,873] {processor.py:153} INFO - Started process (PID=590) to work on /home/airflow/.local/lib/python3.7/site-packages/airflow/example_dags/example_skip_dag.py
[2022-07-14 16:22:05,876] {processor.py:641} INFO - Processing file /home/airflow/.local/lib/python3.7/site-packages/airflow/example_dags/example_skip_dag.py for tasks to queue
[2022-07-14 16:22:05,877] {logging_mixin.py:115} INFO - [2022-07-14 16:22:05,877] {dagbag.py:508} INFO - Filling up the DagBag from /home/airflow/.local/lib/python3.7/site-packages/airflow/example_dags/example_skip_dag.py
[2022-07-14 16:22:05,885] {processor.py:651} INFO - DAG(s) dict_keys(['example_skip_dag']) retrieved from /home/airflow/.local/lib/python3.7/site-packages/airflow/example_dags/example_skip_dag.py
[2022-07-14 16:22:05,932] {logging_mixin.py:115} INFO - [2022-07-14 16:22:05,932] {dag.py:2420} INFO - Sync 1 DAGs
[2022-07-14 16:22:06,017] {logging_mixin.py:115} INFO - [2022-07-14 16:22:06,017] {dag.py:2972} INFO - Setting next_dagrun for example_skip_dag to 2022-07-13T16:22:06.017046+00:00, run_after=2022-07-14T16:22:06.017046+00:00
[2022-07-14 16:22:06,041] {processor.py:161} INFO - Processing /home/airflow/.local/lib/python3.7/site-packages/airflow/example_dags/example_skip_dag.py took 0.177 seconds
[2022-07-14 16:22:36,182] {processor.py:153} INFO - Started process (PID=645) to work on /home/airflow/.local/lib/python3.7/site-packages/airflow/example_dags/example_skip_dag.py
[2022-07-14 16:22:36,218] {processor.py:641} INFO - Processing file /home/airflow/.local/lib/python3.7/site-packages/airflow/example_dags/example_skip_dag.py for tasks to queue
[2022-07-14 16:22:36,219] {logging_mixin.py:115} INFO - [2022-07-14 16:22:36,219] {dagbag.py:508} INFO - Filling up the DagBag from /home/airflow/.local/lib/python3.7/site-packages/airflow/example_dags/example_skip_dag.py
[2022-07-14 16:22:36,226] {processor.py:651} INFO - DAG(s) dict_keys(['example_skip_dag']) retrieved from /home/airflow/.local/lib/python3.7/site-packages/airflow/example_dags/example_skip_dag.py
[2022-07-14 16:22:36,260] {logging_mixin.py:115} INFO - [2022-07-14 16:22:36,260] {dag.py:2420} INFO - Sync 1 DAGs
[2022-07-14 16:22:36,293] {logging_mixin.py:115} INFO - [2022-07-14 16:22:36,293] {dag.py:2972} INFO - Setting next_dagrun for example_skip_dag to 2022-07-13T16:22:36.292844+00:00, run_after=2022-07-14T16:22:36.292844+00:00
[2022-07-14 16:22:36,312] {processor.py:161} INFO - Processing /home/airflow/.local/lib/python3.7/site-packages/airflow/example_dags/example_skip_dag.py took 0.134 seconds
[2022-07-14 16:23:06,429] {processor.py:153} INFO - Started process (PID=697) to work on /home/airflow/.local/lib/python3.7/site-packages/airflow/example_dags/example_skip_dag.py
[2022-07-14 16:23:06,466] {processor.py:641} INFO - Processing file /home/airflow/.local/lib/python3.7/site-packages/airflow/example_dags/example_skip_dag.py for tasks to queue
[2022-07-14 16:23:06,467] {logging_mixin.py:115} INFO - [2022-07-14 16:23:06,467] {dagbag.py:508} INFO - Filling up the DagBag from /home/airflow/.local/lib/python3.7/site-packages/airflow/example_dags/example_skip_dag.py
[2022-07-14 16:23:06,487] {processor.py:651} INFO - DAG(s) dict_keys(['example_skip_dag']) retrieved from /home/airflow/.local/lib/python3.7/site-packages/airflow/example_dags/example_skip_dag.py
[2022-07-14 16:23:06,581] {logging_mixin.py:115} INFO - [2022-07-14 16:23:06,581] {dag.py:2420} INFO - Sync 1 DAGs
[2022-07-14 16:23:06,668] {logging_mixin.py:115} INFO - [2022-07-14 16:23:06,668] {dag.py:2972} INFO - Setting next_dagrun for example_skip_dag to 2022-07-13T16:23:06.667802+00:00, run_after=2022-07-14T16:23:06.667802+00:00
[2022-07-14 16:23:06,693] {processor.py:161} INFO - Processing /home/airflow/.local/lib/python3.7/site-packages/airflow/example_dags/example_skip_dag.py took 0.268 seconds
[2022-07-14 16:23:36,761] {processor.py:153} INFO - Started process (PID=757) to work on /home/airflow/.local/lib/python3.7/site-packages/airflow/example_dags/example_skip_dag.py
[2022-07-14 16:23:36,795] {processor.py:641} INFO - Processing file /home/airflow/.local/lib/python3.7/site-packages/airflow/example_dags/example_skip_dag.py for tasks to queue
[2022-07-14 16:23:36,795] {logging_mixin.py:115} INFO - [2022-07-14 16:23:36,795] {dagbag.py:508} INFO - Filling up the DagBag from /home/airflow/.local/lib/python3.7/site-packages/airflow/example_dags/example_skip_dag.py
[2022-07-14 16:23:36,810] {processor.py:651} INFO - DAG(s) dict_keys(['example_skip_dag']) retrieved from /home/airflow/.local/lib/python3.7/site-packages/airflow/example_dags/example_skip_dag.py
[2022-07-14 16:23:36,910] {logging_mixin.py:115} INFO - [2022-07-14 16:23:36,910] {dag.py:2420} INFO - Sync 1 DAGs
[2022-07-14 16:23:36,976] {logging_mixin.py:115} INFO - [2022-07-14 16:23:36,976] {dag.py:2972} INFO - Setting next_dagrun for example_skip_dag to 2022-07-13T16:23:36.975909+00:00, run_after=2022-07-14T16:23:36.975909+00:00
[2022-07-14 16:23:37,047] {processor.py:161} INFO - Processing /home/airflow/.local/lib/python3.7/site-packages/airflow/example_dags/example_skip_dag.py took 0.299 seconds
[2022-07-14 16:24:07,232] {processor.py:153} INFO - Started process (PID=808) to work on /home/airflow/.local/lib/python3.7/site-packages/airflow/example_dags/example_skip_dag.py
[2022-07-14 16:24:07,233] {processor.py:641} INFO - Processing file /home/airflow/.local/lib/python3.7/site-packages/airflow/example_dags/example_skip_dag.py for tasks to queue
[2022-07-14 16:24:07,233] {logging_mixin.py:115} INFO - [2022-07-14 16:24:07,233] {dagbag.py:508} INFO - Filling up the DagBag from /home/airflow/.local/lib/python3.7/site-packages/airflow/example_dags/example_skip_dag.py
[2022-07-14 16:24:07,246] {processor.py:651} INFO - DAG(s) dict_keys(['example_skip_dag']) retrieved from /home/airflow/.local/lib/python3.7/site-packages/airflow/example_dags/example_skip_dag.py
[2022-07-14 16:24:07,291] {logging_mixin.py:115} INFO - [2022-07-14 16:24:07,291] {dag.py:2420} INFO - Sync 1 DAGs
[2022-07-14 16:24:07,337] {logging_mixin.py:115} INFO - [2022-07-14 16:24:07,337] {dag.py:2972} INFO - Setting next_dagrun for example_skip_dag to 2022-07-13T16:24:07.336658+00:00, run_after=2022-07-14T16:24:07.336658+00:00
[2022-07-14 16:24:07,356] {processor.py:161} INFO - Processing /home/airflow/.local/lib/python3.7/site-packages/airflow/example_dags/example_skip_dag.py took 0.130 seconds
[2022-07-14 16:24:38,244] {processor.py:153} INFO - Started process (PID=859) to work on /home/airflow/.local/lib/python3.7/site-packages/airflow/example_dags/example_skip_dag.py
[2022-07-14 16:24:38,255] {processor.py:641} INFO - Processing file /home/airflow/.local/lib/python3.7/site-packages/airflow/example_dags/example_skip_dag.py for tasks to queue
[2022-07-14 16:24:38,255] {logging_mixin.py:115} INFO - [2022-07-14 16:24:38,255] {dagbag.py:508} INFO - Filling up the DagBag from /home/airflow/.local/lib/python3.7/site-packages/airflow/example_dags/example_skip_dag.py
[2022-07-14 16:24:38,262] {processor.py:651} INFO - DAG(s) dict_keys(['example_skip_dag']) retrieved from /home/airflow/.local/lib/python3.7/site-packages/airflow/example_dags/example_skip_dag.py
[2022-07-14 16:24:38,315] {logging_mixin.py:115} INFO - [2022-07-14 16:24:38,315] {dag.py:2420} INFO - Sync 1 DAGs
[2022-07-14 16:24:38,348] {logging_mixin.py:115} INFO - [2022-07-14 16:24:38,348] {dag.py:2972} INFO - Setting next_dagrun for example_skip_dag to 2022-07-13T16:24:38.348420+00:00, run_after=2022-07-14T16:24:38.348420+00:00
[2022-07-14 16:24:38,365] {processor.py:161} INFO - Processing /home/airflow/.local/lib/python3.7/site-packages/airflow/example_dags/example_skip_dag.py took 0.128 seconds
[2022-07-14 16:25:08,431] {processor.py:153} INFO - Started process (PID=918) to work on /home/airflow/.local/lib/python3.7/site-packages/airflow/example_dags/example_skip_dag.py
[2022-07-14 16:25:08,434] {processor.py:641} INFO - Processing file /home/airflow/.local/lib/python3.7/site-packages/airflow/example_dags/example_skip_dag.py for tasks to queue
[2022-07-14 16:25:08,434] {logging_mixin.py:115} INFO - [2022-07-14 16:25:08,434] {dagbag.py:508} INFO - Filling up the DagBag from /home/airflow/.local/lib/python3.7/site-packages/airflow/example_dags/example_skip_dag.py
[2022-07-14 16:25:08,441] {processor.py:651} INFO - DAG(s) dict_keys(['example_skip_dag']) retrieved from /home/airflow/.local/lib/python3.7/site-packages/airflow/example_dags/example_skip_dag.py
[2022-07-14 16:25:08,476] {logging_mixin.py:115} INFO - [2022-07-14 16:25:08,476] {dag.py:2420} INFO - Sync 1 DAGs
[2022-07-14 16:25:08,507] {logging_mixin.py:115} INFO - [2022-07-14 16:25:08,507] {dag.py:2972} INFO - Setting next_dagrun for example_skip_dag to 2022-07-13T16:25:08.507387+00:00, run_after=2022-07-14T16:25:08.507387+00:00
[2022-07-14 16:25:08,528] {processor.py:161} INFO - Processing /home/airflow/.local/lib/python3.7/site-packages/airflow/example_dags/example_skip_dag.py took 0.100 seconds
[2022-07-14 16:25:38,621] {processor.py:153} INFO - Started process (PID=969) to work on /home/airflow/.local/lib/python3.7/site-packages/airflow/example_dags/example_skip_dag.py
[2022-07-14 16:25:38,622] {processor.py:641} INFO - Processing file /home/airflow/.local/lib/python3.7/site-packages/airflow/example_dags/example_skip_dag.py for tasks to queue
[2022-07-14 16:25:38,635] {logging_mixin.py:115} INFO - [2022-07-14 16:25:38,622] {dagbag.py:508} INFO - Filling up the DagBag from /home/airflow/.local/lib/python3.7/site-packages/airflow/example_dags/example_skip_dag.py
[2022-07-14 16:25:38,663] {processor.py:651} INFO - DAG(s) dict_keys(['example_skip_dag']) retrieved from /home/airflow/.local/lib/python3.7/site-packages/airflow/example_dags/example_skip_dag.py
[2022-07-14 16:25:38,727] {logging_mixin.py:115} INFO - [2022-07-14 16:25:38,727] {dag.py:2420} INFO - Sync 1 DAGs
[2022-07-14 16:25:38,794] {logging_mixin.py:115} INFO - [2022-07-14 16:25:38,793] {dag.py:2972} INFO - Setting next_dagrun for example_skip_dag to 2022-07-13T16:25:38.793157+00:00, run_after=2022-07-14T16:25:38.793157+00:00
[2022-07-14 16:25:38,835] {processor.py:161} INFO - Processing /home/airflow/.local/lib/python3.7/site-packages/airflow/example_dags/example_skip_dag.py took 0.218 seconds
[2022-07-14 16:26:09,041] {processor.py:153} INFO - Started process (PID=1026) to work on /home/airflow/.local/lib/python3.7/site-packages/airflow/example_dags/example_skip_dag.py
[2022-07-14 16:26:09,051] {processor.py:641} INFO - Processing file /home/airflow/.local/lib/python3.7/site-packages/airflow/example_dags/example_skip_dag.py for tasks to queue
[2022-07-14 16:26:09,052] {logging_mixin.py:115} INFO - [2022-07-14 16:26:09,051] {dagbag.py:508} INFO - Filling up the DagBag from /home/airflow/.local/lib/python3.7/site-packages/airflow/example_dags/example_skip_dag.py
[2022-07-14 16:26:09,059] {processor.py:651} INFO - DAG(s) dict_keys(['example_skip_dag']) retrieved from /home/airflow/.local/lib/python3.7/site-packages/airflow/example_dags/example_skip_dag.py
[2022-07-14 16:26:09,131] {logging_mixin.py:115} INFO - [2022-07-14 16:26:09,131] {dag.py:2420} INFO - Sync 1 DAGs
[2022-07-14 16:26:09,169] {logging_mixin.py:115} INFO - [2022-07-14 16:26:09,169] {dag.py:2972} INFO - Setting next_dagrun for example_skip_dag to 2022-07-13T16:26:09.165895+00:00, run_after=2022-07-14T16:26:09.165895+00:00
[2022-07-14 16:26:09,198] {processor.py:161} INFO - Processing /home/airflow/.local/lib/python3.7/site-packages/airflow/example_dags/example_skip_dag.py took 0.160 seconds
[2022-07-14 16:26:40,010] {processor.py:153} INFO - Started process (PID=1081) to work on /home/airflow/.local/lib/python3.7/site-packages/airflow/example_dags/example_skip_dag.py
[2022-07-14 16:26:40,012] {processor.py:641} INFO - Processing file /home/airflow/.local/lib/python3.7/site-packages/airflow/example_dags/example_skip_dag.py for tasks to queue
[2022-07-14 16:26:40,013] {logging_mixin.py:115} INFO - [2022-07-14 16:26:40,012] {dagbag.py:508} INFO - Filling up the DagBag from /home/airflow/.local/lib/python3.7/site-packages/airflow/example_dags/example_skip_dag.py
[2022-07-14 16:26:40,021] {processor.py:651} INFO - DAG(s) dict_keys(['example_skip_dag']) retrieved from /home/airflow/.local/lib/python3.7/site-packages/airflow/example_dags/example_skip_dag.py
[2022-07-14 16:26:40,073] {logging_mixin.py:115} INFO - [2022-07-14 16:26:40,073] {dag.py:2420} INFO - Sync 1 DAGs
[2022-07-14 16:26:40,107] {logging_mixin.py:115} INFO - [2022-07-14 16:26:40,106] {dag.py:2972} INFO - Setting next_dagrun for example_skip_dag to 2022-07-13T16:26:40.106675+00:00, run_after=2022-07-14T16:26:40.106675+00:00
[2022-07-14 16:26:40,138] {processor.py:161} INFO - Processing /home/airflow/.local/lib/python3.7/site-packages/airflow/example_dags/example_skip_dag.py took 0.137 seconds
[2022-07-14 16:27:10,691] {processor.py:153} INFO - Started process (PID=1133) to work on /home/airflow/.local/lib/python3.7/site-packages/airflow/example_dags/example_skip_dag.py
[2022-07-14 16:27:10,691] {processor.py:641} INFO - Processing file /home/airflow/.local/lib/python3.7/site-packages/airflow/example_dags/example_skip_dag.py for tasks to queue
[2022-07-14 16:27:10,693] {logging_mixin.py:115} INFO - [2022-07-14 16:27:10,692] {dagbag.py:508} INFO - Filling up the DagBag from /home/airflow/.local/lib/python3.7/site-packages/airflow/example_dags/example_skip_dag.py
[2022-07-14 16:27:10,713] {processor.py:651} INFO - DAG(s) dict_keys(['example_skip_dag']) retrieved from /home/airflow/.local/lib/python3.7/site-packages/airflow/example_dags/example_skip_dag.py
[2022-07-14 16:27:10,811] {logging_mixin.py:115} INFO - [2022-07-14 16:27:10,811] {dag.py:2420} INFO - Sync 1 DAGs
[2022-07-14 16:27:10,886] {logging_mixin.py:115} INFO - [2022-07-14 16:27:10,886] {dag.py:2972} INFO - Setting next_dagrun for example_skip_dag to 2022-07-13T16:27:10.886234+00:00, run_after=2022-07-14T16:27:10.886234+00:00
[2022-07-14 16:27:10,925] {processor.py:161} INFO - Processing /home/airflow/.local/lib/python3.7/site-packages/airflow/example_dags/example_skip_dag.py took 0.239 seconds
[2022-07-14 16:27:41,027] {processor.py:153} INFO - Started process (PID=1194) to work on /home/airflow/.local/lib/python3.7/site-packages/airflow/example_dags/example_skip_dag.py
[2022-07-14 16:27:41,035] {processor.py:641} INFO - Processing file /home/airflow/.local/lib/python3.7/site-packages/airflow/example_dags/example_skip_dag.py for tasks to queue
[2022-07-14 16:27:41,035] {logging_mixin.py:115} INFO - [2022-07-14 16:27:41,035] {dagbag.py:508} INFO - Filling up the DagBag from /home/airflow/.local/lib/python3.7/site-packages/airflow/example_dags/example_skip_dag.py
[2022-07-14 16:27:41,042] {processor.py:651} INFO - DAG(s) dict_keys(['example_skip_dag']) retrieved from /home/airflow/.local/lib/python3.7/site-packages/airflow/example_dags/example_skip_dag.py
[2022-07-14 16:27:41,089] {logging_mixin.py:115} INFO - [2022-07-14 16:27:41,089] {dag.py:2420} INFO - Sync 1 DAGs
[2022-07-14 16:27:41,138] {logging_mixin.py:115} INFO - [2022-07-14 16:27:41,138] {dag.py:2972} INFO - Setting next_dagrun for example_skip_dag to 2022-07-13T16:27:41.137580+00:00, run_after=2022-07-14T16:27:41.137580+00:00
[2022-07-14 16:27:41,169] {processor.py:161} INFO - Processing /home/airflow/.local/lib/python3.7/site-packages/airflow/example_dags/example_skip_dag.py took 0.148 seconds
[2022-07-14 16:28:11,207] {processor.py:153} INFO - Started process (PID=1244) to work on /home/airflow/.local/lib/python3.7/site-packages/airflow/example_dags/example_skip_dag.py
[2022-07-14 16:28:11,208] {processor.py:641} INFO - Processing file /home/airflow/.local/lib/python3.7/site-packages/airflow/example_dags/example_skip_dag.py for tasks to queue
[2022-07-14 16:28:11,208] {logging_mixin.py:115} INFO - [2022-07-14 16:28:11,208] {dagbag.py:508} INFO - Filling up the DagBag from /home/airflow/.local/lib/python3.7/site-packages/airflow/example_dags/example_skip_dag.py
[2022-07-14 16:28:11,215] {processor.py:651} INFO - DAG(s) dict_keys(['example_skip_dag']) retrieved from /home/airflow/.local/lib/python3.7/site-packages/airflow/example_dags/example_skip_dag.py
[2022-07-14 16:28:11,260] {logging_mixin.py:115} INFO - [2022-07-14 16:28:11,260] {dag.py:2420} INFO - Sync 1 DAGs
[2022-07-14 16:28:11,301] {logging_mixin.py:115} INFO - [2022-07-14 16:28:11,301] {dag.py:2972} INFO - Setting next_dagrun for example_skip_dag to 2022-07-13T16:28:11.301213+00:00, run_after=2022-07-14T16:28:11.301213+00:00
[2022-07-14 16:28:11,349] {processor.py:161} INFO - Processing /home/airflow/.local/lib/python3.7/site-packages/airflow/example_dags/example_skip_dag.py took 0.145 seconds
[2022-07-14 16:28:41,763] {processor.py:153} INFO - Started process (PID=1297) to work on /home/airflow/.local/lib/python3.7/site-packages/airflow/example_dags/example_skip_dag.py
[2022-07-14 16:28:41,764] {processor.py:641} INFO - Processing file /home/airflow/.local/lib/python3.7/site-packages/airflow/example_dags/example_skip_dag.py for tasks to queue
[2022-07-14 16:28:41,764] {logging_mixin.py:115} INFO - [2022-07-14 16:28:41,764] {dagbag.py:508} INFO - Filling up the DagBag from /home/airflow/.local/lib/python3.7/site-packages/airflow/example_dags/example_skip_dag.py
[2022-07-14 16:28:41,773] {processor.py:651} INFO - DAG(s) dict_keys(['example_skip_dag']) retrieved from /home/airflow/.local/lib/python3.7/site-packages/airflow/example_dags/example_skip_dag.py
[2022-07-14 16:28:41,814] {logging_mixin.py:115} INFO - [2022-07-14 16:28:41,814] {dag.py:2420} INFO - Sync 1 DAGs
[2022-07-14 16:28:41,861] {logging_mixin.py:115} INFO - [2022-07-14 16:28:41,861] {dag.py:2972} INFO - Setting next_dagrun for example_skip_dag to 2022-07-13T16:28:41.860932+00:00, run_after=2022-07-14T16:28:41.860932+00:00
[2022-07-14 16:28:41,886] {processor.py:161} INFO - Processing /home/airflow/.local/lib/python3.7/site-packages/airflow/example_dags/example_skip_dag.py took 0.126 seconds
[2022-07-14 16:29:12,214] {processor.py:153} INFO - Started process (PID=1358) to work on /home/airflow/.local/lib/python3.7/site-packages/airflow/example_dags/example_skip_dag.py
[2022-07-14 16:29:12,215] {processor.py:641} INFO - Processing file /home/airflow/.local/lib/python3.7/site-packages/airflow/example_dags/example_skip_dag.py for tasks to queue
[2022-07-14 16:29:12,216] {logging_mixin.py:115} INFO - [2022-07-14 16:29:12,216] {dagbag.py:508} INFO - Filling up the DagBag from /home/airflow/.local/lib/python3.7/site-packages/airflow/example_dags/example_skip_dag.py
[2022-07-14 16:29:12,224] {processor.py:651} INFO - DAG(s) dict_keys(['example_skip_dag']) retrieved from /home/airflow/.local/lib/python3.7/site-packages/airflow/example_dags/example_skip_dag.py
[2022-07-14 16:29:12,271] {logging_mixin.py:115} INFO - [2022-07-14 16:29:12,271] {dag.py:2420} INFO - Sync 1 DAGs
[2022-07-14 16:29:12,305] {logging_mixin.py:115} INFO - [2022-07-14 16:29:12,305] {dag.py:2972} INFO - Setting next_dagrun for example_skip_dag to 2022-07-13T16:29:12.305154+00:00, run_after=2022-07-14T16:29:12.305154+00:00
[2022-07-14 16:29:12,324] {processor.py:161} INFO - Processing /home/airflow/.local/lib/python3.7/site-packages/airflow/example_dags/example_skip_dag.py took 0.113 seconds
[2022-07-14 16:29:42,732] {processor.py:153} INFO - Started process (PID=1409) to work on /home/airflow/.local/lib/python3.7/site-packages/airflow/example_dags/example_skip_dag.py
[2022-07-14 16:29:42,733] {processor.py:641} INFO - Processing file /home/airflow/.local/lib/python3.7/site-packages/airflow/example_dags/example_skip_dag.py for tasks to queue
[2022-07-14 16:29:42,733] {logging_mixin.py:115} INFO - [2022-07-14 16:29:42,733] {dagbag.py:508} INFO - Filling up the DagBag from /home/airflow/.local/lib/python3.7/site-packages/airflow/example_dags/example_skip_dag.py
[2022-07-14 16:29:42,739] {processor.py:651} INFO - DAG(s) dict_keys(['example_skip_dag']) retrieved from /home/airflow/.local/lib/python3.7/site-packages/airflow/example_dags/example_skip_dag.py
[2022-07-14 16:29:42,768] {logging_mixin.py:115} INFO - [2022-07-14 16:29:42,768] {dag.py:2420} INFO - Sync 1 DAGs
[2022-07-14 16:29:42,797] {logging_mixin.py:115} INFO - [2022-07-14 16:29:42,797] {dag.py:2972} INFO - Setting next_dagrun for example_skip_dag to 2022-07-13T16:29:42.797044+00:00, run_after=2022-07-14T16:29:42.797044+00:00
[2022-07-14 16:29:42,823] {processor.py:161} INFO - Processing /home/airflow/.local/lib/python3.7/site-packages/airflow/example_dags/example_skip_dag.py took 0.094 seconds
[2022-07-14 16:30:13,485] {processor.py:153} INFO - Started process (PID=1469) to work on /home/airflow/.local/lib/python3.7/site-packages/airflow/example_dags/example_skip_dag.py
[2022-07-14 16:30:13,486] {processor.py:641} INFO - Processing file /home/airflow/.local/lib/python3.7/site-packages/airflow/example_dags/example_skip_dag.py for tasks to queue
[2022-07-14 16:30:13,487] {logging_mixin.py:115} INFO - [2022-07-14 16:30:13,486] {dagbag.py:508} INFO - Filling up the DagBag from /home/airflow/.local/lib/python3.7/site-packages/airflow/example_dags/example_skip_dag.py
[2022-07-14 16:30:13,511] {processor.py:651} INFO - DAG(s) dict_keys(['example_skip_dag']) retrieved from /home/airflow/.local/lib/python3.7/site-packages/airflow/example_dags/example_skip_dag.py
[2022-07-14 16:30:13,593] {logging_mixin.py:115} INFO - [2022-07-14 16:30:13,593] {dag.py:2420} INFO - Sync 1 DAGs
[2022-07-14 16:30:13,641] {logging_mixin.py:115} INFO - [2022-07-14 16:30:13,641] {dag.py:2972} INFO - Setting next_dagrun for example_skip_dag to 2022-07-13T16:30:13.640903+00:00, run_after=2022-07-14T16:30:13.640903+00:00
[2022-07-14 16:30:13,665] {processor.py:161} INFO - Processing /home/airflow/.local/lib/python3.7/site-packages/airflow/example_dags/example_skip_dag.py took 0.184 seconds
[2022-07-14 16:30:43,769] {processor.py:153} INFO - Started process (PID=1520) to work on /home/airflow/.local/lib/python3.7/site-packages/airflow/example_dags/example_skip_dag.py
[2022-07-14 16:30:43,769] {processor.py:641} INFO - Processing file /home/airflow/.local/lib/python3.7/site-packages/airflow/example_dags/example_skip_dag.py for tasks to queue
[2022-07-14 16:30:43,770] {logging_mixin.py:115} INFO - [2022-07-14 16:30:43,770] {dagbag.py:508} INFO - Filling up the DagBag from /home/airflow/.local/lib/python3.7/site-packages/airflow/example_dags/example_skip_dag.py
[2022-07-14 16:30:43,774] {processor.py:651} INFO - DAG(s) dict_keys(['example_skip_dag']) retrieved from /home/airflow/.local/lib/python3.7/site-packages/airflow/example_dags/example_skip_dag.py
[2022-07-14 16:30:43,797] {logging_mixin.py:115} INFO - [2022-07-14 16:30:43,797] {dag.py:2420} INFO - Sync 1 DAGs
[2022-07-14 16:30:43,816] {logging_mixin.py:115} INFO - [2022-07-14 16:30:43,816] {dag.py:2972} INFO - Setting next_dagrun for example_skip_dag to 2022-07-13T16:30:43.816691+00:00, run_after=2022-07-14T16:30:43.816691+00:00
[2022-07-14 16:30:43,828] {processor.py:161} INFO - Processing /home/airflow/.local/lib/python3.7/site-packages/airflow/example_dags/example_skip_dag.py took 0.062 seconds
[2022-07-14 16:31:14,203] {processor.py:153} INFO - Started process (PID=1580) to work on /home/airflow/.local/lib/python3.7/site-packages/airflow/example_dags/example_skip_dag.py
[2022-07-14 16:31:14,204] {processor.py:641} INFO - Processing file /home/airflow/.local/lib/python3.7/site-packages/airflow/example_dags/example_skip_dag.py for tasks to queue
[2022-07-14 16:31:14,204] {logging_mixin.py:115} INFO - [2022-07-14 16:31:14,204] {dagbag.py:508} INFO - Filling up the DagBag from /home/airflow/.local/lib/python3.7/site-packages/airflow/example_dags/example_skip_dag.py
[2022-07-14 16:31:14,208] {processor.py:651} INFO - DAG(s) dict_keys(['example_skip_dag']) retrieved from /home/airflow/.local/lib/python3.7/site-packages/airflow/example_dags/example_skip_dag.py
[2022-07-14 16:31:14,234] {logging_mixin.py:115} INFO - [2022-07-14 16:31:14,234] {dag.py:2420} INFO - Sync 1 DAGs
[2022-07-14 16:31:14,253] {logging_mixin.py:115} INFO - [2022-07-14 16:31:14,253] {dag.py:2972} INFO - Setting next_dagrun for example_skip_dag to 2022-07-13T16:31:14.253270+00:00, run_after=2022-07-14T16:31:14.253270+00:00
[2022-07-14 16:31:14,264] {processor.py:161} INFO - Processing /home/airflow/.local/lib/python3.7/site-packages/airflow/example_dags/example_skip_dag.py took 0.064 seconds
[2022-07-14 16:31:44,341] {processor.py:153} INFO - Started process (PID=1633) to work on /home/airflow/.local/lib/python3.7/site-packages/airflow/example_dags/example_skip_dag.py
[2022-07-14 16:31:44,342] {processor.py:641} INFO - Processing file /home/airflow/.local/lib/python3.7/site-packages/airflow/example_dags/example_skip_dag.py for tasks to queue
[2022-07-14 16:31:44,342] {logging_mixin.py:115} INFO - [2022-07-14 16:31:44,342] {dagbag.py:508} INFO - Filling up the DagBag from /home/airflow/.local/lib/python3.7/site-packages/airflow/example_dags/example_skip_dag.py
[2022-07-14 16:31:44,347] {processor.py:651} INFO - DAG(s) dict_keys(['example_skip_dag']) retrieved from /home/airflow/.local/lib/python3.7/site-packages/airflow/example_dags/example_skip_dag.py
[2022-07-14 16:31:44,374] {logging_mixin.py:115} INFO - [2022-07-14 16:31:44,374] {dag.py:2420} INFO - Sync 1 DAGs
[2022-07-14 16:31:44,402] {logging_mixin.py:115} INFO - [2022-07-14 16:31:44,402] {dag.py:2972} INFO - Setting next_dagrun for example_skip_dag to 2022-07-13T16:31:44.402059+00:00, run_after=2022-07-14T16:31:44.402059+00:00
[2022-07-14 16:31:44,430] {processor.py:161} INFO - Processing /home/airflow/.local/lib/python3.7/site-packages/airflow/example_dags/example_skip_dag.py took 0.092 seconds
[2022-07-14 16:32:14,884] {processor.py:153} INFO - Started process (PID=1694) to work on /home/airflow/.local/lib/python3.7/site-packages/airflow/example_dags/example_skip_dag.py
[2022-07-14 16:32:14,884] {processor.py:641} INFO - Processing file /home/airflow/.local/lib/python3.7/site-packages/airflow/example_dags/example_skip_dag.py for tasks to queue
[2022-07-14 16:32:14,885] {logging_mixin.py:115} INFO - [2022-07-14 16:32:14,885] {dagbag.py:508} INFO - Filling up the DagBag from /home/airflow/.local/lib/python3.7/site-packages/airflow/example_dags/example_skip_dag.py
[2022-07-14 16:32:14,890] {processor.py:651} INFO - DAG(s) dict_keys(['example_skip_dag']) retrieved from /home/airflow/.local/lib/python3.7/site-packages/airflow/example_dags/example_skip_dag.py
[2022-07-14 16:32:14,912] {logging_mixin.py:115} INFO - [2022-07-14 16:32:14,912] {dag.py:2420} INFO - Sync 1 DAGs
[2022-07-14 16:32:14,932] {logging_mixin.py:115} INFO - [2022-07-14 16:32:14,932] {dag.py:2972} INFO - Setting next_dagrun for example_skip_dag to 2022-07-13T16:32:14.931896+00:00, run_after=2022-07-14T16:32:14.931896+00:00
[2022-07-14 16:32:14,966] {processor.py:161} INFO - Processing /home/airflow/.local/lib/python3.7/site-packages/airflow/example_dags/example_skip_dag.py took 0.085 seconds
[2022-07-14 16:32:45,197] {processor.py:153} INFO - Started process (PID=1755) to work on /home/airflow/.local/lib/python3.7/site-packages/airflow/example_dags/example_skip_dag.py
[2022-07-14 16:32:45,198] {processor.py:641} INFO - Processing file /home/airflow/.local/lib/python3.7/site-packages/airflow/example_dags/example_skip_dag.py for tasks to queue
[2022-07-14 16:32:45,198] {logging_mixin.py:115} INFO - [2022-07-14 16:32:45,198] {dagbag.py:508} INFO - Filling up the DagBag from /home/airflow/.local/lib/python3.7/site-packages/airflow/example_dags/example_skip_dag.py
[2022-07-14 16:32:45,204] {processor.py:651} INFO - DAG(s) dict_keys(['example_skip_dag']) retrieved from /home/airflow/.local/lib/python3.7/site-packages/airflow/example_dags/example_skip_dag.py
[2022-07-14 16:32:45,228] {logging_mixin.py:115} INFO - [2022-07-14 16:32:45,228] {dag.py:2420} INFO - Sync 1 DAGs
[2022-07-14 16:32:45,247] {logging_mixin.py:115} INFO - [2022-07-14 16:32:45,247] {dag.py:2972} INFO - Setting next_dagrun for example_skip_dag to 2022-07-13T16:32:45.247455+00:00, run_after=2022-07-14T16:32:45.247455+00:00
[2022-07-14 16:32:45,274] {processor.py:161} INFO - Processing /home/airflow/.local/lib/python3.7/site-packages/airflow/example_dags/example_skip_dag.py took 0.081 seconds
[2022-07-14 16:33:15,346] {processor.py:153} INFO - Started process (PID=1807) to work on /home/airflow/.local/lib/python3.7/site-packages/airflow/example_dags/example_skip_dag.py
[2022-07-14 16:33:15,346] {processor.py:641} INFO - Processing file /home/airflow/.local/lib/python3.7/site-packages/airflow/example_dags/example_skip_dag.py for tasks to queue
[2022-07-14 16:33:15,347] {logging_mixin.py:115} INFO - [2022-07-14 16:33:15,347] {dagbag.py:508} INFO - Filling up the DagBag from /home/airflow/.local/lib/python3.7/site-packages/airflow/example_dags/example_skip_dag.py
[2022-07-14 16:33:15,352] {processor.py:651} INFO - DAG(s) dict_keys(['example_skip_dag']) retrieved from /home/airflow/.local/lib/python3.7/site-packages/airflow/example_dags/example_skip_dag.py
[2022-07-14 16:33:15,379] {logging_mixin.py:115} INFO - [2022-07-14 16:33:15,379] {dag.py:2420} INFO - Sync 1 DAGs
[2022-07-14 16:33:15,407] {logging_mixin.py:115} INFO - [2022-07-14 16:33:15,406] {dag.py:2972} INFO - Setting next_dagrun for example_skip_dag to 2022-07-13T16:33:15.406692+00:00, run_after=2022-07-14T16:33:15.406692+00:00
[2022-07-14 16:33:15,439] {processor.py:161} INFO - Processing /home/airflow/.local/lib/python3.7/site-packages/airflow/example_dags/example_skip_dag.py took 0.096 seconds
[2022-07-14 16:33:45,533] {processor.py:153} INFO - Started process (PID=1867) to work on /home/airflow/.local/lib/python3.7/site-packages/airflow/example_dags/example_skip_dag.py
[2022-07-14 16:33:45,534] {processor.py:641} INFO - Processing file /home/airflow/.local/lib/python3.7/site-packages/airflow/example_dags/example_skip_dag.py for tasks to queue
[2022-07-14 16:33:45,534] {logging_mixin.py:115} INFO - [2022-07-14 16:33:45,534] {dagbag.py:508} INFO - Filling up the DagBag from /home/airflow/.local/lib/python3.7/site-packages/airflow/example_dags/example_skip_dag.py
[2022-07-14 16:33:45,539] {processor.py:651} INFO - DAG(s) dict_keys(['example_skip_dag']) retrieved from /home/airflow/.local/lib/python3.7/site-packages/airflow/example_dags/example_skip_dag.py
[2022-07-14 16:33:45,564] {logging_mixin.py:115} INFO - [2022-07-14 16:33:45,564] {dag.py:2420} INFO - Sync 1 DAGs
[2022-07-14 16:33:45,603] {logging_mixin.py:115} INFO - [2022-07-14 16:33:45,603] {dag.py:2972} INFO - Setting next_dagrun for example_skip_dag to 2022-07-13T16:33:45.603398+00:00, run_after=2022-07-14T16:33:45.603398+00:00
[2022-07-14 16:33:45,637] {processor.py:161} INFO - Processing /home/airflow/.local/lib/python3.7/site-packages/airflow/example_dags/example_skip_dag.py took 0.107 seconds
[2022-07-14 16:34:15,659] {processor.py:153} INFO - Started process (PID=1918) to work on /home/airflow/.local/lib/python3.7/site-packages/airflow/example_dags/example_skip_dag.py
[2022-07-14 16:34:15,659] {processor.py:641} INFO - Processing file /home/airflow/.local/lib/python3.7/site-packages/airflow/example_dags/example_skip_dag.py for tasks to queue
[2022-07-14 16:34:15,660] {logging_mixin.py:115} INFO - [2022-07-14 16:34:15,660] {dagbag.py:508} INFO - Filling up the DagBag from /home/airflow/.local/lib/python3.7/site-packages/airflow/example_dags/example_skip_dag.py
[2022-07-14 16:34:15,664] {processor.py:651} INFO - DAG(s) dict_keys(['example_skip_dag']) retrieved from /home/airflow/.local/lib/python3.7/site-packages/airflow/example_dags/example_skip_dag.py
[2022-07-14 16:34:15,688] {logging_mixin.py:115} INFO - [2022-07-14 16:34:15,688] {dag.py:2420} INFO - Sync 1 DAGs
[2022-07-14 16:34:15,711] {logging_mixin.py:115} INFO - [2022-07-14 16:34:15,711] {dag.py:2972} INFO - Setting next_dagrun for example_skip_dag to 2022-07-13T16:34:15.711313+00:00, run_after=2022-07-14T16:34:15.711313+00:00
[2022-07-14 16:34:15,722] {processor.py:161} INFO - Processing /home/airflow/.local/lib/python3.7/site-packages/airflow/example_dags/example_skip_dag.py took 0.066 seconds
[2022-07-14 16:34:46,101] {processor.py:153} INFO - Started process (PID=1980) to work on /home/airflow/.local/lib/python3.7/site-packages/airflow/example_dags/example_skip_dag.py
[2022-07-14 16:34:46,101] {processor.py:641} INFO - Processing file /home/airflow/.local/lib/python3.7/site-packages/airflow/example_dags/example_skip_dag.py for tasks to queue
[2022-07-14 16:34:46,102] {logging_mixin.py:115} INFO - [2022-07-14 16:34:46,102] {dagbag.py:508} INFO - Filling up the DagBag from /home/airflow/.local/lib/python3.7/site-packages/airflow/example_dags/example_skip_dag.py
[2022-07-14 16:34:46,108] {processor.py:651} INFO - DAG(s) dict_keys(['example_skip_dag']) retrieved from /home/airflow/.local/lib/python3.7/site-packages/airflow/example_dags/example_skip_dag.py
[2022-07-14 16:34:46,132] {logging_mixin.py:115} INFO - [2022-07-14 16:34:46,131] {dag.py:2420} INFO - Sync 1 DAGs
[2022-07-14 16:34:46,151] {logging_mixin.py:115} INFO - [2022-07-14 16:34:46,151] {dag.py:2972} INFO - Setting next_dagrun for example_skip_dag to 2022-07-13T16:34:46.151079+00:00, run_after=2022-07-14T16:34:46.151079+00:00
[2022-07-14 16:34:46,162] {processor.py:161} INFO - Processing /home/airflow/.local/lib/python3.7/site-packages/airflow/example_dags/example_skip_dag.py took 0.064 seconds
[2022-07-14 16:35:16,866] {processor.py:153} INFO - Started process (PID=2039) to work on /home/airflow/.local/lib/python3.7/site-packages/airflow/example_dags/example_skip_dag.py
[2022-07-14 16:35:16,867] {processor.py:641} INFO - Processing file /home/airflow/.local/lib/python3.7/site-packages/airflow/example_dags/example_skip_dag.py for tasks to queue
[2022-07-14 16:35:16,868] {logging_mixin.py:115} INFO - [2022-07-14 16:35:16,867] {dagbag.py:508} INFO - Filling up the DagBag from /home/airflow/.local/lib/python3.7/site-packages/airflow/example_dags/example_skip_dag.py
[2022-07-14 16:35:16,874] {processor.py:651} INFO - DAG(s) dict_keys(['example_skip_dag']) retrieved from /home/airflow/.local/lib/python3.7/site-packages/airflow/example_dags/example_skip_dag.py
[2022-07-14 16:35:16,901] {logging_mixin.py:115} INFO - [2022-07-14 16:35:16,900] {dag.py:2420} INFO - Sync 1 DAGs
[2022-07-14 16:35:16,923] {logging_mixin.py:115} INFO - [2022-07-14 16:35:16,922] {dag.py:2972} INFO - Setting next_dagrun for example_skip_dag to 2022-07-13T16:35:16.922632+00:00, run_after=2022-07-14T16:35:16.922632+00:00
[2022-07-14 16:35:16,975] {processor.py:161} INFO - Processing /home/airflow/.local/lib/python3.7/site-packages/airflow/example_dags/example_skip_dag.py took 0.103 seconds
[2022-07-14 16:35:47,167] {processor.py:153} INFO - Started process (PID=2092) to work on /home/airflow/.local/lib/python3.7/site-packages/airflow/example_dags/example_skip_dag.py
[2022-07-14 16:35:47,167] {processor.py:641} INFO - Processing file /home/airflow/.local/lib/python3.7/site-packages/airflow/example_dags/example_skip_dag.py for tasks to queue
[2022-07-14 16:35:47,168] {logging_mixin.py:115} INFO - [2022-07-14 16:35:47,168] {dagbag.py:508} INFO - Filling up the DagBag from /home/airflow/.local/lib/python3.7/site-packages/airflow/example_dags/example_skip_dag.py
[2022-07-14 16:35:47,173] {processor.py:651} INFO - DAG(s) dict_keys(['example_skip_dag']) retrieved from /home/airflow/.local/lib/python3.7/site-packages/airflow/example_dags/example_skip_dag.py
[2022-07-14 16:35:47,196] {logging_mixin.py:115} INFO - [2022-07-14 16:35:47,196] {dag.py:2420} INFO - Sync 1 DAGs
[2022-07-14 16:35:47,216] {logging_mixin.py:115} INFO - [2022-07-14 16:35:47,216] {dag.py:2972} INFO - Setting next_dagrun for example_skip_dag to 2022-07-13T16:35:47.216473+00:00, run_after=2022-07-14T16:35:47.216473+00:00
[2022-07-14 16:35:47,256] {processor.py:161} INFO - Processing /home/airflow/.local/lib/python3.7/site-packages/airflow/example_dags/example_skip_dag.py took 0.092 seconds
[2022-07-14 16:36:17,500] {processor.py:153} INFO - Started process (PID=2153) to work on /home/airflow/.local/lib/python3.7/site-packages/airflow/example_dags/example_skip_dag.py
[2022-07-14 16:36:17,500] {processor.py:641} INFO - Processing file /home/airflow/.local/lib/python3.7/site-packages/airflow/example_dags/example_skip_dag.py for tasks to queue
[2022-07-14 16:36:17,501] {logging_mixin.py:115} INFO - [2022-07-14 16:36:17,501] {dagbag.py:508} INFO - Filling up the DagBag from /home/airflow/.local/lib/python3.7/site-packages/airflow/example_dags/example_skip_dag.py
[2022-07-14 16:36:17,506] {processor.py:651} INFO - DAG(s) dict_keys(['example_skip_dag']) retrieved from /home/airflow/.local/lib/python3.7/site-packages/airflow/example_dags/example_skip_dag.py
[2022-07-14 16:36:17,529] {logging_mixin.py:115} INFO - [2022-07-14 16:36:17,529] {dag.py:2420} INFO - Sync 1 DAGs
[2022-07-14 16:36:17,549] {logging_mixin.py:115} INFO - [2022-07-14 16:36:17,549] {dag.py:2972} INFO - Setting next_dagrun for example_skip_dag to 2022-07-13T16:36:17.549026+00:00, run_after=2022-07-14T16:36:17.549026+00:00
[2022-07-14 16:36:17,559] {processor.py:161} INFO - Processing /home/airflow/.local/lib/python3.7/site-packages/airflow/example_dags/example_skip_dag.py took 0.062 seconds
