[2022-07-14 16:17:04,586] {processor.py:153} INFO - Started process (PID=66) to work on /home/airflow/.local/lib/python3.7/site-packages/airflow/example_dags/example_branch_datetime_operator.py
[2022-07-14 16:17:04,586] {processor.py:641} INFO - Processing file /home/airflow/.local/lib/python3.7/site-packages/airflow/example_dags/example_branch_datetime_operator.py for tasks to queue
[2022-07-14 16:17:04,597] {logging_mixin.py:115} INFO - [2022-07-14 16:17:04,597] {dagbag.py:508} INFO - Filling up the DagBag from /home/airflow/.local/lib/python3.7/site-packages/airflow/example_dags/example_branch_datetime_operator.py
[2022-07-14 16:17:04,628] {processor.py:651} INFO - DAG(s) dict_keys(['example_branch_datetime_operator', 'example_branch_datetime_operator_2']) retrieved from /home/airflow/.local/lib/python3.7/site-packages/airflow/example_dags/example_branch_datetime_operator.py
[2022-07-14 16:17:04,985] {logging_mixin.py:115} INFO - [2022-07-14 16:17:04,984] {manager.py:508} INFO - Created Permission View: can delete on DAG:example_branch_datetime_operator
[2022-07-14 16:17:05,017] {logging_mixin.py:115} INFO - [2022-07-14 16:17:05,017] {manager.py:508} INFO - Created Permission View: can read on DAG:example_branch_datetime_operator
[2022-07-14 16:17:05,068] {logging_mixin.py:115} INFO - [2022-07-14 16:17:05,068] {manager.py:508} INFO - Created Permission View: can edit on DAG:example_branch_datetime_operator
[2022-07-14 16:17:05,138] {logging_mixin.py:115} INFO - [2022-07-14 16:17:05,137] {manager.py:508} INFO - Created Permission View: can delete on DAG:example_branch_datetime_operator_2
[2022-07-14 16:17:05,161] {logging_mixin.py:115} INFO - [2022-07-14 16:17:05,161] {manager.py:508} INFO - Created Permission View: can read on DAG:example_branch_datetime_operator_2
[2022-07-14 16:17:05,191] {logging_mixin.py:115} INFO - [2022-07-14 16:17:05,191] {manager.py:508} INFO - Created Permission View: can edit on DAG:example_branch_datetime_operator_2
[2022-07-14 16:17:05,191] {logging_mixin.py:115} INFO - [2022-07-14 16:17:05,191] {dag.py:2420} INFO - Sync 2 DAGs
[2022-07-14 16:17:05,215] {logging_mixin.py:115} INFO - [2022-07-14 16:17:05,215] {dag.py:2439} INFO - Creating ORM DAG for example_branch_datetime_operator_2
[2022-07-14 16:17:05,216] {logging_mixin.py:115} INFO - [2022-07-14 16:17:05,216] {dag.py:2439} INFO - Creating ORM DAG for example_branch_datetime_operator
[2022-07-14 16:17:05,285] {logging_mixin.py:115} INFO - [2022-07-14 16:17:05,285] {dag.py:2972} INFO - Setting next_dagrun for example_branch_datetime_operator to 2022-07-13T00:00:00+00:00, run_after=2022-07-14T00:00:00+00:00
[2022-07-14 16:17:05,288] {logging_mixin.py:115} INFO - [2022-07-14 16:17:05,288] {dag.py:2972} INFO - Setting next_dagrun for example_branch_datetime_operator_2 to 2022-07-13T00:00:00+00:00, run_after=2022-07-14T00:00:00+00:00
[2022-07-14 16:17:05,364] {processor.py:161} INFO - Processing /home/airflow/.local/lib/python3.7/site-packages/airflow/example_dags/example_branch_datetime_operator.py took 0.784 seconds
[2022-07-14 16:17:35,439] {processor.py:153} INFO - Started process (PID=116) to work on /home/airflow/.local/lib/python3.7/site-packages/airflow/example_dags/example_branch_datetime_operator.py
[2022-07-14 16:17:35,440] {processor.py:641} INFO - Processing file /home/airflow/.local/lib/python3.7/site-packages/airflow/example_dags/example_branch_datetime_operator.py for tasks to queue
[2022-07-14 16:17:35,440] {logging_mixin.py:115} INFO - [2022-07-14 16:17:35,440] {dagbag.py:508} INFO - Filling up the DagBag from /home/airflow/.local/lib/python3.7/site-packages/airflow/example_dags/example_branch_datetime_operator.py
[2022-07-14 16:17:35,453] {processor.py:651} INFO - DAG(s) dict_keys(['example_branch_datetime_operator', 'example_branch_datetime_operator_2']) retrieved from /home/airflow/.local/lib/python3.7/site-packages/airflow/example_dags/example_branch_datetime_operator.py
[2022-07-14 16:17:35,496] {logging_mixin.py:115} INFO - [2022-07-14 16:17:35,496] {dag.py:2420} INFO - Sync 2 DAGs
[2022-07-14 16:17:35,531] {logging_mixin.py:115} INFO - [2022-07-14 16:17:35,531] {dag.py:2972} INFO - Setting next_dagrun for example_branch_datetime_operator to 2022-07-13T00:00:00+00:00, run_after=2022-07-14T00:00:00+00:00
[2022-07-14 16:17:35,534] {logging_mixin.py:115} INFO - [2022-07-14 16:17:35,534] {dag.py:2972} INFO - Setting next_dagrun for example_branch_datetime_operator_2 to 2022-07-13T00:00:00+00:00, run_after=2022-07-14T00:00:00+00:00
[2022-07-14 16:17:35,574] {processor.py:161} INFO - Processing /home/airflow/.local/lib/python3.7/site-packages/airflow/example_dags/example_branch_datetime_operator.py took 0.140 seconds
[2022-07-14 16:18:05,756] {processor.py:153} INFO - Started process (PID=168) to work on /home/airflow/.local/lib/python3.7/site-packages/airflow/example_dags/example_branch_datetime_operator.py
[2022-07-14 16:18:05,757] {processor.py:641} INFO - Processing file /home/airflow/.local/lib/python3.7/site-packages/airflow/example_dags/example_branch_datetime_operator.py for tasks to queue
[2022-07-14 16:18:05,758] {logging_mixin.py:115} INFO - [2022-07-14 16:18:05,758] {dagbag.py:508} INFO - Filling up the DagBag from /home/airflow/.local/lib/python3.7/site-packages/airflow/example_dags/example_branch_datetime_operator.py
[2022-07-14 16:18:05,773] {processor.py:651} INFO - DAG(s) dict_keys(['example_branch_datetime_operator', 'example_branch_datetime_operator_2']) retrieved from /home/airflow/.local/lib/python3.7/site-packages/airflow/example_dags/example_branch_datetime_operator.py
[2022-07-14 16:18:05,813] {logging_mixin.py:115} INFO - [2022-07-14 16:18:05,813] {dag.py:2420} INFO - Sync 2 DAGs
[2022-07-14 16:18:05,851] {logging_mixin.py:115} INFO - [2022-07-14 16:18:05,851] {dag.py:2972} INFO - Setting next_dagrun for example_branch_datetime_operator to 2022-07-13T00:00:00+00:00, run_after=2022-07-14T00:00:00+00:00
[2022-07-14 16:18:05,855] {logging_mixin.py:115} INFO - [2022-07-14 16:18:05,855] {dag.py:2972} INFO - Setting next_dagrun for example_branch_datetime_operator_2 to 2022-07-13T00:00:00+00:00, run_after=2022-07-14T00:00:00+00:00
[2022-07-14 16:18:05,894] {processor.py:161} INFO - Processing /home/airflow/.local/lib/python3.7/site-packages/airflow/example_dags/example_branch_datetime_operator.py took 0.142 seconds
[2022-07-14 16:18:36,623] {processor.py:153} INFO - Started process (PID=229) to work on /home/airflow/.local/lib/python3.7/site-packages/airflow/example_dags/example_branch_datetime_operator.py
[2022-07-14 16:18:36,624] {processor.py:641} INFO - Processing file /home/airflow/.local/lib/python3.7/site-packages/airflow/example_dags/example_branch_datetime_operator.py for tasks to queue
[2022-07-14 16:18:36,624] {logging_mixin.py:115} INFO - [2022-07-14 16:18:36,624] {dagbag.py:508} INFO - Filling up the DagBag from /home/airflow/.local/lib/python3.7/site-packages/airflow/example_dags/example_branch_datetime_operator.py
[2022-07-14 16:18:36,638] {processor.py:651} INFO - DAG(s) dict_keys(['example_branch_datetime_operator', 'example_branch_datetime_operator_2']) retrieved from /home/airflow/.local/lib/python3.7/site-packages/airflow/example_dags/example_branch_datetime_operator.py
[2022-07-14 16:18:36,693] {logging_mixin.py:115} INFO - [2022-07-14 16:18:36,693] {dag.py:2420} INFO - Sync 2 DAGs
[2022-07-14 16:18:36,734] {logging_mixin.py:115} INFO - [2022-07-14 16:18:36,734] {dag.py:2972} INFO - Setting next_dagrun for example_branch_datetime_operator to 2022-07-13T00:00:00+00:00, run_after=2022-07-14T00:00:00+00:00
[2022-07-14 16:18:36,738] {logging_mixin.py:115} INFO - [2022-07-14 16:18:36,738] {dag.py:2972} INFO - Setting next_dagrun for example_branch_datetime_operator_2 to 2022-07-13T00:00:00+00:00, run_after=2022-07-14T00:00:00+00:00
[2022-07-14 16:18:36,779] {processor.py:161} INFO - Processing /home/airflow/.local/lib/python3.7/site-packages/airflow/example_dags/example_branch_datetime_operator.py took 0.162 seconds
[2022-07-14 16:19:06,998] {processor.py:153} INFO - Started process (PID=280) to work on /home/airflow/.local/lib/python3.7/site-packages/airflow/example_dags/example_branch_datetime_operator.py
[2022-07-14 16:19:06,999] {processor.py:641} INFO - Processing file /home/airflow/.local/lib/python3.7/site-packages/airflow/example_dags/example_branch_datetime_operator.py for tasks to queue
[2022-07-14 16:19:06,999] {logging_mixin.py:115} INFO - [2022-07-14 16:19:06,999] {dagbag.py:508} INFO - Filling up the DagBag from /home/airflow/.local/lib/python3.7/site-packages/airflow/example_dags/example_branch_datetime_operator.py
[2022-07-14 16:19:07,013] {processor.py:651} INFO - DAG(s) dict_keys(['example_branch_datetime_operator', 'example_branch_datetime_operator_2']) retrieved from /home/airflow/.local/lib/python3.7/site-packages/airflow/example_dags/example_branch_datetime_operator.py
[2022-07-14 16:19:07,064] {logging_mixin.py:115} INFO - [2022-07-14 16:19:07,064] {dag.py:2420} INFO - Sync 2 DAGs
[2022-07-14 16:19:07,114] {logging_mixin.py:115} INFO - [2022-07-14 16:19:07,113] {dag.py:2972} INFO - Setting next_dagrun for example_branch_datetime_operator to 2022-07-13T00:00:00+00:00, run_after=2022-07-14T00:00:00+00:00
[2022-07-14 16:19:07,119] {logging_mixin.py:115} INFO - [2022-07-14 16:19:07,119] {dag.py:2972} INFO - Setting next_dagrun for example_branch_datetime_operator_2 to 2022-07-13T00:00:00+00:00, run_after=2022-07-14T00:00:00+00:00
[2022-07-14 16:19:07,166] {processor.py:161} INFO - Processing /home/airflow/.local/lib/python3.7/site-packages/airflow/example_dags/example_branch_datetime_operator.py took 0.171 seconds
[2022-07-14 16:19:37,286] {processor.py:153} INFO - Started process (PID=331) to work on /home/airflow/.local/lib/python3.7/site-packages/airflow/example_dags/example_branch_datetime_operator.py
[2022-07-14 16:19:37,287] {processor.py:641} INFO - Processing file /home/airflow/.local/lib/python3.7/site-packages/airflow/example_dags/example_branch_datetime_operator.py for tasks to queue
[2022-07-14 16:19:37,287] {logging_mixin.py:115} INFO - [2022-07-14 16:19:37,287] {dagbag.py:508} INFO - Filling up the DagBag from /home/airflow/.local/lib/python3.7/site-packages/airflow/example_dags/example_branch_datetime_operator.py
[2022-07-14 16:19:37,301] {processor.py:651} INFO - DAG(s) dict_keys(['example_branch_datetime_operator', 'example_branch_datetime_operator_2']) retrieved from /home/airflow/.local/lib/python3.7/site-packages/airflow/example_dags/example_branch_datetime_operator.py
[2022-07-14 16:19:37,339] {logging_mixin.py:115} INFO - [2022-07-14 16:19:37,338] {dag.py:2420} INFO - Sync 2 DAGs
[2022-07-14 16:19:37,375] {logging_mixin.py:115} INFO - [2022-07-14 16:19:37,375] {dag.py:2972} INFO - Setting next_dagrun for example_branch_datetime_operator to 2022-07-13T00:00:00+00:00, run_after=2022-07-14T00:00:00+00:00
[2022-07-14 16:19:37,378] {logging_mixin.py:115} INFO - [2022-07-14 16:19:37,378] {dag.py:2972} INFO - Setting next_dagrun for example_branch_datetime_operator_2 to 2022-07-13T00:00:00+00:00, run_after=2022-07-14T00:00:00+00:00
[2022-07-14 16:19:37,422] {processor.py:161} INFO - Processing /home/airflow/.local/lib/python3.7/site-packages/airflow/example_dags/example_branch_datetime_operator.py took 0.139 seconds
[2022-07-14 16:20:08,127] {processor.py:153} INFO - Started process (PID=391) to work on /home/airflow/.local/lib/python3.7/site-packages/airflow/example_dags/example_branch_datetime_operator.py
[2022-07-14 16:20:08,159] {processor.py:641} INFO - Processing file /home/airflow/.local/lib/python3.7/site-packages/airflow/example_dags/example_branch_datetime_operator.py for tasks to queue
[2022-07-14 16:20:08,159] {logging_mixin.py:115} INFO - [2022-07-14 16:20:08,159] {dagbag.py:508} INFO - Filling up the DagBag from /home/airflow/.local/lib/python3.7/site-packages/airflow/example_dags/example_branch_datetime_operator.py
[2022-07-14 16:20:08,220] {processor.py:651} INFO - DAG(s) dict_keys(['example_branch_datetime_operator', 'example_branch_datetime_operator_2']) retrieved from /home/airflow/.local/lib/python3.7/site-packages/airflow/example_dags/example_branch_datetime_operator.py
[2022-07-14 16:20:08,286] {logging_mixin.py:115} INFO - [2022-07-14 16:20:08,286] {dag.py:2420} INFO - Sync 2 DAGs
[2022-07-14 16:20:08,350] {logging_mixin.py:115} INFO - [2022-07-14 16:20:08,349] {dag.py:2972} INFO - Setting next_dagrun for example_branch_datetime_operator to 2022-07-13T00:00:00+00:00, run_after=2022-07-14T00:00:00+00:00
[2022-07-14 16:20:08,365] {logging_mixin.py:115} INFO - [2022-07-14 16:20:08,364] {dag.py:2972} INFO - Setting next_dagrun for example_branch_datetime_operator_2 to 2022-07-13T00:00:00+00:00, run_after=2022-07-14T00:00:00+00:00
[2022-07-14 16:20:08,425] {processor.py:161} INFO - Processing /home/airflow/.local/lib/python3.7/site-packages/airflow/example_dags/example_branch_datetime_operator.py took 0.307 seconds
[2022-07-14 16:20:38,791] {processor.py:153} INFO - Started process (PID=442) to work on /home/airflow/.local/lib/python3.7/site-packages/airflow/example_dags/example_branch_datetime_operator.py
[2022-07-14 16:20:38,796] {processor.py:641} INFO - Processing file /home/airflow/.local/lib/python3.7/site-packages/airflow/example_dags/example_branch_datetime_operator.py for tasks to queue
[2022-07-14 16:20:38,797] {logging_mixin.py:115} INFO - [2022-07-14 16:20:38,797] {dagbag.py:508} INFO - Filling up the DagBag from /home/airflow/.local/lib/python3.7/site-packages/airflow/example_dags/example_branch_datetime_operator.py
[2022-07-14 16:20:38,813] {processor.py:651} INFO - DAG(s) dict_keys(['example_branch_datetime_operator', 'example_branch_datetime_operator_2']) retrieved from /home/airflow/.local/lib/python3.7/site-packages/airflow/example_dags/example_branch_datetime_operator.py
[2022-07-14 16:20:38,853] {logging_mixin.py:115} INFO - [2022-07-14 16:20:38,853] {dag.py:2420} INFO - Sync 2 DAGs
[2022-07-14 16:20:38,888] {logging_mixin.py:115} INFO - [2022-07-14 16:20:38,888] {dag.py:2972} INFO - Setting next_dagrun for example_branch_datetime_operator to 2022-07-13T00:00:00+00:00, run_after=2022-07-14T00:00:00+00:00
[2022-07-14 16:20:38,892] {logging_mixin.py:115} INFO - [2022-07-14 16:20:38,892] {dag.py:2972} INFO - Setting next_dagrun for example_branch_datetime_operator_2 to 2022-07-13T00:00:00+00:00, run_after=2022-07-14T00:00:00+00:00
[2022-07-14 16:20:38,937] {processor.py:161} INFO - Processing /home/airflow/.local/lib/python3.7/site-packages/airflow/example_dags/example_branch_datetime_operator.py took 0.156 seconds
[2022-07-14 16:21:09,138] {processor.py:153} INFO - Started process (PID=494) to work on /home/airflow/.local/lib/python3.7/site-packages/airflow/example_dags/example_branch_datetime_operator.py
[2022-07-14 16:21:09,141] {processor.py:641} INFO - Processing file /home/airflow/.local/lib/python3.7/site-packages/airflow/example_dags/example_branch_datetime_operator.py for tasks to queue
[2022-07-14 16:21:09,142] {logging_mixin.py:115} INFO - [2022-07-14 16:21:09,142] {dagbag.py:508} INFO - Filling up the DagBag from /home/airflow/.local/lib/python3.7/site-packages/airflow/example_dags/example_branch_datetime_operator.py
[2022-07-14 16:21:09,156] {processor.py:651} INFO - DAG(s) dict_keys(['example_branch_datetime_operator', 'example_branch_datetime_operator_2']) retrieved from /home/airflow/.local/lib/python3.7/site-packages/airflow/example_dags/example_branch_datetime_operator.py
[2022-07-14 16:21:09,197] {logging_mixin.py:115} INFO - [2022-07-14 16:21:09,197] {dag.py:2420} INFO - Sync 2 DAGs
[2022-07-14 16:21:09,230] {logging_mixin.py:115} INFO - [2022-07-14 16:21:09,230] {dag.py:2972} INFO - Setting next_dagrun for example_branch_datetime_operator to 2022-07-13T00:00:00+00:00, run_after=2022-07-14T00:00:00+00:00
[2022-07-14 16:21:09,233] {logging_mixin.py:115} INFO - [2022-07-14 16:21:09,233] {dag.py:2972} INFO - Setting next_dagrun for example_branch_datetime_operator_2 to 2022-07-13T00:00:00+00:00, run_after=2022-07-14T00:00:00+00:00
[2022-07-14 16:21:09,279] {processor.py:161} INFO - Processing /home/airflow/.local/lib/python3.7/site-packages/airflow/example_dags/example_branch_datetime_operator.py took 0.146 seconds
[2022-07-14 16:21:39,976] {processor.py:153} INFO - Started process (PID=553) to work on /home/airflow/.local/lib/python3.7/site-packages/airflow/example_dags/example_branch_datetime_operator.py
[2022-07-14 16:21:39,976] {processor.py:641} INFO - Processing file /home/airflow/.local/lib/python3.7/site-packages/airflow/example_dags/example_branch_datetime_operator.py for tasks to queue
[2022-07-14 16:21:39,977] {logging_mixin.py:115} INFO - [2022-07-14 16:21:39,977] {dagbag.py:508} INFO - Filling up the DagBag from /home/airflow/.local/lib/python3.7/site-packages/airflow/example_dags/example_branch_datetime_operator.py
[2022-07-14 16:21:40,055] {processor.py:651} INFO - DAG(s) dict_keys(['example_branch_datetime_operator', 'example_branch_datetime_operator_2']) retrieved from /home/airflow/.local/lib/python3.7/site-packages/airflow/example_dags/example_branch_datetime_operator.py
[2022-07-14 16:21:40,195] {logging_mixin.py:115} INFO - [2022-07-14 16:21:40,195] {dag.py:2420} INFO - Sync 2 DAGs
[2022-07-14 16:21:40,291] {logging_mixin.py:115} INFO - [2022-07-14 16:21:40,290] {dag.py:2972} INFO - Setting next_dagrun for example_branch_datetime_operator to 2022-07-13T00:00:00+00:00, run_after=2022-07-14T00:00:00+00:00
[2022-07-14 16:21:40,294] {logging_mixin.py:115} INFO - [2022-07-14 16:21:40,294] {dag.py:2972} INFO - Setting next_dagrun for example_branch_datetime_operator_2 to 2022-07-13T00:00:00+00:00, run_after=2022-07-14T00:00:00+00:00
[2022-07-14 16:21:40,389] {processor.py:161} INFO - Processing /home/airflow/.local/lib/python3.7/site-packages/airflow/example_dags/example_branch_datetime_operator.py took 0.429 seconds
[2022-07-14 16:22:10,574] {processor.py:153} INFO - Started process (PID=606) to work on /home/airflow/.local/lib/python3.7/site-packages/airflow/example_dags/example_branch_datetime_operator.py
[2022-07-14 16:22:10,575] {processor.py:641} INFO - Processing file /home/airflow/.local/lib/python3.7/site-packages/airflow/example_dags/example_branch_datetime_operator.py for tasks to queue
[2022-07-14 16:22:10,576] {logging_mixin.py:115} INFO - [2022-07-14 16:22:10,576] {dagbag.py:508} INFO - Filling up the DagBag from /home/airflow/.local/lib/python3.7/site-packages/airflow/example_dags/example_branch_datetime_operator.py
[2022-07-14 16:22:10,592] {processor.py:651} INFO - DAG(s) dict_keys(['example_branch_datetime_operator', 'example_branch_datetime_operator_2']) retrieved from /home/airflow/.local/lib/python3.7/site-packages/airflow/example_dags/example_branch_datetime_operator.py
[2022-07-14 16:22:10,637] {logging_mixin.py:115} INFO - [2022-07-14 16:22:10,637] {dag.py:2420} INFO - Sync 2 DAGs
[2022-07-14 16:22:10,672] {logging_mixin.py:115} INFO - [2022-07-14 16:22:10,672] {dag.py:2972} INFO - Setting next_dagrun for example_branch_datetime_operator to 2022-07-13T00:00:00+00:00, run_after=2022-07-14T00:00:00+00:00
[2022-07-14 16:22:10,677] {logging_mixin.py:115} INFO - [2022-07-14 16:22:10,677] {dag.py:2972} INFO - Setting next_dagrun for example_branch_datetime_operator_2 to 2022-07-13T00:00:00+00:00, run_after=2022-07-14T00:00:00+00:00
[2022-07-14 16:22:10,728] {processor.py:161} INFO - Processing /home/airflow/.local/lib/python3.7/site-packages/airflow/example_dags/example_branch_datetime_operator.py took 0.157 seconds
[2022-07-14 16:22:42,096] {processor.py:153} INFO - Started process (PID=658) to work on /home/airflow/.local/lib/python3.7/site-packages/airflow/example_dags/example_branch_datetime_operator.py
[2022-07-14 16:22:42,132] {processor.py:641} INFO - Processing file /home/airflow/.local/lib/python3.7/site-packages/airflow/example_dags/example_branch_datetime_operator.py for tasks to queue
[2022-07-14 16:22:42,133] {logging_mixin.py:115} INFO - [2022-07-14 16:22:42,133] {dagbag.py:508} INFO - Filling up the DagBag from /home/airflow/.local/lib/python3.7/site-packages/airflow/example_dags/example_branch_datetime_operator.py
[2022-07-14 16:22:42,152] {processor.py:651} INFO - DAG(s) dict_keys(['example_branch_datetime_operator', 'example_branch_datetime_operator_2']) retrieved from /home/airflow/.local/lib/python3.7/site-packages/airflow/example_dags/example_branch_datetime_operator.py
[2022-07-14 16:22:42,199] {logging_mixin.py:115} INFO - [2022-07-14 16:22:42,199] {dag.py:2420} INFO - Sync 2 DAGs
[2022-07-14 16:22:42,239] {logging_mixin.py:115} INFO - [2022-07-14 16:22:42,239] {dag.py:2972} INFO - Setting next_dagrun for example_branch_datetime_operator to 2022-07-13T00:00:00+00:00, run_after=2022-07-14T00:00:00+00:00
[2022-07-14 16:22:42,242] {logging_mixin.py:115} INFO - [2022-07-14 16:22:42,242] {dag.py:2972} INFO - Setting next_dagrun for example_branch_datetime_operator_2 to 2022-07-13T00:00:00+00:00, run_after=2022-07-14T00:00:00+00:00
[2022-07-14 16:22:42,265] {processor.py:161} INFO - Processing /home/airflow/.local/lib/python3.7/site-packages/airflow/example_dags/example_branch_datetime_operator.py took 0.176 seconds
[2022-07-14 16:23:12,545] {processor.py:153} INFO - Started process (PID=719) to work on /home/airflow/.local/lib/python3.7/site-packages/airflow/example_dags/example_branch_datetime_operator.py
[2022-07-14 16:23:12,546] {processor.py:641} INFO - Processing file /home/airflow/.local/lib/python3.7/site-packages/airflow/example_dags/example_branch_datetime_operator.py for tasks to queue
[2022-07-14 16:23:12,547] {logging_mixin.py:115} INFO - [2022-07-14 16:23:12,547] {dagbag.py:508} INFO - Filling up the DagBag from /home/airflow/.local/lib/python3.7/site-packages/airflow/example_dags/example_branch_datetime_operator.py
[2022-07-14 16:23:12,561] {processor.py:651} INFO - DAG(s) dict_keys(['example_branch_datetime_operator', 'example_branch_datetime_operator_2']) retrieved from /home/airflow/.local/lib/python3.7/site-packages/airflow/example_dags/example_branch_datetime_operator.py
[2022-07-14 16:23:12,631] {logging_mixin.py:115} INFO - [2022-07-14 16:23:12,631] {dag.py:2420} INFO - Sync 2 DAGs
[2022-07-14 16:23:12,694] {logging_mixin.py:115} INFO - [2022-07-14 16:23:12,694] {dag.py:2972} INFO - Setting next_dagrun for example_branch_datetime_operator to 2022-07-13T00:00:00+00:00, run_after=2022-07-14T00:00:00+00:00
[2022-07-14 16:23:12,701] {logging_mixin.py:115} INFO - [2022-07-14 16:23:12,701] {dag.py:2972} INFO - Setting next_dagrun for example_branch_datetime_operator_2 to 2022-07-13T00:00:00+00:00, run_after=2022-07-14T00:00:00+00:00
[2022-07-14 16:23:12,742] {processor.py:161} INFO - Processing /home/airflow/.local/lib/python3.7/site-packages/airflow/example_dags/example_branch_datetime_operator.py took 0.201 seconds
[2022-07-14 16:23:42,908] {processor.py:153} INFO - Started process (PID=770) to work on /home/airflow/.local/lib/python3.7/site-packages/airflow/example_dags/example_branch_datetime_operator.py
[2022-07-14 16:23:42,910] {processor.py:641} INFO - Processing file /home/airflow/.local/lib/python3.7/site-packages/airflow/example_dags/example_branch_datetime_operator.py for tasks to queue
[2022-07-14 16:23:42,910] {logging_mixin.py:115} INFO - [2022-07-14 16:23:42,910] {dagbag.py:508} INFO - Filling up the DagBag from /home/airflow/.local/lib/python3.7/site-packages/airflow/example_dags/example_branch_datetime_operator.py
[2022-07-14 16:23:42,925] {processor.py:651} INFO - DAG(s) dict_keys(['example_branch_datetime_operator', 'example_branch_datetime_operator_2']) retrieved from /home/airflow/.local/lib/python3.7/site-packages/airflow/example_dags/example_branch_datetime_operator.py
[2022-07-14 16:23:42,971] {logging_mixin.py:115} INFO - [2022-07-14 16:23:42,971] {dag.py:2420} INFO - Sync 2 DAGs
[2022-07-14 16:23:43,013] {logging_mixin.py:115} INFO - [2022-07-14 16:23:43,013] {dag.py:2972} INFO - Setting next_dagrun for example_branch_datetime_operator to 2022-07-13T00:00:00+00:00, run_after=2022-07-14T00:00:00+00:00
[2022-07-14 16:23:43,016] {logging_mixin.py:115} INFO - [2022-07-14 16:23:43,016] {dag.py:2972} INFO - Setting next_dagrun for example_branch_datetime_operator_2 to 2022-07-13T00:00:00+00:00, run_after=2022-07-14T00:00:00+00:00
[2022-07-14 16:23:43,070] {processor.py:161} INFO - Processing /home/airflow/.local/lib/python3.7/site-packages/airflow/example_dags/example_branch_datetime_operator.py took 0.166 seconds
[2022-07-14 16:24:13,312] {processor.py:153} INFO - Started process (PID=821) to work on /home/airflow/.local/lib/python3.7/site-packages/airflow/example_dags/example_branch_datetime_operator.py
[2022-07-14 16:24:13,315] {processor.py:641} INFO - Processing file /home/airflow/.local/lib/python3.7/site-packages/airflow/example_dags/example_branch_datetime_operator.py for tasks to queue
[2022-07-14 16:24:13,316] {logging_mixin.py:115} INFO - [2022-07-14 16:24:13,315] {dagbag.py:508} INFO - Filling up the DagBag from /home/airflow/.local/lib/python3.7/site-packages/airflow/example_dags/example_branch_datetime_operator.py
[2022-07-14 16:24:13,341] {processor.py:651} INFO - DAG(s) dict_keys(['example_branch_datetime_operator', 'example_branch_datetime_operator_2']) retrieved from /home/airflow/.local/lib/python3.7/site-packages/airflow/example_dags/example_branch_datetime_operator.py
[2022-07-14 16:24:13,391] {logging_mixin.py:115} INFO - [2022-07-14 16:24:13,391] {dag.py:2420} INFO - Sync 2 DAGs
[2022-07-14 16:24:13,428] {logging_mixin.py:115} INFO - [2022-07-14 16:24:13,428] {dag.py:2972} INFO - Setting next_dagrun for example_branch_datetime_operator to 2022-07-13T00:00:00+00:00, run_after=2022-07-14T00:00:00+00:00
[2022-07-14 16:24:13,431] {logging_mixin.py:115} INFO - [2022-07-14 16:24:13,431] {dag.py:2972} INFO - Setting next_dagrun for example_branch_datetime_operator_2 to 2022-07-13T00:00:00+00:00, run_after=2022-07-14T00:00:00+00:00
[2022-07-14 16:24:13,452] {processor.py:161} INFO - Processing /home/airflow/.local/lib/python3.7/site-packages/airflow/example_dags/example_branch_datetime_operator.py took 0.143 seconds
[2022-07-14 16:24:43,601] {processor.py:153} INFO - Started process (PID=880) to work on /home/airflow/.local/lib/python3.7/site-packages/airflow/example_dags/example_branch_datetime_operator.py
[2022-07-14 16:24:43,602] {processor.py:641} INFO - Processing file /home/airflow/.local/lib/python3.7/site-packages/airflow/example_dags/example_branch_datetime_operator.py for tasks to queue
[2022-07-14 16:24:43,603] {logging_mixin.py:115} INFO - [2022-07-14 16:24:43,603] {dagbag.py:508} INFO - Filling up the DagBag from /home/airflow/.local/lib/python3.7/site-packages/airflow/example_dags/example_branch_datetime_operator.py
[2022-07-14 16:24:43,616] {processor.py:651} INFO - DAG(s) dict_keys(['example_branch_datetime_operator', 'example_branch_datetime_operator_2']) retrieved from /home/airflow/.local/lib/python3.7/site-packages/airflow/example_dags/example_branch_datetime_operator.py
[2022-07-14 16:24:43,660] {logging_mixin.py:115} INFO - [2022-07-14 16:24:43,660] {dag.py:2420} INFO - Sync 2 DAGs
[2022-07-14 16:24:43,697] {logging_mixin.py:115} INFO - [2022-07-14 16:24:43,697] {dag.py:2972} INFO - Setting next_dagrun for example_branch_datetime_operator to 2022-07-13T00:00:00+00:00, run_after=2022-07-14T00:00:00+00:00
[2022-07-14 16:24:43,700] {logging_mixin.py:115} INFO - [2022-07-14 16:24:43,700] {dag.py:2972} INFO - Setting next_dagrun for example_branch_datetime_operator_2 to 2022-07-13T00:00:00+00:00, run_after=2022-07-14T00:00:00+00:00
[2022-07-14 16:24:43,719] {processor.py:161} INFO - Processing /home/airflow/.local/lib/python3.7/site-packages/airflow/example_dags/example_branch_datetime_operator.py took 0.121 seconds
[2022-07-14 16:25:14,655] {processor.py:153} INFO - Started process (PID=932) to work on /home/airflow/.local/lib/python3.7/site-packages/airflow/example_dags/example_branch_datetime_operator.py
[2022-07-14 16:25:14,656] {processor.py:641} INFO - Processing file /home/airflow/.local/lib/python3.7/site-packages/airflow/example_dags/example_branch_datetime_operator.py for tasks to queue
[2022-07-14 16:25:14,657] {logging_mixin.py:115} INFO - [2022-07-14 16:25:14,657] {dagbag.py:508} INFO - Filling up the DagBag from /home/airflow/.local/lib/python3.7/site-packages/airflow/example_dags/example_branch_datetime_operator.py
[2022-07-14 16:25:14,675] {processor.py:651} INFO - DAG(s) dict_keys(['example_branch_datetime_operator', 'example_branch_datetime_operator_2']) retrieved from /home/airflow/.local/lib/python3.7/site-packages/airflow/example_dags/example_branch_datetime_operator.py
[2022-07-14 16:25:14,724] {logging_mixin.py:115} INFO - [2022-07-14 16:25:14,724] {dag.py:2420} INFO - Sync 2 DAGs
[2022-07-14 16:25:14,762] {logging_mixin.py:115} INFO - [2022-07-14 16:25:14,762] {dag.py:2972} INFO - Setting next_dagrun for example_branch_datetime_operator to 2022-07-13T00:00:00+00:00, run_after=2022-07-14T00:00:00+00:00
[2022-07-14 16:25:14,765] {logging_mixin.py:115} INFO - [2022-07-14 16:25:14,765] {dag.py:2972} INFO - Setting next_dagrun for example_branch_datetime_operator_2 to 2022-07-13T00:00:00+00:00, run_after=2022-07-14T00:00:00+00:00
[2022-07-14 16:25:14,788] {processor.py:161} INFO - Processing /home/airflow/.local/lib/python3.7/site-packages/airflow/example_dags/example_branch_datetime_operator.py took 0.137 seconds
[2022-07-14 16:25:45,401] {processor.py:153} INFO - Started process (PID=991) to work on /home/airflow/.local/lib/python3.7/site-packages/airflow/example_dags/example_branch_datetime_operator.py
[2022-07-14 16:25:45,402] {processor.py:641} INFO - Processing file /home/airflow/.local/lib/python3.7/site-packages/airflow/example_dags/example_branch_datetime_operator.py for tasks to queue
[2022-07-14 16:25:45,403] {logging_mixin.py:115} INFO - [2022-07-14 16:25:45,403] {dagbag.py:508} INFO - Filling up the DagBag from /home/airflow/.local/lib/python3.7/site-packages/airflow/example_dags/example_branch_datetime_operator.py
[2022-07-14 16:25:45,420] {processor.py:651} INFO - DAG(s) dict_keys(['example_branch_datetime_operator', 'example_branch_datetime_operator_2']) retrieved from /home/airflow/.local/lib/python3.7/site-packages/airflow/example_dags/example_branch_datetime_operator.py
[2022-07-14 16:25:45,462] {logging_mixin.py:115} INFO - [2022-07-14 16:25:45,462] {dag.py:2420} INFO - Sync 2 DAGs
[2022-07-14 16:25:45,502] {logging_mixin.py:115} INFO - [2022-07-14 16:25:45,502] {dag.py:2972} INFO - Setting next_dagrun for example_branch_datetime_operator to 2022-07-13T00:00:00+00:00, run_after=2022-07-14T00:00:00+00:00
[2022-07-14 16:25:45,505] {logging_mixin.py:115} INFO - [2022-07-14 16:25:45,505] {dag.py:2972} INFO - Setting next_dagrun for example_branch_datetime_operator_2 to 2022-07-13T00:00:00+00:00, run_after=2022-07-14T00:00:00+00:00
[2022-07-14 16:25:45,522] {processor.py:161} INFO - Processing /home/airflow/.local/lib/python3.7/site-packages/airflow/example_dags/example_branch_datetime_operator.py took 0.125 seconds
[2022-07-14 16:26:15,632] {processor.py:153} INFO - Started process (PID=1042) to work on /home/airflow/.local/lib/python3.7/site-packages/airflow/example_dags/example_branch_datetime_operator.py
[2022-07-14 16:26:15,633] {processor.py:641} INFO - Processing file /home/airflow/.local/lib/python3.7/site-packages/airflow/example_dags/example_branch_datetime_operator.py for tasks to queue
[2022-07-14 16:26:15,634] {logging_mixin.py:115} INFO - [2022-07-14 16:26:15,634] {dagbag.py:508} INFO - Filling up the DagBag from /home/airflow/.local/lib/python3.7/site-packages/airflow/example_dags/example_branch_datetime_operator.py
[2022-07-14 16:26:15,671] {processor.py:651} INFO - DAG(s) dict_keys(['example_branch_datetime_operator', 'example_branch_datetime_operator_2']) retrieved from /home/airflow/.local/lib/python3.7/site-packages/airflow/example_dags/example_branch_datetime_operator.py
[2022-07-14 16:26:15,724] {logging_mixin.py:115} INFO - [2022-07-14 16:26:15,724] {dag.py:2420} INFO - Sync 2 DAGs
[2022-07-14 16:26:15,760] {logging_mixin.py:115} INFO - [2022-07-14 16:26:15,760] {dag.py:2972} INFO - Setting next_dagrun for example_branch_datetime_operator to 2022-07-13T00:00:00+00:00, run_after=2022-07-14T00:00:00+00:00
[2022-07-14 16:26:15,763] {logging_mixin.py:115} INFO - [2022-07-14 16:26:15,763] {dag.py:2972} INFO - Setting next_dagrun for example_branch_datetime_operator_2 to 2022-07-13T00:00:00+00:00, run_after=2022-07-14T00:00:00+00:00
[2022-07-14 16:26:15,788] {processor.py:161} INFO - Processing /home/airflow/.local/lib/python3.7/site-packages/airflow/example_dags/example_branch_datetime_operator.py took 0.164 seconds
[2022-07-14 16:26:46,810] {processor.py:153} INFO - Started process (PID=1101) to work on /home/airflow/.local/lib/python3.7/site-packages/airflow/example_dags/example_branch_datetime_operator.py
[2022-07-14 16:26:46,819] {processor.py:641} INFO - Processing file /home/airflow/.local/lib/python3.7/site-packages/airflow/example_dags/example_branch_datetime_operator.py for tasks to queue
[2022-07-14 16:26:46,820] {logging_mixin.py:115} INFO - [2022-07-14 16:26:46,819] {dagbag.py:508} INFO - Filling up the DagBag from /home/airflow/.local/lib/python3.7/site-packages/airflow/example_dags/example_branch_datetime_operator.py
[2022-07-14 16:26:46,868] {processor.py:651} INFO - DAG(s) dict_keys(['example_branch_datetime_operator', 'example_branch_datetime_operator_2']) retrieved from /home/airflow/.local/lib/python3.7/site-packages/airflow/example_dags/example_branch_datetime_operator.py
[2022-07-14 16:26:46,909] {logging_mixin.py:115} INFO - [2022-07-14 16:26:46,909] {dag.py:2420} INFO - Sync 2 DAGs
[2022-07-14 16:26:46,946] {logging_mixin.py:115} INFO - [2022-07-14 16:26:46,946] {dag.py:2972} INFO - Setting next_dagrun for example_branch_datetime_operator to 2022-07-13T00:00:00+00:00, run_after=2022-07-14T00:00:00+00:00
[2022-07-14 16:26:46,949] {logging_mixin.py:115} INFO - [2022-07-14 16:26:46,949] {dag.py:2972} INFO - Setting next_dagrun for example_branch_datetime_operator_2 to 2022-07-13T00:00:00+00:00, run_after=2022-07-14T00:00:00+00:00
[2022-07-14 16:26:46,973] {processor.py:161} INFO - Processing /home/airflow/.local/lib/python3.7/site-packages/airflow/example_dags/example_branch_datetime_operator.py took 0.188 seconds
[2022-07-14 16:27:17,117] {processor.py:153} INFO - Started process (PID=1155) to work on /home/airflow/.local/lib/python3.7/site-packages/airflow/example_dags/example_branch_datetime_operator.py
[2022-07-14 16:27:17,118] {processor.py:641} INFO - Processing file /home/airflow/.local/lib/python3.7/site-packages/airflow/example_dags/example_branch_datetime_operator.py for tasks to queue
[2022-07-14 16:27:17,118] {logging_mixin.py:115} INFO - [2022-07-14 16:27:17,118] {dagbag.py:508} INFO - Filling up the DagBag from /home/airflow/.local/lib/python3.7/site-packages/airflow/example_dags/example_branch_datetime_operator.py
[2022-07-14 16:27:17,141] {processor.py:651} INFO - DAG(s) dict_keys(['example_branch_datetime_operator', 'example_branch_datetime_operator_2']) retrieved from /home/airflow/.local/lib/python3.7/site-packages/airflow/example_dags/example_branch_datetime_operator.py
[2022-07-14 16:27:17,185] {logging_mixin.py:115} INFO - [2022-07-14 16:27:17,185] {dag.py:2420} INFO - Sync 2 DAGs
[2022-07-14 16:27:17,232] {logging_mixin.py:115} INFO - [2022-07-14 16:27:17,226] {dag.py:2972} INFO - Setting next_dagrun for example_branch_datetime_operator to 2022-07-13T00:00:00+00:00, run_after=2022-07-14T00:00:00+00:00
[2022-07-14 16:27:17,235] {logging_mixin.py:115} INFO - [2022-07-14 16:27:17,235] {dag.py:2972} INFO - Setting next_dagrun for example_branch_datetime_operator_2 to 2022-07-13T00:00:00+00:00, run_after=2022-07-14T00:00:00+00:00
[2022-07-14 16:27:17,267] {processor.py:161} INFO - Processing /home/airflow/.local/lib/python3.7/site-packages/airflow/example_dags/example_branch_datetime_operator.py took 0.154 seconds
[2022-07-14 16:27:47,862] {processor.py:153} INFO - Started process (PID=1207) to work on /home/airflow/.local/lib/python3.7/site-packages/airflow/example_dags/example_branch_datetime_operator.py
[2022-07-14 16:27:47,863] {processor.py:641} INFO - Processing file /home/airflow/.local/lib/python3.7/site-packages/airflow/example_dags/example_branch_datetime_operator.py for tasks to queue
[2022-07-14 16:27:47,864] {logging_mixin.py:115} INFO - [2022-07-14 16:27:47,864] {dagbag.py:508} INFO - Filling up the DagBag from /home/airflow/.local/lib/python3.7/site-packages/airflow/example_dags/example_branch_datetime_operator.py
[2022-07-14 16:27:47,878] {processor.py:651} INFO - DAG(s) dict_keys(['example_branch_datetime_operator', 'example_branch_datetime_operator_2']) retrieved from /home/airflow/.local/lib/python3.7/site-packages/airflow/example_dags/example_branch_datetime_operator.py
[2022-07-14 16:27:47,932] {logging_mixin.py:115} INFO - [2022-07-14 16:27:47,932] {dag.py:2420} INFO - Sync 2 DAGs
[2022-07-14 16:27:47,982] {logging_mixin.py:115} INFO - [2022-07-14 16:27:47,982] {dag.py:2972} INFO - Setting next_dagrun for example_branch_datetime_operator to 2022-07-13T00:00:00+00:00, run_after=2022-07-14T00:00:00+00:00
[2022-07-14 16:27:47,986] {logging_mixin.py:115} INFO - [2022-07-14 16:27:47,986] {dag.py:2972} INFO - Setting next_dagrun for example_branch_datetime_operator_2 to 2022-07-13T00:00:00+00:00, run_after=2022-07-14T00:00:00+00:00
[2022-07-14 16:27:48,015] {processor.py:161} INFO - Processing /home/airflow/.local/lib/python3.7/site-packages/airflow/example_dags/example_branch_datetime_operator.py took 0.157 seconds
[2022-07-14 16:28:18,930] {processor.py:153} INFO - Started process (PID=1266) to work on /home/airflow/.local/lib/python3.7/site-packages/airflow/example_dags/example_branch_datetime_operator.py
[2022-07-14 16:28:18,948] {processor.py:641} INFO - Processing file /home/airflow/.local/lib/python3.7/site-packages/airflow/example_dags/example_branch_datetime_operator.py for tasks to queue
[2022-07-14 16:28:18,949] {logging_mixin.py:115} INFO - [2022-07-14 16:28:18,949] {dagbag.py:508} INFO - Filling up the DagBag from /home/airflow/.local/lib/python3.7/site-packages/airflow/example_dags/example_branch_datetime_operator.py
[2022-07-14 16:28:18,994] {processor.py:651} INFO - DAG(s) dict_keys(['example_branch_datetime_operator', 'example_branch_datetime_operator_2']) retrieved from /home/airflow/.local/lib/python3.7/site-packages/airflow/example_dags/example_branch_datetime_operator.py
[2022-07-14 16:28:19,065] {logging_mixin.py:115} INFO - [2022-07-14 16:28:19,065] {dag.py:2420} INFO - Sync 2 DAGs
[2022-07-14 16:28:19,161] {logging_mixin.py:115} INFO - [2022-07-14 16:28:19,161] {dag.py:2972} INFO - Setting next_dagrun for example_branch_datetime_operator to 2022-07-13T00:00:00+00:00, run_after=2022-07-14T00:00:00+00:00
[2022-07-14 16:28:19,169] {logging_mixin.py:115} INFO - [2022-07-14 16:28:19,168] {dag.py:2972} INFO - Setting next_dagrun for example_branch_datetime_operator_2 to 2022-07-13T00:00:00+00:00, run_after=2022-07-14T00:00:00+00:00
[2022-07-14 16:28:19,233] {processor.py:161} INFO - Processing /home/airflow/.local/lib/python3.7/site-packages/airflow/example_dags/example_branch_datetime_operator.py took 0.309 seconds
[2022-07-14 16:28:50,159] {processor.py:153} INFO - Started process (PID=1319) to work on /home/airflow/.local/lib/python3.7/site-packages/airflow/example_dags/example_branch_datetime_operator.py
[2022-07-14 16:28:50,167] {processor.py:641} INFO - Processing file /home/airflow/.local/lib/python3.7/site-packages/airflow/example_dags/example_branch_datetime_operator.py for tasks to queue
[2022-07-14 16:28:50,167] {logging_mixin.py:115} INFO - [2022-07-14 16:28:50,167] {dagbag.py:508} INFO - Filling up the DagBag from /home/airflow/.local/lib/python3.7/site-packages/airflow/example_dags/example_branch_datetime_operator.py
[2022-07-14 16:28:50,184] {processor.py:651} INFO - DAG(s) dict_keys(['example_branch_datetime_operator', 'example_branch_datetime_operator_2']) retrieved from /home/airflow/.local/lib/python3.7/site-packages/airflow/example_dags/example_branch_datetime_operator.py
[2022-07-14 16:28:50,260] {logging_mixin.py:115} INFO - [2022-07-14 16:28:50,260] {dag.py:2420} INFO - Sync 2 DAGs
[2022-07-14 16:28:50,306] {logging_mixin.py:115} INFO - [2022-07-14 16:28:50,306] {dag.py:2972} INFO - Setting next_dagrun for example_branch_datetime_operator to 2022-07-13T00:00:00+00:00, run_after=2022-07-14T00:00:00+00:00
[2022-07-14 16:28:50,310] {logging_mixin.py:115} INFO - [2022-07-14 16:28:50,310] {dag.py:2972} INFO - Setting next_dagrun for example_branch_datetime_operator_2 to 2022-07-13T00:00:00+00:00, run_after=2022-07-14T00:00:00+00:00
[2022-07-14 16:28:50,330] {processor.py:161} INFO - Processing /home/airflow/.local/lib/python3.7/site-packages/airflow/example_dags/example_branch_datetime_operator.py took 0.176 seconds
[2022-07-14 16:29:20,446] {processor.py:153} INFO - Started process (PID=1370) to work on /home/airflow/.local/lib/python3.7/site-packages/airflow/example_dags/example_branch_datetime_operator.py
[2022-07-14 16:29:20,447] {processor.py:641} INFO - Processing file /home/airflow/.local/lib/python3.7/site-packages/airflow/example_dags/example_branch_datetime_operator.py for tasks to queue
[2022-07-14 16:29:20,447] {logging_mixin.py:115} INFO - [2022-07-14 16:29:20,447] {dagbag.py:508} INFO - Filling up the DagBag from /home/airflow/.local/lib/python3.7/site-packages/airflow/example_dags/example_branch_datetime_operator.py
[2022-07-14 16:29:20,461] {processor.py:651} INFO - DAG(s) dict_keys(['example_branch_datetime_operator', 'example_branch_datetime_operator_2']) retrieved from /home/airflow/.local/lib/python3.7/site-packages/airflow/example_dags/example_branch_datetime_operator.py
[2022-07-14 16:29:20,502] {logging_mixin.py:115} INFO - [2022-07-14 16:29:20,502] {dag.py:2420} INFO - Sync 2 DAGs
[2022-07-14 16:29:20,542] {logging_mixin.py:115} INFO - [2022-07-14 16:29:20,542] {dag.py:2972} INFO - Setting next_dagrun for example_branch_datetime_operator to 2022-07-13T00:00:00+00:00, run_after=2022-07-14T00:00:00+00:00
[2022-07-14 16:29:20,546] {logging_mixin.py:115} INFO - [2022-07-14 16:29:20,546] {dag.py:2972} INFO - Setting next_dagrun for example_branch_datetime_operator_2 to 2022-07-13T00:00:00+00:00, run_after=2022-07-14T00:00:00+00:00
[2022-07-14 16:29:20,572] {processor.py:161} INFO - Processing /home/airflow/.local/lib/python3.7/site-packages/airflow/example_dags/example_branch_datetime_operator.py took 0.131 seconds
[2022-07-14 16:29:50,981] {processor.py:153} INFO - Started process (PID=1430) to work on /home/airflow/.local/lib/python3.7/site-packages/airflow/example_dags/example_branch_datetime_operator.py
[2022-07-14 16:29:50,983] {processor.py:641} INFO - Processing file /home/airflow/.local/lib/python3.7/site-packages/airflow/example_dags/example_branch_datetime_operator.py for tasks to queue
[2022-07-14 16:29:50,983] {logging_mixin.py:115} INFO - [2022-07-14 16:29:50,983] {dagbag.py:508} INFO - Filling up the DagBag from /home/airflow/.local/lib/python3.7/site-packages/airflow/example_dags/example_branch_datetime_operator.py
[2022-07-14 16:29:51,049] {processor.py:651} INFO - DAG(s) dict_keys(['example_branch_datetime_operator', 'example_branch_datetime_operator_2']) retrieved from /home/airflow/.local/lib/python3.7/site-packages/airflow/example_dags/example_branch_datetime_operator.py
[2022-07-14 16:29:51,174] {logging_mixin.py:115} INFO - [2022-07-14 16:29:51,174] {dag.py:2420} INFO - Sync 2 DAGs
[2022-07-14 16:29:51,332] {logging_mixin.py:115} INFO - [2022-07-14 16:29:51,330] {dag.py:2972} INFO - Setting next_dagrun for example_branch_datetime_operator to 2022-07-13T00:00:00+00:00, run_after=2022-07-14T00:00:00+00:00
[2022-07-14 16:29:51,340] {logging_mixin.py:115} INFO - [2022-07-14 16:29:51,340] {dag.py:2972} INFO - Setting next_dagrun for example_branch_datetime_operator_2 to 2022-07-13T00:00:00+00:00, run_after=2022-07-14T00:00:00+00:00
[2022-07-14 16:29:51,388] {processor.py:161} INFO - Processing /home/airflow/.local/lib/python3.7/site-packages/airflow/example_dags/example_branch_datetime_operator.py took 0.417 seconds
[2022-07-14 16:30:21,886] {processor.py:153} INFO - Started process (PID=1482) to work on /home/airflow/.local/lib/python3.7/site-packages/airflow/example_dags/example_branch_datetime_operator.py
[2022-07-14 16:30:21,887] {processor.py:641} INFO - Processing file /home/airflow/.local/lib/python3.7/site-packages/airflow/example_dags/example_branch_datetime_operator.py for tasks to queue
[2022-07-14 16:30:21,888] {logging_mixin.py:115} INFO - [2022-07-14 16:30:21,888] {dagbag.py:508} INFO - Filling up the DagBag from /home/airflow/.local/lib/python3.7/site-packages/airflow/example_dags/example_branch_datetime_operator.py
[2022-07-14 16:30:21,906] {processor.py:651} INFO - DAG(s) dict_keys(['example_branch_datetime_operator', 'example_branch_datetime_operator_2']) retrieved from /home/airflow/.local/lib/python3.7/site-packages/airflow/example_dags/example_branch_datetime_operator.py
[2022-07-14 16:30:21,950] {logging_mixin.py:115} INFO - [2022-07-14 16:30:21,950] {dag.py:2420} INFO - Sync 2 DAGs
[2022-07-14 16:30:21,998] {logging_mixin.py:115} INFO - [2022-07-14 16:30:21,998] {dag.py:2972} INFO - Setting next_dagrun for example_branch_datetime_operator to 2022-07-13T00:00:00+00:00, run_after=2022-07-14T00:00:00+00:00
[2022-07-14 16:30:22,002] {logging_mixin.py:115} INFO - [2022-07-14 16:30:22,002] {dag.py:2972} INFO - Setting next_dagrun for example_branch_datetime_operator_2 to 2022-07-13T00:00:00+00:00, run_after=2022-07-14T00:00:00+00:00
[2022-07-14 16:30:22,034] {processor.py:161} INFO - Processing /home/airflow/.local/lib/python3.7/site-packages/airflow/example_dags/example_branch_datetime_operator.py took 0.153 seconds
[2022-07-14 16:30:52,461] {processor.py:153} INFO - Started process (PID=1542) to work on /home/airflow/.local/lib/python3.7/site-packages/airflow/example_dags/example_branch_datetime_operator.py
[2022-07-14 16:30:52,461] {processor.py:641} INFO - Processing file /home/airflow/.local/lib/python3.7/site-packages/airflow/example_dags/example_branch_datetime_operator.py for tasks to queue
[2022-07-14 16:30:52,462] {logging_mixin.py:115} INFO - [2022-07-14 16:30:52,462] {dagbag.py:508} INFO - Filling up the DagBag from /home/airflow/.local/lib/python3.7/site-packages/airflow/example_dags/example_branch_datetime_operator.py
[2022-07-14 16:30:52,473] {processor.py:651} INFO - DAG(s) dict_keys(['example_branch_datetime_operator', 'example_branch_datetime_operator_2']) retrieved from /home/airflow/.local/lib/python3.7/site-packages/airflow/example_dags/example_branch_datetime_operator.py
[2022-07-14 16:30:52,507] {logging_mixin.py:115} INFO - [2022-07-14 16:30:52,507] {dag.py:2420} INFO - Sync 2 DAGs
[2022-07-14 16:30:52,548] {logging_mixin.py:115} INFO - [2022-07-14 16:30:52,548] {dag.py:2972} INFO - Setting next_dagrun for example_branch_datetime_operator to 2022-07-13T00:00:00+00:00, run_after=2022-07-14T00:00:00+00:00
[2022-07-14 16:30:52,551] {logging_mixin.py:115} INFO - [2022-07-14 16:30:52,551] {dag.py:2972} INFO - Setting next_dagrun for example_branch_datetime_operator_2 to 2022-07-13T00:00:00+00:00, run_after=2022-07-14T00:00:00+00:00
[2022-07-14 16:30:52,581] {processor.py:161} INFO - Processing /home/airflow/.local/lib/python3.7/site-packages/airflow/example_dags/example_branch_datetime_operator.py took 0.124 seconds
[2022-07-14 16:31:22,813] {processor.py:153} INFO - Started process (PID=1602) to work on /home/airflow/.local/lib/python3.7/site-packages/airflow/example_dags/example_branch_datetime_operator.py
[2022-07-14 16:31:22,814] {processor.py:641} INFO - Processing file /home/airflow/.local/lib/python3.7/site-packages/airflow/example_dags/example_branch_datetime_operator.py for tasks to queue
[2022-07-14 16:31:22,814] {logging_mixin.py:115} INFO - [2022-07-14 16:31:22,814] {dagbag.py:508} INFO - Filling up the DagBag from /home/airflow/.local/lib/python3.7/site-packages/airflow/example_dags/example_branch_datetime_operator.py
[2022-07-14 16:31:22,823] {processor.py:651} INFO - DAG(s) dict_keys(['example_branch_datetime_operator', 'example_branch_datetime_operator_2']) retrieved from /home/airflow/.local/lib/python3.7/site-packages/airflow/example_dags/example_branch_datetime_operator.py
[2022-07-14 16:31:22,848] {logging_mixin.py:115} INFO - [2022-07-14 16:31:22,848] {dag.py:2420} INFO - Sync 2 DAGs
[2022-07-14 16:31:22,878] {logging_mixin.py:115} INFO - [2022-07-14 16:31:22,877] {dag.py:2972} INFO - Setting next_dagrun for example_branch_datetime_operator to 2022-07-13T00:00:00+00:00, run_after=2022-07-14T00:00:00+00:00
[2022-07-14 16:31:22,880] {logging_mixin.py:115} INFO - [2022-07-14 16:31:22,880] {dag.py:2972} INFO - Setting next_dagrun for example_branch_datetime_operator_2 to 2022-07-13T00:00:00+00:00, run_after=2022-07-14T00:00:00+00:00
[2022-07-14 16:31:22,907] {processor.py:161} INFO - Processing /home/airflow/.local/lib/python3.7/site-packages/airflow/example_dags/example_branch_datetime_operator.py took 0.096 seconds
[2022-07-14 16:31:53,378] {processor.py:153} INFO - Started process (PID=1655) to work on /home/airflow/.local/lib/python3.7/site-packages/airflow/example_dags/example_branch_datetime_operator.py
[2022-07-14 16:31:53,379] {processor.py:641} INFO - Processing file /home/airflow/.local/lib/python3.7/site-packages/airflow/example_dags/example_branch_datetime_operator.py for tasks to queue
[2022-07-14 16:31:53,379] {logging_mixin.py:115} INFO - [2022-07-14 16:31:53,379] {dagbag.py:508} INFO - Filling up the DagBag from /home/airflow/.local/lib/python3.7/site-packages/airflow/example_dags/example_branch_datetime_operator.py
[2022-07-14 16:31:53,393] {processor.py:651} INFO - DAG(s) dict_keys(['example_branch_datetime_operator', 'example_branch_datetime_operator_2']) retrieved from /home/airflow/.local/lib/python3.7/site-packages/airflow/example_dags/example_branch_datetime_operator.py
[2022-07-14 16:31:53,427] {logging_mixin.py:115} INFO - [2022-07-14 16:31:53,427] {dag.py:2420} INFO - Sync 2 DAGs
[2022-07-14 16:31:53,460] {logging_mixin.py:115} INFO - [2022-07-14 16:31:53,460] {dag.py:2972} INFO - Setting next_dagrun for example_branch_datetime_operator to 2022-07-13T00:00:00+00:00, run_after=2022-07-14T00:00:00+00:00
[2022-07-14 16:31:53,463] {logging_mixin.py:115} INFO - [2022-07-14 16:31:53,463] {dag.py:2972} INFO - Setting next_dagrun for example_branch_datetime_operator_2 to 2022-07-13T00:00:00+00:00, run_after=2022-07-14T00:00:00+00:00
[2022-07-14 16:31:53,494] {processor.py:161} INFO - Processing /home/airflow/.local/lib/python3.7/site-packages/airflow/example_dags/example_branch_datetime_operator.py took 0.119 seconds
[2022-07-14 16:32:23,622] {processor.py:153} INFO - Started process (PID=1716) to work on /home/airflow/.local/lib/python3.7/site-packages/airflow/example_dags/example_branch_datetime_operator.py
[2022-07-14 16:32:23,623] {processor.py:641} INFO - Processing file /home/airflow/.local/lib/python3.7/site-packages/airflow/example_dags/example_branch_datetime_operator.py for tasks to queue
[2022-07-14 16:32:23,623] {logging_mixin.py:115} INFO - [2022-07-14 16:32:23,623] {dagbag.py:508} INFO - Filling up the DagBag from /home/airflow/.local/lib/python3.7/site-packages/airflow/example_dags/example_branch_datetime_operator.py
[2022-07-14 16:32:23,634] {processor.py:651} INFO - DAG(s) dict_keys(['example_branch_datetime_operator', 'example_branch_datetime_operator_2']) retrieved from /home/airflow/.local/lib/python3.7/site-packages/airflow/example_dags/example_branch_datetime_operator.py
[2022-07-14 16:32:23,659] {logging_mixin.py:115} INFO - [2022-07-14 16:32:23,659] {dag.py:2420} INFO - Sync 2 DAGs
[2022-07-14 16:32:23,681] {logging_mixin.py:115} INFO - [2022-07-14 16:32:23,681] {dag.py:2972} INFO - Setting next_dagrun for example_branch_datetime_operator to 2022-07-13T00:00:00+00:00, run_after=2022-07-14T00:00:00+00:00
[2022-07-14 16:32:23,683] {logging_mixin.py:115} INFO - [2022-07-14 16:32:23,683] {dag.py:2972} INFO - Setting next_dagrun for example_branch_datetime_operator_2 to 2022-07-13T00:00:00+00:00, run_after=2022-07-14T00:00:00+00:00
[2022-07-14 16:32:23,712] {processor.py:161} INFO - Processing /home/airflow/.local/lib/python3.7/site-packages/airflow/example_dags/example_branch_datetime_operator.py took 0.092 seconds
[2022-07-14 16:32:53,885] {processor.py:153} INFO - Started process (PID=1768) to work on /home/airflow/.local/lib/python3.7/site-packages/airflow/example_dags/example_branch_datetime_operator.py
[2022-07-14 16:32:53,885] {processor.py:641} INFO - Processing file /home/airflow/.local/lib/python3.7/site-packages/airflow/example_dags/example_branch_datetime_operator.py for tasks to queue
[2022-07-14 16:32:53,886] {logging_mixin.py:115} INFO - [2022-07-14 16:32:53,886] {dagbag.py:508} INFO - Filling up the DagBag from /home/airflow/.local/lib/python3.7/site-packages/airflow/example_dags/example_branch_datetime_operator.py
[2022-07-14 16:32:53,896] {processor.py:651} INFO - DAG(s) dict_keys(['example_branch_datetime_operator', 'example_branch_datetime_operator_2']) retrieved from /home/airflow/.local/lib/python3.7/site-packages/airflow/example_dags/example_branch_datetime_operator.py
[2022-07-14 16:32:53,922] {logging_mixin.py:115} INFO - [2022-07-14 16:32:53,922] {dag.py:2420} INFO - Sync 2 DAGs
[2022-07-14 16:32:53,945] {logging_mixin.py:115} INFO - [2022-07-14 16:32:53,945] {dag.py:2972} INFO - Setting next_dagrun for example_branch_datetime_operator to 2022-07-13T00:00:00+00:00, run_after=2022-07-14T00:00:00+00:00
[2022-07-14 16:32:53,947] {logging_mixin.py:115} INFO - [2022-07-14 16:32:53,947] {dag.py:2972} INFO - Setting next_dagrun for example_branch_datetime_operator_2 to 2022-07-13T00:00:00+00:00, run_after=2022-07-14T00:00:00+00:00
[2022-07-14 16:32:53,976] {processor.py:161} INFO - Processing /home/airflow/.local/lib/python3.7/site-packages/airflow/example_dags/example_branch_datetime_operator.py took 0.095 seconds
[2022-07-14 16:33:24,076] {processor.py:153} INFO - Started process (PID=1828) to work on /home/airflow/.local/lib/python3.7/site-packages/airflow/example_dags/example_branch_datetime_operator.py
[2022-07-14 16:33:24,077] {processor.py:641} INFO - Processing file /home/airflow/.local/lib/python3.7/site-packages/airflow/example_dags/example_branch_datetime_operator.py for tasks to queue
[2022-07-14 16:33:24,077] {logging_mixin.py:115} INFO - [2022-07-14 16:33:24,077] {dagbag.py:508} INFO - Filling up the DagBag from /home/airflow/.local/lib/python3.7/site-packages/airflow/example_dags/example_branch_datetime_operator.py
[2022-07-14 16:33:24,085] {processor.py:651} INFO - DAG(s) dict_keys(['example_branch_datetime_operator', 'example_branch_datetime_operator_2']) retrieved from /home/airflow/.local/lib/python3.7/site-packages/airflow/example_dags/example_branch_datetime_operator.py
[2022-07-14 16:33:24,110] {logging_mixin.py:115} INFO - [2022-07-14 16:33:24,110] {dag.py:2420} INFO - Sync 2 DAGs
[2022-07-14 16:33:24,132] {logging_mixin.py:115} INFO - [2022-07-14 16:33:24,132] {dag.py:2972} INFO - Setting next_dagrun for example_branch_datetime_operator to 2022-07-13T00:00:00+00:00, run_after=2022-07-14T00:00:00+00:00
[2022-07-14 16:33:24,134] {logging_mixin.py:115} INFO - [2022-07-14 16:33:24,134] {dag.py:2972} INFO - Setting next_dagrun for example_branch_datetime_operator_2 to 2022-07-13T00:00:00+00:00, run_after=2022-07-14T00:00:00+00:00
[2022-07-14 16:33:24,163] {processor.py:161} INFO - Processing /home/airflow/.local/lib/python3.7/site-packages/airflow/example_dags/example_branch_datetime_operator.py took 0.089 seconds
[2022-07-14 16:33:54,344] {processor.py:153} INFO - Started process (PID=1888) to work on /home/airflow/.local/lib/python3.7/site-packages/airflow/example_dags/example_branch_datetime_operator.py
[2022-07-14 16:33:54,345] {processor.py:641} INFO - Processing file /home/airflow/.local/lib/python3.7/site-packages/airflow/example_dags/example_branch_datetime_operator.py for tasks to queue
[2022-07-14 16:33:54,345] {logging_mixin.py:115} INFO - [2022-07-14 16:33:54,345] {dagbag.py:508} INFO - Filling up the DagBag from /home/airflow/.local/lib/python3.7/site-packages/airflow/example_dags/example_branch_datetime_operator.py
[2022-07-14 16:33:54,356] {processor.py:651} INFO - DAG(s) dict_keys(['example_branch_datetime_operator', 'example_branch_datetime_operator_2']) retrieved from /home/airflow/.local/lib/python3.7/site-packages/airflow/example_dags/example_branch_datetime_operator.py
[2022-07-14 16:33:54,384] {logging_mixin.py:115} INFO - [2022-07-14 16:33:54,384] {dag.py:2420} INFO - Sync 2 DAGs
[2022-07-14 16:33:54,408] {logging_mixin.py:115} INFO - [2022-07-14 16:33:54,408] {dag.py:2972} INFO - Setting next_dagrun for example_branch_datetime_operator to 2022-07-13T00:00:00+00:00, run_after=2022-07-14T00:00:00+00:00
[2022-07-14 16:33:54,411] {logging_mixin.py:115} INFO - [2022-07-14 16:33:54,411] {dag.py:2972} INFO - Setting next_dagrun for example_branch_datetime_operator_2 to 2022-07-13T00:00:00+00:00, run_after=2022-07-14T00:00:00+00:00
[2022-07-14 16:33:54,443] {processor.py:161} INFO - Processing /home/airflow/.local/lib/python3.7/site-packages/airflow/example_dags/example_branch_datetime_operator.py took 0.101 seconds
[2022-07-14 16:34:24,727] {processor.py:153} INFO - Started process (PID=1941) to work on /home/airflow/.local/lib/python3.7/site-packages/airflow/example_dags/example_branch_datetime_operator.py
[2022-07-14 16:34:24,727] {processor.py:641} INFO - Processing file /home/airflow/.local/lib/python3.7/site-packages/airflow/example_dags/example_branch_datetime_operator.py for tasks to queue
[2022-07-14 16:34:24,728] {logging_mixin.py:115} INFO - [2022-07-14 16:34:24,727] {dagbag.py:508} INFO - Filling up the DagBag from /home/airflow/.local/lib/python3.7/site-packages/airflow/example_dags/example_branch_datetime_operator.py
[2022-07-14 16:34:24,742] {processor.py:651} INFO - DAG(s) dict_keys(['example_branch_datetime_operator', 'example_branch_datetime_operator_2']) retrieved from /home/airflow/.local/lib/python3.7/site-packages/airflow/example_dags/example_branch_datetime_operator.py
[2022-07-14 16:34:24,776] {logging_mixin.py:115} INFO - [2022-07-14 16:34:24,776] {dag.py:2420} INFO - Sync 2 DAGs
[2022-07-14 16:34:24,810] {logging_mixin.py:115} INFO - [2022-07-14 16:34:24,810] {dag.py:2972} INFO - Setting next_dagrun for example_branch_datetime_operator to 2022-07-13T00:00:00+00:00, run_after=2022-07-14T00:00:00+00:00
[2022-07-14 16:34:24,813] {logging_mixin.py:115} INFO - [2022-07-14 16:34:24,813] {dag.py:2972} INFO - Setting next_dagrun for example_branch_datetime_operator_2 to 2022-07-13T00:00:00+00:00, run_after=2022-07-14T00:00:00+00:00
[2022-07-14 16:34:24,855] {processor.py:161} INFO - Processing /home/airflow/.local/lib/python3.7/site-packages/airflow/example_dags/example_branch_datetime_operator.py took 0.130 seconds
[2022-07-14 16:34:55,539] {processor.py:153} INFO - Started process (PID=2002) to work on /home/airflow/.local/lib/python3.7/site-packages/airflow/example_dags/example_branch_datetime_operator.py
[2022-07-14 16:34:55,540] {processor.py:641} INFO - Processing file /home/airflow/.local/lib/python3.7/site-packages/airflow/example_dags/example_branch_datetime_operator.py for tasks to queue
[2022-07-14 16:34:55,540] {logging_mixin.py:115} INFO - [2022-07-14 16:34:55,540] {dagbag.py:508} INFO - Filling up the DagBag from /home/airflow/.local/lib/python3.7/site-packages/airflow/example_dags/example_branch_datetime_operator.py
[2022-07-14 16:34:55,554] {processor.py:651} INFO - DAG(s) dict_keys(['example_branch_datetime_operator', 'example_branch_datetime_operator_2']) retrieved from /home/airflow/.local/lib/python3.7/site-packages/airflow/example_dags/example_branch_datetime_operator.py
[2022-07-14 16:34:55,588] {logging_mixin.py:115} INFO - [2022-07-14 16:34:55,588] {dag.py:2420} INFO - Sync 2 DAGs
[2022-07-14 16:34:55,621] {logging_mixin.py:115} INFO - [2022-07-14 16:34:55,621] {dag.py:2972} INFO - Setting next_dagrun for example_branch_datetime_operator to 2022-07-13T00:00:00+00:00, run_after=2022-07-14T00:00:00+00:00
[2022-07-14 16:34:55,623] {logging_mixin.py:115} INFO - [2022-07-14 16:34:55,623] {dag.py:2972} INFO - Setting next_dagrun for example_branch_datetime_operator_2 to 2022-07-13T00:00:00+00:00, run_after=2022-07-14T00:00:00+00:00
[2022-07-14 16:34:55,656] {processor.py:161} INFO - Processing /home/airflow/.local/lib/python3.7/site-packages/airflow/example_dags/example_branch_datetime_operator.py took 0.120 seconds
[2022-07-14 16:35:26,691] {processor.py:153} INFO - Started process (PID=2054) to work on /home/airflow/.local/lib/python3.7/site-packages/airflow/example_dags/example_branch_datetime_operator.py
[2022-07-14 16:35:26,691] {processor.py:641} INFO - Processing file /home/airflow/.local/lib/python3.7/site-packages/airflow/example_dags/example_branch_datetime_operator.py for tasks to queue
[2022-07-14 16:35:26,692] {logging_mixin.py:115} INFO - [2022-07-14 16:35:26,692] {dagbag.py:508} INFO - Filling up the DagBag from /home/airflow/.local/lib/python3.7/site-packages/airflow/example_dags/example_branch_datetime_operator.py
[2022-07-14 16:35:26,702] {processor.py:651} INFO - DAG(s) dict_keys(['example_branch_datetime_operator', 'example_branch_datetime_operator_2']) retrieved from /home/airflow/.local/lib/python3.7/site-packages/airflow/example_dags/example_branch_datetime_operator.py
[2022-07-14 16:35:26,735] {logging_mixin.py:115} INFO - [2022-07-14 16:35:26,735] {dag.py:2420} INFO - Sync 2 DAGs
[2022-07-14 16:35:26,768] {logging_mixin.py:115} INFO - [2022-07-14 16:35:26,768] {dag.py:2972} INFO - Setting next_dagrun for example_branch_datetime_operator to 2022-07-13T00:00:00+00:00, run_after=2022-07-14T00:00:00+00:00
[2022-07-14 16:35:26,771] {logging_mixin.py:115} INFO - [2022-07-14 16:35:26,771] {dag.py:2972} INFO - Setting next_dagrun for example_branch_datetime_operator_2 to 2022-07-13T00:00:00+00:00, run_after=2022-07-14T00:00:00+00:00
[2022-07-14 16:35:26,808] {processor.py:161} INFO - Processing /home/airflow/.local/lib/python3.7/site-packages/airflow/example_dags/example_branch_datetime_operator.py took 0.120 seconds
[2022-07-14 16:35:57,080] {processor.py:153} INFO - Started process (PID=2114) to work on /home/airflow/.local/lib/python3.7/site-packages/airflow/example_dags/example_branch_datetime_operator.py
[2022-07-14 16:35:57,081] {processor.py:641} INFO - Processing file /home/airflow/.local/lib/python3.7/site-packages/airflow/example_dags/example_branch_datetime_operator.py for tasks to queue
[2022-07-14 16:35:57,081] {logging_mixin.py:115} INFO - [2022-07-14 16:35:57,081] {dagbag.py:508} INFO - Filling up the DagBag from /home/airflow/.local/lib/python3.7/site-packages/airflow/example_dags/example_branch_datetime_operator.py
[2022-07-14 16:35:57,090] {processor.py:651} INFO - DAG(s) dict_keys(['example_branch_datetime_operator', 'example_branch_datetime_operator_2']) retrieved from /home/airflow/.local/lib/python3.7/site-packages/airflow/example_dags/example_branch_datetime_operator.py
[2022-07-14 16:35:57,116] {logging_mixin.py:115} INFO - [2022-07-14 16:35:57,116] {dag.py:2420} INFO - Sync 2 DAGs
[2022-07-14 16:35:57,139] {logging_mixin.py:115} INFO - [2022-07-14 16:35:57,139] {dag.py:2972} INFO - Setting next_dagrun for example_branch_datetime_operator to 2022-07-13T00:00:00+00:00, run_after=2022-07-14T00:00:00+00:00
[2022-07-14 16:35:57,141] {logging_mixin.py:115} INFO - [2022-07-14 16:35:57,141] {dag.py:2972} INFO - Setting next_dagrun for example_branch_datetime_operator_2 to 2022-07-13T00:00:00+00:00, run_after=2022-07-14T00:00:00+00:00
[2022-07-14 16:35:57,177] {processor.py:161} INFO - Processing /home/airflow/.local/lib/python3.7/site-packages/airflow/example_dags/example_branch_datetime_operator.py took 0.100 seconds
