[2022-07-14 16:17:07,595] {processor.py:153} INFO - Started process (PID=78) to work on /home/airflow/.local/lib/python3.7/site-packages/airflow/example_dags/example_branch_operator.py
[2022-07-14 16:17:07,596] {processor.py:641} INFO - Processing file /home/airflow/.local/lib/python3.7/site-packages/airflow/example_dags/example_branch_operator.py for tasks to queue
[2022-07-14 16:17:07,596] {logging_mixin.py:115} INFO - [2022-07-14 16:17:07,596] {dagbag.py:508} INFO - Filling up the DagBag from /home/airflow/.local/lib/python3.7/site-packages/airflow/example_dags/example_branch_operator.py
[2022-07-14 16:17:07,757] {processor.py:651} INFO - DAG(s) dict_keys(['example_branch_operator']) retrieved from /home/airflow/.local/lib/python3.7/site-packages/airflow/example_dags/example_branch_operator.py
[2022-07-14 16:17:08,835] {logging_mixin.py:115} INFO - [2022-07-14 16:17:08,835] {manager.py:508} INFO - Created Permission View: can delete on DAG:example_branch_operator
[2022-07-14 16:17:08,980] {logging_mixin.py:115} INFO - [2022-07-14 16:17:08,980] {manager.py:508} INFO - Created Permission View: can read on DAG:example_branch_operator
[2022-07-14 16:17:09,048] {logging_mixin.py:115} INFO - [2022-07-14 16:17:09,047] {manager.py:508} INFO - Created Permission View: can edit on DAG:example_branch_operator
[2022-07-14 16:17:09,048] {logging_mixin.py:115} INFO - [2022-07-14 16:17:09,048] {dag.py:2420} INFO - Sync 1 DAGs
[2022-07-14 16:17:09,161] {logging_mixin.py:115} INFO - [2022-07-14 16:17:09,160] {dag.py:2439} INFO - Creating ORM DAG for example_branch_operator
[2022-07-14 16:17:09,270] {logging_mixin.py:115} INFO - [2022-07-14 16:17:09,270] {dag.py:2972} INFO - Setting next_dagrun for example_branch_operator to 2022-07-13T00:00:00+00:00, run_after=2022-07-14T00:00:00+00:00
[2022-07-14 16:17:09,486] {processor.py:161} INFO - Processing /home/airflow/.local/lib/python3.7/site-packages/airflow/example_dags/example_branch_operator.py took 1.937 seconds
[2022-07-14 16:17:40,122] {processor.py:153} INFO - Started process (PID=130) to work on /home/airflow/.local/lib/python3.7/site-packages/airflow/example_dags/example_branch_operator.py
[2022-07-14 16:17:40,154] {processor.py:641} INFO - Processing file /home/airflow/.local/lib/python3.7/site-packages/airflow/example_dags/example_branch_operator.py for tasks to queue
[2022-07-14 16:17:40,155] {logging_mixin.py:115} INFO - [2022-07-14 16:17:40,155] {dagbag.py:508} INFO - Filling up the DagBag from /home/airflow/.local/lib/python3.7/site-packages/airflow/example_dags/example_branch_operator.py
[2022-07-14 16:17:40,201] {processor.py:651} INFO - DAG(s) dict_keys(['example_branch_operator']) retrieved from /home/airflow/.local/lib/python3.7/site-packages/airflow/example_dags/example_branch_operator.py
[2022-07-14 16:17:40,309] {logging_mixin.py:115} INFO - [2022-07-14 16:17:40,309] {dag.py:2420} INFO - Sync 1 DAGs
[2022-07-14 16:17:40,364] {logging_mixin.py:115} INFO - [2022-07-14 16:17:40,364] {dag.py:2972} INFO - Setting next_dagrun for example_branch_operator to 2022-07-13T00:00:00+00:00, run_after=2022-07-14T00:00:00+00:00
[2022-07-14 16:17:40,399] {processor.py:161} INFO - Processing /home/airflow/.local/lib/python3.7/site-packages/airflow/example_dags/example_branch_operator.py took 0.289 seconds
[2022-07-14 16:18:10,450] {processor.py:153} INFO - Started process (PID=184) to work on /home/airflow/.local/lib/python3.7/site-packages/airflow/example_dags/example_branch_operator.py
[2022-07-14 16:18:10,483] {processor.py:641} INFO - Processing file /home/airflow/.local/lib/python3.7/site-packages/airflow/example_dags/example_branch_operator.py for tasks to queue
[2022-07-14 16:18:10,484] {logging_mixin.py:115} INFO - [2022-07-14 16:18:10,484] {dagbag.py:508} INFO - Filling up the DagBag from /home/airflow/.local/lib/python3.7/site-packages/airflow/example_dags/example_branch_operator.py
[2022-07-14 16:18:10,499] {processor.py:651} INFO - DAG(s) dict_keys(['example_branch_operator']) retrieved from /home/airflow/.local/lib/python3.7/site-packages/airflow/example_dags/example_branch_operator.py
[2022-07-14 16:18:10,533] {logging_mixin.py:115} INFO - [2022-07-14 16:18:10,533] {dag.py:2420} INFO - Sync 1 DAGs
[2022-07-14 16:18:10,568] {logging_mixin.py:115} INFO - [2022-07-14 16:18:10,568] {dag.py:2972} INFO - Setting next_dagrun for example_branch_operator to 2022-07-13T00:00:00+00:00, run_after=2022-07-14T00:00:00+00:00
[2022-07-14 16:18:10,611] {processor.py:161} INFO - Processing /home/airflow/.local/lib/python3.7/site-packages/airflow/example_dags/example_branch_operator.py took 0.164 seconds
[2022-07-14 16:18:40,649] {processor.py:153} INFO - Started process (PID=236) to work on /home/airflow/.local/lib/python3.7/site-packages/airflow/example_dags/example_branch_operator.py
[2022-07-14 16:18:40,650] {processor.py:641} INFO - Processing file /home/airflow/.local/lib/python3.7/site-packages/airflow/example_dags/example_branch_operator.py for tasks to queue
[2022-07-14 16:18:40,651] {logging_mixin.py:115} INFO - [2022-07-14 16:18:40,650] {dagbag.py:508} INFO - Filling up the DagBag from /home/airflow/.local/lib/python3.7/site-packages/airflow/example_dags/example_branch_operator.py
[2022-07-14 16:18:40,666] {processor.py:651} INFO - DAG(s) dict_keys(['example_branch_operator']) retrieved from /home/airflow/.local/lib/python3.7/site-packages/airflow/example_dags/example_branch_operator.py
[2022-07-14 16:18:40,708] {logging_mixin.py:115} INFO - [2022-07-14 16:18:40,708] {dag.py:2420} INFO - Sync 1 DAGs
[2022-07-14 16:18:40,765] {logging_mixin.py:115} INFO - [2022-07-14 16:18:40,765] {dag.py:2972} INFO - Setting next_dagrun for example_branch_operator to 2022-07-13T00:00:00+00:00, run_after=2022-07-14T00:00:00+00:00
[2022-07-14 16:18:40,824] {processor.py:161} INFO - Processing /home/airflow/.local/lib/python3.7/site-packages/airflow/example_dags/example_branch_operator.py took 0.178 seconds
[2022-07-14 16:19:11,731] {processor.py:153} INFO - Started process (PID=287) to work on /home/airflow/.local/lib/python3.7/site-packages/airflow/example_dags/example_branch_operator.py
[2022-07-14 16:19:11,758] {processor.py:641} INFO - Processing file /home/airflow/.local/lib/python3.7/site-packages/airflow/example_dags/example_branch_operator.py for tasks to queue
[2022-07-14 16:19:11,759] {logging_mixin.py:115} INFO - [2022-07-14 16:19:11,759] {dagbag.py:508} INFO - Filling up the DagBag from /home/airflow/.local/lib/python3.7/site-packages/airflow/example_dags/example_branch_operator.py
[2022-07-14 16:19:11,792] {processor.py:651} INFO - DAG(s) dict_keys(['example_branch_operator']) retrieved from /home/airflow/.local/lib/python3.7/site-packages/airflow/example_dags/example_branch_operator.py
[2022-07-14 16:19:11,863] {logging_mixin.py:115} INFO - [2022-07-14 16:19:11,862] {dag.py:2420} INFO - Sync 1 DAGs
[2022-07-14 16:19:11,916] {logging_mixin.py:115} INFO - [2022-07-14 16:19:11,916] {dag.py:2972} INFO - Setting next_dagrun for example_branch_operator to 2022-07-13T00:00:00+00:00, run_after=2022-07-14T00:00:00+00:00
[2022-07-14 16:19:11,965] {processor.py:161} INFO - Processing /home/airflow/.local/lib/python3.7/site-packages/airflow/example_dags/example_branch_operator.py took 0.238 seconds
[2022-07-14 16:19:42,477] {processor.py:153} INFO - Started process (PID=347) to work on /home/airflow/.local/lib/python3.7/site-packages/airflow/example_dags/example_branch_operator.py
[2022-07-14 16:19:42,477] {processor.py:641} INFO - Processing file /home/airflow/.local/lib/python3.7/site-packages/airflow/example_dags/example_branch_operator.py for tasks to queue
[2022-07-14 16:19:42,478] {logging_mixin.py:115} INFO - [2022-07-14 16:19:42,478] {dagbag.py:508} INFO - Filling up the DagBag from /home/airflow/.local/lib/python3.7/site-packages/airflow/example_dags/example_branch_operator.py
[2022-07-14 16:19:42,496] {processor.py:651} INFO - DAG(s) dict_keys(['example_branch_operator']) retrieved from /home/airflow/.local/lib/python3.7/site-packages/airflow/example_dags/example_branch_operator.py
[2022-07-14 16:19:42,536] {logging_mixin.py:115} INFO - [2022-07-14 16:19:42,535] {dag.py:2420} INFO - Sync 1 DAGs
[2022-07-14 16:19:42,573] {logging_mixin.py:115} INFO - [2022-07-14 16:19:42,573] {dag.py:2972} INFO - Setting next_dagrun for example_branch_operator to 2022-07-13T00:00:00+00:00, run_after=2022-07-14T00:00:00+00:00
[2022-07-14 16:19:42,617] {processor.py:161} INFO - Processing /home/airflow/.local/lib/python3.7/site-packages/airflow/example_dags/example_branch_operator.py took 0.143 seconds
[2022-07-14 16:20:13,014] {processor.py:153} INFO - Started process (PID=398) to work on /home/airflow/.local/lib/python3.7/site-packages/airflow/example_dags/example_branch_operator.py
[2022-07-14 16:20:13,043] {processor.py:641} INFO - Processing file /home/airflow/.local/lib/python3.7/site-packages/airflow/example_dags/example_branch_operator.py for tasks to queue
[2022-07-14 16:20:13,044] {logging_mixin.py:115} INFO - [2022-07-14 16:20:13,043] {dagbag.py:508} INFO - Filling up the DagBag from /home/airflow/.local/lib/python3.7/site-packages/airflow/example_dags/example_branch_operator.py
[2022-07-14 16:20:13,058] {processor.py:651} INFO - DAG(s) dict_keys(['example_branch_operator']) retrieved from /home/airflow/.local/lib/python3.7/site-packages/airflow/example_dags/example_branch_operator.py
[2022-07-14 16:20:13,099] {logging_mixin.py:115} INFO - [2022-07-14 16:20:13,098] {dag.py:2420} INFO - Sync 1 DAGs
[2022-07-14 16:20:13,139] {logging_mixin.py:115} INFO - [2022-07-14 16:20:13,139] {dag.py:2972} INFO - Setting next_dagrun for example_branch_operator to 2022-07-13T00:00:00+00:00, run_after=2022-07-14T00:00:00+00:00
[2022-07-14 16:20:13,161] {processor.py:161} INFO - Processing /home/airflow/.local/lib/python3.7/site-packages/airflow/example_dags/example_branch_operator.py took 0.151 seconds
[2022-07-14 16:20:43,337] {processor.py:153} INFO - Started process (PID=449) to work on /home/airflow/.local/lib/python3.7/site-packages/airflow/example_dags/example_branch_operator.py
[2022-07-14 16:20:43,338] {processor.py:641} INFO - Processing file /home/airflow/.local/lib/python3.7/site-packages/airflow/example_dags/example_branch_operator.py for tasks to queue
[2022-07-14 16:20:43,338] {logging_mixin.py:115} INFO - [2022-07-14 16:20:43,338] {dagbag.py:508} INFO - Filling up the DagBag from /home/airflow/.local/lib/python3.7/site-packages/airflow/example_dags/example_branch_operator.py
[2022-07-14 16:20:43,355] {processor.py:651} INFO - DAG(s) dict_keys(['example_branch_operator']) retrieved from /home/airflow/.local/lib/python3.7/site-packages/airflow/example_dags/example_branch_operator.py
[2022-07-14 16:20:43,396] {logging_mixin.py:115} INFO - [2022-07-14 16:20:43,396] {dag.py:2420} INFO - Sync 1 DAGs
[2022-07-14 16:20:43,433] {logging_mixin.py:115} INFO - [2022-07-14 16:20:43,433] {dag.py:2972} INFO - Setting next_dagrun for example_branch_operator to 2022-07-13T00:00:00+00:00, run_after=2022-07-14T00:00:00+00:00
[2022-07-14 16:20:43,465] {processor.py:161} INFO - Processing /home/airflow/.local/lib/python3.7/site-packages/airflow/example_dags/example_branch_operator.py took 0.131 seconds
[2022-07-14 16:21:13,773] {processor.py:153} INFO - Started process (PID=508) to work on /home/airflow/.local/lib/python3.7/site-packages/airflow/example_dags/example_branch_operator.py
[2022-07-14 16:21:13,804] {processor.py:641} INFO - Processing file /home/airflow/.local/lib/python3.7/site-packages/airflow/example_dags/example_branch_operator.py for tasks to queue
[2022-07-14 16:21:13,804] {logging_mixin.py:115} INFO - [2022-07-14 16:21:13,804] {dagbag.py:508} INFO - Filling up the DagBag from /home/airflow/.local/lib/python3.7/site-packages/airflow/example_dags/example_branch_operator.py
[2022-07-14 16:21:13,863] {processor.py:651} INFO - DAG(s) dict_keys(['example_branch_operator']) retrieved from /home/airflow/.local/lib/python3.7/site-packages/airflow/example_dags/example_branch_operator.py
[2022-07-14 16:21:13,920] {logging_mixin.py:115} INFO - [2022-07-14 16:21:13,920] {dag.py:2420} INFO - Sync 1 DAGs
[2022-07-14 16:21:13,969] {logging_mixin.py:115} INFO - [2022-07-14 16:21:13,968] {dag.py:2972} INFO - Setting next_dagrun for example_branch_operator to 2022-07-13T00:00:00+00:00, run_after=2022-07-14T00:00:00+00:00
[2022-07-14 16:21:14,040] {processor.py:161} INFO - Processing /home/airflow/.local/lib/python3.7/site-packages/airflow/example_dags/example_branch_operator.py took 0.286 seconds
[2022-07-14 16:21:44,341] {processor.py:153} INFO - Started process (PID=562) to work on /home/airflow/.local/lib/python3.7/site-packages/airflow/example_dags/example_branch_operator.py
[2022-07-14 16:21:44,341] {processor.py:641} INFO - Processing file /home/airflow/.local/lib/python3.7/site-packages/airflow/example_dags/example_branch_operator.py for tasks to queue
[2022-07-14 16:21:44,342] {logging_mixin.py:115} INFO - [2022-07-14 16:21:44,342] {dagbag.py:508} INFO - Filling up the DagBag from /home/airflow/.local/lib/python3.7/site-packages/airflow/example_dags/example_branch_operator.py
[2022-07-14 16:21:44,361] {processor.py:651} INFO - DAG(s) dict_keys(['example_branch_operator']) retrieved from /home/airflow/.local/lib/python3.7/site-packages/airflow/example_dags/example_branch_operator.py
[2022-07-14 16:21:44,411] {logging_mixin.py:115} INFO - [2022-07-14 16:21:44,411] {dag.py:2420} INFO - Sync 1 DAGs
[2022-07-14 16:21:44,459] {logging_mixin.py:115} INFO - [2022-07-14 16:21:44,459] {dag.py:2972} INFO - Setting next_dagrun for example_branch_operator to 2022-07-13T00:00:00+00:00, run_after=2022-07-14T00:00:00+00:00
[2022-07-14 16:21:44,509] {processor.py:161} INFO - Processing /home/airflow/.local/lib/python3.7/site-packages/airflow/example_dags/example_branch_operator.py took 0.172 seconds
[2022-07-14 16:22:15,380] {processor.py:153} INFO - Started process (PID=613) to work on /home/airflow/.local/lib/python3.7/site-packages/airflow/example_dags/example_branch_operator.py
[2022-07-14 16:22:15,415] {processor.py:641} INFO - Processing file /home/airflow/.local/lib/python3.7/site-packages/airflow/example_dags/example_branch_operator.py for tasks to queue
[2022-07-14 16:22:15,415] {logging_mixin.py:115} INFO - [2022-07-14 16:22:15,415] {dagbag.py:508} INFO - Filling up the DagBag from /home/airflow/.local/lib/python3.7/site-packages/airflow/example_dags/example_branch_operator.py
[2022-07-14 16:22:15,429] {processor.py:651} INFO - DAG(s) dict_keys(['example_branch_operator']) retrieved from /home/airflow/.local/lib/python3.7/site-packages/airflow/example_dags/example_branch_operator.py
[2022-07-14 16:22:15,474] {logging_mixin.py:115} INFO - [2022-07-14 16:22:15,474] {dag.py:2420} INFO - Sync 1 DAGs
[2022-07-14 16:22:15,520] {logging_mixin.py:115} INFO - [2022-07-14 16:22:15,519] {dag.py:2972} INFO - Setting next_dagrun for example_branch_operator to 2022-07-13T00:00:00+00:00, run_after=2022-07-14T00:00:00+00:00
[2022-07-14 16:22:15,546] {processor.py:161} INFO - Processing /home/airflow/.local/lib/python3.7/site-packages/airflow/example_dags/example_branch_operator.py took 0.169 seconds
[2022-07-14 16:22:45,875] {processor.py:153} INFO - Started process (PID=674) to work on /home/airflow/.local/lib/python3.7/site-packages/airflow/example_dags/example_branch_operator.py
[2022-07-14 16:22:45,911] {processor.py:641} INFO - Processing file /home/airflow/.local/lib/python3.7/site-packages/airflow/example_dags/example_branch_operator.py for tasks to queue
[2022-07-14 16:22:45,911] {logging_mixin.py:115} INFO - [2022-07-14 16:22:45,911] {dagbag.py:508} INFO - Filling up the DagBag from /home/airflow/.local/lib/python3.7/site-packages/airflow/example_dags/example_branch_operator.py
[2022-07-14 16:22:45,934] {processor.py:651} INFO - DAG(s) dict_keys(['example_branch_operator']) retrieved from /home/airflow/.local/lib/python3.7/site-packages/airflow/example_dags/example_branch_operator.py
[2022-07-14 16:22:45,996] {logging_mixin.py:115} INFO - [2022-07-14 16:22:45,996] {dag.py:2420} INFO - Sync 1 DAGs
[2022-07-14 16:22:46,039] {logging_mixin.py:115} INFO - [2022-07-14 16:22:46,039] {dag.py:2972} INFO - Setting next_dagrun for example_branch_operator to 2022-07-13T00:00:00+00:00, run_after=2022-07-14T00:00:00+00:00
[2022-07-14 16:22:46,060] {processor.py:161} INFO - Processing /home/airflow/.local/lib/python3.7/site-packages/airflow/example_dags/example_branch_operator.py took 0.191 seconds
[2022-07-14 16:23:16,523] {processor.py:153} INFO - Started process (PID=726) to work on /home/airflow/.local/lib/python3.7/site-packages/airflow/example_dags/example_branch_operator.py
[2022-07-14 16:23:16,526] {processor.py:641} INFO - Processing file /home/airflow/.local/lib/python3.7/site-packages/airflow/example_dags/example_branch_operator.py for tasks to queue
[2022-07-14 16:23:16,526] {logging_mixin.py:115} INFO - [2022-07-14 16:23:16,526] {dagbag.py:508} INFO - Filling up the DagBag from /home/airflow/.local/lib/python3.7/site-packages/airflow/example_dags/example_branch_operator.py
[2022-07-14 16:23:16,540] {processor.py:651} INFO - DAG(s) dict_keys(['example_branch_operator']) retrieved from /home/airflow/.local/lib/python3.7/site-packages/airflow/example_dags/example_branch_operator.py
[2022-07-14 16:23:16,574] {logging_mixin.py:115} INFO - [2022-07-14 16:23:16,574] {dag.py:2420} INFO - Sync 1 DAGs
[2022-07-14 16:23:16,609] {logging_mixin.py:115} INFO - [2022-07-14 16:23:16,609] {dag.py:2972} INFO - Setting next_dagrun for example_branch_operator to 2022-07-13T00:00:00+00:00, run_after=2022-07-14T00:00:00+00:00
[2022-07-14 16:23:16,629] {processor.py:161} INFO - Processing /home/airflow/.local/lib/python3.7/site-packages/airflow/example_dags/example_branch_operator.py took 0.109 seconds
[2022-07-14 16:23:46,792] {processor.py:153} INFO - Started process (PID=777) to work on /home/airflow/.local/lib/python3.7/site-packages/airflow/example_dags/example_branch_operator.py
[2022-07-14 16:23:46,792] {processor.py:641} INFO - Processing file /home/airflow/.local/lib/python3.7/site-packages/airflow/example_dags/example_branch_operator.py for tasks to queue
[2022-07-14 16:23:46,793] {logging_mixin.py:115} INFO - [2022-07-14 16:23:46,792] {dagbag.py:508} INFO - Filling up the DagBag from /home/airflow/.local/lib/python3.7/site-packages/airflow/example_dags/example_branch_operator.py
[2022-07-14 16:23:46,810] {processor.py:651} INFO - DAG(s) dict_keys(['example_branch_operator']) retrieved from /home/airflow/.local/lib/python3.7/site-packages/airflow/example_dags/example_branch_operator.py
[2022-07-14 16:23:46,848] {logging_mixin.py:115} INFO - [2022-07-14 16:23:46,848] {dag.py:2420} INFO - Sync 1 DAGs
[2022-07-14 16:23:46,884] {logging_mixin.py:115} INFO - [2022-07-14 16:23:46,884] {dag.py:2972} INFO - Setting next_dagrun for example_branch_operator to 2022-07-13T00:00:00+00:00, run_after=2022-07-14T00:00:00+00:00
[2022-07-14 16:23:46,901] {processor.py:161} INFO - Processing /home/airflow/.local/lib/python3.7/site-packages/airflow/example_dags/example_branch_operator.py took 0.114 seconds
[2022-07-14 16:24:17,057] {processor.py:153} INFO - Started process (PID=836) to work on /home/airflow/.local/lib/python3.7/site-packages/airflow/example_dags/example_branch_operator.py
[2022-07-14 16:24:17,064] {processor.py:641} INFO - Processing file /home/airflow/.local/lib/python3.7/site-packages/airflow/example_dags/example_branch_operator.py for tasks to queue
[2022-07-14 16:24:17,065] {logging_mixin.py:115} INFO - [2022-07-14 16:24:17,065] {dagbag.py:508} INFO - Filling up the DagBag from /home/airflow/.local/lib/python3.7/site-packages/airflow/example_dags/example_branch_operator.py
[2022-07-14 16:24:17,089] {processor.py:651} INFO - DAG(s) dict_keys(['example_branch_operator']) retrieved from /home/airflow/.local/lib/python3.7/site-packages/airflow/example_dags/example_branch_operator.py
[2022-07-14 16:24:17,140] {logging_mixin.py:115} INFO - [2022-07-14 16:24:17,140] {dag.py:2420} INFO - Sync 1 DAGs
[2022-07-14 16:24:17,180] {logging_mixin.py:115} INFO - [2022-07-14 16:24:17,180] {dag.py:2972} INFO - Setting next_dagrun for example_branch_operator to 2022-07-13T00:00:00+00:00, run_after=2022-07-14T00:00:00+00:00
[2022-07-14 16:24:17,203] {processor.py:161} INFO - Processing /home/airflow/.local/lib/python3.7/site-packages/airflow/example_dags/example_branch_operator.py took 0.151 seconds
[2022-07-14 16:24:47,327] {processor.py:153} INFO - Started process (PID=887) to work on /home/airflow/.local/lib/python3.7/site-packages/airflow/example_dags/example_branch_operator.py
[2022-07-14 16:24:47,333] {processor.py:641} INFO - Processing file /home/airflow/.local/lib/python3.7/site-packages/airflow/example_dags/example_branch_operator.py for tasks to queue
[2022-07-14 16:24:47,334] {logging_mixin.py:115} INFO - [2022-07-14 16:24:47,333] {dagbag.py:508} INFO - Filling up the DagBag from /home/airflow/.local/lib/python3.7/site-packages/airflow/example_dags/example_branch_operator.py
[2022-07-14 16:24:47,359] {processor.py:651} INFO - DAG(s) dict_keys(['example_branch_operator']) retrieved from /home/airflow/.local/lib/python3.7/site-packages/airflow/example_dags/example_branch_operator.py
[2022-07-14 16:24:47,410] {logging_mixin.py:115} INFO - [2022-07-14 16:24:47,410] {dag.py:2420} INFO - Sync 1 DAGs
[2022-07-14 16:24:47,448] {logging_mixin.py:115} INFO - [2022-07-14 16:24:47,447] {dag.py:2972} INFO - Setting next_dagrun for example_branch_operator to 2022-07-13T00:00:00+00:00, run_after=2022-07-14T00:00:00+00:00
[2022-07-14 16:24:47,468] {processor.py:161} INFO - Processing /home/airflow/.local/lib/python3.7/site-packages/airflow/example_dags/example_branch_operator.py took 0.154 seconds
[2022-07-14 16:25:17,524] {processor.py:153} INFO - Started process (PID=939) to work on /home/airflow/.local/lib/python3.7/site-packages/airflow/example_dags/example_branch_operator.py
[2022-07-14 16:25:17,524] {processor.py:641} INFO - Processing file /home/airflow/.local/lib/python3.7/site-packages/airflow/example_dags/example_branch_operator.py for tasks to queue
[2022-07-14 16:25:17,525] {logging_mixin.py:115} INFO - [2022-07-14 16:25:17,525] {dagbag.py:508} INFO - Filling up the DagBag from /home/airflow/.local/lib/python3.7/site-packages/airflow/example_dags/example_branch_operator.py
[2022-07-14 16:25:17,541] {processor.py:651} INFO - DAG(s) dict_keys(['example_branch_operator']) retrieved from /home/airflow/.local/lib/python3.7/site-packages/airflow/example_dags/example_branch_operator.py
[2022-07-14 16:25:17,586] {logging_mixin.py:115} INFO - [2022-07-14 16:25:17,586] {dag.py:2420} INFO - Sync 1 DAGs
[2022-07-14 16:25:17,634] {logging_mixin.py:115} INFO - [2022-07-14 16:25:17,634] {dag.py:2972} INFO - Setting next_dagrun for example_branch_operator to 2022-07-13T00:00:00+00:00, run_after=2022-07-14T00:00:00+00:00
[2022-07-14 16:25:17,656] {processor.py:161} INFO - Processing /home/airflow/.local/lib/python3.7/site-packages/airflow/example_dags/example_branch_operator.py took 0.136 seconds
[2022-07-14 16:25:47,940] {processor.py:153} INFO - Started process (PID=997) to work on /home/airflow/.local/lib/python3.7/site-packages/airflow/example_dags/example_branch_operator.py
[2022-07-14 16:25:47,940] {processor.py:641} INFO - Processing file /home/airflow/.local/lib/python3.7/site-packages/airflow/example_dags/example_branch_operator.py for tasks to queue
[2022-07-14 16:25:47,941] {logging_mixin.py:115} INFO - [2022-07-14 16:25:47,941] {dagbag.py:508} INFO - Filling up the DagBag from /home/airflow/.local/lib/python3.7/site-packages/airflow/example_dags/example_branch_operator.py
[2022-07-14 16:25:47,960] {processor.py:651} INFO - DAG(s) dict_keys(['example_branch_operator']) retrieved from /home/airflow/.local/lib/python3.7/site-packages/airflow/example_dags/example_branch_operator.py
[2022-07-14 16:25:48,001] {logging_mixin.py:115} INFO - [2022-07-14 16:25:48,001] {dag.py:2420} INFO - Sync 1 DAGs
[2022-07-14 16:25:48,037] {logging_mixin.py:115} INFO - [2022-07-14 16:25:48,037] {dag.py:2972} INFO - Setting next_dagrun for example_branch_operator to 2022-07-13T00:00:00+00:00, run_after=2022-07-14T00:00:00+00:00
[2022-07-14 16:25:48,071] {processor.py:161} INFO - Processing /home/airflow/.local/lib/python3.7/site-packages/airflow/example_dags/example_branch_operator.py took 0.135 seconds
[2022-07-14 16:26:18,210] {processor.py:153} INFO - Started process (PID=1048) to work on /home/airflow/.local/lib/python3.7/site-packages/airflow/example_dags/example_branch_operator.py
[2022-07-14 16:26:18,223] {processor.py:641} INFO - Processing file /home/airflow/.local/lib/python3.7/site-packages/airflow/example_dags/example_branch_operator.py for tasks to queue
[2022-07-14 16:26:18,224] {logging_mixin.py:115} INFO - [2022-07-14 16:26:18,224] {dagbag.py:508} INFO - Filling up the DagBag from /home/airflow/.local/lib/python3.7/site-packages/airflow/example_dags/example_branch_operator.py
[2022-07-14 16:26:18,285] {processor.py:651} INFO - DAG(s) dict_keys(['example_branch_operator']) retrieved from /home/airflow/.local/lib/python3.7/site-packages/airflow/example_dags/example_branch_operator.py
[2022-07-14 16:26:18,517] {logging_mixin.py:115} INFO - [2022-07-14 16:26:18,517] {dag.py:2420} INFO - Sync 1 DAGs
[2022-07-14 16:26:18,646] {logging_mixin.py:115} INFO - [2022-07-14 16:26:18,645] {dag.py:2972} INFO - Setting next_dagrun for example_branch_operator to 2022-07-13T00:00:00+00:00, run_after=2022-07-14T00:00:00+00:00
[2022-07-14 16:26:18,693] {processor.py:161} INFO - Processing /home/airflow/.local/lib/python3.7/site-packages/airflow/example_dags/example_branch_operator.py took 0.495 seconds
[2022-07-14 16:26:49,383] {processor.py:153} INFO - Started process (PID=1109) to work on /home/airflow/.local/lib/python3.7/site-packages/airflow/example_dags/example_branch_operator.py
[2022-07-14 16:26:49,384] {processor.py:641} INFO - Processing file /home/airflow/.local/lib/python3.7/site-packages/airflow/example_dags/example_branch_operator.py for tasks to queue
[2022-07-14 16:26:49,385] {logging_mixin.py:115} INFO - [2022-07-14 16:26:49,384] {dagbag.py:508} INFO - Filling up the DagBag from /home/airflow/.local/lib/python3.7/site-packages/airflow/example_dags/example_branch_operator.py
[2022-07-14 16:26:49,404] {processor.py:651} INFO - DAG(s) dict_keys(['example_branch_operator']) retrieved from /home/airflow/.local/lib/python3.7/site-packages/airflow/example_dags/example_branch_operator.py
[2022-07-14 16:26:49,437] {logging_mixin.py:115} INFO - [2022-07-14 16:26:49,437] {dag.py:2420} INFO - Sync 1 DAGs
[2022-07-14 16:26:49,476] {logging_mixin.py:115} INFO - [2022-07-14 16:26:49,476] {dag.py:2972} INFO - Setting next_dagrun for example_branch_operator to 2022-07-13T00:00:00+00:00, run_after=2022-07-14T00:00:00+00:00
[2022-07-14 16:26:49,499] {processor.py:161} INFO - Processing /home/airflow/.local/lib/python3.7/site-packages/airflow/example_dags/example_branch_operator.py took 0.123 seconds
[2022-07-14 16:27:19,600] {processor.py:153} INFO - Started process (PID=1160) to work on /home/airflow/.local/lib/python3.7/site-packages/airflow/example_dags/example_branch_operator.py
[2022-07-14 16:27:19,600] {processor.py:641} INFO - Processing file /home/airflow/.local/lib/python3.7/site-packages/airflow/example_dags/example_branch_operator.py for tasks to queue
[2022-07-14 16:27:19,600] {logging_mixin.py:115} INFO - [2022-07-14 16:27:19,600] {dagbag.py:508} INFO - Filling up the DagBag from /home/airflow/.local/lib/python3.7/site-packages/airflow/example_dags/example_branch_operator.py
[2022-07-14 16:27:19,615] {processor.py:651} INFO - DAG(s) dict_keys(['example_branch_operator']) retrieved from /home/airflow/.local/lib/python3.7/site-packages/airflow/example_dags/example_branch_operator.py
[2022-07-14 16:27:19,656] {logging_mixin.py:115} INFO - [2022-07-14 16:27:19,656] {dag.py:2420} INFO - Sync 1 DAGs
[2022-07-14 16:27:19,690] {logging_mixin.py:115} INFO - [2022-07-14 16:27:19,690] {dag.py:2972} INFO - Setting next_dagrun for example_branch_operator to 2022-07-13T00:00:00+00:00, run_after=2022-07-14T00:00:00+00:00
[2022-07-14 16:27:19,713] {processor.py:161} INFO - Processing /home/airflow/.local/lib/python3.7/site-packages/airflow/example_dags/example_branch_operator.py took 0.116 seconds
[2022-07-14 16:27:50,538] {processor.py:153} INFO - Started process (PID=1220) to work on /home/airflow/.local/lib/python3.7/site-packages/airflow/example_dags/example_branch_operator.py
[2022-07-14 16:27:50,539] {processor.py:641} INFO - Processing file /home/airflow/.local/lib/python3.7/site-packages/airflow/example_dags/example_branch_operator.py for tasks to queue
[2022-07-14 16:27:50,539] {logging_mixin.py:115} INFO - [2022-07-14 16:27:50,539] {dagbag.py:508} INFO - Filling up the DagBag from /home/airflow/.local/lib/python3.7/site-packages/airflow/example_dags/example_branch_operator.py
[2022-07-14 16:27:50,575] {processor.py:651} INFO - DAG(s) dict_keys(['example_branch_operator']) retrieved from /home/airflow/.local/lib/python3.7/site-packages/airflow/example_dags/example_branch_operator.py
[2022-07-14 16:27:50,648] {logging_mixin.py:115} INFO - [2022-07-14 16:27:50,648] {dag.py:2420} INFO - Sync 1 DAGs
[2022-07-14 16:27:50,748] {logging_mixin.py:115} INFO - [2022-07-14 16:27:50,748] {dag.py:2972} INFO - Setting next_dagrun for example_branch_operator to 2022-07-13T00:00:00+00:00, run_after=2022-07-14T00:00:00+00:00
[2022-07-14 16:27:50,797] {processor.py:161} INFO - Processing /home/airflow/.local/lib/python3.7/site-packages/airflow/example_dags/example_branch_operator.py took 0.263 seconds
[2022-07-14 16:28:20,860] {processor.py:153} INFO - Started process (PID=1272) to work on /home/airflow/.local/lib/python3.7/site-packages/airflow/example_dags/example_branch_operator.py
[2022-07-14 16:28:20,871] {processor.py:641} INFO - Processing file /home/airflow/.local/lib/python3.7/site-packages/airflow/example_dags/example_branch_operator.py for tasks to queue
[2022-07-14 16:28:20,871] {logging_mixin.py:115} INFO - [2022-07-14 16:28:20,871] {dagbag.py:508} INFO - Filling up the DagBag from /home/airflow/.local/lib/python3.7/site-packages/airflow/example_dags/example_branch_operator.py
[2022-07-14 16:28:20,891] {processor.py:651} INFO - DAG(s) dict_keys(['example_branch_operator']) retrieved from /home/airflow/.local/lib/python3.7/site-packages/airflow/example_dags/example_branch_operator.py
[2022-07-14 16:28:20,929] {logging_mixin.py:115} INFO - [2022-07-14 16:28:20,929] {dag.py:2420} INFO - Sync 1 DAGs
[2022-07-14 16:28:20,963] {logging_mixin.py:115} INFO - [2022-07-14 16:28:20,963] {dag.py:2972} INFO - Setting next_dagrun for example_branch_operator to 2022-07-13T00:00:00+00:00, run_after=2022-07-14T00:00:00+00:00
[2022-07-14 16:28:20,980] {processor.py:161} INFO - Processing /home/airflow/.local/lib/python3.7/site-packages/airflow/example_dags/example_branch_operator.py took 0.125 seconds
[2022-07-14 16:28:51,847] {processor.py:153} INFO - Started process (PID=1325) to work on /home/airflow/.local/lib/python3.7/site-packages/airflow/example_dags/example_branch_operator.py
[2022-07-14 16:28:51,850] {processor.py:641} INFO - Processing file /home/airflow/.local/lib/python3.7/site-packages/airflow/example_dags/example_branch_operator.py for tasks to queue
[2022-07-14 16:28:51,851] {logging_mixin.py:115} INFO - [2022-07-14 16:28:51,850] {dagbag.py:508} INFO - Filling up the DagBag from /home/airflow/.local/lib/python3.7/site-packages/airflow/example_dags/example_branch_operator.py
[2022-07-14 16:28:51,871] {processor.py:651} INFO - DAG(s) dict_keys(['example_branch_operator']) retrieved from /home/airflow/.local/lib/python3.7/site-packages/airflow/example_dags/example_branch_operator.py
[2022-07-14 16:28:51,908] {logging_mixin.py:115} INFO - [2022-07-14 16:28:51,908] {dag.py:2420} INFO - Sync 1 DAGs
[2022-07-14 16:28:51,948] {logging_mixin.py:115} INFO - [2022-07-14 16:28:51,948] {dag.py:2972} INFO - Setting next_dagrun for example_branch_operator to 2022-07-13T00:00:00+00:00, run_after=2022-07-14T00:00:00+00:00
[2022-07-14 16:28:51,974] {processor.py:161} INFO - Processing /home/airflow/.local/lib/python3.7/site-packages/airflow/example_dags/example_branch_operator.py took 0.142 seconds
[2022-07-14 16:29:22,338] {processor.py:153} INFO - Started process (PID=1385) to work on /home/airflow/.local/lib/python3.7/site-packages/airflow/example_dags/example_branch_operator.py
[2022-07-14 16:29:22,355] {processor.py:641} INFO - Processing file /home/airflow/.local/lib/python3.7/site-packages/airflow/example_dags/example_branch_operator.py for tasks to queue
[2022-07-14 16:29:22,355] {logging_mixin.py:115} INFO - [2022-07-14 16:29:22,355] {dagbag.py:508} INFO - Filling up the DagBag from /home/airflow/.local/lib/python3.7/site-packages/airflow/example_dags/example_branch_operator.py
[2022-07-14 16:29:22,378] {processor.py:651} INFO - DAG(s) dict_keys(['example_branch_operator']) retrieved from /home/airflow/.local/lib/python3.7/site-packages/airflow/example_dags/example_branch_operator.py
[2022-07-14 16:29:22,489] {logging_mixin.py:115} INFO - [2022-07-14 16:29:22,489] {dag.py:2420} INFO - Sync 1 DAGs
[2022-07-14 16:29:22,562] {logging_mixin.py:115} INFO - [2022-07-14 16:29:22,562] {dag.py:2972} INFO - Setting next_dagrun for example_branch_operator to 2022-07-13T00:00:00+00:00, run_after=2022-07-14T00:00:00+00:00
[2022-07-14 16:29:22,599] {processor.py:161} INFO - Processing /home/airflow/.local/lib/python3.7/site-packages/airflow/example_dags/example_branch_operator.py took 0.265 seconds
[2022-07-14 16:29:53,196] {processor.py:153} INFO - Started process (PID=1437) to work on /home/airflow/.local/lib/python3.7/site-packages/airflow/example_dags/example_branch_operator.py
[2022-07-14 16:29:53,203] {processor.py:641} INFO - Processing file /home/airflow/.local/lib/python3.7/site-packages/airflow/example_dags/example_branch_operator.py for tasks to queue
[2022-07-14 16:29:53,203] {logging_mixin.py:115} INFO - [2022-07-14 16:29:53,203] {dagbag.py:508} INFO - Filling up the DagBag from /home/airflow/.local/lib/python3.7/site-packages/airflow/example_dags/example_branch_operator.py
[2022-07-14 16:29:53,244] {processor.py:651} INFO - DAG(s) dict_keys(['example_branch_operator']) retrieved from /home/airflow/.local/lib/python3.7/site-packages/airflow/example_dags/example_branch_operator.py
[2022-07-14 16:29:53,349] {logging_mixin.py:115} INFO - [2022-07-14 16:29:53,348] {dag.py:2420} INFO - Sync 1 DAGs
[2022-07-14 16:29:53,425] {logging_mixin.py:115} INFO - [2022-07-14 16:29:53,425] {dag.py:2972} INFO - Setting next_dagrun for example_branch_operator to 2022-07-13T00:00:00+00:00, run_after=2022-07-14T00:00:00+00:00
[2022-07-14 16:29:53,459] {processor.py:161} INFO - Processing /home/airflow/.local/lib/python3.7/site-packages/airflow/example_dags/example_branch_operator.py took 0.283 seconds
[2022-07-14 16:30:23,568] {processor.py:153} INFO - Started process (PID=1488) to work on /home/airflow/.local/lib/python3.7/site-packages/airflow/example_dags/example_branch_operator.py
[2022-07-14 16:30:23,574] {processor.py:641} INFO - Processing file /home/airflow/.local/lib/python3.7/site-packages/airflow/example_dags/example_branch_operator.py for tasks to queue
[2022-07-14 16:30:23,575] {logging_mixin.py:115} INFO - [2022-07-14 16:30:23,575] {dagbag.py:508} INFO - Filling up the DagBag from /home/airflow/.local/lib/python3.7/site-packages/airflow/example_dags/example_branch_operator.py
[2022-07-14 16:30:23,598] {processor.py:651} INFO - DAG(s) dict_keys(['example_branch_operator']) retrieved from /home/airflow/.local/lib/python3.7/site-packages/airflow/example_dags/example_branch_operator.py
[2022-07-14 16:30:23,648] {logging_mixin.py:115} INFO - [2022-07-14 16:30:23,648] {dag.py:2420} INFO - Sync 1 DAGs
[2022-07-14 16:30:23,696] {logging_mixin.py:115} INFO - [2022-07-14 16:30:23,696] {dag.py:2972} INFO - Setting next_dagrun for example_branch_operator to 2022-07-13T00:00:00+00:00, run_after=2022-07-14T00:00:00+00:00
[2022-07-14 16:30:23,728] {processor.py:161} INFO - Processing /home/airflow/.local/lib/python3.7/site-packages/airflow/example_dags/example_branch_operator.py took 0.164 seconds
[2022-07-14 16:30:54,078] {processor.py:153} INFO - Started process (PID=1548) to work on /home/airflow/.local/lib/python3.7/site-packages/airflow/example_dags/example_branch_operator.py
[2022-07-14 16:30:54,087] {processor.py:641} INFO - Processing file /home/airflow/.local/lib/python3.7/site-packages/airflow/example_dags/example_branch_operator.py for tasks to queue
[2022-07-14 16:30:54,087] {logging_mixin.py:115} INFO - [2022-07-14 16:30:54,087] {dagbag.py:508} INFO - Filling up the DagBag from /home/airflow/.local/lib/python3.7/site-packages/airflow/example_dags/example_branch_operator.py
[2022-07-14 16:30:54,104] {processor.py:651} INFO - DAG(s) dict_keys(['example_branch_operator']) retrieved from /home/airflow/.local/lib/python3.7/site-packages/airflow/example_dags/example_branch_operator.py
[2022-07-14 16:30:54,183] {logging_mixin.py:115} INFO - [2022-07-14 16:30:54,183] {dag.py:2420} INFO - Sync 1 DAGs
[2022-07-14 16:30:54,266] {logging_mixin.py:115} INFO - [2022-07-14 16:30:54,266] {dag.py:2972} INFO - Setting next_dagrun for example_branch_operator to 2022-07-13T00:00:00+00:00, run_after=2022-07-14T00:00:00+00:00
[2022-07-14 16:30:54,283] {processor.py:161} INFO - Processing /home/airflow/.local/lib/python3.7/site-packages/airflow/example_dags/example_branch_operator.py took 0.209 seconds
[2022-07-14 16:31:25,197] {processor.py:153} INFO - Started process (PID=1608) to work on /home/airflow/.local/lib/python3.7/site-packages/airflow/example_dags/example_branch_operator.py
[2022-07-14 16:31:25,201] {processor.py:641} INFO - Processing file /home/airflow/.local/lib/python3.7/site-packages/airflow/example_dags/example_branch_operator.py for tasks to queue
[2022-07-14 16:31:25,203] {logging_mixin.py:115} INFO - [2022-07-14 16:31:25,203] {dagbag.py:508} INFO - Filling up the DagBag from /home/airflow/.local/lib/python3.7/site-packages/airflow/example_dags/example_branch_operator.py
[2022-07-14 16:31:25,240] {processor.py:651} INFO - DAG(s) dict_keys(['example_branch_operator']) retrieved from /home/airflow/.local/lib/python3.7/site-packages/airflow/example_dags/example_branch_operator.py
[2022-07-14 16:31:25,322] {logging_mixin.py:115} INFO - [2022-07-14 16:31:25,322] {dag.py:2420} INFO - Sync 1 DAGs
[2022-07-14 16:31:25,360] {logging_mixin.py:115} INFO - [2022-07-14 16:31:25,360] {dag.py:2972} INFO - Setting next_dagrun for example_branch_operator to 2022-07-13T00:00:00+00:00, run_after=2022-07-14T00:00:00+00:00
[2022-07-14 16:31:25,373] {processor.py:161} INFO - Processing /home/airflow/.local/lib/python3.7/site-packages/airflow/example_dags/example_branch_operator.py took 0.185 seconds
[2022-07-14 16:31:55,824] {processor.py:153} INFO - Started process (PID=1661) to work on /home/airflow/.local/lib/python3.7/site-packages/airflow/example_dags/example_branch_operator.py
[2022-07-14 16:31:55,824] {processor.py:641} INFO - Processing file /home/airflow/.local/lib/python3.7/site-packages/airflow/example_dags/example_branch_operator.py for tasks to queue
[2022-07-14 16:31:55,825] {logging_mixin.py:115} INFO - [2022-07-14 16:31:55,825] {dagbag.py:508} INFO - Filling up the DagBag from /home/airflow/.local/lib/python3.7/site-packages/airflow/example_dags/example_branch_operator.py
[2022-07-14 16:31:55,836] {processor.py:651} INFO - DAG(s) dict_keys(['example_branch_operator']) retrieved from /home/airflow/.local/lib/python3.7/site-packages/airflow/example_dags/example_branch_operator.py
[2022-07-14 16:31:55,864] {logging_mixin.py:115} INFO - [2022-07-14 16:31:55,864] {dag.py:2420} INFO - Sync 1 DAGs
[2022-07-14 16:31:55,894] {logging_mixin.py:115} INFO - [2022-07-14 16:31:55,894] {dag.py:2972} INFO - Setting next_dagrun for example_branch_operator to 2022-07-13T00:00:00+00:00, run_after=2022-07-14T00:00:00+00:00
[2022-07-14 16:31:55,923] {processor.py:161} INFO - Processing /home/airflow/.local/lib/python3.7/site-packages/airflow/example_dags/example_branch_operator.py took 0.102 seconds
[2022-07-14 16:32:25,975] {processor.py:153} INFO - Started process (PID=1721) to work on /home/airflow/.local/lib/python3.7/site-packages/airflow/example_dags/example_branch_operator.py
[2022-07-14 16:32:25,992] {processor.py:641} INFO - Processing file /home/airflow/.local/lib/python3.7/site-packages/airflow/example_dags/example_branch_operator.py for tasks to queue
[2022-07-14 16:32:25,994] {logging_mixin.py:115} INFO - [2022-07-14 16:32:25,994] {dagbag.py:508} INFO - Filling up the DagBag from /home/airflow/.local/lib/python3.7/site-packages/airflow/example_dags/example_branch_operator.py
[2022-07-14 16:32:26,036] {processor.py:651} INFO - DAG(s) dict_keys(['example_branch_operator']) retrieved from /home/airflow/.local/lib/python3.7/site-packages/airflow/example_dags/example_branch_operator.py
[2022-07-14 16:32:26,114] {logging_mixin.py:115} INFO - [2022-07-14 16:32:26,113] {dag.py:2420} INFO - Sync 1 DAGs
[2022-07-14 16:32:26,150] {logging_mixin.py:115} INFO - [2022-07-14 16:32:26,150] {dag.py:2972} INFO - Setting next_dagrun for example_branch_operator to 2022-07-13T00:00:00+00:00, run_after=2022-07-14T00:00:00+00:00
[2022-07-14 16:32:26,182] {processor.py:161} INFO - Processing /home/airflow/.local/lib/python3.7/site-packages/airflow/example_dags/example_branch_operator.py took 0.215 seconds
[2022-07-14 16:32:56,271] {processor.py:153} INFO - Started process (PID=1783) to work on /home/airflow/.local/lib/python3.7/site-packages/airflow/example_dags/example_branch_operator.py
[2022-07-14 16:32:56,272] {processor.py:641} INFO - Processing file /home/airflow/.local/lib/python3.7/site-packages/airflow/example_dags/example_branch_operator.py for tasks to queue
[2022-07-14 16:32:56,272] {logging_mixin.py:115} INFO - [2022-07-14 16:32:56,272] {dagbag.py:508} INFO - Filling up the DagBag from /home/airflow/.local/lib/python3.7/site-packages/airflow/example_dags/example_branch_operator.py
[2022-07-14 16:32:56,285] {processor.py:651} INFO - DAG(s) dict_keys(['example_branch_operator']) retrieved from /home/airflow/.local/lib/python3.7/site-packages/airflow/example_dags/example_branch_operator.py
[2022-07-14 16:32:56,313] {logging_mixin.py:115} INFO - [2022-07-14 16:32:56,313] {dag.py:2420} INFO - Sync 1 DAGs
[2022-07-14 16:32:56,336] {logging_mixin.py:115} INFO - [2022-07-14 16:32:56,336] {dag.py:2972} INFO - Setting next_dagrun for example_branch_operator to 2022-07-13T00:00:00+00:00, run_after=2022-07-14T00:00:00+00:00
[2022-07-14 16:32:56,364] {processor.py:161} INFO - Processing /home/airflow/.local/lib/python3.7/site-packages/airflow/example_dags/example_branch_operator.py took 0.097 seconds
[2022-07-14 16:33:26,408] {processor.py:153} INFO - Started process (PID=1834) to work on /home/airflow/.local/lib/python3.7/site-packages/airflow/example_dags/example_branch_operator.py
[2022-07-14 16:33:26,427] {processor.py:641} INFO - Processing file /home/airflow/.local/lib/python3.7/site-packages/airflow/example_dags/example_branch_operator.py for tasks to queue
[2022-07-14 16:33:26,427] {logging_mixin.py:115} INFO - [2022-07-14 16:33:26,427] {dagbag.py:508} INFO - Filling up the DagBag from /home/airflow/.local/lib/python3.7/site-packages/airflow/example_dags/example_branch_operator.py
[2022-07-14 16:33:26,447] {processor.py:651} INFO - DAG(s) dict_keys(['example_branch_operator']) retrieved from /home/airflow/.local/lib/python3.7/site-packages/airflow/example_dags/example_branch_operator.py
[2022-07-14 16:33:26,476] {logging_mixin.py:115} INFO - [2022-07-14 16:33:26,475] {dag.py:2420} INFO - Sync 1 DAGs
[2022-07-14 16:33:26,502] {logging_mixin.py:115} INFO - [2022-07-14 16:33:26,502] {dag.py:2972} INFO - Setting next_dagrun for example_branch_operator to 2022-07-13T00:00:00+00:00, run_after=2022-07-14T00:00:00+00:00
[2022-07-14 16:33:26,513] {processor.py:161} INFO - Processing /home/airflow/.local/lib/python3.7/site-packages/airflow/example_dags/example_branch_operator.py took 0.107 seconds
[2022-07-14 16:33:56,679] {processor.py:153} INFO - Started process (PID=1895) to work on /home/airflow/.local/lib/python3.7/site-packages/airflow/example_dags/example_branch_operator.py
[2022-07-14 16:33:56,679] {processor.py:641} INFO - Processing file /home/airflow/.local/lib/python3.7/site-packages/airflow/example_dags/example_branch_operator.py for tasks to queue
[2022-07-14 16:33:56,680] {logging_mixin.py:115} INFO - [2022-07-14 16:33:56,680] {dagbag.py:508} INFO - Filling up the DagBag from /home/airflow/.local/lib/python3.7/site-packages/airflow/example_dags/example_branch_operator.py
[2022-07-14 16:33:56,691] {processor.py:651} INFO - DAG(s) dict_keys(['example_branch_operator']) retrieved from /home/airflow/.local/lib/python3.7/site-packages/airflow/example_dags/example_branch_operator.py
[2022-07-14 16:33:56,717] {logging_mixin.py:115} INFO - [2022-07-14 16:33:56,717] {dag.py:2420} INFO - Sync 1 DAGs
[2022-07-14 16:33:56,739] {logging_mixin.py:115} INFO - [2022-07-14 16:33:56,739] {dag.py:2972} INFO - Setting next_dagrun for example_branch_operator to 2022-07-13T00:00:00+00:00, run_after=2022-07-14T00:00:00+00:00
[2022-07-14 16:33:56,771] {processor.py:161} INFO - Processing /home/airflow/.local/lib/python3.7/site-packages/airflow/example_dags/example_branch_operator.py took 0.096 seconds
[2022-07-14 16:34:27,188] {processor.py:153} INFO - Started process (PID=1947) to work on /home/airflow/.local/lib/python3.7/site-packages/airflow/example_dags/example_branch_operator.py
[2022-07-14 16:34:27,199] {processor.py:641} INFO - Processing file /home/airflow/.local/lib/python3.7/site-packages/airflow/example_dags/example_branch_operator.py for tasks to queue
[2022-07-14 16:34:27,199] {logging_mixin.py:115} INFO - [2022-07-14 16:34:27,199] {dagbag.py:508} INFO - Filling up the DagBag from /home/airflow/.local/lib/python3.7/site-packages/airflow/example_dags/example_branch_operator.py
[2022-07-14 16:34:27,223] {processor.py:651} INFO - DAG(s) dict_keys(['example_branch_operator']) retrieved from /home/airflow/.local/lib/python3.7/site-packages/airflow/example_dags/example_branch_operator.py
[2022-07-14 16:34:27,296] {logging_mixin.py:115} INFO - [2022-07-14 16:34:27,295] {dag.py:2420} INFO - Sync 1 DAGs
[2022-07-14 16:34:27,349] {logging_mixin.py:115} INFO - [2022-07-14 16:34:27,349] {dag.py:2972} INFO - Setting next_dagrun for example_branch_operator to 2022-07-13T00:00:00+00:00, run_after=2022-07-14T00:00:00+00:00
[2022-07-14 16:34:27,369] {processor.py:161} INFO - Processing /home/airflow/.local/lib/python3.7/site-packages/airflow/example_dags/example_branch_operator.py took 0.185 seconds
[2022-07-14 16:34:57,999] {processor.py:153} INFO - Started process (PID=2008) to work on /home/airflow/.local/lib/python3.7/site-packages/airflow/example_dags/example_branch_operator.py
[2022-07-14 16:34:58,016] {processor.py:641} INFO - Processing file /home/airflow/.local/lib/python3.7/site-packages/airflow/example_dags/example_branch_operator.py for tasks to queue
[2022-07-14 16:34:58,017] {logging_mixin.py:115} INFO - [2022-07-14 16:34:58,017] {dagbag.py:508} INFO - Filling up the DagBag from /home/airflow/.local/lib/python3.7/site-packages/airflow/example_dags/example_branch_operator.py
[2022-07-14 16:34:58,029] {processor.py:651} INFO - DAG(s) dict_keys(['example_branch_operator']) retrieved from /home/airflow/.local/lib/python3.7/site-packages/airflow/example_dags/example_branch_operator.py
[2022-07-14 16:34:58,053] {logging_mixin.py:115} INFO - [2022-07-14 16:34:58,053] {dag.py:2420} INFO - Sync 1 DAGs
[2022-07-14 16:34:58,074] {logging_mixin.py:115} INFO - [2022-07-14 16:34:58,074] {dag.py:2972} INFO - Setting next_dagrun for example_branch_operator to 2022-07-13T00:00:00+00:00, run_after=2022-07-14T00:00:00+00:00
[2022-07-14 16:34:58,085] {processor.py:161} INFO - Processing /home/airflow/.local/lib/python3.7/site-packages/airflow/example_dags/example_branch_operator.py took 0.092 seconds
[2022-07-14 16:35:28,213] {processor.py:153} INFO - Started process (PID=2060) to work on /home/airflow/.local/lib/python3.7/site-packages/airflow/example_dags/example_branch_operator.py
[2022-07-14 16:35:28,224] {processor.py:641} INFO - Processing file /home/airflow/.local/lib/python3.7/site-packages/airflow/example_dags/example_branch_operator.py for tasks to queue
[2022-07-14 16:35:28,226] {logging_mixin.py:115} INFO - [2022-07-14 16:35:28,225] {dagbag.py:508} INFO - Filling up the DagBag from /home/airflow/.local/lib/python3.7/site-packages/airflow/example_dags/example_branch_operator.py
[2022-07-14 16:35:28,266] {processor.py:651} INFO - DAG(s) dict_keys(['example_branch_operator']) retrieved from /home/airflow/.local/lib/python3.7/site-packages/airflow/example_dags/example_branch_operator.py
[2022-07-14 16:35:28,303] {logging_mixin.py:115} INFO - [2022-07-14 16:35:28,303] {dag.py:2420} INFO - Sync 1 DAGs
[2022-07-14 16:35:28,334] {logging_mixin.py:115} INFO - [2022-07-14 16:35:28,334] {dag.py:2972} INFO - Setting next_dagrun for example_branch_operator to 2022-07-13T00:00:00+00:00, run_after=2022-07-14T00:00:00+00:00
[2022-07-14 16:35:28,348] {processor.py:161} INFO - Processing /home/airflow/.local/lib/python3.7/site-packages/airflow/example_dags/example_branch_operator.py took 0.150 seconds
[2022-07-14 16:35:58,424] {processor.py:153} INFO - Started process (PID=2119) to work on /home/airflow/.local/lib/python3.7/site-packages/airflow/example_dags/example_branch_operator.py
[2022-07-14 16:35:58,424] {processor.py:641} INFO - Processing file /home/airflow/.local/lib/python3.7/site-packages/airflow/example_dags/example_branch_operator.py for tasks to queue
[2022-07-14 16:35:58,425] {logging_mixin.py:115} INFO - [2022-07-14 16:35:58,424] {dagbag.py:508} INFO - Filling up the DagBag from /home/airflow/.local/lib/python3.7/site-packages/airflow/example_dags/example_branch_operator.py
[2022-07-14 16:35:58,434] {processor.py:651} INFO - DAG(s) dict_keys(['example_branch_operator']) retrieved from /home/airflow/.local/lib/python3.7/site-packages/airflow/example_dags/example_branch_operator.py
[2022-07-14 16:35:58,460] {logging_mixin.py:115} INFO - [2022-07-14 16:35:58,459] {dag.py:2420} INFO - Sync 1 DAGs
[2022-07-14 16:35:58,483] {logging_mixin.py:115} INFO - [2022-07-14 16:35:58,482] {dag.py:2972} INFO - Setting next_dagrun for example_branch_operator to 2022-07-13T00:00:00+00:00, run_after=2022-07-14T00:00:00+00:00
[2022-07-14 16:35:58,493] {processor.py:161} INFO - Processing /home/airflow/.local/lib/python3.7/site-packages/airflow/example_dags/example_branch_operator.py took 0.071 seconds
