[2022-07-14 16:16:58,374] {processor.py:153} INFO - Started process (PID=52) to work on /home/airflow/.local/lib/python3.7/site-packages/airflow/example_dags/example_branch_operator_decorator.py
[2022-07-14 16:16:58,378] {processor.py:641} INFO - Processing file /home/airflow/.local/lib/python3.7/site-packages/airflow/example_dags/example_branch_operator_decorator.py for tasks to queue
[2022-07-14 16:16:58,378] {logging_mixin.py:115} INFO - [2022-07-14 16:16:58,378] {dagbag.py:508} INFO - Filling up the DagBag from /home/airflow/.local/lib/python3.7/site-packages/airflow/example_dags/example_branch_operator_decorator.py
[2022-07-14 16:16:59,031] {processor.py:651} INFO - DAG(s) dict_keys(['example_branch_python_operator_decorator']) retrieved from /home/airflow/.local/lib/python3.7/site-packages/airflow/example_dags/example_branch_operator_decorator.py
[2022-07-14 16:16:59,548] {logging_mixin.py:115} INFO - [2022-07-14 16:16:59,548] {manager.py:508} INFO - Created Permission View: can delete on DAG:example_branch_python_operator_decorator
[2022-07-14 16:16:59,627] {logging_mixin.py:115} INFO - [2022-07-14 16:16:59,627] {manager.py:508} INFO - Created Permission View: can read on DAG:example_branch_python_operator_decorator
[2022-07-14 16:16:59,673] {logging_mixin.py:115} INFO - [2022-07-14 16:16:59,673] {manager.py:508} INFO - Created Permission View: can edit on DAG:example_branch_python_operator_decorator
[2022-07-14 16:16:59,673] {logging_mixin.py:115} INFO - [2022-07-14 16:16:59,673] {dag.py:2420} INFO - Sync 1 DAGs
[2022-07-14 16:16:59,688] {logging_mixin.py:115} INFO - [2022-07-14 16:16:59,688] {dag.py:2439} INFO - Creating ORM DAG for example_branch_python_operator_decorator
[2022-07-14 16:16:59,714] {logging_mixin.py:115} INFO - [2022-07-14 16:16:59,714] {dag.py:2972} INFO - Setting next_dagrun for example_branch_python_operator_decorator to 2022-07-13T00:00:00+00:00, run_after=2022-07-14T00:00:00+00:00
[2022-07-14 16:16:59,771] {processor.py:161} INFO - Processing /home/airflow/.local/lib/python3.7/site-packages/airflow/example_dags/example_branch_operator_decorator.py took 1.402 seconds
[2022-07-14 16:17:29,860] {processor.py:153} INFO - Started process (PID=102) to work on /home/airflow/.local/lib/python3.7/site-packages/airflow/example_dags/example_branch_operator_decorator.py
[2022-07-14 16:17:29,882] {processor.py:641} INFO - Processing file /home/airflow/.local/lib/python3.7/site-packages/airflow/example_dags/example_branch_operator_decorator.py for tasks to queue
[2022-07-14 16:17:29,882] {logging_mixin.py:115} INFO - [2022-07-14 16:17:29,882] {dagbag.py:508} INFO - Filling up the DagBag from /home/airflow/.local/lib/python3.7/site-packages/airflow/example_dags/example_branch_operator_decorator.py
[2022-07-14 16:17:29,912] {processor.py:651} INFO - DAG(s) dict_keys(['example_branch_python_operator_decorator']) retrieved from /home/airflow/.local/lib/python3.7/site-packages/airflow/example_dags/example_branch_operator_decorator.py
[2022-07-14 16:17:29,960] {logging_mixin.py:115} INFO - [2022-07-14 16:17:29,960] {dag.py:2420} INFO - Sync 1 DAGs
[2022-07-14 16:17:30,009] {logging_mixin.py:115} INFO - [2022-07-14 16:17:30,009] {dag.py:2972} INFO - Setting next_dagrun for example_branch_python_operator_decorator to 2022-07-13T00:00:00+00:00, run_after=2022-07-14T00:00:00+00:00
[2022-07-14 16:17:30,033] {processor.py:161} INFO - Processing /home/airflow/.local/lib/python3.7/site-packages/airflow/example_dags/example_branch_operator_decorator.py took 0.176 seconds
[2022-07-14 16:18:00,069] {processor.py:153} INFO - Started process (PID=153) to work on /home/airflow/.local/lib/python3.7/site-packages/airflow/example_dags/example_branch_operator_decorator.py
[2022-07-14 16:18:00,070] {processor.py:641} INFO - Processing file /home/airflow/.local/lib/python3.7/site-packages/airflow/example_dags/example_branch_operator_decorator.py for tasks to queue
[2022-07-14 16:18:00,071] {logging_mixin.py:115} INFO - [2022-07-14 16:18:00,071] {dagbag.py:508} INFO - Filling up the DagBag from /home/airflow/.local/lib/python3.7/site-packages/airflow/example_dags/example_branch_operator_decorator.py
[2022-07-14 16:18:00,108] {processor.py:651} INFO - DAG(s) dict_keys(['example_branch_python_operator_decorator']) retrieved from /home/airflow/.local/lib/python3.7/site-packages/airflow/example_dags/example_branch_operator_decorator.py
[2022-07-14 16:18:00,148] {logging_mixin.py:115} INFO - [2022-07-14 16:18:00,148] {dag.py:2420} INFO - Sync 1 DAGs
[2022-07-14 16:18:00,188] {logging_mixin.py:115} INFO - [2022-07-14 16:18:00,188] {dag.py:2972} INFO - Setting next_dagrun for example_branch_python_operator_decorator to 2022-07-13T00:00:00+00:00, run_after=2022-07-14T00:00:00+00:00
[2022-07-14 16:18:00,239] {processor.py:161} INFO - Processing /home/airflow/.local/lib/python3.7/site-packages/airflow/example_dags/example_branch_operator_decorator.py took 0.175 seconds
[2022-07-14 16:18:30,332] {processor.py:153} INFO - Started process (PID=205) to work on /home/airflow/.local/lib/python3.7/site-packages/airflow/example_dags/example_branch_operator_decorator.py
[2022-07-14 16:18:30,333] {processor.py:641} INFO - Processing file /home/airflow/.local/lib/python3.7/site-packages/airflow/example_dags/example_branch_operator_decorator.py for tasks to queue
[2022-07-14 16:18:30,334] {logging_mixin.py:115} INFO - [2022-07-14 16:18:30,333] {dagbag.py:508} INFO - Filling up the DagBag from /home/airflow/.local/lib/python3.7/site-packages/airflow/example_dags/example_branch_operator_decorator.py
[2022-07-14 16:18:30,358] {processor.py:651} INFO - DAG(s) dict_keys(['example_branch_python_operator_decorator']) retrieved from /home/airflow/.local/lib/python3.7/site-packages/airflow/example_dags/example_branch_operator_decorator.py
[2022-07-14 16:18:30,398] {logging_mixin.py:115} INFO - [2022-07-14 16:18:30,398] {dag.py:2420} INFO - Sync 1 DAGs
[2022-07-14 16:18:30,434] {logging_mixin.py:115} INFO - [2022-07-14 16:18:30,434] {dag.py:2972} INFO - Setting next_dagrun for example_branch_python_operator_decorator to 2022-07-13T00:00:00+00:00, run_after=2022-07-14T00:00:00+00:00
[2022-07-14 16:18:30,474] {processor.py:161} INFO - Processing /home/airflow/.local/lib/python3.7/site-packages/airflow/example_dags/example_branch_operator_decorator.py took 0.146 seconds
[2022-07-14 16:19:00,690] {processor.py:153} INFO - Started process (PID=265) to work on /home/airflow/.local/lib/python3.7/site-packages/airflow/example_dags/example_branch_operator_decorator.py
[2022-07-14 16:19:00,719] {processor.py:641} INFO - Processing file /home/airflow/.local/lib/python3.7/site-packages/airflow/example_dags/example_branch_operator_decorator.py for tasks to queue
[2022-07-14 16:19:00,720] {logging_mixin.py:115} INFO - [2022-07-14 16:19:00,719] {dagbag.py:508} INFO - Filling up the DagBag from /home/airflow/.local/lib/python3.7/site-packages/airflow/example_dags/example_branch_operator_decorator.py
[2022-07-14 16:19:00,798] {processor.py:651} INFO - DAG(s) dict_keys(['example_branch_python_operator_decorator']) retrieved from /home/airflow/.local/lib/python3.7/site-packages/airflow/example_dags/example_branch_operator_decorator.py
[2022-07-14 16:19:00,897] {logging_mixin.py:115} INFO - [2022-07-14 16:19:00,897] {dag.py:2420} INFO - Sync 1 DAGs
[2022-07-14 16:19:01,028] {logging_mixin.py:115} INFO - [2022-07-14 16:19:01,028] {dag.py:2972} INFO - Setting next_dagrun for example_branch_python_operator_decorator to 2022-07-13T00:00:00+00:00, run_after=2022-07-14T00:00:00+00:00
[2022-07-14 16:19:01,123] {processor.py:161} INFO - Processing /home/airflow/.local/lib/python3.7/site-packages/airflow/example_dags/example_branch_operator_decorator.py took 0.444 seconds
[2022-07-14 16:19:31,584] {processor.py:153} INFO - Started process (PID=317) to work on /home/airflow/.local/lib/python3.7/site-packages/airflow/example_dags/example_branch_operator_decorator.py
[2022-07-14 16:19:31,605] {processor.py:641} INFO - Processing file /home/airflow/.local/lib/python3.7/site-packages/airflow/example_dags/example_branch_operator_decorator.py for tasks to queue
[2022-07-14 16:19:31,606] {logging_mixin.py:115} INFO - [2022-07-14 16:19:31,606] {dagbag.py:508} INFO - Filling up the DagBag from /home/airflow/.local/lib/python3.7/site-packages/airflow/example_dags/example_branch_operator_decorator.py
[2022-07-14 16:19:31,658] {processor.py:651} INFO - DAG(s) dict_keys(['example_branch_python_operator_decorator']) retrieved from /home/airflow/.local/lib/python3.7/site-packages/airflow/example_dags/example_branch_operator_decorator.py
[2022-07-14 16:19:31,713] {logging_mixin.py:115} INFO - [2022-07-14 16:19:31,713] {dag.py:2420} INFO - Sync 1 DAGs
[2022-07-14 16:19:31,748] {logging_mixin.py:115} INFO - [2022-07-14 16:19:31,748] {dag.py:2972} INFO - Setting next_dagrun for example_branch_python_operator_decorator to 2022-07-13T00:00:00+00:00, run_after=2022-07-14T00:00:00+00:00
[2022-07-14 16:19:31,766] {processor.py:161} INFO - Processing /home/airflow/.local/lib/python3.7/site-packages/airflow/example_dags/example_branch_operator_decorator.py took 0.192 seconds
[2022-07-14 16:20:02,423] {processor.py:153} INFO - Started process (PID=369) to work on /home/airflow/.local/lib/python3.7/site-packages/airflow/example_dags/example_branch_operator_decorator.py
[2022-07-14 16:20:02,449] {processor.py:641} INFO - Processing file /home/airflow/.local/lib/python3.7/site-packages/airflow/example_dags/example_branch_operator_decorator.py for tasks to queue
[2022-07-14 16:20:02,450] {logging_mixin.py:115} INFO - [2022-07-14 16:20:02,450] {dagbag.py:508} INFO - Filling up the DagBag from /home/airflow/.local/lib/python3.7/site-packages/airflow/example_dags/example_branch_operator_decorator.py
[2022-07-14 16:20:02,477] {processor.py:651} INFO - DAG(s) dict_keys(['example_branch_python_operator_decorator']) retrieved from /home/airflow/.local/lib/python3.7/site-packages/airflow/example_dags/example_branch_operator_decorator.py
[2022-07-14 16:20:02,523] {logging_mixin.py:115} INFO - [2022-07-14 16:20:02,523] {dag.py:2420} INFO - Sync 1 DAGs
[2022-07-14 16:20:02,562] {logging_mixin.py:115} INFO - [2022-07-14 16:20:02,562] {dag.py:2972} INFO - Setting next_dagrun for example_branch_python_operator_decorator to 2022-07-13T00:00:00+00:00, run_after=2022-07-14T00:00:00+00:00
[2022-07-14 16:20:02,591] {processor.py:161} INFO - Processing /home/airflow/.local/lib/python3.7/site-packages/airflow/example_dags/example_branch_operator_decorator.py took 0.171 seconds
[2022-07-14 16:20:33,062] {processor.py:153} INFO - Started process (PID=419) to work on /home/airflow/.local/lib/python3.7/site-packages/airflow/example_dags/example_branch_operator_decorator.py
[2022-07-14 16:20:33,073] {processor.py:641} INFO - Processing file /home/airflow/.local/lib/python3.7/site-packages/airflow/example_dags/example_branch_operator_decorator.py for tasks to queue
[2022-07-14 16:20:33,081] {logging_mixin.py:115} INFO - [2022-07-14 16:20:33,081] {dagbag.py:508} INFO - Filling up the DagBag from /home/airflow/.local/lib/python3.7/site-packages/airflow/example_dags/example_branch_operator_decorator.py
[2022-07-14 16:20:33,155] {processor.py:651} INFO - DAG(s) dict_keys(['example_branch_python_operator_decorator']) retrieved from /home/airflow/.local/lib/python3.7/site-packages/airflow/example_dags/example_branch_operator_decorator.py
[2022-07-14 16:20:33,276] {logging_mixin.py:115} INFO - [2022-07-14 16:20:33,276] {dag.py:2420} INFO - Sync 1 DAGs
[2022-07-14 16:20:33,333] {logging_mixin.py:115} INFO - [2022-07-14 16:20:33,333] {dag.py:2972} INFO - Setting next_dagrun for example_branch_python_operator_decorator to 2022-07-13T00:00:00+00:00, run_after=2022-07-14T00:00:00+00:00
[2022-07-14 16:20:33,369] {processor.py:161} INFO - Processing /home/airflow/.local/lib/python3.7/site-packages/airflow/example_dags/example_branch_operator_decorator.py took 0.311 seconds
[2022-07-14 16:21:03,454] {processor.py:153} INFO - Started process (PID=479) to work on /home/airflow/.local/lib/python3.7/site-packages/airflow/example_dags/example_branch_operator_decorator.py
[2022-07-14 16:21:03,485] {processor.py:641} INFO - Processing file /home/airflow/.local/lib/python3.7/site-packages/airflow/example_dags/example_branch_operator_decorator.py for tasks to queue
[2022-07-14 16:21:03,486] {logging_mixin.py:115} INFO - [2022-07-14 16:21:03,485] {dagbag.py:508} INFO - Filling up the DagBag from /home/airflow/.local/lib/python3.7/site-packages/airflow/example_dags/example_branch_operator_decorator.py
[2022-07-14 16:21:03,527] {processor.py:651} INFO - DAG(s) dict_keys(['example_branch_python_operator_decorator']) retrieved from /home/airflow/.local/lib/python3.7/site-packages/airflow/example_dags/example_branch_operator_decorator.py
[2022-07-14 16:21:03,568] {logging_mixin.py:115} INFO - [2022-07-14 16:21:03,567] {dag.py:2420} INFO - Sync 1 DAGs
[2022-07-14 16:21:03,615] {logging_mixin.py:115} INFO - [2022-07-14 16:21:03,614] {dag.py:2972} INFO - Setting next_dagrun for example_branch_python_operator_decorator to 2022-07-13T00:00:00+00:00, run_after=2022-07-14T00:00:00+00:00
[2022-07-14 16:21:03,634] {processor.py:161} INFO - Processing /home/airflow/.local/lib/python3.7/site-packages/airflow/example_dags/example_branch_operator_decorator.py took 0.187 seconds
[2022-07-14 16:21:34,202] {processor.py:153} INFO - Started process (PID=532) to work on /home/airflow/.local/lib/python3.7/site-packages/airflow/example_dags/example_branch_operator_decorator.py
[2022-07-14 16:21:34,212] {processor.py:641} INFO - Processing file /home/airflow/.local/lib/python3.7/site-packages/airflow/example_dags/example_branch_operator_decorator.py for tasks to queue
[2022-07-14 16:21:34,213] {logging_mixin.py:115} INFO - [2022-07-14 16:21:34,212] {dagbag.py:508} INFO - Filling up the DagBag from /home/airflow/.local/lib/python3.7/site-packages/airflow/example_dags/example_branch_operator_decorator.py
[2022-07-14 16:21:34,257] {processor.py:651} INFO - DAG(s) dict_keys(['example_branch_python_operator_decorator']) retrieved from /home/airflow/.local/lib/python3.7/site-packages/airflow/example_dags/example_branch_operator_decorator.py
[2022-07-14 16:21:34,295] {logging_mixin.py:115} INFO - [2022-07-14 16:21:34,295] {dag.py:2420} INFO - Sync 1 DAGs
[2022-07-14 16:21:34,330] {logging_mixin.py:115} INFO - [2022-07-14 16:21:34,330] {dag.py:2972} INFO - Setting next_dagrun for example_branch_python_operator_decorator to 2022-07-13T00:00:00+00:00, run_after=2022-07-14T00:00:00+00:00
[2022-07-14 16:21:34,383] {processor.py:161} INFO - Processing /home/airflow/.local/lib/python3.7/site-packages/airflow/example_dags/example_branch_operator_decorator.py took 0.184 seconds
[2022-07-14 16:22:04,615] {processor.py:153} INFO - Started process (PID=583) to work on /home/airflow/.local/lib/python3.7/site-packages/airflow/example_dags/example_branch_operator_decorator.py
[2022-07-14 16:22:04,616] {processor.py:641} INFO - Processing file /home/airflow/.local/lib/python3.7/site-packages/airflow/example_dags/example_branch_operator_decorator.py for tasks to queue
[2022-07-14 16:22:04,617] {logging_mixin.py:115} INFO - [2022-07-14 16:22:04,616] {dagbag.py:508} INFO - Filling up the DagBag from /home/airflow/.local/lib/python3.7/site-packages/airflow/example_dags/example_branch_operator_decorator.py
[2022-07-14 16:22:04,644] {processor.py:651} INFO - DAG(s) dict_keys(['example_branch_python_operator_decorator']) retrieved from /home/airflow/.local/lib/python3.7/site-packages/airflow/example_dags/example_branch_operator_decorator.py
[2022-07-14 16:22:04,701] {logging_mixin.py:115} INFO - [2022-07-14 16:22:04,701] {dag.py:2420} INFO - Sync 1 DAGs
[2022-07-14 16:22:04,747] {logging_mixin.py:115} INFO - [2022-07-14 16:22:04,747] {dag.py:2972} INFO - Setting next_dagrun for example_branch_python_operator_decorator to 2022-07-13T00:00:00+00:00, run_after=2022-07-14T00:00:00+00:00
[2022-07-14 16:22:04,810] {processor.py:161} INFO - Processing /home/airflow/.local/lib/python3.7/site-packages/airflow/example_dags/example_branch_operator_decorator.py took 0.199 seconds
[2022-07-14 16:22:34,970] {processor.py:153} INFO - Started process (PID=643) to work on /home/airflow/.local/lib/python3.7/site-packages/airflow/example_dags/example_branch_operator_decorator.py
[2022-07-14 16:22:35,006] {processor.py:641} INFO - Processing file /home/airflow/.local/lib/python3.7/site-packages/airflow/example_dags/example_branch_operator_decorator.py for tasks to queue
[2022-07-14 16:22:35,007] {logging_mixin.py:115} INFO - [2022-07-14 16:22:35,007] {dagbag.py:508} INFO - Filling up the DagBag from /home/airflow/.local/lib/python3.7/site-packages/airflow/example_dags/example_branch_operator_decorator.py
[2022-07-14 16:22:35,041] {processor.py:651} INFO - DAG(s) dict_keys(['example_branch_python_operator_decorator']) retrieved from /home/airflow/.local/lib/python3.7/site-packages/airflow/example_dags/example_branch_operator_decorator.py
[2022-07-14 16:22:35,090] {logging_mixin.py:115} INFO - [2022-07-14 16:22:35,090] {dag.py:2420} INFO - Sync 1 DAGs
[2022-07-14 16:22:35,129] {logging_mixin.py:115} INFO - [2022-07-14 16:22:35,129] {dag.py:2972} INFO - Setting next_dagrun for example_branch_python_operator_decorator to 2022-07-13T00:00:00+00:00, run_after=2022-07-14T00:00:00+00:00
[2022-07-14 16:22:35,150] {processor.py:161} INFO - Processing /home/airflow/.local/lib/python3.7/site-packages/airflow/example_dags/example_branch_operator_decorator.py took 0.186 seconds
[2022-07-14 16:23:05,183] {processor.py:153} INFO - Started process (PID=695) to work on /home/airflow/.local/lib/python3.7/site-packages/airflow/example_dags/example_branch_operator_decorator.py
[2022-07-14 16:23:05,184] {processor.py:641} INFO - Processing file /home/airflow/.local/lib/python3.7/site-packages/airflow/example_dags/example_branch_operator_decorator.py for tasks to queue
[2022-07-14 16:23:05,184] {logging_mixin.py:115} INFO - [2022-07-14 16:23:05,184] {dagbag.py:508} INFO - Filling up the DagBag from /home/airflow/.local/lib/python3.7/site-packages/airflow/example_dags/example_branch_operator_decorator.py
[2022-07-14 16:23:05,266] {processor.py:651} INFO - DAG(s) dict_keys(['example_branch_python_operator_decorator']) retrieved from /home/airflow/.local/lib/python3.7/site-packages/airflow/example_dags/example_branch_operator_decorator.py
[2022-07-14 16:23:05,307] {logging_mixin.py:115} INFO - [2022-07-14 16:23:05,307] {dag.py:2420} INFO - Sync 1 DAGs
[2022-07-14 16:23:05,341] {logging_mixin.py:115} INFO - [2022-07-14 16:23:05,341] {dag.py:2972} INFO - Setting next_dagrun for example_branch_python_operator_decorator to 2022-07-13T00:00:00+00:00, run_after=2022-07-14T00:00:00+00:00
[2022-07-14 16:23:05,380] {processor.py:161} INFO - Processing /home/airflow/.local/lib/python3.7/site-packages/airflow/example_dags/example_branch_operator_decorator.py took 0.200 seconds
[2022-07-14 16:23:35,649] {processor.py:153} INFO - Started process (PID=747) to work on /home/airflow/.local/lib/python3.7/site-packages/airflow/example_dags/example_branch_operator_decorator.py
[2022-07-14 16:23:35,688] {processor.py:641} INFO - Processing file /home/airflow/.local/lib/python3.7/site-packages/airflow/example_dags/example_branch_operator_decorator.py for tasks to queue
[2022-07-14 16:23:35,689] {logging_mixin.py:115} INFO - [2022-07-14 16:23:35,689] {dagbag.py:508} INFO - Filling up the DagBag from /home/airflow/.local/lib/python3.7/site-packages/airflow/example_dags/example_branch_operator_decorator.py
[2022-07-14 16:23:35,725] {processor.py:651} INFO - DAG(s) dict_keys(['example_branch_python_operator_decorator']) retrieved from /home/airflow/.local/lib/python3.7/site-packages/airflow/example_dags/example_branch_operator_decorator.py
[2022-07-14 16:23:35,772] {logging_mixin.py:115} INFO - [2022-07-14 16:23:35,772] {dag.py:2420} INFO - Sync 1 DAGs
[2022-07-14 16:23:35,815] {logging_mixin.py:115} INFO - [2022-07-14 16:23:35,815] {dag.py:2972} INFO - Setting next_dagrun for example_branch_python_operator_decorator to 2022-07-13T00:00:00+00:00, run_after=2022-07-14T00:00:00+00:00
[2022-07-14 16:23:35,833] {processor.py:161} INFO - Processing /home/airflow/.local/lib/python3.7/site-packages/airflow/example_dags/example_branch_operator_decorator.py took 0.187 seconds
[2022-07-14 16:24:06,066] {processor.py:153} INFO - Started process (PID=806) to work on /home/airflow/.local/lib/python3.7/site-packages/airflow/example_dags/example_branch_operator_decorator.py
[2022-07-14 16:24:06,070] {processor.py:641} INFO - Processing file /home/airflow/.local/lib/python3.7/site-packages/airflow/example_dags/example_branch_operator_decorator.py for tasks to queue
[2022-07-14 16:24:06,071] {logging_mixin.py:115} INFO - [2022-07-14 16:24:06,071] {dagbag.py:508} INFO - Filling up the DagBag from /home/airflow/.local/lib/python3.7/site-packages/airflow/example_dags/example_branch_operator_decorator.py
[2022-07-14 16:24:06,124] {processor.py:651} INFO - DAG(s) dict_keys(['example_branch_python_operator_decorator']) retrieved from /home/airflow/.local/lib/python3.7/site-packages/airflow/example_dags/example_branch_operator_decorator.py
[2022-07-14 16:24:06,171] {logging_mixin.py:115} INFO - [2022-07-14 16:24:06,171] {dag.py:2420} INFO - Sync 1 DAGs
[2022-07-14 16:24:06,218] {logging_mixin.py:115} INFO - [2022-07-14 16:24:06,218] {dag.py:2972} INFO - Setting next_dagrun for example_branch_python_operator_decorator to 2022-07-13T00:00:00+00:00, run_after=2022-07-14T00:00:00+00:00
[2022-07-14 16:24:06,241] {processor.py:161} INFO - Processing /home/airflow/.local/lib/python3.7/site-packages/airflow/example_dags/example_branch_operator_decorator.py took 0.183 seconds
[2022-07-14 16:24:37,056] {processor.py:153} INFO - Started process (PID=857) to work on /home/airflow/.local/lib/python3.7/site-packages/airflow/example_dags/example_branch_operator_decorator.py
[2022-07-14 16:24:37,057] {processor.py:641} INFO - Processing file /home/airflow/.local/lib/python3.7/site-packages/airflow/example_dags/example_branch_operator_decorator.py for tasks to queue
[2022-07-14 16:24:37,057] {logging_mixin.py:115} INFO - [2022-07-14 16:24:37,057] {dagbag.py:508} INFO - Filling up the DagBag from /home/airflow/.local/lib/python3.7/site-packages/airflow/example_dags/example_branch_operator_decorator.py
[2022-07-14 16:24:37,104] {processor.py:651} INFO - DAG(s) dict_keys(['example_branch_python_operator_decorator']) retrieved from /home/airflow/.local/lib/python3.7/site-packages/airflow/example_dags/example_branch_operator_decorator.py
[2022-07-14 16:24:37,154] {logging_mixin.py:115} INFO - [2022-07-14 16:24:37,154] {dag.py:2420} INFO - Sync 1 DAGs
[2022-07-14 16:24:37,198] {logging_mixin.py:115} INFO - [2022-07-14 16:24:37,198] {dag.py:2972} INFO - Setting next_dagrun for example_branch_python_operator_decorator to 2022-07-13T00:00:00+00:00, run_after=2022-07-14T00:00:00+00:00
[2022-07-14 16:24:37,226] {processor.py:161} INFO - Processing /home/airflow/.local/lib/python3.7/site-packages/airflow/example_dags/example_branch_operator_decorator.py took 0.174 seconds
[2022-07-14 16:25:07,435] {processor.py:153} INFO - Started process (PID=917) to work on /home/airflow/.local/lib/python3.7/site-packages/airflow/example_dags/example_branch_operator_decorator.py
[2022-07-14 16:25:07,441] {processor.py:641} INFO - Processing file /home/airflow/.local/lib/python3.7/site-packages/airflow/example_dags/example_branch_operator_decorator.py for tasks to queue
[2022-07-14 16:25:07,441] {logging_mixin.py:115} INFO - [2022-07-14 16:25:07,441] {dagbag.py:508} INFO - Filling up the DagBag from /home/airflow/.local/lib/python3.7/site-packages/airflow/example_dags/example_branch_operator_decorator.py
[2022-07-14 16:25:07,481] {processor.py:651} INFO - DAG(s) dict_keys(['example_branch_python_operator_decorator']) retrieved from /home/airflow/.local/lib/python3.7/site-packages/airflow/example_dags/example_branch_operator_decorator.py
[2022-07-14 16:25:07,529] {logging_mixin.py:115} INFO - [2022-07-14 16:25:07,529] {dag.py:2420} INFO - Sync 1 DAGs
[2022-07-14 16:25:07,587] {logging_mixin.py:115} INFO - [2022-07-14 16:25:07,586] {dag.py:2972} INFO - Setting next_dagrun for example_branch_python_operator_decorator to 2022-07-13T00:00:00+00:00, run_after=2022-07-14T00:00:00+00:00
[2022-07-14 16:25:07,603] {processor.py:161} INFO - Processing /home/airflow/.local/lib/python3.7/site-packages/airflow/example_dags/example_branch_operator_decorator.py took 0.175 seconds
[2022-07-14 16:25:38,430] {processor.py:153} INFO - Started process (PID=968) to work on /home/airflow/.local/lib/python3.7/site-packages/airflow/example_dags/example_branch_operator_decorator.py
[2022-07-14 16:25:38,432] {processor.py:641} INFO - Processing file /home/airflow/.local/lib/python3.7/site-packages/airflow/example_dags/example_branch_operator_decorator.py for tasks to queue
[2022-07-14 16:25:38,433] {logging_mixin.py:115} INFO - [2022-07-14 16:25:38,433] {dagbag.py:508} INFO - Filling up the DagBag from /home/airflow/.local/lib/python3.7/site-packages/airflow/example_dags/example_branch_operator_decorator.py
[2022-07-14 16:25:38,473] {processor.py:651} INFO - DAG(s) dict_keys(['example_branch_python_operator_decorator']) retrieved from /home/airflow/.local/lib/python3.7/site-packages/airflow/example_dags/example_branch_operator_decorator.py
[2022-07-14 16:25:38,535] {logging_mixin.py:115} INFO - [2022-07-14 16:25:38,534] {dag.py:2420} INFO - Sync 1 DAGs
[2022-07-14 16:25:38,593] {logging_mixin.py:115} INFO - [2022-07-14 16:25:38,593] {dag.py:2972} INFO - Setting next_dagrun for example_branch_python_operator_decorator to 2022-07-13T00:00:00+00:00, run_after=2022-07-14T00:00:00+00:00
[2022-07-14 16:25:38,645] {processor.py:161} INFO - Processing /home/airflow/.local/lib/python3.7/site-packages/airflow/example_dags/example_branch_operator_decorator.py took 0.222 seconds
[2022-07-14 16:26:09,048] {processor.py:153} INFO - Started process (PID=1025) to work on /home/airflow/.local/lib/python3.7/site-packages/airflow/example_dags/example_branch_operator_decorator.py
[2022-07-14 16:26:09,060] {processor.py:641} INFO - Processing file /home/airflow/.local/lib/python3.7/site-packages/airflow/example_dags/example_branch_operator_decorator.py for tasks to queue
[2022-07-14 16:26:09,061] {logging_mixin.py:115} INFO - [2022-07-14 16:26:09,061] {dagbag.py:508} INFO - Filling up the DagBag from /home/airflow/.local/lib/python3.7/site-packages/airflow/example_dags/example_branch_operator_decorator.py
[2022-07-14 16:26:09,158] {processor.py:651} INFO - DAG(s) dict_keys(['example_branch_python_operator_decorator']) retrieved from /home/airflow/.local/lib/python3.7/site-packages/airflow/example_dags/example_branch_operator_decorator.py
[2022-07-14 16:26:09,222] {logging_mixin.py:115} INFO - [2022-07-14 16:26:09,217] {dag.py:2420} INFO - Sync 1 DAGs
[2022-07-14 16:26:09,277] {logging_mixin.py:115} INFO - [2022-07-14 16:26:09,277] {dag.py:2972} INFO - Setting next_dagrun for example_branch_python_operator_decorator to 2022-07-13T00:00:00+00:00, run_after=2022-07-14T00:00:00+00:00
[2022-07-14 16:26:09,316] {processor.py:161} INFO - Processing /home/airflow/.local/lib/python3.7/site-packages/airflow/example_dags/example_branch_operator_decorator.py took 0.278 seconds
[2022-07-14 16:26:39,842] {processor.py:153} INFO - Started process (PID=1080) to work on /home/airflow/.local/lib/python3.7/site-packages/airflow/example_dags/example_branch_operator_decorator.py
[2022-07-14 16:26:39,844] {processor.py:641} INFO - Processing file /home/airflow/.local/lib/python3.7/site-packages/airflow/example_dags/example_branch_operator_decorator.py for tasks to queue
[2022-07-14 16:26:39,845] {logging_mixin.py:115} INFO - [2022-07-14 16:26:39,845] {dagbag.py:508} INFO - Filling up the DagBag from /home/airflow/.local/lib/python3.7/site-packages/airflow/example_dags/example_branch_operator_decorator.py
[2022-07-14 16:26:39,873] {processor.py:651} INFO - DAG(s) dict_keys(['example_branch_python_operator_decorator']) retrieved from /home/airflow/.local/lib/python3.7/site-packages/airflow/example_dags/example_branch_operator_decorator.py
[2022-07-14 16:26:39,906] {logging_mixin.py:115} INFO - [2022-07-14 16:26:39,906] {dag.py:2420} INFO - Sync 1 DAGs
[2022-07-14 16:26:39,958] {logging_mixin.py:115} INFO - [2022-07-14 16:26:39,958] {dag.py:2972} INFO - Setting next_dagrun for example_branch_python_operator_decorator to 2022-07-13T00:00:00+00:00, run_after=2022-07-14T00:00:00+00:00
[2022-07-14 16:26:39,978] {processor.py:161} INFO - Processing /home/airflow/.local/lib/python3.7/site-packages/airflow/example_dags/example_branch_operator_decorator.py took 0.139 seconds
[2022-07-14 16:27:10,446] {processor.py:153} INFO - Started process (PID=1132) to work on /home/airflow/.local/lib/python3.7/site-packages/airflow/example_dags/example_branch_operator_decorator.py
[2022-07-14 16:27:10,447] {processor.py:641} INFO - Processing file /home/airflow/.local/lib/python3.7/site-packages/airflow/example_dags/example_branch_operator_decorator.py for tasks to queue
[2022-07-14 16:27:10,447] {logging_mixin.py:115} INFO - [2022-07-14 16:27:10,447] {dagbag.py:508} INFO - Filling up the DagBag from /home/airflow/.local/lib/python3.7/site-packages/airflow/example_dags/example_branch_operator_decorator.py
[2022-07-14 16:27:10,473] {processor.py:651} INFO - DAG(s) dict_keys(['example_branch_python_operator_decorator']) retrieved from /home/airflow/.local/lib/python3.7/site-packages/airflow/example_dags/example_branch_operator_decorator.py
[2022-07-14 16:27:10,547] {logging_mixin.py:115} INFO - [2022-07-14 16:27:10,547] {dag.py:2420} INFO - Sync 1 DAGs
[2022-07-14 16:27:10,598] {logging_mixin.py:115} INFO - [2022-07-14 16:27:10,598] {dag.py:2972} INFO - Setting next_dagrun for example_branch_python_operator_decorator to 2022-07-13T00:00:00+00:00, run_after=2022-07-14T00:00:00+00:00
[2022-07-14 16:27:10,621] {processor.py:161} INFO - Processing /home/airflow/.local/lib/python3.7/site-packages/airflow/example_dags/example_branch_operator_decorator.py took 0.180 seconds
[2022-07-14 16:27:40,795] {processor.py:153} INFO - Started process (PID=1192) to work on /home/airflow/.local/lib/python3.7/site-packages/airflow/example_dags/example_branch_operator_decorator.py
[2022-07-14 16:27:40,804] {processor.py:641} INFO - Processing file /home/airflow/.local/lib/python3.7/site-packages/airflow/example_dags/example_branch_operator_decorator.py for tasks to queue
[2022-07-14 16:27:40,805] {logging_mixin.py:115} INFO - [2022-07-14 16:27:40,805] {dagbag.py:508} INFO - Filling up the DagBag from /home/airflow/.local/lib/python3.7/site-packages/airflow/example_dags/example_branch_operator_decorator.py
[2022-07-14 16:27:40,842] {processor.py:651} INFO - DAG(s) dict_keys(['example_branch_python_operator_decorator']) retrieved from /home/airflow/.local/lib/python3.7/site-packages/airflow/example_dags/example_branch_operator_decorator.py
[2022-07-14 16:27:40,899] {logging_mixin.py:115} INFO - [2022-07-14 16:27:40,899] {dag.py:2420} INFO - Sync 1 DAGs
[2022-07-14 16:27:40,968] {logging_mixin.py:115} INFO - [2022-07-14 16:27:40,968] {dag.py:2972} INFO - Setting next_dagrun for example_branch_python_operator_decorator to 2022-07-13T00:00:00+00:00, run_after=2022-07-14T00:00:00+00:00
[2022-07-14 16:27:40,987] {processor.py:161} INFO - Processing /home/airflow/.local/lib/python3.7/site-packages/airflow/example_dags/example_branch_operator_decorator.py took 0.196 seconds
[2022-07-14 16:28:11,209] {processor.py:153} INFO - Started process (PID=1243) to work on /home/airflow/.local/lib/python3.7/site-packages/airflow/example_dags/example_branch_operator_decorator.py
[2022-07-14 16:28:11,225] {processor.py:641} INFO - Processing file /home/airflow/.local/lib/python3.7/site-packages/airflow/example_dags/example_branch_operator_decorator.py for tasks to queue
[2022-07-14 16:28:11,226] {logging_mixin.py:115} INFO - [2022-07-14 16:28:11,226] {dagbag.py:508} INFO - Filling up the DagBag from /home/airflow/.local/lib/python3.7/site-packages/airflow/example_dags/example_branch_operator_decorator.py
[2022-07-14 16:28:11,254] {processor.py:651} INFO - DAG(s) dict_keys(['example_branch_python_operator_decorator']) retrieved from /home/airflow/.local/lib/python3.7/site-packages/airflow/example_dags/example_branch_operator_decorator.py
[2022-07-14 16:28:11,323] {logging_mixin.py:115} INFO - [2022-07-14 16:28:11,322] {dag.py:2420} INFO - Sync 1 DAGs
[2022-07-14 16:28:11,361] {logging_mixin.py:115} INFO - [2022-07-14 16:28:11,361] {dag.py:2972} INFO - Setting next_dagrun for example_branch_python_operator_decorator to 2022-07-13T00:00:00+00:00, run_after=2022-07-14T00:00:00+00:00
[2022-07-14 16:28:11,377] {processor.py:161} INFO - Processing /home/airflow/.local/lib/python3.7/site-packages/airflow/example_dags/example_branch_operator_decorator.py took 0.173 seconds
[2022-07-14 16:28:41,585] {processor.py:153} INFO - Started process (PID=1296) to work on /home/airflow/.local/lib/python3.7/site-packages/airflow/example_dags/example_branch_operator_decorator.py
[2022-07-14 16:28:41,599] {processor.py:641} INFO - Processing file /home/airflow/.local/lib/python3.7/site-packages/airflow/example_dags/example_branch_operator_decorator.py for tasks to queue
[2022-07-14 16:28:41,599] {logging_mixin.py:115} INFO - [2022-07-14 16:28:41,599] {dagbag.py:508} INFO - Filling up the DagBag from /home/airflow/.local/lib/python3.7/site-packages/airflow/example_dags/example_branch_operator_decorator.py
[2022-07-14 16:28:41,633] {processor.py:651} INFO - DAG(s) dict_keys(['example_branch_python_operator_decorator']) retrieved from /home/airflow/.local/lib/python3.7/site-packages/airflow/example_dags/example_branch_operator_decorator.py
[2022-07-14 16:28:41,684] {logging_mixin.py:115} INFO - [2022-07-14 16:28:41,684] {dag.py:2420} INFO - Sync 1 DAGs
[2022-07-14 16:28:41,722] {logging_mixin.py:115} INFO - [2022-07-14 16:28:41,722] {dag.py:2972} INFO - Setting next_dagrun for example_branch_python_operator_decorator to 2022-07-13T00:00:00+00:00, run_after=2022-07-14T00:00:00+00:00
[2022-07-14 16:28:41,739] {processor.py:161} INFO - Processing /home/airflow/.local/lib/python3.7/site-packages/airflow/example_dags/example_branch_operator_decorator.py took 0.158 seconds
[2022-07-14 16:29:12,013] {processor.py:153} INFO - Started process (PID=1357) to work on /home/airflow/.local/lib/python3.7/site-packages/airflow/example_dags/example_branch_operator_decorator.py
[2022-07-14 16:29:12,023] {processor.py:641} INFO - Processing file /home/airflow/.local/lib/python3.7/site-packages/airflow/example_dags/example_branch_operator_decorator.py for tasks to queue
[2022-07-14 16:29:12,023] {logging_mixin.py:115} INFO - [2022-07-14 16:29:12,023] {dagbag.py:508} INFO - Filling up the DagBag from /home/airflow/.local/lib/python3.7/site-packages/airflow/example_dags/example_branch_operator_decorator.py
[2022-07-14 16:29:12,074] {processor.py:651} INFO - DAG(s) dict_keys(['example_branch_python_operator_decorator']) retrieved from /home/airflow/.local/lib/python3.7/site-packages/airflow/example_dags/example_branch_operator_decorator.py
[2022-07-14 16:29:12,114] {logging_mixin.py:115} INFO - [2022-07-14 16:29:12,113] {dag.py:2420} INFO - Sync 1 DAGs
[2022-07-14 16:29:12,148] {logging_mixin.py:115} INFO - [2022-07-14 16:29:12,148] {dag.py:2972} INFO - Setting next_dagrun for example_branch_python_operator_decorator to 2022-07-13T00:00:00+00:00, run_after=2022-07-14T00:00:00+00:00
[2022-07-14 16:29:12,187] {processor.py:161} INFO - Processing /home/airflow/.local/lib/python3.7/site-packages/airflow/example_dags/example_branch_operator_decorator.py took 0.188 seconds
[2022-07-14 16:29:42,531] {processor.py:153} INFO - Started process (PID=1408) to work on /home/airflow/.local/lib/python3.7/site-packages/airflow/example_dags/example_branch_operator_decorator.py
[2022-07-14 16:29:42,542] {processor.py:641} INFO - Processing file /home/airflow/.local/lib/python3.7/site-packages/airflow/example_dags/example_branch_operator_decorator.py for tasks to queue
[2022-07-14 16:29:42,544] {logging_mixin.py:115} INFO - [2022-07-14 16:29:42,544] {dagbag.py:508} INFO - Filling up the DagBag from /home/airflow/.local/lib/python3.7/site-packages/airflow/example_dags/example_branch_operator_decorator.py
[2022-07-14 16:29:42,609] {processor.py:651} INFO - DAG(s) dict_keys(['example_branch_python_operator_decorator']) retrieved from /home/airflow/.local/lib/python3.7/site-packages/airflow/example_dags/example_branch_operator_decorator.py
[2022-07-14 16:29:42,664] {logging_mixin.py:115} INFO - [2022-07-14 16:29:42,664] {dag.py:2420} INFO - Sync 1 DAGs
[2022-07-14 16:29:42,695] {logging_mixin.py:115} INFO - [2022-07-14 16:29:42,695] {dag.py:2972} INFO - Setting next_dagrun for example_branch_python_operator_decorator to 2022-07-13T00:00:00+00:00, run_after=2022-07-14T00:00:00+00:00
[2022-07-14 16:29:42,710] {processor.py:161} INFO - Processing /home/airflow/.local/lib/python3.7/site-packages/airflow/example_dags/example_branch_operator_decorator.py took 0.189 seconds
[2022-07-14 16:30:13,261] {processor.py:153} INFO - Started process (PID=1468) to work on /home/airflow/.local/lib/python3.7/site-packages/airflow/example_dags/example_branch_operator_decorator.py
[2022-07-14 16:30:13,271] {processor.py:641} INFO - Processing file /home/airflow/.local/lib/python3.7/site-packages/airflow/example_dags/example_branch_operator_decorator.py for tasks to queue
[2022-07-14 16:30:13,271] {logging_mixin.py:115} INFO - [2022-07-14 16:30:13,271] {dagbag.py:508} INFO - Filling up the DagBag from /home/airflow/.local/lib/python3.7/site-packages/airflow/example_dags/example_branch_operator_decorator.py
[2022-07-14 16:30:13,314] {processor.py:651} INFO - DAG(s) dict_keys(['example_branch_python_operator_decorator']) retrieved from /home/airflow/.local/lib/python3.7/site-packages/airflow/example_dags/example_branch_operator_decorator.py
[2022-07-14 16:30:13,370] {logging_mixin.py:115} INFO - [2022-07-14 16:30:13,370] {dag.py:2420} INFO - Sync 1 DAGs
[2022-07-14 16:30:13,433] {logging_mixin.py:115} INFO - [2022-07-14 16:30:13,433] {dag.py:2972} INFO - Setting next_dagrun for example_branch_python_operator_decorator to 2022-07-13T00:00:00+00:00, run_after=2022-07-14T00:00:00+00:00
[2022-07-14 16:30:13,453] {processor.py:161} INFO - Processing /home/airflow/.local/lib/python3.7/site-packages/airflow/example_dags/example_branch_operator_decorator.py took 0.195 seconds
[2022-07-14 16:30:43,529] {processor.py:153} INFO - Started process (PID=1518) to work on /home/airflow/.local/lib/python3.7/site-packages/airflow/example_dags/example_branch_operator_decorator.py
[2022-07-14 16:30:43,530] {processor.py:641} INFO - Processing file /home/airflow/.local/lib/python3.7/site-packages/airflow/example_dags/example_branch_operator_decorator.py for tasks to queue
[2022-07-14 16:30:43,531] {logging_mixin.py:115} INFO - [2022-07-14 16:30:43,530] {dagbag.py:508} INFO - Filling up the DagBag from /home/airflow/.local/lib/python3.7/site-packages/airflow/example_dags/example_branch_operator_decorator.py
[2022-07-14 16:30:43,552] {processor.py:651} INFO - DAG(s) dict_keys(['example_branch_python_operator_decorator']) retrieved from /home/airflow/.local/lib/python3.7/site-packages/airflow/example_dags/example_branch_operator_decorator.py
[2022-07-14 16:30:43,577] {logging_mixin.py:115} INFO - [2022-07-14 16:30:43,577] {dag.py:2420} INFO - Sync 1 DAGs
[2022-07-14 16:30:43,598] {logging_mixin.py:115} INFO - [2022-07-14 16:30:43,598] {dag.py:2972} INFO - Setting next_dagrun for example_branch_python_operator_decorator to 2022-07-13T00:00:00+00:00, run_after=2022-07-14T00:00:00+00:00
[2022-07-14 16:30:43,623] {processor.py:161} INFO - Processing /home/airflow/.local/lib/python3.7/site-packages/airflow/example_dags/example_branch_operator_decorator.py took 0.097 seconds
[2022-07-14 16:31:14,076] {processor.py:153} INFO - Started process (PID=1579) to work on /home/airflow/.local/lib/python3.7/site-packages/airflow/example_dags/example_branch_operator_decorator.py
[2022-07-14 16:31:14,087] {processor.py:641} INFO - Processing file /home/airflow/.local/lib/python3.7/site-packages/airflow/example_dags/example_branch_operator_decorator.py for tasks to queue
[2022-07-14 16:31:14,088] {logging_mixin.py:115} INFO - [2022-07-14 16:31:14,088] {dagbag.py:508} INFO - Filling up the DagBag from /home/airflow/.local/lib/python3.7/site-packages/airflow/example_dags/example_branch_operator_decorator.py
[2022-07-14 16:31:14,114] {processor.py:651} INFO - DAG(s) dict_keys(['example_branch_python_operator_decorator']) retrieved from /home/airflow/.local/lib/python3.7/site-packages/airflow/example_dags/example_branch_operator_decorator.py
[2022-07-14 16:31:14,141] {logging_mixin.py:115} INFO - [2022-07-14 16:31:14,141] {dag.py:2420} INFO - Sync 1 DAGs
[2022-07-14 16:31:14,171] {logging_mixin.py:115} INFO - [2022-07-14 16:31:14,171] {dag.py:2972} INFO - Setting next_dagrun for example_branch_python_operator_decorator to 2022-07-13T00:00:00+00:00, run_after=2022-07-14T00:00:00+00:00
[2022-07-14 16:31:14,186] {processor.py:161} INFO - Processing /home/airflow/.local/lib/python3.7/site-packages/airflow/example_dags/example_branch_operator_decorator.py took 0.114 seconds
[2022-07-14 16:31:44,232] {processor.py:153} INFO - Started process (PID=1631) to work on /home/airflow/.local/lib/python3.7/site-packages/airflow/example_dags/example_branch_operator_decorator.py
[2022-07-14 16:31:44,248] {processor.py:641} INFO - Processing file /home/airflow/.local/lib/python3.7/site-packages/airflow/example_dags/example_branch_operator_decorator.py for tasks to queue
[2022-07-14 16:31:44,248] {logging_mixin.py:115} INFO - [2022-07-14 16:31:44,248] {dagbag.py:508} INFO - Filling up the DagBag from /home/airflow/.local/lib/python3.7/site-packages/airflow/example_dags/example_branch_operator_decorator.py
[2022-07-14 16:31:44,266] {processor.py:651} INFO - DAG(s) dict_keys(['example_branch_python_operator_decorator']) retrieved from /home/airflow/.local/lib/python3.7/site-packages/airflow/example_dags/example_branch_operator_decorator.py
[2022-07-14 16:31:44,290] {logging_mixin.py:115} INFO - [2022-07-14 16:31:44,290] {dag.py:2420} INFO - Sync 1 DAGs
[2022-07-14 16:31:44,310] {logging_mixin.py:115} INFO - [2022-07-14 16:31:44,310] {dag.py:2972} INFO - Setting next_dagrun for example_branch_python_operator_decorator to 2022-07-13T00:00:00+00:00, run_after=2022-07-14T00:00:00+00:00
[2022-07-14 16:31:44,322] {processor.py:161} INFO - Processing /home/airflow/.local/lib/python3.7/site-packages/airflow/example_dags/example_branch_operator_decorator.py took 0.098 seconds
[2022-07-14 16:32:14,774] {processor.py:153} INFO - Started process (PID=1693) to work on /home/airflow/.local/lib/python3.7/site-packages/airflow/example_dags/example_branch_operator_decorator.py
[2022-07-14 16:32:14,774] {processor.py:641} INFO - Processing file /home/airflow/.local/lib/python3.7/site-packages/airflow/example_dags/example_branch_operator_decorator.py for tasks to queue
[2022-07-14 16:32:14,775] {logging_mixin.py:115} INFO - [2022-07-14 16:32:14,775] {dagbag.py:508} INFO - Filling up the DagBag from /home/airflow/.local/lib/python3.7/site-packages/airflow/example_dags/example_branch_operator_decorator.py
[2022-07-14 16:32:14,798] {processor.py:651} INFO - DAG(s) dict_keys(['example_branch_python_operator_decorator']) retrieved from /home/airflow/.local/lib/python3.7/site-packages/airflow/example_dags/example_branch_operator_decorator.py
[2022-07-14 16:32:14,820] {logging_mixin.py:115} INFO - [2022-07-14 16:32:14,820] {dag.py:2420} INFO - Sync 1 DAGs
[2022-07-14 16:32:14,841] {logging_mixin.py:115} INFO - [2022-07-14 16:32:14,841] {dag.py:2972} INFO - Setting next_dagrun for example_branch_python_operator_decorator to 2022-07-13T00:00:00+00:00, run_after=2022-07-14T00:00:00+00:00
[2022-07-14 16:32:14,868] {processor.py:161} INFO - Processing /home/airflow/.local/lib/python3.7/site-packages/airflow/example_dags/example_branch_operator_decorator.py took 0.099 seconds
[2022-07-14 16:32:45,072] {processor.py:153} INFO - Started process (PID=1754) to work on /home/airflow/.local/lib/python3.7/site-packages/airflow/example_dags/example_branch_operator_decorator.py
[2022-07-14 16:32:45,078] {processor.py:641} INFO - Processing file /home/airflow/.local/lib/python3.7/site-packages/airflow/example_dags/example_branch_operator_decorator.py for tasks to queue
[2022-07-14 16:32:45,079] {logging_mixin.py:115} INFO - [2022-07-14 16:32:45,079] {dagbag.py:508} INFO - Filling up the DagBag from /home/airflow/.local/lib/python3.7/site-packages/airflow/example_dags/example_branch_operator_decorator.py
[2022-07-14 16:32:45,102] {processor.py:651} INFO - DAG(s) dict_keys(['example_branch_python_operator_decorator']) retrieved from /home/airflow/.local/lib/python3.7/site-packages/airflow/example_dags/example_branch_operator_decorator.py
[2022-07-14 16:32:45,127] {logging_mixin.py:115} INFO - [2022-07-14 16:32:45,127] {dag.py:2420} INFO - Sync 1 DAGs
[2022-07-14 16:32:45,152] {logging_mixin.py:115} INFO - [2022-07-14 16:32:45,152] {dag.py:2972} INFO - Setting next_dagrun for example_branch_python_operator_decorator to 2022-07-13T00:00:00+00:00, run_after=2022-07-14T00:00:00+00:00
[2022-07-14 16:32:45,179] {processor.py:161} INFO - Processing /home/airflow/.local/lib/python3.7/site-packages/airflow/example_dags/example_branch_operator_decorator.py took 0.112 seconds
[2022-07-14 16:33:15,205] {processor.py:153} INFO - Started process (PID=1805) to work on /home/airflow/.local/lib/python3.7/site-packages/airflow/example_dags/example_branch_operator_decorator.py
[2022-07-14 16:33:15,222] {processor.py:641} INFO - Processing file /home/airflow/.local/lib/python3.7/site-packages/airflow/example_dags/example_branch_operator_decorator.py for tasks to queue
[2022-07-14 16:33:15,223] {logging_mixin.py:115} INFO - [2022-07-14 16:33:15,223] {dagbag.py:508} INFO - Filling up the DagBag from /home/airflow/.local/lib/python3.7/site-packages/airflow/example_dags/example_branch_operator_decorator.py
[2022-07-14 16:33:15,242] {processor.py:651} INFO - DAG(s) dict_keys(['example_branch_python_operator_decorator']) retrieved from /home/airflow/.local/lib/python3.7/site-packages/airflow/example_dags/example_branch_operator_decorator.py
[2022-07-14 16:33:15,265] {logging_mixin.py:115} INFO - [2022-07-14 16:33:15,265] {dag.py:2420} INFO - Sync 1 DAGs
[2022-07-14 16:33:15,286] {logging_mixin.py:115} INFO - [2022-07-14 16:33:15,286] {dag.py:2972} INFO - Setting next_dagrun for example_branch_python_operator_decorator to 2022-07-13T00:00:00+00:00, run_after=2022-07-14T00:00:00+00:00
[2022-07-14 16:33:15,320] {processor.py:161} INFO - Processing /home/airflow/.local/lib/python3.7/site-packages/airflow/example_dags/example_branch_operator_decorator.py took 0.119 seconds
[2022-07-14 16:33:45,395] {processor.py:153} INFO - Started process (PID=1865) to work on /home/airflow/.local/lib/python3.7/site-packages/airflow/example_dags/example_branch_operator_decorator.py
[2022-07-14 16:33:45,396] {processor.py:641} INFO - Processing file /home/airflow/.local/lib/python3.7/site-packages/airflow/example_dags/example_branch_operator_decorator.py for tasks to queue
[2022-07-14 16:33:45,396] {logging_mixin.py:115} INFO - [2022-07-14 16:33:45,396] {dagbag.py:508} INFO - Filling up the DagBag from /home/airflow/.local/lib/python3.7/site-packages/airflow/example_dags/example_branch_operator_decorator.py
[2022-07-14 16:33:45,428] {processor.py:651} INFO - DAG(s) dict_keys(['example_branch_python_operator_decorator']) retrieved from /home/airflow/.local/lib/python3.7/site-packages/airflow/example_dags/example_branch_operator_decorator.py
[2022-07-14 16:33:45,461] {logging_mixin.py:115} INFO - [2022-07-14 16:33:45,460] {dag.py:2420} INFO - Sync 1 DAGs
[2022-07-14 16:33:45,488] {logging_mixin.py:115} INFO - [2022-07-14 16:33:45,488] {dag.py:2972} INFO - Setting next_dagrun for example_branch_python_operator_decorator to 2022-07-13T00:00:00+00:00, run_after=2022-07-14T00:00:00+00:00
[2022-07-14 16:33:45,506] {processor.py:161} INFO - Processing /home/airflow/.local/lib/python3.7/site-packages/airflow/example_dags/example_branch_operator_decorator.py took 0.114 seconds
[2022-07-14 16:34:15,536] {processor.py:153} INFO - Started process (PID=1917) to work on /home/airflow/.local/lib/python3.7/site-packages/airflow/example_dags/example_branch_operator_decorator.py
[2022-07-14 16:34:15,536] {processor.py:641} INFO - Processing file /home/airflow/.local/lib/python3.7/site-packages/airflow/example_dags/example_branch_operator_decorator.py for tasks to queue
[2022-07-14 16:34:15,536] {logging_mixin.py:115} INFO - [2022-07-14 16:34:15,536] {dagbag.py:508} INFO - Filling up the DagBag from /home/airflow/.local/lib/python3.7/site-packages/airflow/example_dags/example_branch_operator_decorator.py
[2022-07-14 16:34:15,555] {processor.py:651} INFO - DAG(s) dict_keys(['example_branch_python_operator_decorator']) retrieved from /home/airflow/.local/lib/python3.7/site-packages/airflow/example_dags/example_branch_operator_decorator.py
[2022-07-14 16:34:15,586] {logging_mixin.py:115} INFO - [2022-07-14 16:34:15,586] {dag.py:2420} INFO - Sync 1 DAGs
[2022-07-14 16:34:15,611] {logging_mixin.py:115} INFO - [2022-07-14 16:34:15,611] {dag.py:2972} INFO - Setting next_dagrun for example_branch_python_operator_decorator to 2022-07-13T00:00:00+00:00, run_after=2022-07-14T00:00:00+00:00
[2022-07-14 16:34:15,640] {processor.py:161} INFO - Processing /home/airflow/.local/lib/python3.7/site-packages/airflow/example_dags/example_branch_operator_decorator.py took 0.107 seconds
[2022-07-14 16:34:45,981] {processor.py:153} INFO - Started process (PID=1979) to work on /home/airflow/.local/lib/python3.7/site-packages/airflow/example_dags/example_branch_operator_decorator.py
[2022-07-14 16:34:45,981] {processor.py:641} INFO - Processing file /home/airflow/.local/lib/python3.7/site-packages/airflow/example_dags/example_branch_operator_decorator.py for tasks to queue
[2022-07-14 16:34:45,982] {logging_mixin.py:115} INFO - [2022-07-14 16:34:45,982] {dagbag.py:508} INFO - Filling up the DagBag from /home/airflow/.local/lib/python3.7/site-packages/airflow/example_dags/example_branch_operator_decorator.py
[2022-07-14 16:34:46,006] {processor.py:651} INFO - DAG(s) dict_keys(['example_branch_python_operator_decorator']) retrieved from /home/airflow/.local/lib/python3.7/site-packages/airflow/example_dags/example_branch_operator_decorator.py
[2022-07-14 16:34:46,037] {logging_mixin.py:115} INFO - [2022-07-14 16:34:46,037] {dag.py:2420} INFO - Sync 1 DAGs
[2022-07-14 16:34:46,068] {logging_mixin.py:115} INFO - [2022-07-14 16:34:46,067] {dag.py:2972} INFO - Setting next_dagrun for example_branch_python_operator_decorator to 2022-07-13T00:00:00+00:00, run_after=2022-07-14T00:00:00+00:00
[2022-07-14 16:34:46,082] {processor.py:161} INFO - Processing /home/airflow/.local/lib/python3.7/site-packages/airflow/example_dags/example_branch_operator_decorator.py took 0.104 seconds
[2022-07-14 16:35:16,746] {processor.py:153} INFO - Started process (PID=2038) to work on /home/airflow/.local/lib/python3.7/site-packages/airflow/example_dags/example_branch_operator_decorator.py
[2022-07-14 16:35:16,747] {processor.py:641} INFO - Processing file /home/airflow/.local/lib/python3.7/site-packages/airflow/example_dags/example_branch_operator_decorator.py for tasks to queue
[2022-07-14 16:35:16,747] {logging_mixin.py:115} INFO - [2022-07-14 16:35:16,747] {dagbag.py:508} INFO - Filling up the DagBag from /home/airflow/.local/lib/python3.7/site-packages/airflow/example_dags/example_branch_operator_decorator.py
[2022-07-14 16:35:16,767] {processor.py:651} INFO - DAG(s) dict_keys(['example_branch_python_operator_decorator']) retrieved from /home/airflow/.local/lib/python3.7/site-packages/airflow/example_dags/example_branch_operator_decorator.py
[2022-07-14 16:35:16,790] {logging_mixin.py:115} INFO - [2022-07-14 16:35:16,790] {dag.py:2420} INFO - Sync 1 DAGs
[2022-07-14 16:35:16,812] {logging_mixin.py:115} INFO - [2022-07-14 16:35:16,812] {dag.py:2972} INFO - Setting next_dagrun for example_branch_python_operator_decorator to 2022-07-13T00:00:00+00:00, run_after=2022-07-14T00:00:00+00:00
[2022-07-14 16:35:16,847] {processor.py:161} INFO - Processing /home/airflow/.local/lib/python3.7/site-packages/airflow/example_dags/example_branch_operator_decorator.py took 0.103 seconds
[2022-07-14 16:35:47,042] {processor.py:153} INFO - Started process (PID=2091) to work on /home/airflow/.local/lib/python3.7/site-packages/airflow/example_dags/example_branch_operator_decorator.py
[2022-07-14 16:35:47,042] {processor.py:641} INFO - Processing file /home/airflow/.local/lib/python3.7/site-packages/airflow/example_dags/example_branch_operator_decorator.py for tasks to queue
[2022-07-14 16:35:47,043] {logging_mixin.py:115} INFO - [2022-07-14 16:35:47,043] {dagbag.py:508} INFO - Filling up the DagBag from /home/airflow/.local/lib/python3.7/site-packages/airflow/example_dags/example_branch_operator_decorator.py
[2022-07-14 16:35:47,064] {processor.py:651} INFO - DAG(s) dict_keys(['example_branch_python_operator_decorator']) retrieved from /home/airflow/.local/lib/python3.7/site-packages/airflow/example_dags/example_branch_operator_decorator.py
[2022-07-14 16:35:47,090] {logging_mixin.py:115} INFO - [2022-07-14 16:35:47,090] {dag.py:2420} INFO - Sync 1 DAGs
[2022-07-14 16:35:47,113] {logging_mixin.py:115} INFO - [2022-07-14 16:35:47,113] {dag.py:2972} INFO - Setting next_dagrun for example_branch_python_operator_decorator to 2022-07-13T00:00:00+00:00, run_after=2022-07-14T00:00:00+00:00
[2022-07-14 16:35:47,150] {processor.py:161} INFO - Processing /home/airflow/.local/lib/python3.7/site-packages/airflow/example_dags/example_branch_operator_decorator.py took 0.112 seconds
[2022-07-14 16:36:17,380] {processor.py:153} INFO - Started process (PID=2152) to work on /home/airflow/.local/lib/python3.7/site-packages/airflow/example_dags/example_branch_operator_decorator.py
[2022-07-14 16:36:17,380] {processor.py:641} INFO - Processing file /home/airflow/.local/lib/python3.7/site-packages/airflow/example_dags/example_branch_operator_decorator.py for tasks to queue
[2022-07-14 16:36:17,381] {logging_mixin.py:115} INFO - [2022-07-14 16:36:17,381] {dagbag.py:508} INFO - Filling up the DagBag from /home/airflow/.local/lib/python3.7/site-packages/airflow/example_dags/example_branch_operator_decorator.py
[2022-07-14 16:36:17,406] {processor.py:651} INFO - DAG(s) dict_keys(['example_branch_python_operator_decorator']) retrieved from /home/airflow/.local/lib/python3.7/site-packages/airflow/example_dags/example_branch_operator_decorator.py
[2022-07-14 16:36:17,437] {logging_mixin.py:115} INFO - [2022-07-14 16:36:17,436] {dag.py:2420} INFO - Sync 1 DAGs
[2022-07-14 16:36:17,467] {logging_mixin.py:115} INFO - [2022-07-14 16:36:17,467] {dag.py:2972} INFO - Setting next_dagrun for example_branch_python_operator_decorator to 2022-07-13T00:00:00+00:00, run_after=2022-07-14T00:00:00+00:00
[2022-07-14 16:36:17,482] {processor.py:161} INFO - Processing /home/airflow/.local/lib/python3.7/site-packages/airflow/example_dags/example_branch_operator_decorator.py took 0.105 seconds
