[2022-07-14 16:17:07,879] {processor.py:153} INFO - Started process (PID=79) to work on /home/airflow/.local/lib/python3.7/site-packages/airflow/example_dags/example_latest_only_with_trigger.py
[2022-07-14 16:17:07,880] {processor.py:641} INFO - Processing file /home/airflow/.local/lib/python3.7/site-packages/airflow/example_dags/example_latest_only_with_trigger.py for tasks to queue
[2022-07-14 16:17:07,881] {logging_mixin.py:115} INFO - [2022-07-14 16:17:07,881] {dagbag.py:508} INFO - Filling up the DagBag from /home/airflow/.local/lib/python3.7/site-packages/airflow/example_dags/example_latest_only_with_trigger.py
[2022-07-14 16:17:07,916] {processor.py:651} INFO - DAG(s) dict_keys(['latest_only_with_trigger']) retrieved from /home/airflow/.local/lib/python3.7/site-packages/airflow/example_dags/example_latest_only_with_trigger.py
[2022-07-14 16:17:08,554] {logging_mixin.py:115} INFO - [2022-07-14 16:17:08,551] {manager.py:508} INFO - Created Permission View: can delete on DAG:latest_only_with_trigger
[2022-07-14 16:17:08,655] {logging_mixin.py:115} INFO - [2022-07-14 16:17:08,655] {manager.py:508} INFO - Created Permission View: can read on DAG:latest_only_with_trigger
[2022-07-14 16:17:08,694] {logging_mixin.py:115} INFO - [2022-07-14 16:17:08,694] {manager.py:508} INFO - Created Permission View: can edit on DAG:latest_only_with_trigger
[2022-07-14 16:17:08,703] {logging_mixin.py:115} INFO - [2022-07-14 16:17:08,694] {dag.py:2420} INFO - Sync 1 DAGs
[2022-07-14 16:17:08,778] {logging_mixin.py:115} INFO - [2022-07-14 16:17:08,778] {dag.py:2439} INFO - Creating ORM DAG for latest_only_with_trigger
[2022-07-14 16:17:08,865] {logging_mixin.py:115} INFO - [2022-07-14 16:17:08,865] {dag.py:2972} INFO - Setting next_dagrun for latest_only_with_trigger to 2022-07-14T12:17:08.864785+00:00, run_after=2022-07-14T16:17:08.864785+00:00
[2022-07-14 16:17:08,987] {processor.py:161} INFO - Processing /home/airflow/.local/lib/python3.7/site-packages/airflow/example_dags/example_latest_only_with_trigger.py took 1.165 seconds
[2022-07-14 16:17:39,101] {processor.py:153} INFO - Started process (PID=122) to work on /home/airflow/.local/lib/python3.7/site-packages/airflow/example_dags/example_latest_only_with_trigger.py
[2022-07-14 16:17:39,125] {processor.py:641} INFO - Processing file /home/airflow/.local/lib/python3.7/site-packages/airflow/example_dags/example_latest_only_with_trigger.py for tasks to queue
[2022-07-14 16:17:39,126] {logging_mixin.py:115} INFO - [2022-07-14 16:17:39,125] {dagbag.py:508} INFO - Filling up the DagBag from /home/airflow/.local/lib/python3.7/site-packages/airflow/example_dags/example_latest_only_with_trigger.py
[2022-07-14 16:17:39,133] {processor.py:651} INFO - DAG(s) dict_keys(['latest_only_with_trigger']) retrieved from /home/airflow/.local/lib/python3.7/site-packages/airflow/example_dags/example_latest_only_with_trigger.py
[2022-07-14 16:17:39,167] {logging_mixin.py:115} INFO - [2022-07-14 16:17:39,167] {dag.py:2420} INFO - Sync 1 DAGs
[2022-07-14 16:17:39,197] {logging_mixin.py:115} INFO - [2022-07-14 16:17:39,197] {dag.py:2972} INFO - Setting next_dagrun for latest_only_with_trigger to 2022-07-14T12:17:39.196572+00:00, run_after=2022-07-14T16:17:39.196572+00:00
[2022-07-14 16:17:39,235] {processor.py:161} INFO - Processing /home/airflow/.local/lib/python3.7/site-packages/airflow/example_dags/example_latest_only_with_trigger.py took 0.137 seconds
[2022-07-14 16:18:09,446] {processor.py:153} INFO - Started process (PID=183) to work on /home/airflow/.local/lib/python3.7/site-packages/airflow/example_dags/example_latest_only_with_trigger.py
[2022-07-14 16:18:09,463] {processor.py:641} INFO - Processing file /home/airflow/.local/lib/python3.7/site-packages/airflow/example_dags/example_latest_only_with_trigger.py for tasks to queue
[2022-07-14 16:18:09,464] {logging_mixin.py:115} INFO - [2022-07-14 16:18:09,464] {dagbag.py:508} INFO - Filling up the DagBag from /home/airflow/.local/lib/python3.7/site-packages/airflow/example_dags/example_latest_only_with_trigger.py
[2022-07-14 16:18:09,471] {processor.py:651} INFO - DAG(s) dict_keys(['latest_only_with_trigger']) retrieved from /home/airflow/.local/lib/python3.7/site-packages/airflow/example_dags/example_latest_only_with_trigger.py
[2022-07-14 16:18:09,517] {logging_mixin.py:115} INFO - [2022-07-14 16:18:09,517] {dag.py:2420} INFO - Sync 1 DAGs
[2022-07-14 16:18:09,557] {logging_mixin.py:115} INFO - [2022-07-14 16:18:09,557] {dag.py:2972} INFO - Setting next_dagrun for latest_only_with_trigger to 2022-07-14T12:18:09.557164+00:00, run_after=2022-07-14T16:18:09.557164+00:00
[2022-07-14 16:18:09,613] {processor.py:161} INFO - Processing /home/airflow/.local/lib/python3.7/site-packages/airflow/example_dags/example_latest_only_with_trigger.py took 0.171 seconds
[2022-07-14 16:18:40,461] {processor.py:153} INFO - Started process (PID=235) to work on /home/airflow/.local/lib/python3.7/site-packages/airflow/example_dags/example_latest_only_with_trigger.py
[2022-07-14 16:18:40,488] {processor.py:641} INFO - Processing file /home/airflow/.local/lib/python3.7/site-packages/airflow/example_dags/example_latest_only_with_trigger.py for tasks to queue
[2022-07-14 16:18:40,488] {logging_mixin.py:115} INFO - [2022-07-14 16:18:40,488] {dagbag.py:508} INFO - Filling up the DagBag from /home/airflow/.local/lib/python3.7/site-packages/airflow/example_dags/example_latest_only_with_trigger.py
[2022-07-14 16:18:40,499] {processor.py:651} INFO - DAG(s) dict_keys(['latest_only_with_trigger']) retrieved from /home/airflow/.local/lib/python3.7/site-packages/airflow/example_dags/example_latest_only_with_trigger.py
[2022-07-14 16:18:40,556] {logging_mixin.py:115} INFO - [2022-07-14 16:18:40,556] {dag.py:2420} INFO - Sync 1 DAGs
[2022-07-14 16:18:40,602] {logging_mixin.py:115} INFO - [2022-07-14 16:18:40,602] {dag.py:2972} INFO - Setting next_dagrun for latest_only_with_trigger to 2022-07-14T12:18:40.601872+00:00, run_after=2022-07-14T16:18:40.601872+00:00
[2022-07-14 16:18:40,621] {processor.py:161} INFO - Processing /home/airflow/.local/lib/python3.7/site-packages/airflow/example_dags/example_latest_only_with_trigger.py took 0.165 seconds
[2022-07-14 16:19:10,704] {processor.py:153} INFO - Started process (PID=286) to work on /home/airflow/.local/lib/python3.7/site-packages/airflow/example_dags/example_latest_only_with_trigger.py
[2022-07-14 16:19:10,705] {processor.py:641} INFO - Processing file /home/airflow/.local/lib/python3.7/site-packages/airflow/example_dags/example_latest_only_with_trigger.py for tasks to queue
[2022-07-14 16:19:10,705] {logging_mixin.py:115} INFO - [2022-07-14 16:19:10,705] {dagbag.py:508} INFO - Filling up the DagBag from /home/airflow/.local/lib/python3.7/site-packages/airflow/example_dags/example_latest_only_with_trigger.py
[2022-07-14 16:19:10,713] {processor.py:651} INFO - DAG(s) dict_keys(['latest_only_with_trigger']) retrieved from /home/airflow/.local/lib/python3.7/site-packages/airflow/example_dags/example_latest_only_with_trigger.py
[2022-07-14 16:19:10,747] {logging_mixin.py:115} INFO - [2022-07-14 16:19:10,747] {dag.py:2420} INFO - Sync 1 DAGs
[2022-07-14 16:19:10,780] {logging_mixin.py:115} INFO - [2022-07-14 16:19:10,779] {dag.py:2972} INFO - Setting next_dagrun for latest_only_with_trigger to 2022-07-14T12:19:10.779589+00:00, run_after=2022-07-14T16:19:10.779589+00:00
[2022-07-14 16:19:10,798] {processor.py:161} INFO - Processing /home/airflow/.local/lib/python3.7/site-packages/airflow/example_dags/example_latest_only_with_trigger.py took 0.098 seconds
[2022-07-14 16:19:41,366] {processor.py:153} INFO - Started process (PID=346) to work on /home/airflow/.local/lib/python3.7/site-packages/airflow/example_dags/example_latest_only_with_trigger.py
[2022-07-14 16:19:41,383] {processor.py:641} INFO - Processing file /home/airflow/.local/lib/python3.7/site-packages/airflow/example_dags/example_latest_only_with_trigger.py for tasks to queue
[2022-07-14 16:19:41,383] {logging_mixin.py:115} INFO - [2022-07-14 16:19:41,383] {dagbag.py:508} INFO - Filling up the DagBag from /home/airflow/.local/lib/python3.7/site-packages/airflow/example_dags/example_latest_only_with_trigger.py
[2022-07-14 16:19:41,392] {processor.py:651} INFO - DAG(s) dict_keys(['latest_only_with_trigger']) retrieved from /home/airflow/.local/lib/python3.7/site-packages/airflow/example_dags/example_latest_only_with_trigger.py
[2022-07-14 16:19:41,467] {logging_mixin.py:115} INFO - [2022-07-14 16:19:41,467] {dag.py:2420} INFO - Sync 1 DAGs
[2022-07-14 16:19:41,504] {logging_mixin.py:115} INFO - [2022-07-14 16:19:41,504] {dag.py:2972} INFO - Setting next_dagrun for latest_only_with_trigger to 2022-07-14T12:19:41.504208+00:00, run_after=2022-07-14T16:19:41.504208+00:00
[2022-07-14 16:19:41,548] {processor.py:161} INFO - Processing /home/airflow/.local/lib/python3.7/site-packages/airflow/example_dags/example_latest_only_with_trigger.py took 0.210 seconds
[2022-07-14 16:20:11,905] {processor.py:153} INFO - Started process (PID=397) to work on /home/airflow/.local/lib/python3.7/site-packages/airflow/example_dags/example_latest_only_with_trigger.py
[2022-07-14 16:20:11,915] {processor.py:641} INFO - Processing file /home/airflow/.local/lib/python3.7/site-packages/airflow/example_dags/example_latest_only_with_trigger.py for tasks to queue
[2022-07-14 16:20:11,915] {logging_mixin.py:115} INFO - [2022-07-14 16:20:11,915] {dagbag.py:508} INFO - Filling up the DagBag from /home/airflow/.local/lib/python3.7/site-packages/airflow/example_dags/example_latest_only_with_trigger.py
[2022-07-14 16:20:11,922] {processor.py:651} INFO - DAG(s) dict_keys(['latest_only_with_trigger']) retrieved from /home/airflow/.local/lib/python3.7/site-packages/airflow/example_dags/example_latest_only_with_trigger.py
[2022-07-14 16:20:11,965] {logging_mixin.py:115} INFO - [2022-07-14 16:20:11,965] {dag.py:2420} INFO - Sync 1 DAGs
[2022-07-14 16:20:11,996] {logging_mixin.py:115} INFO - [2022-07-14 16:20:11,996] {dag.py:2972} INFO - Setting next_dagrun for latest_only_with_trigger to 2022-07-14T12:20:11.996296+00:00, run_after=2022-07-14T16:20:11.996296+00:00
[2022-07-14 16:20:12,047] {processor.py:161} INFO - Processing /home/airflow/.local/lib/python3.7/site-packages/airflow/example_dags/example_latest_only_with_trigger.py took 0.145 seconds
[2022-07-14 16:20:42,318] {processor.py:153} INFO - Started process (PID=448) to work on /home/airflow/.local/lib/python3.7/site-packages/airflow/example_dags/example_latest_only_with_trigger.py
[2022-07-14 16:20:42,319] {processor.py:641} INFO - Processing file /home/airflow/.local/lib/python3.7/site-packages/airflow/example_dags/example_latest_only_with_trigger.py for tasks to queue
[2022-07-14 16:20:42,319] {logging_mixin.py:115} INFO - [2022-07-14 16:20:42,319] {dagbag.py:508} INFO - Filling up the DagBag from /home/airflow/.local/lib/python3.7/site-packages/airflow/example_dags/example_latest_only_with_trigger.py
[2022-07-14 16:20:42,328] {processor.py:651} INFO - DAG(s) dict_keys(['latest_only_with_trigger']) retrieved from /home/airflow/.local/lib/python3.7/site-packages/airflow/example_dags/example_latest_only_with_trigger.py
[2022-07-14 16:20:42,363] {logging_mixin.py:115} INFO - [2022-07-14 16:20:42,363] {dag.py:2420} INFO - Sync 1 DAGs
[2022-07-14 16:20:42,394] {logging_mixin.py:115} INFO - [2022-07-14 16:20:42,394] {dag.py:2972} INFO - Setting next_dagrun for latest_only_with_trigger to 2022-07-14T12:20:42.394448+00:00, run_after=2022-07-14T16:20:42.394448+00:00
[2022-07-14 16:20:42,412] {processor.py:161} INFO - Processing /home/airflow/.local/lib/python3.7/site-packages/airflow/example_dags/example_latest_only_with_trigger.py took 0.098 seconds
[2022-07-14 16:21:12,705] {processor.py:153} INFO - Started process (PID=500) to work on /home/airflow/.local/lib/python3.7/site-packages/airflow/example_dags/example_latest_only_with_trigger.py
[2022-07-14 16:21:12,735] {processor.py:641} INFO - Processing file /home/airflow/.local/lib/python3.7/site-packages/airflow/example_dags/example_latest_only_with_trigger.py for tasks to queue
[2022-07-14 16:21:12,736] {logging_mixin.py:115} INFO - [2022-07-14 16:21:12,736] {dagbag.py:508} INFO - Filling up the DagBag from /home/airflow/.local/lib/python3.7/site-packages/airflow/example_dags/example_latest_only_with_trigger.py
[2022-07-14 16:21:12,746] {processor.py:651} INFO - DAG(s) dict_keys(['latest_only_with_trigger']) retrieved from /home/airflow/.local/lib/python3.7/site-packages/airflow/example_dags/example_latest_only_with_trigger.py
[2022-07-14 16:21:12,789] {logging_mixin.py:115} INFO - [2022-07-14 16:21:12,789] {dag.py:2420} INFO - Sync 1 DAGs
[2022-07-14 16:21:12,837] {logging_mixin.py:115} INFO - [2022-07-14 16:21:12,837] {dag.py:2972} INFO - Setting next_dagrun for latest_only_with_trigger to 2022-07-14T12:21:12.836754+00:00, run_after=2022-07-14T16:21:12.836754+00:00
[2022-07-14 16:21:12,860] {processor.py:161} INFO - Processing /home/airflow/.local/lib/python3.7/site-packages/airflow/example_dags/example_latest_only_with_trigger.py took 0.161 seconds
[2022-07-14 16:21:43,214] {processor.py:153} INFO - Started process (PID=561) to work on /home/airflow/.local/lib/python3.7/site-packages/airflow/example_dags/example_latest_only_with_trigger.py
[2022-07-14 16:21:43,216] {processor.py:641} INFO - Processing file /home/airflow/.local/lib/python3.7/site-packages/airflow/example_dags/example_latest_only_with_trigger.py for tasks to queue
[2022-07-14 16:21:43,217] {logging_mixin.py:115} INFO - [2022-07-14 16:21:43,217] {dagbag.py:508} INFO - Filling up the DagBag from /home/airflow/.local/lib/python3.7/site-packages/airflow/example_dags/example_latest_only_with_trigger.py
[2022-07-14 16:21:43,237] {processor.py:651} INFO - DAG(s) dict_keys(['latest_only_with_trigger']) retrieved from /home/airflow/.local/lib/python3.7/site-packages/airflow/example_dags/example_latest_only_with_trigger.py
[2022-07-14 16:21:43,277] {logging_mixin.py:115} INFO - [2022-07-14 16:21:43,277] {dag.py:2420} INFO - Sync 1 DAGs
[2022-07-14 16:21:43,311] {logging_mixin.py:115} INFO - [2022-07-14 16:21:43,310] {dag.py:2972} INFO - Setting next_dagrun for latest_only_with_trigger to 2022-07-14T12:21:43.310638+00:00, run_after=2022-07-14T16:21:43.310638+00:00
[2022-07-14 16:21:43,363] {processor.py:161} INFO - Processing /home/airflow/.local/lib/python3.7/site-packages/airflow/example_dags/example_latest_only_with_trigger.py took 0.154 seconds
[2022-07-14 16:22:14,231] {processor.py:153} INFO - Started process (PID=612) to work on /home/airflow/.local/lib/python3.7/site-packages/airflow/example_dags/example_latest_only_with_trigger.py
[2022-07-14 16:22:14,266] {processor.py:641} INFO - Processing file /home/airflow/.local/lib/python3.7/site-packages/airflow/example_dags/example_latest_only_with_trigger.py for tasks to queue
[2022-07-14 16:22:14,267] {logging_mixin.py:115} INFO - [2022-07-14 16:22:14,267] {dagbag.py:508} INFO - Filling up the DagBag from /home/airflow/.local/lib/python3.7/site-packages/airflow/example_dags/example_latest_only_with_trigger.py
[2022-07-14 16:22:14,273] {processor.py:651} INFO - DAG(s) dict_keys(['latest_only_with_trigger']) retrieved from /home/airflow/.local/lib/python3.7/site-packages/airflow/example_dags/example_latest_only_with_trigger.py
[2022-07-14 16:22:14,306] {logging_mixin.py:115} INFO - [2022-07-14 16:22:14,306] {dag.py:2420} INFO - Sync 1 DAGs
[2022-07-14 16:22:14,338] {logging_mixin.py:115} INFO - [2022-07-14 16:22:14,338] {dag.py:2972} INFO - Setting next_dagrun for latest_only_with_trigger to 2022-07-14T12:22:14.338321+00:00, run_after=2022-07-14T16:22:14.338321+00:00
[2022-07-14 16:22:14,356] {processor.py:161} INFO - Processing /home/airflow/.local/lib/python3.7/site-packages/airflow/example_dags/example_latest_only_with_trigger.py took 0.128 seconds
[2022-07-14 16:22:44,710] {processor.py:153} INFO - Started process (PID=671) to work on /home/airflow/.local/lib/python3.7/site-packages/airflow/example_dags/example_latest_only_with_trigger.py
[2022-07-14 16:22:44,746] {processor.py:641} INFO - Processing file /home/airflow/.local/lib/python3.7/site-packages/airflow/example_dags/example_latest_only_with_trigger.py for tasks to queue
[2022-07-14 16:22:44,746] {logging_mixin.py:115} INFO - [2022-07-14 16:22:44,746] {dagbag.py:508} INFO - Filling up the DagBag from /home/airflow/.local/lib/python3.7/site-packages/airflow/example_dags/example_latest_only_with_trigger.py
[2022-07-14 16:22:44,753] {processor.py:651} INFO - DAG(s) dict_keys(['latest_only_with_trigger']) retrieved from /home/airflow/.local/lib/python3.7/site-packages/airflow/example_dags/example_latest_only_with_trigger.py
[2022-07-14 16:22:44,790] {logging_mixin.py:115} INFO - [2022-07-14 16:22:44,790] {dag.py:2420} INFO - Sync 1 DAGs
[2022-07-14 16:22:44,826] {logging_mixin.py:115} INFO - [2022-07-14 16:22:44,825] {dag.py:2972} INFO - Setting next_dagrun for latest_only_with_trigger to 2022-07-14T12:22:44.825530+00:00, run_after=2022-07-14T16:22:44.825530+00:00
[2022-07-14 16:22:44,845] {processor.py:161} INFO - Processing /home/airflow/.local/lib/python3.7/site-packages/airflow/example_dags/example_latest_only_with_trigger.py took 0.139 seconds
[2022-07-14 16:23:15,382] {processor.py:153} INFO - Started process (PID=725) to work on /home/airflow/.local/lib/python3.7/site-packages/airflow/example_dags/example_latest_only_with_trigger.py
[2022-07-14 16:23:15,424] {processor.py:641} INFO - Processing file /home/airflow/.local/lib/python3.7/site-packages/airflow/example_dags/example_latest_only_with_trigger.py for tasks to queue
[2022-07-14 16:23:15,425] {logging_mixin.py:115} INFO - [2022-07-14 16:23:15,425] {dagbag.py:508} INFO - Filling up the DagBag from /home/airflow/.local/lib/python3.7/site-packages/airflow/example_dags/example_latest_only_with_trigger.py
[2022-07-14 16:23:15,434] {processor.py:651} INFO - DAG(s) dict_keys(['latest_only_with_trigger']) retrieved from /home/airflow/.local/lib/python3.7/site-packages/airflow/example_dags/example_latest_only_with_trigger.py
[2022-07-14 16:23:15,500] {logging_mixin.py:115} INFO - [2022-07-14 16:23:15,500] {dag.py:2420} INFO - Sync 1 DAGs
[2022-07-14 16:23:15,534] {logging_mixin.py:115} INFO - [2022-07-14 16:23:15,534] {dag.py:2972} INFO - Setting next_dagrun for latest_only_with_trigger to 2022-07-14T12:23:15.533797+00:00, run_after=2022-07-14T16:23:15.533797+00:00
[2022-07-14 16:23:15,588] {processor.py:161} INFO - Processing /home/airflow/.local/lib/python3.7/site-packages/airflow/example_dags/example_latest_only_with_trigger.py took 0.214 seconds
[2022-07-14 16:23:45,790] {processor.py:153} INFO - Started process (PID=776) to work on /home/airflow/.local/lib/python3.7/site-packages/airflow/example_dags/example_latest_only_with_trigger.py
[2022-07-14 16:23:45,792] {processor.py:641} INFO - Processing file /home/airflow/.local/lib/python3.7/site-packages/airflow/example_dags/example_latest_only_with_trigger.py for tasks to queue
[2022-07-14 16:23:45,793] {logging_mixin.py:115} INFO - [2022-07-14 16:23:45,793] {dagbag.py:508} INFO - Filling up the DagBag from /home/airflow/.local/lib/python3.7/site-packages/airflow/example_dags/example_latest_only_with_trigger.py
[2022-07-14 16:23:45,802] {processor.py:651} INFO - DAG(s) dict_keys(['latest_only_with_trigger']) retrieved from /home/airflow/.local/lib/python3.7/site-packages/airflow/example_dags/example_latest_only_with_trigger.py
[2022-07-14 16:23:45,852] {logging_mixin.py:115} INFO - [2022-07-14 16:23:45,852] {dag.py:2420} INFO - Sync 1 DAGs
[2022-07-14 16:23:45,898] {logging_mixin.py:115} INFO - [2022-07-14 16:23:45,897] {dag.py:2972} INFO - Setting next_dagrun for latest_only_with_trigger to 2022-07-14T12:23:45.896873+00:00, run_after=2022-07-14T16:23:45.896873+00:00
[2022-07-14 16:23:45,925] {processor.py:161} INFO - Processing /home/airflow/.local/lib/python3.7/site-packages/airflow/example_dags/example_latest_only_with_trigger.py took 0.144 seconds
[2022-07-14 16:24:15,996] {processor.py:153} INFO - Started process (PID=835) to work on /home/airflow/.local/lib/python3.7/site-packages/airflow/example_dags/example_latest_only_with_trigger.py
[2022-07-14 16:24:16,003] {processor.py:641} INFO - Processing file /home/airflow/.local/lib/python3.7/site-packages/airflow/example_dags/example_latest_only_with_trigger.py for tasks to queue
[2022-07-14 16:24:16,004] {logging_mixin.py:115} INFO - [2022-07-14 16:24:16,004] {dagbag.py:508} INFO - Filling up the DagBag from /home/airflow/.local/lib/python3.7/site-packages/airflow/example_dags/example_latest_only_with_trigger.py
[2022-07-14 16:24:16,031] {processor.py:651} INFO - DAG(s) dict_keys(['latest_only_with_trigger']) retrieved from /home/airflow/.local/lib/python3.7/site-packages/airflow/example_dags/example_latest_only_with_trigger.py
[2022-07-14 16:24:16,116] {logging_mixin.py:115} INFO - [2022-07-14 16:24:16,116] {dag.py:2420} INFO - Sync 1 DAGs
[2022-07-14 16:24:16,184] {logging_mixin.py:115} INFO - [2022-07-14 16:24:16,184] {dag.py:2972} INFO - Setting next_dagrun for latest_only_with_trigger to 2022-07-14T12:24:16.184118+00:00, run_after=2022-07-14T16:24:16.184118+00:00
[2022-07-14 16:24:16,216] {processor.py:161} INFO - Processing /home/airflow/.local/lib/python3.7/site-packages/airflow/example_dags/example_latest_only_with_trigger.py took 0.234 seconds
[2022-07-14 16:24:47,112] {processor.py:153} INFO - Started process (PID=886) to work on /home/airflow/.local/lib/python3.7/site-packages/airflow/example_dags/example_latest_only_with_trigger.py
[2022-07-14 16:24:47,113] {processor.py:641} INFO - Processing file /home/airflow/.local/lib/python3.7/site-packages/airflow/example_dags/example_latest_only_with_trigger.py for tasks to queue
[2022-07-14 16:24:47,113] {logging_mixin.py:115} INFO - [2022-07-14 16:24:47,113] {dagbag.py:508} INFO - Filling up the DagBag from /home/airflow/.local/lib/python3.7/site-packages/airflow/example_dags/example_latest_only_with_trigger.py
[2022-07-14 16:24:47,121] {processor.py:651} INFO - DAG(s) dict_keys(['latest_only_with_trigger']) retrieved from /home/airflow/.local/lib/python3.7/site-packages/airflow/example_dags/example_latest_only_with_trigger.py
[2022-07-14 16:24:47,166] {logging_mixin.py:115} INFO - [2022-07-14 16:24:47,166] {dag.py:2420} INFO - Sync 1 DAGs
[2022-07-14 16:24:47,232] {logging_mixin.py:115} INFO - [2022-07-14 16:24:47,231] {dag.py:2972} INFO - Setting next_dagrun for latest_only_with_trigger to 2022-07-14T12:24:47.231661+00:00, run_after=2022-07-14T16:24:47.231661+00:00
[2022-07-14 16:24:47,283] {processor.py:161} INFO - Processing /home/airflow/.local/lib/python3.7/site-packages/airflow/example_dags/example_latest_only_with_trigger.py took 0.175 seconds
[2022-07-14 16:25:17,364] {processor.py:153} INFO - Started process (PID=938) to work on /home/airflow/.local/lib/python3.7/site-packages/airflow/example_dags/example_latest_only_with_trigger.py
[2022-07-14 16:25:17,365] {processor.py:641} INFO - Processing file /home/airflow/.local/lib/python3.7/site-packages/airflow/example_dags/example_latest_only_with_trigger.py for tasks to queue
[2022-07-14 16:25:17,365] {logging_mixin.py:115} INFO - [2022-07-14 16:25:17,365] {dagbag.py:508} INFO - Filling up the DagBag from /home/airflow/.local/lib/python3.7/site-packages/airflow/example_dags/example_latest_only_with_trigger.py
[2022-07-14 16:25:17,372] {processor.py:651} INFO - DAG(s) dict_keys(['latest_only_with_trigger']) retrieved from /home/airflow/.local/lib/python3.7/site-packages/airflow/example_dags/example_latest_only_with_trigger.py
[2022-07-14 16:25:17,422] {logging_mixin.py:115} INFO - [2022-07-14 16:25:17,422] {dag.py:2420} INFO - Sync 1 DAGs
[2022-07-14 16:25:17,465] {logging_mixin.py:115} INFO - [2022-07-14 16:25:17,465] {dag.py:2972} INFO - Setting next_dagrun for latest_only_with_trigger to 2022-07-14T12:25:17.465288+00:00, run_after=2022-07-14T16:25:17.465288+00:00
[2022-07-14 16:25:17,487] {processor.py:161} INFO - Processing /home/airflow/.local/lib/python3.7/site-packages/airflow/example_dags/example_latest_only_with_trigger.py took 0.138 seconds
[2022-07-14 16:25:48,032] {processor.py:153} INFO - Started process (PID=998) to work on /home/airflow/.local/lib/python3.7/site-packages/airflow/example_dags/example_latest_only_with_trigger.py
[2022-07-14 16:25:48,041] {processor.py:641} INFO - Processing file /home/airflow/.local/lib/python3.7/site-packages/airflow/example_dags/example_latest_only_with_trigger.py for tasks to queue
[2022-07-14 16:25:48,041] {logging_mixin.py:115} INFO - [2022-07-14 16:25:48,041] {dagbag.py:508} INFO - Filling up the DagBag from /home/airflow/.local/lib/python3.7/site-packages/airflow/example_dags/example_latest_only_with_trigger.py
[2022-07-14 16:25:48,048] {processor.py:651} INFO - DAG(s) dict_keys(['latest_only_with_trigger']) retrieved from /home/airflow/.local/lib/python3.7/site-packages/airflow/example_dags/example_latest_only_with_trigger.py
[2022-07-14 16:25:48,082] {logging_mixin.py:115} INFO - [2022-07-14 16:25:48,082] {dag.py:2420} INFO - Sync 1 DAGs
[2022-07-14 16:25:48,116] {logging_mixin.py:115} INFO - [2022-07-14 16:25:48,115] {dag.py:2972} INFO - Setting next_dagrun for latest_only_with_trigger to 2022-07-14T12:25:48.115610+00:00, run_after=2022-07-14T16:25:48.115610+00:00
[2022-07-14 16:25:48,138] {processor.py:161} INFO - Processing /home/airflow/.local/lib/python3.7/site-packages/airflow/example_dags/example_latest_only_with_trigger.py took 0.113 seconds
[2022-07-14 16:26:18,756] {processor.py:153} INFO - Started process (PID=1049) to work on /home/airflow/.local/lib/python3.7/site-packages/airflow/example_dags/example_latest_only_with_trigger.py
[2022-07-14 16:26:18,757] {processor.py:641} INFO - Processing file /home/airflow/.local/lib/python3.7/site-packages/airflow/example_dags/example_latest_only_with_trigger.py for tasks to queue
[2022-07-14 16:26:18,757] {logging_mixin.py:115} INFO - [2022-07-14 16:26:18,757] {dagbag.py:508} INFO - Filling up the DagBag from /home/airflow/.local/lib/python3.7/site-packages/airflow/example_dags/example_latest_only_with_trigger.py
[2022-07-14 16:26:18,773] {processor.py:651} INFO - DAG(s) dict_keys(['latest_only_with_trigger']) retrieved from /home/airflow/.local/lib/python3.7/site-packages/airflow/example_dags/example_latest_only_with_trigger.py
[2022-07-14 16:26:18,897] {logging_mixin.py:115} INFO - [2022-07-14 16:26:18,897] {dag.py:2420} INFO - Sync 1 DAGs
[2022-07-14 16:26:18,977] {logging_mixin.py:115} INFO - [2022-07-14 16:26:18,977] {dag.py:2972} INFO - Setting next_dagrun for latest_only_with_trigger to 2022-07-14T12:26:18.977488+00:00, run_after=2022-07-14T16:26:18.977488+00:00
[2022-07-14 16:26:19,041] {processor.py:161} INFO - Processing /home/airflow/.local/lib/python3.7/site-packages/airflow/example_dags/example_latest_only_with_trigger.py took 0.294 seconds
[2022-07-14 16:26:49,525] {processor.py:153} INFO - Started process (PID=1110) to work on /home/airflow/.local/lib/python3.7/site-packages/airflow/example_dags/example_latest_only_with_trigger.py
[2022-07-14 16:26:49,526] {processor.py:641} INFO - Processing file /home/airflow/.local/lib/python3.7/site-packages/airflow/example_dags/example_latest_only_with_trigger.py for tasks to queue
[2022-07-14 16:26:49,527] {logging_mixin.py:115} INFO - [2022-07-14 16:26:49,527] {dagbag.py:508} INFO - Filling up the DagBag from /home/airflow/.local/lib/python3.7/site-packages/airflow/example_dags/example_latest_only_with_trigger.py
[2022-07-14 16:26:49,541] {processor.py:651} INFO - DAG(s) dict_keys(['latest_only_with_trigger']) retrieved from /home/airflow/.local/lib/python3.7/site-packages/airflow/example_dags/example_latest_only_with_trigger.py
[2022-07-14 16:26:49,589] {logging_mixin.py:115} INFO - [2022-07-14 16:26:49,589] {dag.py:2420} INFO - Sync 1 DAGs
[2022-07-14 16:26:49,624] {logging_mixin.py:115} INFO - [2022-07-14 16:26:49,624] {dag.py:2972} INFO - Setting next_dagrun for latest_only_with_trigger to 2022-07-14T12:26:49.624223+00:00, run_after=2022-07-14T16:26:49.624223+00:00
[2022-07-14 16:26:49,649] {processor.py:161} INFO - Processing /home/airflow/.local/lib/python3.7/site-packages/airflow/example_dags/example_latest_only_with_trigger.py took 0.128 seconds
[2022-07-14 16:27:19,738] {processor.py:153} INFO - Started process (PID=1161) to work on /home/airflow/.local/lib/python3.7/site-packages/airflow/example_dags/example_latest_only_with_trigger.py
[2022-07-14 16:27:19,738] {processor.py:641} INFO - Processing file /home/airflow/.local/lib/python3.7/site-packages/airflow/example_dags/example_latest_only_with_trigger.py for tasks to queue
[2022-07-14 16:27:19,739] {logging_mixin.py:115} INFO - [2022-07-14 16:27:19,739] {dagbag.py:508} INFO - Filling up the DagBag from /home/airflow/.local/lib/python3.7/site-packages/airflow/example_dags/example_latest_only_with_trigger.py
[2022-07-14 16:27:19,749] {processor.py:651} INFO - DAG(s) dict_keys(['latest_only_with_trigger']) retrieved from /home/airflow/.local/lib/python3.7/site-packages/airflow/example_dags/example_latest_only_with_trigger.py
[2022-07-14 16:27:19,787] {logging_mixin.py:115} INFO - [2022-07-14 16:27:19,787] {dag.py:2420} INFO - Sync 1 DAGs
[2022-07-14 16:27:19,816] {logging_mixin.py:115} INFO - [2022-07-14 16:27:19,816] {dag.py:2972} INFO - Setting next_dagrun for latest_only_with_trigger to 2022-07-14T12:27:19.816483+00:00, run_after=2022-07-14T16:27:19.816483+00:00
[2022-07-14 16:27:19,840] {processor.py:161} INFO - Processing /home/airflow/.local/lib/python3.7/site-packages/airflow/example_dags/example_latest_only_with_trigger.py took 0.107 seconds
[2022-07-14 16:27:50,819] {processor.py:153} INFO - Started process (PID=1223) to work on /home/airflow/.local/lib/python3.7/site-packages/airflow/example_dags/example_latest_only_with_trigger.py
[2022-07-14 16:27:50,823] {processor.py:641} INFO - Processing file /home/airflow/.local/lib/python3.7/site-packages/airflow/example_dags/example_latest_only_with_trigger.py for tasks to queue
[2022-07-14 16:27:50,823] {logging_mixin.py:115} INFO - [2022-07-14 16:27:50,823] {dagbag.py:508} INFO - Filling up the DagBag from /home/airflow/.local/lib/python3.7/site-packages/airflow/example_dags/example_latest_only_with_trigger.py
[2022-07-14 16:27:50,842] {processor.py:651} INFO - DAG(s) dict_keys(['latest_only_with_trigger']) retrieved from /home/airflow/.local/lib/python3.7/site-packages/airflow/example_dags/example_latest_only_with_trigger.py
[2022-07-14 16:27:50,884] {logging_mixin.py:115} INFO - [2022-07-14 16:27:50,884] {dag.py:2420} INFO - Sync 1 DAGs
[2022-07-14 16:27:50,919] {logging_mixin.py:115} INFO - [2022-07-14 16:27:50,919] {dag.py:2972} INFO - Setting next_dagrun for latest_only_with_trigger to 2022-07-14T12:27:50.919042+00:00, run_after=2022-07-14T16:27:50.919042+00:00
[2022-07-14 16:27:50,945] {processor.py:161} INFO - Processing /home/airflow/.local/lib/python3.7/site-packages/airflow/example_dags/example_latest_only_with_trigger.py took 0.130 seconds
[2022-07-14 16:28:21,018] {processor.py:153} INFO - Started process (PID=1274) to work on /home/airflow/.local/lib/python3.7/site-packages/airflow/example_dags/example_latest_only_with_trigger.py
[2022-07-14 16:28:21,018] {processor.py:641} INFO - Processing file /home/airflow/.local/lib/python3.7/site-packages/airflow/example_dags/example_latest_only_with_trigger.py for tasks to queue
[2022-07-14 16:28:21,019] {logging_mixin.py:115} INFO - [2022-07-14 16:28:21,019] {dagbag.py:508} INFO - Filling up the DagBag from /home/airflow/.local/lib/python3.7/site-packages/airflow/example_dags/example_latest_only_with_trigger.py
[2022-07-14 16:28:21,037] {processor.py:651} INFO - DAG(s) dict_keys(['latest_only_with_trigger']) retrieved from /home/airflow/.local/lib/python3.7/site-packages/airflow/example_dags/example_latest_only_with_trigger.py
[2022-07-14 16:28:21,070] {logging_mixin.py:115} INFO - [2022-07-14 16:28:21,070] {dag.py:2420} INFO - Sync 1 DAGs
[2022-07-14 16:28:21,102] {logging_mixin.py:115} INFO - [2022-07-14 16:28:21,102] {dag.py:2972} INFO - Setting next_dagrun for latest_only_with_trigger to 2022-07-14T12:28:21.101978+00:00, run_after=2022-07-14T16:28:21.101978+00:00
[2022-07-14 16:28:21,133] {processor.py:161} INFO - Processing /home/airflow/.local/lib/python3.7/site-packages/airflow/example_dags/example_latest_only_with_trigger.py took 0.119 seconds
[2022-07-14 16:28:52,003] {processor.py:153} INFO - Started process (PID=1326) to work on /home/airflow/.local/lib/python3.7/site-packages/airflow/example_dags/example_latest_only_with_trigger.py
[2022-07-14 16:28:52,004] {processor.py:641} INFO - Processing file /home/airflow/.local/lib/python3.7/site-packages/airflow/example_dags/example_latest_only_with_trigger.py for tasks to queue
[2022-07-14 16:28:52,005] {logging_mixin.py:115} INFO - [2022-07-14 16:28:52,005] {dagbag.py:508} INFO - Filling up the DagBag from /home/airflow/.local/lib/python3.7/site-packages/airflow/example_dags/example_latest_only_with_trigger.py
[2022-07-14 16:28:52,015] {processor.py:651} INFO - DAG(s) dict_keys(['latest_only_with_trigger']) retrieved from /home/airflow/.local/lib/python3.7/site-packages/airflow/example_dags/example_latest_only_with_trigger.py
[2022-07-14 16:28:52,065] {logging_mixin.py:115} INFO - [2022-07-14 16:28:52,065] {dag.py:2420} INFO - Sync 1 DAGs
[2022-07-14 16:28:52,098] {logging_mixin.py:115} INFO - [2022-07-14 16:28:52,098] {dag.py:2972} INFO - Setting next_dagrun for latest_only_with_trigger to 2022-07-14T12:28:52.098054+00:00, run_after=2022-07-14T16:28:52.098054+00:00
[2022-07-14 16:28:52,125] {processor.py:161} INFO - Processing /home/airflow/.local/lib/python3.7/site-packages/airflow/example_dags/example_latest_only_with_trigger.py took 0.126 seconds
[2022-07-14 16:29:22,650] {processor.py:153} INFO - Started process (PID=1386) to work on /home/airflow/.local/lib/python3.7/site-packages/airflow/example_dags/example_latest_only_with_trigger.py
[2022-07-14 16:29:22,662] {processor.py:641} INFO - Processing file /home/airflow/.local/lib/python3.7/site-packages/airflow/example_dags/example_latest_only_with_trigger.py for tasks to queue
[2022-07-14 16:29:22,663] {logging_mixin.py:115} INFO - [2022-07-14 16:29:22,663] {dagbag.py:508} INFO - Filling up the DagBag from /home/airflow/.local/lib/python3.7/site-packages/airflow/example_dags/example_latest_only_with_trigger.py
[2022-07-14 16:29:22,692] {processor.py:651} INFO - DAG(s) dict_keys(['latest_only_with_trigger']) retrieved from /home/airflow/.local/lib/python3.7/site-packages/airflow/example_dags/example_latest_only_with_trigger.py
[2022-07-14 16:29:22,764] {logging_mixin.py:115} INFO - [2022-07-14 16:29:22,764] {dag.py:2420} INFO - Sync 1 DAGs
[2022-07-14 16:29:22,816] {logging_mixin.py:115} INFO - [2022-07-14 16:29:22,815] {dag.py:2972} INFO - Setting next_dagrun for latest_only_with_trigger to 2022-07-14T12:29:22.815474+00:00, run_after=2022-07-14T16:29:22.815474+00:00
[2022-07-14 16:29:22,859] {processor.py:161} INFO - Processing /home/airflow/.local/lib/python3.7/site-packages/airflow/example_dags/example_latest_only_with_trigger.py took 0.237 seconds
[2022-07-14 16:29:53,398] {processor.py:153} INFO - Started process (PID=1438) to work on /home/airflow/.local/lib/python3.7/site-packages/airflow/example_dags/example_latest_only_with_trigger.py
[2022-07-14 16:29:53,410] {processor.py:641} INFO - Processing file /home/airflow/.local/lib/python3.7/site-packages/airflow/example_dags/example_latest_only_with_trigger.py for tasks to queue
[2022-07-14 16:29:53,411] {logging_mixin.py:115} INFO - [2022-07-14 16:29:53,411] {dagbag.py:508} INFO - Filling up the DagBag from /home/airflow/.local/lib/python3.7/site-packages/airflow/example_dags/example_latest_only_with_trigger.py
[2022-07-14 16:29:53,443] {processor.py:651} INFO - DAG(s) dict_keys(['latest_only_with_trigger']) retrieved from /home/airflow/.local/lib/python3.7/site-packages/airflow/example_dags/example_latest_only_with_trigger.py
[2022-07-14 16:29:53,502] {logging_mixin.py:115} INFO - [2022-07-14 16:29:53,500] {dag.py:2420} INFO - Sync 1 DAGs
[2022-07-14 16:29:53,548] {logging_mixin.py:115} INFO - [2022-07-14 16:29:53,547] {dag.py:2972} INFO - Setting next_dagrun for latest_only_with_trigger to 2022-07-14T12:29:53.547615+00:00, run_after=2022-07-14T16:29:53.547615+00:00
[2022-07-14 16:29:53,588] {processor.py:161} INFO - Processing /home/airflow/.local/lib/python3.7/site-packages/airflow/example_dags/example_latest_only_with_trigger.py took 0.203 seconds
[2022-07-14 16:30:23,751] {processor.py:153} INFO - Started process (PID=1489) to work on /home/airflow/.local/lib/python3.7/site-packages/airflow/example_dags/example_latest_only_with_trigger.py
[2022-07-14 16:30:23,752] {processor.py:641} INFO - Processing file /home/airflow/.local/lib/python3.7/site-packages/airflow/example_dags/example_latest_only_with_trigger.py for tasks to queue
[2022-07-14 16:30:23,753] {logging_mixin.py:115} INFO - [2022-07-14 16:30:23,752] {dagbag.py:508} INFO - Filling up the DagBag from /home/airflow/.local/lib/python3.7/site-packages/airflow/example_dags/example_latest_only_with_trigger.py
[2022-07-14 16:30:23,760] {processor.py:651} INFO - DAG(s) dict_keys(['latest_only_with_trigger']) retrieved from /home/airflow/.local/lib/python3.7/site-packages/airflow/example_dags/example_latest_only_with_trigger.py
[2022-07-14 16:30:23,802] {logging_mixin.py:115} INFO - [2022-07-14 16:30:23,802] {dag.py:2420} INFO - Sync 1 DAGs
[2022-07-14 16:30:23,849] {logging_mixin.py:115} INFO - [2022-07-14 16:30:23,849] {dag.py:2972} INFO - Setting next_dagrun for latest_only_with_trigger to 2022-07-14T12:30:23.849094+00:00, run_after=2022-07-14T16:30:23.849094+00:00
[2022-07-14 16:30:23,884] {processor.py:161} INFO - Processing /home/airflow/.local/lib/python3.7/site-packages/airflow/example_dags/example_latest_only_with_trigger.py took 0.137 seconds
[2022-07-14 16:30:54,315] {processor.py:153} INFO - Started process (PID=1549) to work on /home/airflow/.local/lib/python3.7/site-packages/airflow/example_dags/example_latest_only_with_trigger.py
[2022-07-14 16:30:54,315] {processor.py:641} INFO - Processing file /home/airflow/.local/lib/python3.7/site-packages/airflow/example_dags/example_latest_only_with_trigger.py for tasks to queue
[2022-07-14 16:30:54,316] {logging_mixin.py:115} INFO - [2022-07-14 16:30:54,316] {dagbag.py:508} INFO - Filling up the DagBag from /home/airflow/.local/lib/python3.7/site-packages/airflow/example_dags/example_latest_only_with_trigger.py
[2022-07-14 16:30:54,322] {processor.py:651} INFO - DAG(s) dict_keys(['latest_only_with_trigger']) retrieved from /home/airflow/.local/lib/python3.7/site-packages/airflow/example_dags/example_latest_only_with_trigger.py
[2022-07-14 16:30:54,357] {logging_mixin.py:115} INFO - [2022-07-14 16:30:54,357] {dag.py:2420} INFO - Sync 1 DAGs
[2022-07-14 16:30:54,388] {logging_mixin.py:115} INFO - [2022-07-14 16:30:54,388] {dag.py:2972} INFO - Setting next_dagrun for latest_only_with_trigger to 2022-07-14T12:30:54.388203+00:00, run_after=2022-07-14T16:30:54.388203+00:00
[2022-07-14 16:30:54,422] {processor.py:161} INFO - Processing /home/airflow/.local/lib/python3.7/site-packages/airflow/example_dags/example_latest_only_with_trigger.py took 0.111 seconds
[2022-07-14 16:31:25,389] {processor.py:153} INFO - Started process (PID=1609) to work on /home/airflow/.local/lib/python3.7/site-packages/airflow/example_dags/example_latest_only_with_trigger.py
[2022-07-14 16:31:25,389] {processor.py:641} INFO - Processing file /home/airflow/.local/lib/python3.7/site-packages/airflow/example_dags/example_latest_only_with_trigger.py for tasks to queue
[2022-07-14 16:31:25,390] {logging_mixin.py:115} INFO - [2022-07-14 16:31:25,390] {dagbag.py:508} INFO - Filling up the DagBag from /home/airflow/.local/lib/python3.7/site-packages/airflow/example_dags/example_latest_only_with_trigger.py
[2022-07-14 16:31:25,394] {processor.py:651} INFO - DAG(s) dict_keys(['latest_only_with_trigger']) retrieved from /home/airflow/.local/lib/python3.7/site-packages/airflow/example_dags/example_latest_only_with_trigger.py
[2022-07-14 16:31:25,416] {logging_mixin.py:115} INFO - [2022-07-14 16:31:25,416] {dag.py:2420} INFO - Sync 1 DAGs
[2022-07-14 16:31:25,437] {logging_mixin.py:115} INFO - [2022-07-14 16:31:25,437] {dag.py:2972} INFO - Setting next_dagrun for latest_only_with_trigger to 2022-07-14T12:31:25.437381+00:00, run_after=2022-07-14T16:31:25.437381+00:00
[2022-07-14 16:31:25,457] {processor.py:161} INFO - Processing /home/airflow/.local/lib/python3.7/site-packages/airflow/example_dags/example_latest_only_with_trigger.py took 0.071 seconds
[2022-07-14 16:31:55,939] {processor.py:153} INFO - Started process (PID=1662) to work on /home/airflow/.local/lib/python3.7/site-packages/airflow/example_dags/example_latest_only_with_trigger.py
[2022-07-14 16:31:55,940] {processor.py:641} INFO - Processing file /home/airflow/.local/lib/python3.7/site-packages/airflow/example_dags/example_latest_only_with_trigger.py for tasks to queue
[2022-07-14 16:31:55,940] {logging_mixin.py:115} INFO - [2022-07-14 16:31:55,940] {dagbag.py:508} INFO - Filling up the DagBag from /home/airflow/.local/lib/python3.7/site-packages/airflow/example_dags/example_latest_only_with_trigger.py
[2022-07-14 16:31:55,945] {processor.py:651} INFO - DAG(s) dict_keys(['latest_only_with_trigger']) retrieved from /home/airflow/.local/lib/python3.7/site-packages/airflow/example_dags/example_latest_only_with_trigger.py
[2022-07-14 16:31:55,969] {logging_mixin.py:115} INFO - [2022-07-14 16:31:55,969] {dag.py:2420} INFO - Sync 1 DAGs
[2022-07-14 16:31:55,988] {logging_mixin.py:115} INFO - [2022-07-14 16:31:55,988] {dag.py:2972} INFO - Setting next_dagrun for latest_only_with_trigger to 2022-07-14T12:31:55.988703+00:00, run_after=2022-07-14T16:31:55.988703+00:00
[2022-07-14 16:31:55,999] {processor.py:161} INFO - Processing /home/airflow/.local/lib/python3.7/site-packages/airflow/example_dags/example_latest_only_with_trigger.py took 0.063 seconds
[2022-07-14 16:32:26,203] {processor.py:153} INFO - Started process (PID=1723) to work on /home/airflow/.local/lib/python3.7/site-packages/airflow/example_dags/example_latest_only_with_trigger.py
[2022-07-14 16:32:26,203] {processor.py:641} INFO - Processing file /home/airflow/.local/lib/python3.7/site-packages/airflow/example_dags/example_latest_only_with_trigger.py for tasks to queue
[2022-07-14 16:32:26,204] {logging_mixin.py:115} INFO - [2022-07-14 16:32:26,204] {dagbag.py:508} INFO - Filling up the DagBag from /home/airflow/.local/lib/python3.7/site-packages/airflow/example_dags/example_latest_only_with_trigger.py
[2022-07-14 16:32:26,209] {processor.py:651} INFO - DAG(s) dict_keys(['latest_only_with_trigger']) retrieved from /home/airflow/.local/lib/python3.7/site-packages/airflow/example_dags/example_latest_only_with_trigger.py
[2022-07-14 16:32:26,231] {logging_mixin.py:115} INFO - [2022-07-14 16:32:26,231] {dag.py:2420} INFO - Sync 1 DAGs
[2022-07-14 16:32:26,250] {logging_mixin.py:115} INFO - [2022-07-14 16:32:26,250] {dag.py:2972} INFO - Setting next_dagrun for latest_only_with_trigger to 2022-07-14T12:32:26.250249+00:00, run_after=2022-07-14T16:32:26.250249+00:00
[2022-07-14 16:32:26,260] {processor.py:161} INFO - Processing /home/airflow/.local/lib/python3.7/site-packages/airflow/example_dags/example_latest_only_with_trigger.py took 0.061 seconds
[2022-07-14 16:32:56,381] {processor.py:153} INFO - Started process (PID=1784) to work on /home/airflow/.local/lib/python3.7/site-packages/airflow/example_dags/example_latest_only_with_trigger.py
[2022-07-14 16:32:56,381] {processor.py:641} INFO - Processing file /home/airflow/.local/lib/python3.7/site-packages/airflow/example_dags/example_latest_only_with_trigger.py for tasks to queue
[2022-07-14 16:32:56,382] {logging_mixin.py:115} INFO - [2022-07-14 16:32:56,382] {dagbag.py:508} INFO - Filling up the DagBag from /home/airflow/.local/lib/python3.7/site-packages/airflow/example_dags/example_latest_only_with_trigger.py
[2022-07-14 16:32:56,387] {processor.py:651} INFO - DAG(s) dict_keys(['latest_only_with_trigger']) retrieved from /home/airflow/.local/lib/python3.7/site-packages/airflow/example_dags/example_latest_only_with_trigger.py
[2022-07-14 16:32:56,413] {logging_mixin.py:115} INFO - [2022-07-14 16:32:56,413] {dag.py:2420} INFO - Sync 1 DAGs
[2022-07-14 16:32:56,433] {logging_mixin.py:115} INFO - [2022-07-14 16:32:56,433] {dag.py:2972} INFO - Setting next_dagrun for latest_only_with_trigger to 2022-07-14T12:32:56.433126+00:00, run_after=2022-07-14T16:32:56.433126+00:00
[2022-07-14 16:32:56,444] {processor.py:161} INFO - Processing /home/airflow/.local/lib/python3.7/site-packages/airflow/example_dags/example_latest_only_with_trigger.py took 0.066 seconds
[2022-07-14 16:33:26,534] {processor.py:153} INFO - Started process (PID=1836) to work on /home/airflow/.local/lib/python3.7/site-packages/airflow/example_dags/example_latest_only_with_trigger.py
[2022-07-14 16:33:26,535] {processor.py:641} INFO - Processing file /home/airflow/.local/lib/python3.7/site-packages/airflow/example_dags/example_latest_only_with_trigger.py for tasks to queue
[2022-07-14 16:33:26,535] {logging_mixin.py:115} INFO - [2022-07-14 16:33:26,535] {dagbag.py:508} INFO - Filling up the DagBag from /home/airflow/.local/lib/python3.7/site-packages/airflow/example_dags/example_latest_only_with_trigger.py
[2022-07-14 16:33:26,542] {processor.py:651} INFO - DAG(s) dict_keys(['latest_only_with_trigger']) retrieved from /home/airflow/.local/lib/python3.7/site-packages/airflow/example_dags/example_latest_only_with_trigger.py
[2022-07-14 16:33:26,577] {logging_mixin.py:115} INFO - [2022-07-14 16:33:26,577] {dag.py:2420} INFO - Sync 1 DAGs
[2022-07-14 16:33:26,607] {logging_mixin.py:115} INFO - [2022-07-14 16:33:26,607] {dag.py:2972} INFO - Setting next_dagrun for latest_only_with_trigger to 2022-07-14T12:33:26.606789+00:00, run_after=2022-07-14T16:33:26.606789+00:00
[2022-07-14 16:33:26,622] {processor.py:161} INFO - Processing /home/airflow/.local/lib/python3.7/site-packages/airflow/example_dags/example_latest_only_with_trigger.py took 0.092 seconds
[2022-07-14 16:33:56,791] {processor.py:153} INFO - Started process (PID=1896) to work on /home/airflow/.local/lib/python3.7/site-packages/airflow/example_dags/example_latest_only_with_trigger.py
[2022-07-14 16:33:56,791] {processor.py:641} INFO - Processing file /home/airflow/.local/lib/python3.7/site-packages/airflow/example_dags/example_latest_only_with_trigger.py for tasks to queue
[2022-07-14 16:33:56,792] {logging_mixin.py:115} INFO - [2022-07-14 16:33:56,792] {dagbag.py:508} INFO - Filling up the DagBag from /home/airflow/.local/lib/python3.7/site-packages/airflow/example_dags/example_latest_only_with_trigger.py
[2022-07-14 16:33:56,797] {processor.py:651} INFO - DAG(s) dict_keys(['latest_only_with_trigger']) retrieved from /home/airflow/.local/lib/python3.7/site-packages/airflow/example_dags/example_latest_only_with_trigger.py
[2022-07-14 16:33:56,819] {logging_mixin.py:115} INFO - [2022-07-14 16:33:56,819] {dag.py:2420} INFO - Sync 1 DAGs
[2022-07-14 16:33:56,839] {logging_mixin.py:115} INFO - [2022-07-14 16:33:56,839] {dag.py:2972} INFO - Setting next_dagrun for latest_only_with_trigger to 2022-07-14T12:33:56.839660+00:00, run_after=2022-07-14T16:33:56.839660+00:00
[2022-07-14 16:33:56,850] {processor.py:161} INFO - Processing /home/airflow/.local/lib/python3.7/site-packages/airflow/example_dags/example_latest_only_with_trigger.py took 0.063 seconds
[2022-07-14 16:34:27,384] {processor.py:153} INFO - Started process (PID=1948) to work on /home/airflow/.local/lib/python3.7/site-packages/airflow/example_dags/example_latest_only_with_trigger.py
[2022-07-14 16:34:27,389] {processor.py:641} INFO - Processing file /home/airflow/.local/lib/python3.7/site-packages/airflow/example_dags/example_latest_only_with_trigger.py for tasks to queue
[2022-07-14 16:34:27,389] {logging_mixin.py:115} INFO - [2022-07-14 16:34:27,389] {dagbag.py:508} INFO - Filling up the DagBag from /home/airflow/.local/lib/python3.7/site-packages/airflow/example_dags/example_latest_only_with_trigger.py
[2022-07-14 16:34:27,396] {processor.py:651} INFO - DAG(s) dict_keys(['latest_only_with_trigger']) retrieved from /home/airflow/.local/lib/python3.7/site-packages/airflow/example_dags/example_latest_only_with_trigger.py
[2022-07-14 16:34:27,432] {logging_mixin.py:115} INFO - [2022-07-14 16:34:27,432] {dag.py:2420} INFO - Sync 1 DAGs
[2022-07-14 16:34:27,466] {logging_mixin.py:115} INFO - [2022-07-14 16:34:27,466] {dag.py:2972} INFO - Setting next_dagrun for latest_only_with_trigger to 2022-07-14T12:34:27.465804+00:00, run_after=2022-07-14T16:34:27.465804+00:00
[2022-07-14 16:34:27,511] {processor.py:161} INFO - Processing /home/airflow/.local/lib/python3.7/site-packages/airflow/example_dags/example_latest_only_with_trigger.py took 0.130 seconds
[2022-07-14 16:34:58,101] {processor.py:153} INFO - Started process (PID=2009) to work on /home/airflow/.local/lib/python3.7/site-packages/airflow/example_dags/example_latest_only_with_trigger.py
[2022-07-14 16:34:58,101] {processor.py:641} INFO - Processing file /home/airflow/.local/lib/python3.7/site-packages/airflow/example_dags/example_latest_only_with_trigger.py for tasks to queue
[2022-07-14 16:34:58,101] {logging_mixin.py:115} INFO - [2022-07-14 16:34:58,101] {dagbag.py:508} INFO - Filling up the DagBag from /home/airflow/.local/lib/python3.7/site-packages/airflow/example_dags/example_latest_only_with_trigger.py
[2022-07-14 16:34:58,106] {processor.py:651} INFO - DAG(s) dict_keys(['latest_only_with_trigger']) retrieved from /home/airflow/.local/lib/python3.7/site-packages/airflow/example_dags/example_latest_only_with_trigger.py
[2022-07-14 16:34:58,128] {logging_mixin.py:115} INFO - [2022-07-14 16:34:58,127] {dag.py:2420} INFO - Sync 1 DAGs
[2022-07-14 16:34:58,147] {logging_mixin.py:115} INFO - [2022-07-14 16:34:58,147] {dag.py:2972} INFO - Setting next_dagrun for latest_only_with_trigger to 2022-07-14T12:34:58.147118+00:00, run_after=2022-07-14T16:34:58.147118+00:00
[2022-07-14 16:34:58,158] {processor.py:161} INFO - Processing /home/airflow/.local/lib/python3.7/site-packages/airflow/example_dags/example_latest_only_with_trigger.py took 0.060 seconds
[2022-07-14 16:35:28,367] {processor.py:153} INFO - Started process (PID=2061) to work on /home/airflow/.local/lib/python3.7/site-packages/airflow/example_dags/example_latest_only_with_trigger.py
[2022-07-14 16:35:28,368] {processor.py:641} INFO - Processing file /home/airflow/.local/lib/python3.7/site-packages/airflow/example_dags/example_latest_only_with_trigger.py for tasks to queue
[2022-07-14 16:35:28,368] {logging_mixin.py:115} INFO - [2022-07-14 16:35:28,368] {dagbag.py:508} INFO - Filling up the DagBag from /home/airflow/.local/lib/python3.7/site-packages/airflow/example_dags/example_latest_only_with_trigger.py
[2022-07-14 16:35:28,374] {processor.py:651} INFO - DAG(s) dict_keys(['latest_only_with_trigger']) retrieved from /home/airflow/.local/lib/python3.7/site-packages/airflow/example_dags/example_latest_only_with_trigger.py
[2022-07-14 16:35:28,401] {logging_mixin.py:115} INFO - [2022-07-14 16:35:28,401] {dag.py:2420} INFO - Sync 1 DAGs
[2022-07-14 16:35:28,427] {logging_mixin.py:115} INFO - [2022-07-14 16:35:28,427] {dag.py:2972} INFO - Setting next_dagrun for latest_only_with_trigger to 2022-07-14T12:35:28.427368+00:00, run_after=2022-07-14T16:35:28.427368+00:00
[2022-07-14 16:35:28,438] {processor.py:161} INFO - Processing /home/airflow/.local/lib/python3.7/site-packages/airflow/example_dags/example_latest_only_with_trigger.py took 0.074 seconds
[2022-07-14 16:35:58,509] {processor.py:153} INFO - Started process (PID=2121) to work on /home/airflow/.local/lib/python3.7/site-packages/airflow/example_dags/example_latest_only_with_trigger.py
[2022-07-14 16:35:58,510] {processor.py:641} INFO - Processing file /home/airflow/.local/lib/python3.7/site-packages/airflow/example_dags/example_latest_only_with_trigger.py for tasks to queue
[2022-07-14 16:35:58,510] {logging_mixin.py:115} INFO - [2022-07-14 16:35:58,510] {dagbag.py:508} INFO - Filling up the DagBag from /home/airflow/.local/lib/python3.7/site-packages/airflow/example_dags/example_latest_only_with_trigger.py
[2022-07-14 16:35:58,515] {processor.py:651} INFO - DAG(s) dict_keys(['latest_only_with_trigger']) retrieved from /home/airflow/.local/lib/python3.7/site-packages/airflow/example_dags/example_latest_only_with_trigger.py
[2022-07-14 16:35:58,536] {logging_mixin.py:115} INFO - [2022-07-14 16:35:58,536] {dag.py:2420} INFO - Sync 1 DAGs
[2022-07-14 16:35:58,558] {logging_mixin.py:115} INFO - [2022-07-14 16:35:58,557] {dag.py:2972} INFO - Setting next_dagrun for latest_only_with_trigger to 2022-07-14T12:35:58.557742+00:00, run_after=2022-07-14T16:35:58.557742+00:00
[2022-07-14 16:35:58,569] {processor.py:161} INFO - Processing /home/airflow/.local/lib/python3.7/site-packages/airflow/example_dags/example_latest_only_with_trigger.py took 0.062 seconds
