[2022-07-14 16:17:06,791] {processor.py:153} INFO - Started process (PID=71) to work on /home/airflow/.local/lib/python3.7/site-packages/airflow/example_dags/example_nested_branch_dag.py
[2022-07-14 16:17:06,792] {processor.py:641} INFO - Processing file /home/airflow/.local/lib/python3.7/site-packages/airflow/example_dags/example_nested_branch_dag.py for tasks to queue
[2022-07-14 16:17:06,793] {logging_mixin.py:115} INFO - [2022-07-14 16:17:06,793] {dagbag.py:508} INFO - Filling up the DagBag from /home/airflow/.local/lib/python3.7/site-packages/airflow/example_dags/example_nested_branch_dag.py
[2022-07-14 16:17:06,880] {processor.py:651} INFO - DAG(s) dict_keys(['example_nested_branch_dag']) retrieved from /home/airflow/.local/lib/python3.7/site-packages/airflow/example_dags/example_nested_branch_dag.py
[2022-07-14 16:17:07,151] {logging_mixin.py:115} INFO - [2022-07-14 16:17:07,151] {manager.py:508} INFO - Created Permission View: can delete on DAG:example_nested_branch_dag
[2022-07-14 16:17:07,224] {logging_mixin.py:115} INFO - [2022-07-14 16:17:07,224] {manager.py:508} INFO - Created Permission View: can read on DAG:example_nested_branch_dag
[2022-07-14 16:17:07,308] {logging_mixin.py:115} INFO - [2022-07-14 16:17:07,308] {manager.py:508} INFO - Created Permission View: can edit on DAG:example_nested_branch_dag
[2022-07-14 16:17:07,309] {logging_mixin.py:115} INFO - [2022-07-14 16:17:07,309] {dag.py:2420} INFO - Sync 1 DAGs
[2022-07-14 16:17:07,401] {logging_mixin.py:115} INFO - [2022-07-14 16:17:07,401] {dag.py:2439} INFO - Creating ORM DAG for example_nested_branch_dag
[2022-07-14 16:17:07,514] {logging_mixin.py:115} INFO - [2022-07-14 16:17:07,514] {dag.py:2972} INFO - Setting next_dagrun for example_nested_branch_dag to 2022-07-13T00:00:00+00:00, run_after=2022-07-14T00:00:00+00:00
[2022-07-14 16:17:07,715] {processor.py:161} INFO - Processing /home/airflow/.local/lib/python3.7/site-packages/airflow/example_dags/example_nested_branch_dag.py took 0.941 seconds
[2022-07-14 16:17:37,848] {processor.py:153} INFO - Started process (PID=121) to work on /home/airflow/.local/lib/python3.7/site-packages/airflow/example_dags/example_nested_branch_dag.py
[2022-07-14 16:17:37,862] {processor.py:641} INFO - Processing file /home/airflow/.local/lib/python3.7/site-packages/airflow/example_dags/example_nested_branch_dag.py for tasks to queue
[2022-07-14 16:17:37,862] {logging_mixin.py:115} INFO - [2022-07-14 16:17:37,862] {dagbag.py:508} INFO - Filling up the DagBag from /home/airflow/.local/lib/python3.7/site-packages/airflow/example_dags/example_nested_branch_dag.py
[2022-07-14 16:17:37,876] {processor.py:651} INFO - DAG(s) dict_keys(['example_nested_branch_dag']) retrieved from /home/airflow/.local/lib/python3.7/site-packages/airflow/example_dags/example_nested_branch_dag.py
[2022-07-14 16:17:37,920] {logging_mixin.py:115} INFO - [2022-07-14 16:17:37,920] {dag.py:2420} INFO - Sync 1 DAGs
[2022-07-14 16:17:37,956] {logging_mixin.py:115} INFO - [2022-07-14 16:17:37,956] {dag.py:2972} INFO - Setting next_dagrun for example_nested_branch_dag to 2022-07-13T00:00:00+00:00, run_after=2022-07-14T00:00:00+00:00
[2022-07-14 16:17:37,996] {processor.py:161} INFO - Processing /home/airflow/.local/lib/python3.7/site-packages/airflow/example_dags/example_nested_branch_dag.py took 0.152 seconds
[2022-07-14 16:18:08,103] {processor.py:153} INFO - Started process (PID=179) to work on /home/airflow/.local/lib/python3.7/site-packages/airflow/example_dags/example_nested_branch_dag.py
[2022-07-14 16:18:08,128] {processor.py:641} INFO - Processing file /home/airflow/.local/lib/python3.7/site-packages/airflow/example_dags/example_nested_branch_dag.py for tasks to queue
[2022-07-14 16:18:08,129] {logging_mixin.py:115} INFO - [2022-07-14 16:18:08,129] {dagbag.py:508} INFO - Filling up the DagBag from /home/airflow/.local/lib/python3.7/site-packages/airflow/example_dags/example_nested_branch_dag.py
[2022-07-14 16:18:08,176] {processor.py:651} INFO - DAG(s) dict_keys(['example_nested_branch_dag']) retrieved from /home/airflow/.local/lib/python3.7/site-packages/airflow/example_dags/example_nested_branch_dag.py
[2022-07-14 16:18:08,242] {logging_mixin.py:115} INFO - [2022-07-14 16:18:08,242] {dag.py:2420} INFO - Sync 1 DAGs
[2022-07-14 16:18:08,331] {logging_mixin.py:115} INFO - [2022-07-14 16:18:08,331] {dag.py:2972} INFO - Setting next_dagrun for example_nested_branch_dag to 2022-07-13T00:00:00+00:00, run_after=2022-07-14T00:00:00+00:00
[2022-07-14 16:18:08,379] {processor.py:161} INFO - Processing /home/airflow/.local/lib/python3.7/site-packages/airflow/example_dags/example_nested_branch_dag.py took 0.287 seconds
[2022-07-14 16:18:39,130] {processor.py:153} INFO - Started process (PID=234) to work on /home/airflow/.local/lib/python3.7/site-packages/airflow/example_dags/example_nested_branch_dag.py
[2022-07-14 16:18:39,136] {processor.py:641} INFO - Processing file /home/airflow/.local/lib/python3.7/site-packages/airflow/example_dags/example_nested_branch_dag.py for tasks to queue
[2022-07-14 16:18:39,137] {logging_mixin.py:115} INFO - [2022-07-14 16:18:39,137] {dagbag.py:508} INFO - Filling up the DagBag from /home/airflow/.local/lib/python3.7/site-packages/airflow/example_dags/example_nested_branch_dag.py
[2022-07-14 16:18:39,178] {processor.py:651} INFO - DAG(s) dict_keys(['example_nested_branch_dag']) retrieved from /home/airflow/.local/lib/python3.7/site-packages/airflow/example_dags/example_nested_branch_dag.py
[2022-07-14 16:18:39,247] {logging_mixin.py:115} INFO - [2022-07-14 16:18:39,247] {dag.py:2420} INFO - Sync 1 DAGs
[2022-07-14 16:18:39,348] {logging_mixin.py:115} INFO - [2022-07-14 16:18:39,348] {dag.py:2972} INFO - Setting next_dagrun for example_nested_branch_dag to 2022-07-13T00:00:00+00:00, run_after=2022-07-14T00:00:00+00:00
[2022-07-14 16:18:39,418] {processor.py:161} INFO - Processing /home/airflow/.local/lib/python3.7/site-packages/airflow/example_dags/example_nested_branch_dag.py took 0.303 seconds
[2022-07-14 16:19:09,529] {processor.py:153} INFO - Started process (PID=285) to work on /home/airflow/.local/lib/python3.7/site-packages/airflow/example_dags/example_nested_branch_dag.py
[2022-07-14 16:19:09,552] {processor.py:641} INFO - Processing file /home/airflow/.local/lib/python3.7/site-packages/airflow/example_dags/example_nested_branch_dag.py for tasks to queue
[2022-07-14 16:19:09,553] {logging_mixin.py:115} INFO - [2022-07-14 16:19:09,552] {dagbag.py:508} INFO - Filling up the DagBag from /home/airflow/.local/lib/python3.7/site-packages/airflow/example_dags/example_nested_branch_dag.py
[2022-07-14 16:19:09,580] {processor.py:651} INFO - DAG(s) dict_keys(['example_nested_branch_dag']) retrieved from /home/airflow/.local/lib/python3.7/site-packages/airflow/example_dags/example_nested_branch_dag.py
[2022-07-14 16:19:09,624] {logging_mixin.py:115} INFO - [2022-07-14 16:19:09,624] {dag.py:2420} INFO - Sync 1 DAGs
[2022-07-14 16:19:09,657] {logging_mixin.py:115} INFO - [2022-07-14 16:19:09,657] {dag.py:2972} INFO - Setting next_dagrun for example_nested_branch_dag to 2022-07-13T00:00:00+00:00, run_after=2022-07-14T00:00:00+00:00
[2022-07-14 16:19:09,674] {processor.py:161} INFO - Processing /home/airflow/.local/lib/python3.7/site-packages/airflow/example_dags/example_nested_branch_dag.py took 0.156 seconds
[2022-07-14 16:19:39,881] {processor.py:153} INFO - Started process (PID=345) to work on /home/airflow/.local/lib/python3.7/site-packages/airflow/example_dags/example_nested_branch_dag.py
[2022-07-14 16:19:39,883] {processor.py:641} INFO - Processing file /home/airflow/.local/lib/python3.7/site-packages/airflow/example_dags/example_nested_branch_dag.py for tasks to queue
[2022-07-14 16:19:39,884] {logging_mixin.py:115} INFO - [2022-07-14 16:19:39,883] {dagbag.py:508} INFO - Filling up the DagBag from /home/airflow/.local/lib/python3.7/site-packages/airflow/example_dags/example_nested_branch_dag.py
[2022-07-14 16:19:39,919] {processor.py:651} INFO - DAG(s) dict_keys(['example_nested_branch_dag']) retrieved from /home/airflow/.local/lib/python3.7/site-packages/airflow/example_dags/example_nested_branch_dag.py
[2022-07-14 16:19:40,005] {logging_mixin.py:115} INFO - [2022-07-14 16:19:40,005] {dag.py:2420} INFO - Sync 1 DAGs
[2022-07-14 16:19:40,183] {logging_mixin.py:115} INFO - [2022-07-14 16:19:40,183] {dag.py:2972} INFO - Setting next_dagrun for example_nested_branch_dag to 2022-07-13T00:00:00+00:00, run_after=2022-07-14T00:00:00+00:00
[2022-07-14 16:19:40,262] {processor.py:161} INFO - Processing /home/airflow/.local/lib/python3.7/site-packages/airflow/example_dags/example_nested_branch_dag.py took 0.387 seconds
[2022-07-14 16:20:10,737] {processor.py:153} INFO - Started process (PID=396) to work on /home/airflow/.local/lib/python3.7/site-packages/airflow/example_dags/example_nested_branch_dag.py
[2022-07-14 16:20:10,740] {processor.py:641} INFO - Processing file /home/airflow/.local/lib/python3.7/site-packages/airflow/example_dags/example_nested_branch_dag.py for tasks to queue
[2022-07-14 16:20:10,740] {logging_mixin.py:115} INFO - [2022-07-14 16:20:10,740] {dagbag.py:508} INFO - Filling up the DagBag from /home/airflow/.local/lib/python3.7/site-packages/airflow/example_dags/example_nested_branch_dag.py
[2022-07-14 16:20:10,755] {processor.py:651} INFO - DAG(s) dict_keys(['example_nested_branch_dag']) retrieved from /home/airflow/.local/lib/python3.7/site-packages/airflow/example_dags/example_nested_branch_dag.py
[2022-07-14 16:20:10,793] {logging_mixin.py:115} INFO - [2022-07-14 16:20:10,793] {dag.py:2420} INFO - Sync 1 DAGs
[2022-07-14 16:20:10,832] {logging_mixin.py:115} INFO - [2022-07-14 16:20:10,832] {dag.py:2972} INFO - Setting next_dagrun for example_nested_branch_dag to 2022-07-13T00:00:00+00:00, run_after=2022-07-14T00:00:00+00:00
[2022-07-14 16:20:10,877] {processor.py:161} INFO - Processing /home/airflow/.local/lib/python3.7/site-packages/airflow/example_dags/example_nested_branch_dag.py took 0.144 seconds
[2022-07-14 16:20:41,161] {processor.py:153} INFO - Started process (PID=447) to work on /home/airflow/.local/lib/python3.7/site-packages/airflow/example_dags/example_nested_branch_dag.py
[2022-07-14 16:20:41,162] {processor.py:641} INFO - Processing file /home/airflow/.local/lib/python3.7/site-packages/airflow/example_dags/example_nested_branch_dag.py for tasks to queue
[2022-07-14 16:20:41,164] {logging_mixin.py:115} INFO - [2022-07-14 16:20:41,164] {dagbag.py:508} INFO - Filling up the DagBag from /home/airflow/.local/lib/python3.7/site-packages/airflow/example_dags/example_nested_branch_dag.py
[2022-07-14 16:20:41,188] {processor.py:651} INFO - DAG(s) dict_keys(['example_nested_branch_dag']) retrieved from /home/airflow/.local/lib/python3.7/site-packages/airflow/example_dags/example_nested_branch_dag.py
[2022-07-14 16:20:41,239] {logging_mixin.py:115} INFO - [2022-07-14 16:20:41,238] {dag.py:2420} INFO - Sync 1 DAGs
[2022-07-14 16:20:41,274] {logging_mixin.py:115} INFO - [2022-07-14 16:20:41,273] {dag.py:2972} INFO - Setting next_dagrun for example_nested_branch_dag to 2022-07-13T00:00:00+00:00, run_after=2022-07-14T00:00:00+00:00
[2022-07-14 16:20:41,289] {processor.py:161} INFO - Processing /home/airflow/.local/lib/python3.7/site-packages/airflow/example_dags/example_nested_branch_dag.py took 0.133 seconds
[2022-07-14 16:21:11,517] {processor.py:153} INFO - Started process (PID=499) to work on /home/airflow/.local/lib/python3.7/site-packages/airflow/example_dags/example_nested_branch_dag.py
[2022-07-14 16:21:11,519] {processor.py:641} INFO - Processing file /home/airflow/.local/lib/python3.7/site-packages/airflow/example_dags/example_nested_branch_dag.py for tasks to queue
[2022-07-14 16:21:11,520] {logging_mixin.py:115} INFO - [2022-07-14 16:21:11,520] {dagbag.py:508} INFO - Filling up the DagBag from /home/airflow/.local/lib/python3.7/site-packages/airflow/example_dags/example_nested_branch_dag.py
[2022-07-14 16:21:11,543] {processor.py:651} INFO - DAG(s) dict_keys(['example_nested_branch_dag']) retrieved from /home/airflow/.local/lib/python3.7/site-packages/airflow/example_dags/example_nested_branch_dag.py
[2022-07-14 16:21:11,590] {logging_mixin.py:115} INFO - [2022-07-14 16:21:11,590] {dag.py:2420} INFO - Sync 1 DAGs
[2022-07-14 16:21:11,626] {logging_mixin.py:115} INFO - [2022-07-14 16:21:11,626] {dag.py:2972} INFO - Setting next_dagrun for example_nested_branch_dag to 2022-07-13T00:00:00+00:00, run_after=2022-07-14T00:00:00+00:00
[2022-07-14 16:21:11,672] {processor.py:161} INFO - Processing /home/airflow/.local/lib/python3.7/site-packages/airflow/example_dags/example_nested_branch_dag.py took 0.161 seconds
[2022-07-14 16:21:42,032] {processor.py:153} INFO - Started process (PID=560) to work on /home/airflow/.local/lib/python3.7/site-packages/airflow/example_dags/example_nested_branch_dag.py
[2022-07-14 16:21:42,033] {processor.py:641} INFO - Processing file /home/airflow/.local/lib/python3.7/site-packages/airflow/example_dags/example_nested_branch_dag.py for tasks to queue
[2022-07-14 16:21:42,034] {logging_mixin.py:115} INFO - [2022-07-14 16:21:42,033] {dagbag.py:508} INFO - Filling up the DagBag from /home/airflow/.local/lib/python3.7/site-packages/airflow/example_dags/example_nested_branch_dag.py
[2022-07-14 16:21:42,093] {processor.py:651} INFO - DAG(s) dict_keys(['example_nested_branch_dag']) retrieved from /home/airflow/.local/lib/python3.7/site-packages/airflow/example_dags/example_nested_branch_dag.py
[2022-07-14 16:21:42,143] {logging_mixin.py:115} INFO - [2022-07-14 16:21:42,143] {dag.py:2420} INFO - Sync 1 DAGs
[2022-07-14 16:21:42,230] {logging_mixin.py:115} INFO - [2022-07-14 16:21:42,230] {dag.py:2972} INFO - Setting next_dagrun for example_nested_branch_dag to 2022-07-13T00:00:00+00:00, run_after=2022-07-14T00:00:00+00:00
[2022-07-14 16:21:42,290] {processor.py:161} INFO - Processing /home/airflow/.local/lib/python3.7/site-packages/airflow/example_dags/example_nested_branch_dag.py took 0.262 seconds
[2022-07-14 16:22:13,219] {processor.py:153} INFO - Started process (PID=611) to work on /home/airflow/.local/lib/python3.7/site-packages/airflow/example_dags/example_nested_branch_dag.py
[2022-07-14 16:22:13,220] {processor.py:641} INFO - Processing file /home/airflow/.local/lib/python3.7/site-packages/airflow/example_dags/example_nested_branch_dag.py for tasks to queue
[2022-07-14 16:22:13,221] {logging_mixin.py:115} INFO - [2022-07-14 16:22:13,221] {dagbag.py:508} INFO - Filling up the DagBag from /home/airflow/.local/lib/python3.7/site-packages/airflow/example_dags/example_nested_branch_dag.py
[2022-07-14 16:22:13,239] {processor.py:651} INFO - DAG(s) dict_keys(['example_nested_branch_dag']) retrieved from /home/airflow/.local/lib/python3.7/site-packages/airflow/example_dags/example_nested_branch_dag.py
[2022-07-14 16:22:13,285] {logging_mixin.py:115} INFO - [2022-07-14 16:22:13,285] {dag.py:2420} INFO - Sync 1 DAGs
[2022-07-14 16:22:13,329] {logging_mixin.py:115} INFO - [2022-07-14 16:22:13,329] {dag.py:2972} INFO - Setting next_dagrun for example_nested_branch_dag to 2022-07-13T00:00:00+00:00, run_after=2022-07-14T00:00:00+00:00
[2022-07-14 16:22:13,349] {processor.py:161} INFO - Processing /home/airflow/.local/lib/python3.7/site-packages/airflow/example_dags/example_nested_branch_dag.py took 0.134 seconds
[2022-07-14 16:22:43,690] {processor.py:153} INFO - Started process (PID=663) to work on /home/airflow/.local/lib/python3.7/site-packages/airflow/example_dags/example_nested_branch_dag.py
[2022-07-14 16:22:43,691] {processor.py:641} INFO - Processing file /home/airflow/.local/lib/python3.7/site-packages/airflow/example_dags/example_nested_branch_dag.py for tasks to queue
[2022-07-14 16:22:43,691] {logging_mixin.py:115} INFO - [2022-07-14 16:22:43,691] {dagbag.py:508} INFO - Filling up the DagBag from /home/airflow/.local/lib/python3.7/site-packages/airflow/example_dags/example_nested_branch_dag.py
[2022-07-14 16:22:43,710] {processor.py:651} INFO - DAG(s) dict_keys(['example_nested_branch_dag']) retrieved from /home/airflow/.local/lib/python3.7/site-packages/airflow/example_dags/example_nested_branch_dag.py
[2022-07-14 16:22:43,746] {logging_mixin.py:115} INFO - [2022-07-14 16:22:43,746] {dag.py:2420} INFO - Sync 1 DAGs
[2022-07-14 16:22:43,783] {logging_mixin.py:115} INFO - [2022-07-14 16:22:43,783] {dag.py:2972} INFO - Setting next_dagrun for example_nested_branch_dag to 2022-07-13T00:00:00+00:00, run_after=2022-07-14T00:00:00+00:00
[2022-07-14 16:22:43,837] {processor.py:161} INFO - Processing /home/airflow/.local/lib/python3.7/site-packages/airflow/example_dags/example_nested_branch_dag.py took 0.152 seconds
[2022-07-14 16:23:14,314] {processor.py:153} INFO - Started process (PID=724) to work on /home/airflow/.local/lib/python3.7/site-packages/airflow/example_dags/example_nested_branch_dag.py
[2022-07-14 16:23:14,317] {processor.py:641} INFO - Processing file /home/airflow/.local/lib/python3.7/site-packages/airflow/example_dags/example_nested_branch_dag.py for tasks to queue
[2022-07-14 16:23:14,320] {logging_mixin.py:115} INFO - [2022-07-14 16:23:14,320] {dagbag.py:508} INFO - Filling up the DagBag from /home/airflow/.local/lib/python3.7/site-packages/airflow/example_dags/example_nested_branch_dag.py
[2022-07-14 16:23:14,343] {processor.py:651} INFO - DAG(s) dict_keys(['example_nested_branch_dag']) retrieved from /home/airflow/.local/lib/python3.7/site-packages/airflow/example_dags/example_nested_branch_dag.py
[2022-07-14 16:23:14,391] {logging_mixin.py:115} INFO - [2022-07-14 16:23:14,391] {dag.py:2420} INFO - Sync 1 DAGs
[2022-07-14 16:23:14,429] {logging_mixin.py:115} INFO - [2022-07-14 16:23:14,428] {dag.py:2972} INFO - Setting next_dagrun for example_nested_branch_dag to 2022-07-13T00:00:00+00:00, run_after=2022-07-14T00:00:00+00:00
[2022-07-14 16:23:14,497] {processor.py:161} INFO - Processing /home/airflow/.local/lib/python3.7/site-packages/airflow/example_dags/example_nested_branch_dag.py took 0.196 seconds
[2022-07-14 16:23:44,772] {processor.py:153} INFO - Started process (PID=775) to work on /home/airflow/.local/lib/python3.7/site-packages/airflow/example_dags/example_nested_branch_dag.py
[2022-07-14 16:23:44,775] {processor.py:641} INFO - Processing file /home/airflow/.local/lib/python3.7/site-packages/airflow/example_dags/example_nested_branch_dag.py for tasks to queue
[2022-07-14 16:23:44,775] {logging_mixin.py:115} INFO - [2022-07-14 16:23:44,775] {dagbag.py:508} INFO - Filling up the DagBag from /home/airflow/.local/lib/python3.7/site-packages/airflow/example_dags/example_nested_branch_dag.py
[2022-07-14 16:23:44,814] {processor.py:651} INFO - DAG(s) dict_keys(['example_nested_branch_dag']) retrieved from /home/airflow/.local/lib/python3.7/site-packages/airflow/example_dags/example_nested_branch_dag.py
[2022-07-14 16:23:44,881] {logging_mixin.py:115} INFO - [2022-07-14 16:23:44,880] {dag.py:2420} INFO - Sync 1 DAGs
[2022-07-14 16:23:44,937] {logging_mixin.py:115} INFO - [2022-07-14 16:23:44,937] {dag.py:2972} INFO - Setting next_dagrun for example_nested_branch_dag to 2022-07-13T00:00:00+00:00, run_after=2022-07-14T00:00:00+00:00
[2022-07-14 16:23:44,966] {processor.py:161} INFO - Processing /home/airflow/.local/lib/python3.7/site-packages/airflow/example_dags/example_nested_branch_dag.py took 0.197 seconds
[2022-07-14 16:24:15,689] {processor.py:153} INFO - Started process (PID=834) to work on /home/airflow/.local/lib/python3.7/site-packages/airflow/example_dags/example_nested_branch_dag.py
[2022-07-14 16:24:15,690] {processor.py:641} INFO - Processing file /home/airflow/.local/lib/python3.7/site-packages/airflow/example_dags/example_nested_branch_dag.py for tasks to queue
[2022-07-14 16:24:15,691] {logging_mixin.py:115} INFO - [2022-07-14 16:24:15,690] {dagbag.py:508} INFO - Filling up the DagBag from /home/airflow/.local/lib/python3.7/site-packages/airflow/example_dags/example_nested_branch_dag.py
[2022-07-14 16:24:15,714] {processor.py:651} INFO - DAG(s) dict_keys(['example_nested_branch_dag']) retrieved from /home/airflow/.local/lib/python3.7/site-packages/airflow/example_dags/example_nested_branch_dag.py
[2022-07-14 16:24:15,764] {logging_mixin.py:115} INFO - [2022-07-14 16:24:15,764] {dag.py:2420} INFO - Sync 1 DAGs
[2022-07-14 16:24:15,896] {logging_mixin.py:115} INFO - [2022-07-14 16:24:15,896] {dag.py:2972} INFO - Setting next_dagrun for example_nested_branch_dag to 2022-07-13T00:00:00+00:00, run_after=2022-07-14T00:00:00+00:00
[2022-07-14 16:24:15,939] {processor.py:161} INFO - Processing /home/airflow/.local/lib/python3.7/site-packages/airflow/example_dags/example_nested_branch_dag.py took 0.254 seconds
[2022-07-14 16:24:46,918] {processor.py:153} INFO - Started process (PID=885) to work on /home/airflow/.local/lib/python3.7/site-packages/airflow/example_dags/example_nested_branch_dag.py
[2022-07-14 16:24:46,921] {processor.py:641} INFO - Processing file /home/airflow/.local/lib/python3.7/site-packages/airflow/example_dags/example_nested_branch_dag.py for tasks to queue
[2022-07-14 16:24:46,922] {logging_mixin.py:115} INFO - [2022-07-14 16:24:46,922] {dagbag.py:508} INFO - Filling up the DagBag from /home/airflow/.local/lib/python3.7/site-packages/airflow/example_dags/example_nested_branch_dag.py
[2022-07-14 16:24:46,945] {processor.py:651} INFO - DAG(s) dict_keys(['example_nested_branch_dag']) retrieved from /home/airflow/.local/lib/python3.7/site-packages/airflow/example_dags/example_nested_branch_dag.py
[2022-07-14 16:24:46,989] {logging_mixin.py:115} INFO - [2022-07-14 16:24:46,989] {dag.py:2420} INFO - Sync 1 DAGs
[2022-07-14 16:24:47,052] {logging_mixin.py:115} INFO - [2022-07-14 16:24:47,052] {dag.py:2972} INFO - Setting next_dagrun for example_nested_branch_dag to 2022-07-13T00:00:00+00:00, run_after=2022-07-14T00:00:00+00:00
[2022-07-14 16:24:47,090] {processor.py:161} INFO - Processing /home/airflow/.local/lib/python3.7/site-packages/airflow/example_dags/example_nested_branch_dag.py took 0.184 seconds
[2022-07-14 16:25:17,202] {processor.py:153} INFO - Started process (PID=936) to work on /home/airflow/.local/lib/python3.7/site-packages/airflow/example_dags/example_nested_branch_dag.py
[2022-07-14 16:25:17,202] {processor.py:641} INFO - Processing file /home/airflow/.local/lib/python3.7/site-packages/airflow/example_dags/example_nested_branch_dag.py for tasks to queue
[2022-07-14 16:25:17,203] {logging_mixin.py:115} INFO - [2022-07-14 16:25:17,203] {dagbag.py:508} INFO - Filling up the DagBag from /home/airflow/.local/lib/python3.7/site-packages/airflow/example_dags/example_nested_branch_dag.py
[2022-07-14 16:25:17,217] {processor.py:651} INFO - DAG(s) dict_keys(['example_nested_branch_dag']) retrieved from /home/airflow/.local/lib/python3.7/site-packages/airflow/example_dags/example_nested_branch_dag.py
[2022-07-14 16:25:17,260] {logging_mixin.py:115} INFO - [2022-07-14 16:25:17,260] {dag.py:2420} INFO - Sync 1 DAGs
[2022-07-14 16:25:17,293] {logging_mixin.py:115} INFO - [2022-07-14 16:25:17,293] {dag.py:2972} INFO - Setting next_dagrun for example_nested_branch_dag to 2022-07-13T00:00:00+00:00, run_after=2022-07-14T00:00:00+00:00
[2022-07-14 16:25:17,320] {processor.py:161} INFO - Processing /home/airflow/.local/lib/python3.7/site-packages/airflow/example_dags/example_nested_branch_dag.py took 0.121 seconds
[2022-07-14 16:25:47,785] {processor.py:153} INFO - Started process (PID=996) to work on /home/airflow/.local/lib/python3.7/site-packages/airflow/example_dags/example_nested_branch_dag.py
[2022-07-14 16:25:47,786] {processor.py:641} INFO - Processing file /home/airflow/.local/lib/python3.7/site-packages/airflow/example_dags/example_nested_branch_dag.py for tasks to queue
[2022-07-14 16:25:47,787] {logging_mixin.py:115} INFO - [2022-07-14 16:25:47,787] {dagbag.py:508} INFO - Filling up the DagBag from /home/airflow/.local/lib/python3.7/site-packages/airflow/example_dags/example_nested_branch_dag.py
[2022-07-14 16:25:47,816] {processor.py:651} INFO - DAG(s) dict_keys(['example_nested_branch_dag']) retrieved from /home/airflow/.local/lib/python3.7/site-packages/airflow/example_dags/example_nested_branch_dag.py
[2022-07-14 16:25:47,856] {logging_mixin.py:115} INFO - [2022-07-14 16:25:47,856] {dag.py:2420} INFO - Sync 1 DAGs
[2022-07-14 16:25:47,895] {logging_mixin.py:115} INFO - [2022-07-14 16:25:47,895] {dag.py:2972} INFO - Setting next_dagrun for example_nested_branch_dag to 2022-07-13T00:00:00+00:00, run_after=2022-07-14T00:00:00+00:00
[2022-07-14 16:25:47,913] {processor.py:161} INFO - Processing /home/airflow/.local/lib/python3.7/site-packages/airflow/example_dags/example_nested_branch_dag.py took 0.138 seconds
[2022-07-14 16:26:17,990] {processor.py:153} INFO - Started process (PID=1046) to work on /home/airflow/.local/lib/python3.7/site-packages/airflow/example_dags/example_nested_branch_dag.py
[2022-07-14 16:26:17,991] {processor.py:641} INFO - Processing file /home/airflow/.local/lib/python3.7/site-packages/airflow/example_dags/example_nested_branch_dag.py for tasks to queue
[2022-07-14 16:26:17,991] {logging_mixin.py:115} INFO - [2022-07-14 16:26:17,991] {dagbag.py:508} INFO - Filling up the DagBag from /home/airflow/.local/lib/python3.7/site-packages/airflow/example_dags/example_nested_branch_dag.py
[2022-07-14 16:26:18,009] {processor.py:651} INFO - DAG(s) dict_keys(['example_nested_branch_dag']) retrieved from /home/airflow/.local/lib/python3.7/site-packages/airflow/example_dags/example_nested_branch_dag.py
[2022-07-14 16:26:18,075] {logging_mixin.py:115} INFO - [2022-07-14 16:26:18,075] {dag.py:2420} INFO - Sync 1 DAGs
[2022-07-14 16:26:18,143] {logging_mixin.py:115} INFO - [2022-07-14 16:26:18,141] {dag.py:2972} INFO - Setting next_dagrun for example_nested_branch_dag to 2022-07-13T00:00:00+00:00, run_after=2022-07-14T00:00:00+00:00
[2022-07-14 16:26:18,160] {processor.py:161} INFO - Processing /home/airflow/.local/lib/python3.7/site-packages/airflow/example_dags/example_nested_branch_dag.py took 0.174 seconds
[2022-07-14 16:26:48,254] {processor.py:153} INFO - Started process (PID=1107) to work on /home/airflow/.local/lib/python3.7/site-packages/airflow/example_dags/example_nested_branch_dag.py
[2022-07-14 16:26:48,264] {processor.py:641} INFO - Processing file /home/airflow/.local/lib/python3.7/site-packages/airflow/example_dags/example_nested_branch_dag.py for tasks to queue
[2022-07-14 16:26:48,265] {logging_mixin.py:115} INFO - [2022-07-14 16:26:48,265] {dagbag.py:508} INFO - Filling up the DagBag from /home/airflow/.local/lib/python3.7/site-packages/airflow/example_dags/example_nested_branch_dag.py
[2022-07-14 16:26:48,291] {processor.py:651} INFO - DAG(s) dict_keys(['example_nested_branch_dag']) retrieved from /home/airflow/.local/lib/python3.7/site-packages/airflow/example_dags/example_nested_branch_dag.py
[2022-07-14 16:26:48,339] {logging_mixin.py:115} INFO - [2022-07-14 16:26:48,339] {dag.py:2420} INFO - Sync 1 DAGs
[2022-07-14 16:26:48,398] {logging_mixin.py:115} INFO - [2022-07-14 16:26:48,398] {dag.py:2972} INFO - Setting next_dagrun for example_nested_branch_dag to 2022-07-13T00:00:00+00:00, run_after=2022-07-14T00:00:00+00:00
[2022-07-14 16:26:48,422] {processor.py:161} INFO - Processing /home/airflow/.local/lib/python3.7/site-packages/airflow/example_dags/example_nested_branch_dag.py took 0.179 seconds
[2022-07-14 16:27:18,596] {processor.py:153} INFO - Started process (PID=1159) to work on /home/airflow/.local/lib/python3.7/site-packages/airflow/example_dags/example_nested_branch_dag.py
[2022-07-14 16:27:18,597] {processor.py:641} INFO - Processing file /home/airflow/.local/lib/python3.7/site-packages/airflow/example_dags/example_nested_branch_dag.py for tasks to queue
[2022-07-14 16:27:18,597] {logging_mixin.py:115} INFO - [2022-07-14 16:27:18,597] {dagbag.py:508} INFO - Filling up the DagBag from /home/airflow/.local/lib/python3.7/site-packages/airflow/example_dags/example_nested_branch_dag.py
[2022-07-14 16:27:18,613] {processor.py:651} INFO - DAG(s) dict_keys(['example_nested_branch_dag']) retrieved from /home/airflow/.local/lib/python3.7/site-packages/airflow/example_dags/example_nested_branch_dag.py
[2022-07-14 16:27:18,657] {logging_mixin.py:115} INFO - [2022-07-14 16:27:18,657] {dag.py:2420} INFO - Sync 1 DAGs
[2022-07-14 16:27:18,708] {logging_mixin.py:115} INFO - [2022-07-14 16:27:18,708] {dag.py:2972} INFO - Setting next_dagrun for example_nested_branch_dag to 2022-07-13T00:00:00+00:00, run_after=2022-07-14T00:00:00+00:00
[2022-07-14 16:27:18,736] {processor.py:161} INFO - Processing /home/airflow/.local/lib/python3.7/site-packages/airflow/example_dags/example_nested_branch_dag.py took 0.143 seconds
[2022-07-14 16:27:49,353] {processor.py:153} INFO - Started process (PID=1211) to work on /home/airflow/.local/lib/python3.7/site-packages/airflow/example_dags/example_nested_branch_dag.py
[2022-07-14 16:27:49,363] {processor.py:641} INFO - Processing file /home/airflow/.local/lib/python3.7/site-packages/airflow/example_dags/example_nested_branch_dag.py for tasks to queue
[2022-07-14 16:27:49,364] {logging_mixin.py:115} INFO - [2022-07-14 16:27:49,364] {dagbag.py:508} INFO - Filling up the DagBag from /home/airflow/.local/lib/python3.7/site-packages/airflow/example_dags/example_nested_branch_dag.py
[2022-07-14 16:27:49,377] {processor.py:651} INFO - DAG(s) dict_keys(['example_nested_branch_dag']) retrieved from /home/airflow/.local/lib/python3.7/site-packages/airflow/example_dags/example_nested_branch_dag.py
[2022-07-14 16:27:49,417] {logging_mixin.py:115} INFO - [2022-07-14 16:27:49,416] {dag.py:2420} INFO - Sync 1 DAGs
[2022-07-14 16:27:49,452] {logging_mixin.py:115} INFO - [2022-07-14 16:27:49,452] {dag.py:2972} INFO - Setting next_dagrun for example_nested_branch_dag to 2022-07-13T00:00:00+00:00, run_after=2022-07-14T00:00:00+00:00
[2022-07-14 16:27:49,471] {processor.py:161} INFO - Processing /home/airflow/.local/lib/python3.7/site-packages/airflow/example_dags/example_nested_branch_dag.py took 0.120 seconds
[2022-07-14 16:28:19,726] {processor.py:153} INFO - Started process (PID=1271) to work on /home/airflow/.local/lib/python3.7/site-packages/airflow/example_dags/example_nested_branch_dag.py
[2022-07-14 16:28:19,739] {processor.py:641} INFO - Processing file /home/airflow/.local/lib/python3.7/site-packages/airflow/example_dags/example_nested_branch_dag.py for tasks to queue
[2022-07-14 16:28:19,739] {logging_mixin.py:115} INFO - [2022-07-14 16:28:19,739] {dagbag.py:508} INFO - Filling up the DagBag from /home/airflow/.local/lib/python3.7/site-packages/airflow/example_dags/example_nested_branch_dag.py
[2022-07-14 16:28:19,770] {processor.py:651} INFO - DAG(s) dict_keys(['example_nested_branch_dag']) retrieved from /home/airflow/.local/lib/python3.7/site-packages/airflow/example_dags/example_nested_branch_dag.py
[2022-07-14 16:28:19,823] {logging_mixin.py:115} INFO - [2022-07-14 16:28:19,822] {dag.py:2420} INFO - Sync 1 DAGs
[2022-07-14 16:28:19,861] {logging_mixin.py:115} INFO - [2022-07-14 16:28:19,860] {dag.py:2972} INFO - Setting next_dagrun for example_nested_branch_dag to 2022-07-13T00:00:00+00:00, run_after=2022-07-14T00:00:00+00:00
[2022-07-14 16:28:19,877] {processor.py:161} INFO - Processing /home/airflow/.local/lib/python3.7/site-packages/airflow/example_dags/example_nested_branch_dag.py took 0.155 seconds
[2022-07-14 16:28:50,650] {processor.py:153} INFO - Started process (PID=1323) to work on /home/airflow/.local/lib/python3.7/site-packages/airflow/example_dags/example_nested_branch_dag.py
[2022-07-14 16:28:50,650] {processor.py:641} INFO - Processing file /home/airflow/.local/lib/python3.7/site-packages/airflow/example_dags/example_nested_branch_dag.py for tasks to queue
[2022-07-14 16:28:50,651] {logging_mixin.py:115} INFO - [2022-07-14 16:28:50,651] {dagbag.py:508} INFO - Filling up the DagBag from /home/airflow/.local/lib/python3.7/site-packages/airflow/example_dags/example_nested_branch_dag.py
[2022-07-14 16:28:50,666] {processor.py:651} INFO - DAG(s) dict_keys(['example_nested_branch_dag']) retrieved from /home/airflow/.local/lib/python3.7/site-packages/airflow/example_dags/example_nested_branch_dag.py
[2022-07-14 16:28:50,715] {logging_mixin.py:115} INFO - [2022-07-14 16:28:50,714] {dag.py:2420} INFO - Sync 1 DAGs
[2022-07-14 16:28:50,754] {logging_mixin.py:115} INFO - [2022-07-14 16:28:50,754] {dag.py:2972} INFO - Setting next_dagrun for example_nested_branch_dag to 2022-07-13T00:00:00+00:00, run_after=2022-07-14T00:00:00+00:00
[2022-07-14 16:28:50,784] {processor.py:161} INFO - Processing /home/airflow/.local/lib/python3.7/site-packages/airflow/example_dags/example_nested_branch_dag.py took 0.139 seconds
[2022-07-14 16:29:21,020] {processor.py:153} INFO - Started process (PID=1380) to work on /home/airflow/.local/lib/python3.7/site-packages/airflow/example_dags/example_nested_branch_dag.py
[2022-07-14 16:29:21,031] {processor.py:641} INFO - Processing file /home/airflow/.local/lib/python3.7/site-packages/airflow/example_dags/example_nested_branch_dag.py for tasks to queue
[2022-07-14 16:29:21,031] {logging_mixin.py:115} INFO - [2022-07-14 16:29:21,031] {dagbag.py:508} INFO - Filling up the DagBag from /home/airflow/.local/lib/python3.7/site-packages/airflow/example_dags/example_nested_branch_dag.py
[2022-07-14 16:29:21,056] {processor.py:651} INFO - DAG(s) dict_keys(['example_nested_branch_dag']) retrieved from /home/airflow/.local/lib/python3.7/site-packages/airflow/example_dags/example_nested_branch_dag.py
[2022-07-14 16:29:21,127] {logging_mixin.py:115} INFO - [2022-07-14 16:29:21,127] {dag.py:2420} INFO - Sync 1 DAGs
[2022-07-14 16:29:21,225] {logging_mixin.py:115} INFO - [2022-07-14 16:29:21,225] {dag.py:2972} INFO - Setting next_dagrun for example_nested_branch_dag to 2022-07-13T00:00:00+00:00, run_after=2022-07-14T00:00:00+00:00
[2022-07-14 16:29:21,268] {processor.py:161} INFO - Processing /home/airflow/.local/lib/python3.7/site-packages/airflow/example_dags/example_nested_branch_dag.py took 0.252 seconds
[2022-07-14 16:29:51,721] {processor.py:153} INFO - Started process (PID=1434) to work on /home/airflow/.local/lib/python3.7/site-packages/airflow/example_dags/example_nested_branch_dag.py
[2022-07-14 16:29:51,741] {processor.py:641} INFO - Processing file /home/airflow/.local/lib/python3.7/site-packages/airflow/example_dags/example_nested_branch_dag.py for tasks to queue
[2022-07-14 16:29:51,742] {logging_mixin.py:115} INFO - [2022-07-14 16:29:51,742] {dagbag.py:508} INFO - Filling up the DagBag from /home/airflow/.local/lib/python3.7/site-packages/airflow/example_dags/example_nested_branch_dag.py
[2022-07-14 16:29:51,788] {processor.py:651} INFO - DAG(s) dict_keys(['example_nested_branch_dag']) retrieved from /home/airflow/.local/lib/python3.7/site-packages/airflow/example_dags/example_nested_branch_dag.py
[2022-07-14 16:29:51,902] {logging_mixin.py:115} INFO - [2022-07-14 16:29:51,901] {dag.py:2420} INFO - Sync 1 DAGs
[2022-07-14 16:29:52,017] {logging_mixin.py:115} INFO - [2022-07-14 16:29:52,017] {dag.py:2972} INFO - Setting next_dagrun for example_nested_branch_dag to 2022-07-13T00:00:00+00:00, run_after=2022-07-14T00:00:00+00:00
[2022-07-14 16:29:52,095] {processor.py:161} INFO - Processing /home/airflow/.local/lib/python3.7/site-packages/airflow/example_dags/example_nested_branch_dag.py took 0.380 seconds
[2022-07-14 16:30:22,238] {processor.py:153} INFO - Started process (PID=1486) to work on /home/airflow/.local/lib/python3.7/site-packages/airflow/example_dags/example_nested_branch_dag.py
[2022-07-14 16:30:22,239] {processor.py:641} INFO - Processing file /home/airflow/.local/lib/python3.7/site-packages/airflow/example_dags/example_nested_branch_dag.py for tasks to queue
[2022-07-14 16:30:22,240] {logging_mixin.py:115} INFO - [2022-07-14 16:30:22,240] {dagbag.py:508} INFO - Filling up the DagBag from /home/airflow/.local/lib/python3.7/site-packages/airflow/example_dags/example_nested_branch_dag.py
[2022-07-14 16:30:22,263] {processor.py:651} INFO - DAG(s) dict_keys(['example_nested_branch_dag']) retrieved from /home/airflow/.local/lib/python3.7/site-packages/airflow/example_dags/example_nested_branch_dag.py
[2022-07-14 16:30:22,302] {logging_mixin.py:115} INFO - [2022-07-14 16:30:22,302] {dag.py:2420} INFO - Sync 1 DAGs
[2022-07-14 16:30:22,340] {logging_mixin.py:115} INFO - [2022-07-14 16:30:22,339] {dag.py:2972} INFO - Setting next_dagrun for example_nested_branch_dag to 2022-07-13T00:00:00+00:00, run_after=2022-07-14T00:00:00+00:00
[2022-07-14 16:30:22,393] {processor.py:161} INFO - Processing /home/airflow/.local/lib/python3.7/site-packages/airflow/example_dags/example_nested_branch_dag.py took 0.159 seconds
[2022-07-14 16:30:52,802] {processor.py:153} INFO - Started process (PID=1546) to work on /home/airflow/.local/lib/python3.7/site-packages/airflow/example_dags/example_nested_branch_dag.py
[2022-07-14 16:30:52,803] {processor.py:641} INFO - Processing file /home/airflow/.local/lib/python3.7/site-packages/airflow/example_dags/example_nested_branch_dag.py for tasks to queue
[2022-07-14 16:30:52,803] {logging_mixin.py:115} INFO - [2022-07-14 16:30:52,803] {dagbag.py:508} INFO - Filling up the DagBag from /home/airflow/.local/lib/python3.7/site-packages/airflow/example_dags/example_nested_branch_dag.py
[2022-07-14 16:30:52,819] {processor.py:651} INFO - DAG(s) dict_keys(['example_nested_branch_dag']) retrieved from /home/airflow/.local/lib/python3.7/site-packages/airflow/example_dags/example_nested_branch_dag.py
[2022-07-14 16:30:52,921] {logging_mixin.py:115} INFO - [2022-07-14 16:30:52,921] {dag.py:2420} INFO - Sync 1 DAGs
[2022-07-14 16:30:52,962] {logging_mixin.py:115} INFO - [2022-07-14 16:30:52,962] {dag.py:2972} INFO - Setting next_dagrun for example_nested_branch_dag to 2022-07-13T00:00:00+00:00, run_after=2022-07-14T00:00:00+00:00
[2022-07-14 16:30:52,983] {processor.py:161} INFO - Processing /home/airflow/.local/lib/python3.7/site-packages/airflow/example_dags/example_nested_branch_dag.py took 0.194 seconds
[2022-07-14 16:31:23,046] {processor.py:153} INFO - Started process (PID=1606) to work on /home/airflow/.local/lib/python3.7/site-packages/airflow/example_dags/example_nested_branch_dag.py
[2022-07-14 16:31:23,046] {processor.py:641} INFO - Processing file /home/airflow/.local/lib/python3.7/site-packages/airflow/example_dags/example_nested_branch_dag.py for tasks to queue
[2022-07-14 16:31:23,047] {logging_mixin.py:115} INFO - [2022-07-14 16:31:23,047] {dagbag.py:508} INFO - Filling up the DagBag from /home/airflow/.local/lib/python3.7/site-packages/airflow/example_dags/example_nested_branch_dag.py
[2022-07-14 16:31:23,060] {processor.py:651} INFO - DAG(s) dict_keys(['example_nested_branch_dag']) retrieved from /home/airflow/.local/lib/python3.7/site-packages/airflow/example_dags/example_nested_branch_dag.py
[2022-07-14 16:31:23,090] {logging_mixin.py:115} INFO - [2022-07-14 16:31:23,089] {dag.py:2420} INFO - Sync 1 DAGs
[2022-07-14 16:31:23,119] {logging_mixin.py:115} INFO - [2022-07-14 16:31:23,119] {dag.py:2972} INFO - Setting next_dagrun for example_nested_branch_dag to 2022-07-13T00:00:00+00:00, run_after=2022-07-14T00:00:00+00:00
[2022-07-14 16:31:23,144] {processor.py:161} INFO - Processing /home/airflow/.local/lib/python3.7/site-packages/airflow/example_dags/example_nested_branch_dag.py took 0.102 seconds
[2022-07-14 16:31:53,648] {processor.py:153} INFO - Started process (PID=1658) to work on /home/airflow/.local/lib/python3.7/site-packages/airflow/example_dags/example_nested_branch_dag.py
[2022-07-14 16:31:53,660] {processor.py:641} INFO - Processing file /home/airflow/.local/lib/python3.7/site-packages/airflow/example_dags/example_nested_branch_dag.py for tasks to queue
[2022-07-14 16:31:53,661] {logging_mixin.py:115} INFO - [2022-07-14 16:31:53,661] {dagbag.py:508} INFO - Filling up the DagBag from /home/airflow/.local/lib/python3.7/site-packages/airflow/example_dags/example_nested_branch_dag.py
[2022-07-14 16:31:53,691] {processor.py:651} INFO - DAG(s) dict_keys(['example_nested_branch_dag']) retrieved from /home/airflow/.local/lib/python3.7/site-packages/airflow/example_dags/example_nested_branch_dag.py
[2022-07-14 16:31:53,722] {logging_mixin.py:115} INFO - [2022-07-14 16:31:53,721] {dag.py:2420} INFO - Sync 1 DAGs
[2022-07-14 16:31:53,754] {logging_mixin.py:115} INFO - [2022-07-14 16:31:53,753] {dag.py:2972} INFO - Setting next_dagrun for example_nested_branch_dag to 2022-07-13T00:00:00+00:00, run_after=2022-07-14T00:00:00+00:00
[2022-07-14 16:31:53,784] {processor.py:161} INFO - Processing /home/airflow/.local/lib/python3.7/site-packages/airflow/example_dags/example_nested_branch_dag.py took 0.139 seconds
[2022-07-14 16:32:23,842] {processor.py:153} INFO - Started process (PID=1720) to work on /home/airflow/.local/lib/python3.7/site-packages/airflow/example_dags/example_nested_branch_dag.py
[2022-07-14 16:32:23,842] {processor.py:641} INFO - Processing file /home/airflow/.local/lib/python3.7/site-packages/airflow/example_dags/example_nested_branch_dag.py for tasks to queue
[2022-07-14 16:32:23,843] {logging_mixin.py:115} INFO - [2022-07-14 16:32:23,843] {dagbag.py:508} INFO - Filling up the DagBag from /home/airflow/.local/lib/python3.7/site-packages/airflow/example_dags/example_nested_branch_dag.py
[2022-07-14 16:32:23,852] {processor.py:651} INFO - DAG(s) dict_keys(['example_nested_branch_dag']) retrieved from /home/airflow/.local/lib/python3.7/site-packages/airflow/example_dags/example_nested_branch_dag.py
[2022-07-14 16:32:23,882] {logging_mixin.py:115} INFO - [2022-07-14 16:32:23,882] {dag.py:2420} INFO - Sync 1 DAGs
[2022-07-14 16:32:23,914] {logging_mixin.py:115} INFO - [2022-07-14 16:32:23,914] {dag.py:2972} INFO - Setting next_dagrun for example_nested_branch_dag to 2022-07-13T00:00:00+00:00, run_after=2022-07-14T00:00:00+00:00
[2022-07-14 16:32:23,951] {processor.py:161} INFO - Processing /home/airflow/.local/lib/python3.7/site-packages/airflow/example_dags/example_nested_branch_dag.py took 0.112 seconds
[2022-07-14 16:32:54,125] {processor.py:153} INFO - Started process (PID=1772) to work on /home/airflow/.local/lib/python3.7/site-packages/airflow/example_dags/example_nested_branch_dag.py
[2022-07-14 16:32:54,125] {processor.py:641} INFO - Processing file /home/airflow/.local/lib/python3.7/site-packages/airflow/example_dags/example_nested_branch_dag.py for tasks to queue
[2022-07-14 16:32:54,126] {logging_mixin.py:115} INFO - [2022-07-14 16:32:54,126] {dagbag.py:508} INFO - Filling up the DagBag from /home/airflow/.local/lib/python3.7/site-packages/airflow/example_dags/example_nested_branch_dag.py
[2022-07-14 16:32:54,137] {processor.py:651} INFO - DAG(s) dict_keys(['example_nested_branch_dag']) retrieved from /home/airflow/.local/lib/python3.7/site-packages/airflow/example_dags/example_nested_branch_dag.py
[2022-07-14 16:32:54,167] {logging_mixin.py:115} INFO - [2022-07-14 16:32:54,166] {dag.py:2420} INFO - Sync 1 DAGs
[2022-07-14 16:32:54,196] {logging_mixin.py:115} INFO - [2022-07-14 16:32:54,196] {dag.py:2972} INFO - Setting next_dagrun for example_nested_branch_dag to 2022-07-13T00:00:00+00:00, run_after=2022-07-14T00:00:00+00:00
[2022-07-14 16:32:54,228] {processor.py:161} INFO - Processing /home/airflow/.local/lib/python3.7/site-packages/airflow/example_dags/example_nested_branch_dag.py took 0.106 seconds
[2022-07-14 16:33:24,376] {processor.py:153} INFO - Started process (PID=1833) to work on /home/airflow/.local/lib/python3.7/site-packages/airflow/example_dags/example_nested_branch_dag.py
[2022-07-14 16:33:24,377] {processor.py:641} INFO - Processing file /home/airflow/.local/lib/python3.7/site-packages/airflow/example_dags/example_nested_branch_dag.py for tasks to queue
[2022-07-14 16:33:24,377] {logging_mixin.py:115} INFO - [2022-07-14 16:33:24,377] {dagbag.py:508} INFO - Filling up the DagBag from /home/airflow/.local/lib/python3.7/site-packages/airflow/example_dags/example_nested_branch_dag.py
[2022-07-14 16:33:24,388] {processor.py:651} INFO - DAG(s) dict_keys(['example_nested_branch_dag']) retrieved from /home/airflow/.local/lib/python3.7/site-packages/airflow/example_dags/example_nested_branch_dag.py
[2022-07-14 16:33:24,411] {logging_mixin.py:115} INFO - [2022-07-14 16:33:24,411] {dag.py:2420} INFO - Sync 1 DAGs
[2022-07-14 16:33:24,438] {logging_mixin.py:115} INFO - [2022-07-14 16:33:24,438] {dag.py:2972} INFO - Setting next_dagrun for example_nested_branch_dag to 2022-07-13T00:00:00+00:00, run_after=2022-07-14T00:00:00+00:00
[2022-07-14 16:33:24,468] {processor.py:161} INFO - Processing /home/airflow/.local/lib/python3.7/site-packages/airflow/example_dags/example_nested_branch_dag.py took 0.095 seconds
[2022-07-14 16:33:54,564] {processor.py:153} INFO - Started process (PID=1893) to work on /home/airflow/.local/lib/python3.7/site-packages/airflow/example_dags/example_nested_branch_dag.py
[2022-07-14 16:33:54,564] {processor.py:641} INFO - Processing file /home/airflow/.local/lib/python3.7/site-packages/airflow/example_dags/example_nested_branch_dag.py for tasks to queue
[2022-07-14 16:33:54,565] {logging_mixin.py:115} INFO - [2022-07-14 16:33:54,565] {dagbag.py:508} INFO - Filling up the DagBag from /home/airflow/.local/lib/python3.7/site-packages/airflow/example_dags/example_nested_branch_dag.py
[2022-07-14 16:33:54,575] {processor.py:651} INFO - DAG(s) dict_keys(['example_nested_branch_dag']) retrieved from /home/airflow/.local/lib/python3.7/site-packages/airflow/example_dags/example_nested_branch_dag.py
[2022-07-14 16:33:54,598] {logging_mixin.py:115} INFO - [2022-07-14 16:33:54,598] {dag.py:2420} INFO - Sync 1 DAGs
[2022-07-14 16:33:54,619] {logging_mixin.py:115} INFO - [2022-07-14 16:33:54,619] {dag.py:2972} INFO - Setting next_dagrun for example_nested_branch_dag to 2022-07-13T00:00:00+00:00, run_after=2022-07-14T00:00:00+00:00
[2022-07-14 16:33:54,660] {processor.py:161} INFO - Processing /home/airflow/.local/lib/python3.7/site-packages/airflow/example_dags/example_nested_branch_dag.py took 0.099 seconds
[2022-07-14 16:34:25,028] {processor.py:153} INFO - Started process (PID=1945) to work on /home/airflow/.local/lib/python3.7/site-packages/airflow/example_dags/example_nested_branch_dag.py
[2022-07-14 16:34:25,028] {processor.py:641} INFO - Processing file /home/airflow/.local/lib/python3.7/site-packages/airflow/example_dags/example_nested_branch_dag.py for tasks to queue
[2022-07-14 16:34:25,029] {logging_mixin.py:115} INFO - [2022-07-14 16:34:25,028] {dagbag.py:508} INFO - Filling up the DagBag from /home/airflow/.local/lib/python3.7/site-packages/airflow/example_dags/example_nested_branch_dag.py
[2022-07-14 16:34:25,041] {processor.py:651} INFO - DAG(s) dict_keys(['example_nested_branch_dag']) retrieved from /home/airflow/.local/lib/python3.7/site-packages/airflow/example_dags/example_nested_branch_dag.py
[2022-07-14 16:34:25,072] {logging_mixin.py:115} INFO - [2022-07-14 16:34:25,072] {dag.py:2420} INFO - Sync 1 DAGs
[2022-07-14 16:34:25,109] {logging_mixin.py:115} INFO - [2022-07-14 16:34:25,108] {dag.py:2972} INFO - Setting next_dagrun for example_nested_branch_dag to 2022-07-13T00:00:00+00:00, run_after=2022-07-14T00:00:00+00:00
[2022-07-14 16:34:25,148] {processor.py:161} INFO - Processing /home/airflow/.local/lib/python3.7/site-packages/airflow/example_dags/example_nested_branch_dag.py took 0.124 seconds
[2022-07-14 16:34:55,836] {processor.py:153} INFO - Started process (PID=2006) to work on /home/airflow/.local/lib/python3.7/site-packages/airflow/example_dags/example_nested_branch_dag.py
[2022-07-14 16:34:55,837] {processor.py:641} INFO - Processing file /home/airflow/.local/lib/python3.7/site-packages/airflow/example_dags/example_nested_branch_dag.py for tasks to queue
[2022-07-14 16:34:55,838] {logging_mixin.py:115} INFO - [2022-07-14 16:34:55,838] {dagbag.py:508} INFO - Filling up the DagBag from /home/airflow/.local/lib/python3.7/site-packages/airflow/example_dags/example_nested_branch_dag.py
[2022-07-14 16:34:55,856] {processor.py:651} INFO - DAG(s) dict_keys(['example_nested_branch_dag']) retrieved from /home/airflow/.local/lib/python3.7/site-packages/airflow/example_dags/example_nested_branch_dag.py
[2022-07-14 16:34:55,891] {logging_mixin.py:115} INFO - [2022-07-14 16:34:55,891] {dag.py:2420} INFO - Sync 1 DAGs
[2022-07-14 16:34:55,923] {logging_mixin.py:115} INFO - [2022-07-14 16:34:55,923] {dag.py:2972} INFO - Setting next_dagrun for example_nested_branch_dag to 2022-07-13T00:00:00+00:00, run_after=2022-07-14T00:00:00+00:00
[2022-07-14 16:34:55,962] {processor.py:161} INFO - Processing /home/airflow/.local/lib/python3.7/site-packages/airflow/example_dags/example_nested_branch_dag.py took 0.131 seconds
[2022-07-14 16:35:27,036] {processor.py:153} INFO - Started process (PID=2058) to work on /home/airflow/.local/lib/python3.7/site-packages/airflow/example_dags/example_nested_branch_dag.py
[2022-07-14 16:35:27,036] {processor.py:641} INFO - Processing file /home/airflow/.local/lib/python3.7/site-packages/airflow/example_dags/example_nested_branch_dag.py for tasks to queue
[2022-07-14 16:35:27,037] {logging_mixin.py:115} INFO - [2022-07-14 16:35:27,036] {dagbag.py:508} INFO - Filling up the DagBag from /home/airflow/.local/lib/python3.7/site-packages/airflow/example_dags/example_nested_branch_dag.py
[2022-07-14 16:35:27,046] {processor.py:651} INFO - DAG(s) dict_keys(['example_nested_branch_dag']) retrieved from /home/airflow/.local/lib/python3.7/site-packages/airflow/example_dags/example_nested_branch_dag.py
[2022-07-14 16:35:27,068] {logging_mixin.py:115} INFO - [2022-07-14 16:35:27,068] {dag.py:2420} INFO - Sync 1 DAGs
[2022-07-14 16:35:27,088] {logging_mixin.py:115} INFO - [2022-07-14 16:35:27,088] {dag.py:2972} INFO - Setting next_dagrun for example_nested_branch_dag to 2022-07-13T00:00:00+00:00, run_after=2022-07-14T00:00:00+00:00
[2022-07-14 16:35:27,123] {processor.py:161} INFO - Processing /home/airflow/.local/lib/python3.7/site-packages/airflow/example_dags/example_nested_branch_dag.py took 0.091 seconds
[2022-07-14 16:35:57,318] {processor.py:153} INFO - Started process (PID=2118) to work on /home/airflow/.local/lib/python3.7/site-packages/airflow/example_dags/example_nested_branch_dag.py
[2022-07-14 16:35:57,319] {processor.py:641} INFO - Processing file /home/airflow/.local/lib/python3.7/site-packages/airflow/example_dags/example_nested_branch_dag.py for tasks to queue
[2022-07-14 16:35:57,319] {logging_mixin.py:115} INFO - [2022-07-14 16:35:57,319] {dagbag.py:508} INFO - Filling up the DagBag from /home/airflow/.local/lib/python3.7/site-packages/airflow/example_dags/example_nested_branch_dag.py
[2022-07-14 16:35:57,329] {processor.py:651} INFO - DAG(s) dict_keys(['example_nested_branch_dag']) retrieved from /home/airflow/.local/lib/python3.7/site-packages/airflow/example_dags/example_nested_branch_dag.py
[2022-07-14 16:35:57,351] {logging_mixin.py:115} INFO - [2022-07-14 16:35:57,351] {dag.py:2420} INFO - Sync 1 DAGs
[2022-07-14 16:35:57,373] {logging_mixin.py:115} INFO - [2022-07-14 16:35:57,373] {dag.py:2972} INFO - Setting next_dagrun for example_nested_branch_dag to 2022-07-13T00:00:00+00:00, run_after=2022-07-14T00:00:00+00:00
[2022-07-14 16:35:57,407] {processor.py:161} INFO - Processing /home/airflow/.local/lib/python3.7/site-packages/airflow/example_dags/example_nested_branch_dag.py took 0.092 seconds
