[2022-07-14 16:17:14,230] {processor.py:153} INFO - Started process (PID=90) to work on /home/airflow/.local/lib/python3.7/site-packages/airflow/example_dags/tutorial_etl_dag.py
[2022-07-14 16:17:14,239] {processor.py:641} INFO - Processing file /home/airflow/.local/lib/python3.7/site-packages/airflow/example_dags/tutorial_etl_dag.py for tasks to queue
[2022-07-14 16:17:14,242] {logging_mixin.py:115} INFO - [2022-07-14 16:17:14,242] {dagbag.py:508} INFO - Filling up the DagBag from /home/airflow/.local/lib/python3.7/site-packages/airflow/example_dags/tutorial_etl_dag.py
[2022-07-14 16:17:14,315] {processor.py:651} INFO - DAG(s) dict_keys(['tutorial_etl_dag']) retrieved from /home/airflow/.local/lib/python3.7/site-packages/airflow/example_dags/tutorial_etl_dag.py
[2022-07-14 16:17:14,798] {logging_mixin.py:115} INFO - [2022-07-14 16:17:14,798] {manager.py:508} INFO - Created Permission View: can delete on DAG:tutorial_etl_dag
[2022-07-14 16:17:14,837] {logging_mixin.py:115} INFO - [2022-07-14 16:17:14,837] {manager.py:508} INFO - Created Permission View: can read on DAG:tutorial_etl_dag
[2022-07-14 16:17:14,858] {logging_mixin.py:115} INFO - [2022-07-14 16:17:14,858] {manager.py:508} INFO - Created Permission View: can edit on DAG:tutorial_etl_dag
[2022-07-14 16:17:14,859] {logging_mixin.py:115} INFO - [2022-07-14 16:17:14,858] {dag.py:2420} INFO - Sync 1 DAGs
[2022-07-14 16:17:14,880] {logging_mixin.py:115} INFO - [2022-07-14 16:17:14,880] {dag.py:2439} INFO - Creating ORM DAG for tutorial_etl_dag
[2022-07-14 16:17:14,940] {logging_mixin.py:115} INFO - [2022-07-14 16:17:14,940] {dag.py:2972} INFO - Setting next_dagrun for tutorial_etl_dag to None, run_after=None
[2022-07-14 16:17:15,044] {processor.py:161} INFO - Processing /home/airflow/.local/lib/python3.7/site-packages/airflow/example_dags/tutorial_etl_dag.py took 0.837 seconds
[2022-07-14 16:17:45,848] {processor.py:153} INFO - Started process (PID=143) to work on /home/airflow/.local/lib/python3.7/site-packages/airflow/example_dags/tutorial_etl_dag.py
[2022-07-14 16:17:45,872] {processor.py:641} INFO - Processing file /home/airflow/.local/lib/python3.7/site-packages/airflow/example_dags/tutorial_etl_dag.py for tasks to queue
[2022-07-14 16:17:45,873] {logging_mixin.py:115} INFO - [2022-07-14 16:17:45,873] {dagbag.py:508} INFO - Filling up the DagBag from /home/airflow/.local/lib/python3.7/site-packages/airflow/example_dags/tutorial_etl_dag.py
[2022-07-14 16:17:45,882] {processor.py:651} INFO - DAG(s) dict_keys(['tutorial_etl_dag']) retrieved from /home/airflow/.local/lib/python3.7/site-packages/airflow/example_dags/tutorial_etl_dag.py
[2022-07-14 16:17:45,920] {logging_mixin.py:115} INFO - [2022-07-14 16:17:45,920] {dag.py:2420} INFO - Sync 1 DAGs
[2022-07-14 16:17:45,957] {logging_mixin.py:115} INFO - [2022-07-14 16:17:45,957] {dag.py:2972} INFO - Setting next_dagrun for tutorial_etl_dag to None, run_after=None
[2022-07-14 16:17:46,000] {processor.py:161} INFO - Processing /home/airflow/.local/lib/python3.7/site-packages/airflow/example_dags/tutorial_etl_dag.py took 0.156 seconds
[2022-07-14 16:18:16,274] {processor.py:153} INFO - Started process (PID=195) to work on /home/airflow/.local/lib/python3.7/site-packages/airflow/example_dags/tutorial_etl_dag.py
[2022-07-14 16:18:16,275] {processor.py:641} INFO - Processing file /home/airflow/.local/lib/python3.7/site-packages/airflow/example_dags/tutorial_etl_dag.py for tasks to queue
[2022-07-14 16:18:16,276] {logging_mixin.py:115} INFO - [2022-07-14 16:18:16,275] {dagbag.py:508} INFO - Filling up the DagBag from /home/airflow/.local/lib/python3.7/site-packages/airflow/example_dags/tutorial_etl_dag.py
[2022-07-14 16:18:16,284] {processor.py:651} INFO - DAG(s) dict_keys(['tutorial_etl_dag']) retrieved from /home/airflow/.local/lib/python3.7/site-packages/airflow/example_dags/tutorial_etl_dag.py
[2022-07-14 16:18:16,314] {logging_mixin.py:115} INFO - [2022-07-14 16:18:16,314] {dag.py:2420} INFO - Sync 1 DAGs
[2022-07-14 16:18:16,346] {logging_mixin.py:115} INFO - [2022-07-14 16:18:16,346] {dag.py:2972} INFO - Setting next_dagrun for tutorial_etl_dag to None, run_after=None
[2022-07-14 16:18:16,369] {processor.py:161} INFO - Processing /home/airflow/.local/lib/python3.7/site-packages/airflow/example_dags/tutorial_etl_dag.py took 0.098 seconds
[2022-07-14 16:18:46,637] {processor.py:153} INFO - Started process (PID=247) to work on /home/airflow/.local/lib/python3.7/site-packages/airflow/example_dags/tutorial_etl_dag.py
[2022-07-14 16:18:46,664] {processor.py:641} INFO - Processing file /home/airflow/.local/lib/python3.7/site-packages/airflow/example_dags/tutorial_etl_dag.py for tasks to queue
[2022-07-14 16:18:46,665] {logging_mixin.py:115} INFO - [2022-07-14 16:18:46,665] {dagbag.py:508} INFO - Filling up the DagBag from /home/airflow/.local/lib/python3.7/site-packages/airflow/example_dags/tutorial_etl_dag.py
[2022-07-14 16:18:46,685] {processor.py:651} INFO - DAG(s) dict_keys(['tutorial_etl_dag']) retrieved from /home/airflow/.local/lib/python3.7/site-packages/airflow/example_dags/tutorial_etl_dag.py
[2022-07-14 16:18:46,772] {logging_mixin.py:115} INFO - [2022-07-14 16:18:46,772] {dag.py:2420} INFO - Sync 1 DAGs
[2022-07-14 16:18:46,838] {logging_mixin.py:115} INFO - [2022-07-14 16:18:46,838] {dag.py:2972} INFO - Setting next_dagrun for tutorial_etl_dag to None, run_after=None
[2022-07-14 16:18:46,872] {processor.py:161} INFO - Processing /home/airflow/.local/lib/python3.7/site-packages/airflow/example_dags/tutorial_etl_dag.py took 0.246 seconds
[2022-07-14 16:19:17,458] {processor.py:153} INFO - Started process (PID=307) to work on /home/airflow/.local/lib/python3.7/site-packages/airflow/example_dags/tutorial_etl_dag.py
[2022-07-14 16:19:17,458] {processor.py:641} INFO - Processing file /home/airflow/.local/lib/python3.7/site-packages/airflow/example_dags/tutorial_etl_dag.py for tasks to queue
[2022-07-14 16:19:17,459] {logging_mixin.py:115} INFO - [2022-07-14 16:19:17,459] {dagbag.py:508} INFO - Filling up the DagBag from /home/airflow/.local/lib/python3.7/site-packages/airflow/example_dags/tutorial_etl_dag.py
[2022-07-14 16:19:17,469] {processor.py:651} INFO - DAG(s) dict_keys(['tutorial_etl_dag']) retrieved from /home/airflow/.local/lib/python3.7/site-packages/airflow/example_dags/tutorial_etl_dag.py
[2022-07-14 16:19:17,510] {logging_mixin.py:115} INFO - [2022-07-14 16:19:17,510] {dag.py:2420} INFO - Sync 1 DAGs
[2022-07-14 16:19:17,570] {logging_mixin.py:115} INFO - [2022-07-14 16:19:17,569] {dag.py:2972} INFO - Setting next_dagrun for tutorial_etl_dag to None, run_after=None
[2022-07-14 16:19:17,616] {processor.py:161} INFO - Processing /home/airflow/.local/lib/python3.7/site-packages/airflow/example_dags/tutorial_etl_dag.py took 0.163 seconds
[2022-07-14 16:19:48,298] {processor.py:153} INFO - Started process (PID=358) to work on /home/airflow/.local/lib/python3.7/site-packages/airflow/example_dags/tutorial_etl_dag.py
[2022-07-14 16:19:48,326] {processor.py:641} INFO - Processing file /home/airflow/.local/lib/python3.7/site-packages/airflow/example_dags/tutorial_etl_dag.py for tasks to queue
[2022-07-14 16:19:48,327] {logging_mixin.py:115} INFO - [2022-07-14 16:19:48,327] {dagbag.py:508} INFO - Filling up the DagBag from /home/airflow/.local/lib/python3.7/site-packages/airflow/example_dags/tutorial_etl_dag.py
[2022-07-14 16:19:48,335] {processor.py:651} INFO - DAG(s) dict_keys(['tutorial_etl_dag']) retrieved from /home/airflow/.local/lib/python3.7/site-packages/airflow/example_dags/tutorial_etl_dag.py
[2022-07-14 16:19:48,379] {logging_mixin.py:115} INFO - [2022-07-14 16:19:48,379] {dag.py:2420} INFO - Sync 1 DAGs
[2022-07-14 16:19:48,421] {logging_mixin.py:115} INFO - [2022-07-14 16:19:48,420] {dag.py:2972} INFO - Setting next_dagrun for tutorial_etl_dag to None, run_after=None
[2022-07-14 16:19:48,436] {processor.py:161} INFO - Processing /home/airflow/.local/lib/python3.7/site-packages/airflow/example_dags/tutorial_etl_dag.py took 0.142 seconds
[2022-07-14 16:20:18,974] {processor.py:153} INFO - Started process (PID=409) to work on /home/airflow/.local/lib/python3.7/site-packages/airflow/example_dags/tutorial_etl_dag.py
[2022-07-14 16:20:18,976] {processor.py:641} INFO - Processing file /home/airflow/.local/lib/python3.7/site-packages/airflow/example_dags/tutorial_etl_dag.py for tasks to queue
[2022-07-14 16:20:18,977] {logging_mixin.py:115} INFO - [2022-07-14 16:20:18,977] {dagbag.py:508} INFO - Filling up the DagBag from /home/airflow/.local/lib/python3.7/site-packages/airflow/example_dags/tutorial_etl_dag.py
[2022-07-14 16:20:18,992] {processor.py:651} INFO - DAG(s) dict_keys(['tutorial_etl_dag']) retrieved from /home/airflow/.local/lib/python3.7/site-packages/airflow/example_dags/tutorial_etl_dag.py
[2022-07-14 16:20:19,042] {logging_mixin.py:115} INFO - [2022-07-14 16:20:19,042] {dag.py:2420} INFO - Sync 1 DAGs
[2022-07-14 16:20:19,089] {logging_mixin.py:115} INFO - [2022-07-14 16:20:19,089] {dag.py:2972} INFO - Setting next_dagrun for tutorial_etl_dag to None, run_after=None
[2022-07-14 16:20:19,110] {processor.py:161} INFO - Processing /home/airflow/.local/lib/python3.7/site-packages/airflow/example_dags/tutorial_etl_dag.py took 0.141 seconds
[2022-07-14 16:20:49,217] {processor.py:153} INFO - Started process (PID=469) to work on /home/airflow/.local/lib/python3.7/site-packages/airflow/example_dags/tutorial_etl_dag.py
[2022-07-14 16:20:49,218] {processor.py:641} INFO - Processing file /home/airflow/.local/lib/python3.7/site-packages/airflow/example_dags/tutorial_etl_dag.py for tasks to queue
[2022-07-14 16:20:49,219] {logging_mixin.py:115} INFO - [2022-07-14 16:20:49,219] {dagbag.py:508} INFO - Filling up the DagBag from /home/airflow/.local/lib/python3.7/site-packages/airflow/example_dags/tutorial_etl_dag.py
[2022-07-14 16:20:49,236] {processor.py:651} INFO - DAG(s) dict_keys(['tutorial_etl_dag']) retrieved from /home/airflow/.local/lib/python3.7/site-packages/airflow/example_dags/tutorial_etl_dag.py
[2022-07-14 16:20:49,275] {logging_mixin.py:115} INFO - [2022-07-14 16:20:49,274] {dag.py:2420} INFO - Sync 1 DAGs
[2022-07-14 16:20:49,325] {logging_mixin.py:115} INFO - [2022-07-14 16:20:49,325] {dag.py:2972} INFO - Setting next_dagrun for tutorial_etl_dag to None, run_after=None
[2022-07-14 16:20:49,383] {processor.py:161} INFO - Processing /home/airflow/.local/lib/python3.7/site-packages/airflow/example_dags/tutorial_etl_dag.py took 0.175 seconds
[2022-07-14 16:21:19,979] {processor.py:153} INFO - Started process (PID=520) to work on /home/airflow/.local/lib/python3.7/site-packages/airflow/example_dags/tutorial_etl_dag.py
[2022-07-14 16:21:19,980] {processor.py:641} INFO - Processing file /home/airflow/.local/lib/python3.7/site-packages/airflow/example_dags/tutorial_etl_dag.py for tasks to queue
[2022-07-14 16:21:19,981] {logging_mixin.py:115} INFO - [2022-07-14 16:21:19,981] {dagbag.py:508} INFO - Filling up the DagBag from /home/airflow/.local/lib/python3.7/site-packages/airflow/example_dags/tutorial_etl_dag.py
[2022-07-14 16:21:19,989] {processor.py:651} INFO - DAG(s) dict_keys(['tutorial_etl_dag']) retrieved from /home/airflow/.local/lib/python3.7/site-packages/airflow/example_dags/tutorial_etl_dag.py
[2022-07-14 16:21:20,021] {logging_mixin.py:115} INFO - [2022-07-14 16:21:20,021] {dag.py:2420} INFO - Sync 1 DAGs
[2022-07-14 16:21:20,053] {logging_mixin.py:115} INFO - [2022-07-14 16:21:20,053] {dag.py:2972} INFO - Setting next_dagrun for tutorial_etl_dag to None, run_after=None
[2022-07-14 16:21:20,096] {processor.py:161} INFO - Processing /home/airflow/.local/lib/python3.7/site-packages/airflow/example_dags/tutorial_etl_dag.py took 0.121 seconds
[2022-07-14 16:21:50,237] {processor.py:153} INFO - Started process (PID=572) to work on /home/airflow/.local/lib/python3.7/site-packages/airflow/example_dags/tutorial_etl_dag.py
[2022-07-14 16:21:50,271] {processor.py:641} INFO - Processing file /home/airflow/.local/lib/python3.7/site-packages/airflow/example_dags/tutorial_etl_dag.py for tasks to queue
[2022-07-14 16:21:50,271] {logging_mixin.py:115} INFO - [2022-07-14 16:21:50,271] {dagbag.py:508} INFO - Filling up the DagBag from /home/airflow/.local/lib/python3.7/site-packages/airflow/example_dags/tutorial_etl_dag.py
[2022-07-14 16:21:50,294] {processor.py:651} INFO - DAG(s) dict_keys(['tutorial_etl_dag']) retrieved from /home/airflow/.local/lib/python3.7/site-packages/airflow/example_dags/tutorial_etl_dag.py
[2022-07-14 16:21:50,345] {logging_mixin.py:115} INFO - [2022-07-14 16:21:50,345] {dag.py:2420} INFO - Sync 1 DAGs
[2022-07-14 16:21:50,377] {logging_mixin.py:115} INFO - [2022-07-14 16:21:50,377] {dag.py:2972} INFO - Setting next_dagrun for tutorial_etl_dag to None, run_after=None
[2022-07-14 16:21:50,442] {processor.py:161} INFO - Processing /home/airflow/.local/lib/python3.7/site-packages/airflow/example_dags/tutorial_etl_dag.py took 0.209 seconds
[2022-07-14 16:22:21,324] {processor.py:153} INFO - Started process (PID=632) to work on /home/airflow/.local/lib/python3.7/site-packages/airflow/example_dags/tutorial_etl_dag.py
[2022-07-14 16:22:21,325] {processor.py:641} INFO - Processing file /home/airflow/.local/lib/python3.7/site-packages/airflow/example_dags/tutorial_etl_dag.py for tasks to queue
[2022-07-14 16:22:21,326] {logging_mixin.py:115} INFO - [2022-07-14 16:22:21,326] {dagbag.py:508} INFO - Filling up the DagBag from /home/airflow/.local/lib/python3.7/site-packages/airflow/example_dags/tutorial_etl_dag.py
[2022-07-14 16:22:21,366] {processor.py:651} INFO - DAG(s) dict_keys(['tutorial_etl_dag']) retrieved from /home/airflow/.local/lib/python3.7/site-packages/airflow/example_dags/tutorial_etl_dag.py
[2022-07-14 16:22:21,463] {logging_mixin.py:115} INFO - [2022-07-14 16:22:21,463] {dag.py:2420} INFO - Sync 1 DAGs
[2022-07-14 16:22:21,528] {logging_mixin.py:115} INFO - [2022-07-14 16:22:21,528] {dag.py:2972} INFO - Setting next_dagrun for tutorial_etl_dag to None, run_after=None
[2022-07-14 16:22:21,587] {processor.py:161} INFO - Processing /home/airflow/.local/lib/python3.7/site-packages/airflow/example_dags/tutorial_etl_dag.py took 0.266 seconds
[2022-07-14 16:22:51,918] {processor.py:153} INFO - Started process (PID=683) to work on /home/airflow/.local/lib/python3.7/site-packages/airflow/example_dags/tutorial_etl_dag.py
[2022-07-14 16:22:51,953] {processor.py:641} INFO - Processing file /home/airflow/.local/lib/python3.7/site-packages/airflow/example_dags/tutorial_etl_dag.py for tasks to queue
[2022-07-14 16:22:51,953] {logging_mixin.py:115} INFO - [2022-07-14 16:22:51,953] {dagbag.py:508} INFO - Filling up the DagBag from /home/airflow/.local/lib/python3.7/site-packages/airflow/example_dags/tutorial_etl_dag.py
[2022-07-14 16:22:51,962] {processor.py:651} INFO - DAG(s) dict_keys(['tutorial_etl_dag']) retrieved from /home/airflow/.local/lib/python3.7/site-packages/airflow/example_dags/tutorial_etl_dag.py
[2022-07-14 16:22:52,013] {logging_mixin.py:115} INFO - [2022-07-14 16:22:52,013] {dag.py:2420} INFO - Sync 1 DAGs
[2022-07-14 16:22:52,081] {logging_mixin.py:115} INFO - [2022-07-14 16:22:52,081] {dag.py:2972} INFO - Setting next_dagrun for tutorial_etl_dag to None, run_after=None
[2022-07-14 16:22:52,117] {processor.py:161} INFO - Processing /home/airflow/.local/lib/python3.7/site-packages/airflow/example_dags/tutorial_etl_dag.py took 0.204 seconds
[2022-07-14 16:23:22,374] {processor.py:153} INFO - Started process (PID=736) to work on /home/airflow/.local/lib/python3.7/site-packages/airflow/example_dags/tutorial_etl_dag.py
[2022-07-14 16:23:22,405] {processor.py:641} INFO - Processing file /home/airflow/.local/lib/python3.7/site-packages/airflow/example_dags/tutorial_etl_dag.py for tasks to queue
[2022-07-14 16:23:22,406] {logging_mixin.py:115} INFO - [2022-07-14 16:23:22,406] {dagbag.py:508} INFO - Filling up the DagBag from /home/airflow/.local/lib/python3.7/site-packages/airflow/example_dags/tutorial_etl_dag.py
[2022-07-14 16:23:22,414] {processor.py:651} INFO - DAG(s) dict_keys(['tutorial_etl_dag']) retrieved from /home/airflow/.local/lib/python3.7/site-packages/airflow/example_dags/tutorial_etl_dag.py
[2022-07-14 16:23:22,446] {logging_mixin.py:115} INFO - [2022-07-14 16:23:22,446] {dag.py:2420} INFO - Sync 1 DAGs
[2022-07-14 16:23:22,477] {logging_mixin.py:115} INFO - [2022-07-14 16:23:22,477] {dag.py:2972} INFO - Setting next_dagrun for tutorial_etl_dag to None, run_after=None
[2022-07-14 16:23:22,529] {processor.py:161} INFO - Processing /home/airflow/.local/lib/python3.7/site-packages/airflow/example_dags/tutorial_etl_dag.py took 0.158 seconds
[2022-07-14 16:23:52,688] {processor.py:153} INFO - Started process (PID=795) to work on /home/airflow/.local/lib/python3.7/site-packages/airflow/example_dags/tutorial_etl_dag.py
[2022-07-14 16:23:52,695] {processor.py:641} INFO - Processing file /home/airflow/.local/lib/python3.7/site-packages/airflow/example_dags/tutorial_etl_dag.py for tasks to queue
[2022-07-14 16:23:52,696] {logging_mixin.py:115} INFO - [2022-07-14 16:23:52,696] {dagbag.py:508} INFO - Filling up the DagBag from /home/airflow/.local/lib/python3.7/site-packages/airflow/example_dags/tutorial_etl_dag.py
[2022-07-14 16:23:52,716] {processor.py:651} INFO - DAG(s) dict_keys(['tutorial_etl_dag']) retrieved from /home/airflow/.local/lib/python3.7/site-packages/airflow/example_dags/tutorial_etl_dag.py
[2022-07-14 16:23:52,806] {logging_mixin.py:115} INFO - [2022-07-14 16:23:52,805] {dag.py:2420} INFO - Sync 1 DAGs
[2022-07-14 16:23:52,934] {logging_mixin.py:115} INFO - [2022-07-14 16:23:52,934] {dag.py:2972} INFO - Setting next_dagrun for tutorial_etl_dag to None, run_after=None
[2022-07-14 16:23:52,985] {processor.py:161} INFO - Processing /home/airflow/.local/lib/python3.7/site-packages/airflow/example_dags/tutorial_etl_dag.py took 0.300 seconds
[2022-07-14 16:24:23,681] {processor.py:153} INFO - Started process (PID=846) to work on /home/airflow/.local/lib/python3.7/site-packages/airflow/example_dags/tutorial_etl_dag.py
[2022-07-14 16:24:23,695] {processor.py:641} INFO - Processing file /home/airflow/.local/lib/python3.7/site-packages/airflow/example_dags/tutorial_etl_dag.py for tasks to queue
[2022-07-14 16:24:23,696] {logging_mixin.py:115} INFO - [2022-07-14 16:24:23,696] {dagbag.py:508} INFO - Filling up the DagBag from /home/airflow/.local/lib/python3.7/site-packages/airflow/example_dags/tutorial_etl_dag.py
[2022-07-14 16:24:23,721] {processor.py:651} INFO - DAG(s) dict_keys(['tutorial_etl_dag']) retrieved from /home/airflow/.local/lib/python3.7/site-packages/airflow/example_dags/tutorial_etl_dag.py
[2022-07-14 16:24:23,810] {logging_mixin.py:115} INFO - [2022-07-14 16:24:23,810] {dag.py:2420} INFO - Sync 1 DAGs
[2022-07-14 16:24:23,859] {logging_mixin.py:115} INFO - [2022-07-14 16:24:23,859] {dag.py:2972} INFO - Setting next_dagrun for tutorial_etl_dag to None, run_after=None
[2022-07-14 16:24:23,880] {processor.py:161} INFO - Processing /home/airflow/.local/lib/python3.7/site-packages/airflow/example_dags/tutorial_etl_dag.py took 0.203 seconds
[2022-07-14 16:24:53,968] {processor.py:153} INFO - Started process (PID=905) to work on /home/airflow/.local/lib/python3.7/site-packages/airflow/example_dags/tutorial_etl_dag.py
[2022-07-14 16:24:53,974] {processor.py:641} INFO - Processing file /home/airflow/.local/lib/python3.7/site-packages/airflow/example_dags/tutorial_etl_dag.py for tasks to queue
[2022-07-14 16:24:53,974] {logging_mixin.py:115} INFO - [2022-07-14 16:24:53,974] {dagbag.py:508} INFO - Filling up the DagBag from /home/airflow/.local/lib/python3.7/site-packages/airflow/example_dags/tutorial_etl_dag.py
[2022-07-14 16:24:53,982] {processor.py:651} INFO - DAG(s) dict_keys(['tutorial_etl_dag']) retrieved from /home/airflow/.local/lib/python3.7/site-packages/airflow/example_dags/tutorial_etl_dag.py
[2022-07-14 16:24:54,014] {logging_mixin.py:115} INFO - [2022-07-14 16:24:54,014] {dag.py:2420} INFO - Sync 1 DAGs
[2022-07-14 16:24:54,047] {logging_mixin.py:115} INFO - [2022-07-14 16:24:54,047] {dag.py:2972} INFO - Setting next_dagrun for tutorial_etl_dag to None, run_after=None
[2022-07-14 16:24:54,070] {processor.py:161} INFO - Processing /home/airflow/.local/lib/python3.7/site-packages/airflow/example_dags/tutorial_etl_dag.py took 0.105 seconds
[2022-07-14 16:25:24,251] {processor.py:153} INFO - Started process (PID=956) to work on /home/airflow/.local/lib/python3.7/site-packages/airflow/example_dags/tutorial_etl_dag.py
[2022-07-14 16:25:24,252] {processor.py:641} INFO - Processing file /home/airflow/.local/lib/python3.7/site-packages/airflow/example_dags/tutorial_etl_dag.py for tasks to queue
[2022-07-14 16:25:24,252] {logging_mixin.py:115} INFO - [2022-07-14 16:25:24,252] {dagbag.py:508} INFO - Filling up the DagBag from /home/airflow/.local/lib/python3.7/site-packages/airflow/example_dags/tutorial_etl_dag.py
[2022-07-14 16:25:24,263] {processor.py:651} INFO - DAG(s) dict_keys(['tutorial_etl_dag']) retrieved from /home/airflow/.local/lib/python3.7/site-packages/airflow/example_dags/tutorial_etl_dag.py
[2022-07-14 16:25:24,302] {logging_mixin.py:115} INFO - [2022-07-14 16:25:24,301] {dag.py:2420} INFO - Sync 1 DAGs
[2022-07-14 16:25:24,334] {logging_mixin.py:115} INFO - [2022-07-14 16:25:24,333] {dag.py:2972} INFO - Setting next_dagrun for tutorial_etl_dag to None, run_after=None
[2022-07-14 16:25:24,354] {processor.py:161} INFO - Processing /home/airflow/.local/lib/python3.7/site-packages/airflow/example_dags/tutorial_etl_dag.py took 0.107 seconds
[2022-07-14 16:25:54,847] {processor.py:153} INFO - Started process (PID=1007) to work on /home/airflow/.local/lib/python3.7/site-packages/airflow/example_dags/tutorial_etl_dag.py
[2022-07-14 16:25:54,854] {processor.py:641} INFO - Processing file /home/airflow/.local/lib/python3.7/site-packages/airflow/example_dags/tutorial_etl_dag.py for tasks to queue
[2022-07-14 16:25:54,854] {logging_mixin.py:115} INFO - [2022-07-14 16:25:54,854] {dagbag.py:508} INFO - Filling up the DagBag from /home/airflow/.local/lib/python3.7/site-packages/airflow/example_dags/tutorial_etl_dag.py
[2022-07-14 16:25:54,863] {processor.py:651} INFO - DAG(s) dict_keys(['tutorial_etl_dag']) retrieved from /home/airflow/.local/lib/python3.7/site-packages/airflow/example_dags/tutorial_etl_dag.py
[2022-07-14 16:25:54,896] {logging_mixin.py:115} INFO - [2022-07-14 16:25:54,895] {dag.py:2420} INFO - Sync 1 DAGs
[2022-07-14 16:25:54,928] {logging_mixin.py:115} INFO - [2022-07-14 16:25:54,928] {dag.py:2972} INFO - Setting next_dagrun for tutorial_etl_dag to None, run_after=None
[2022-07-14 16:25:54,946] {processor.py:161} INFO - Processing /home/airflow/.local/lib/python3.7/site-packages/airflow/example_dags/tutorial_etl_dag.py took 0.102 seconds
[2022-07-14 16:26:25,657] {processor.py:153} INFO - Started process (PID=1067) to work on /home/airflow/.local/lib/python3.7/site-packages/airflow/example_dags/tutorial_etl_dag.py
[2022-07-14 16:26:25,664] {processor.py:641} INFO - Processing file /home/airflow/.local/lib/python3.7/site-packages/airflow/example_dags/tutorial_etl_dag.py for tasks to queue
[2022-07-14 16:26:25,665] {logging_mixin.py:115} INFO - [2022-07-14 16:26:25,665] {dagbag.py:508} INFO - Filling up the DagBag from /home/airflow/.local/lib/python3.7/site-packages/airflow/example_dags/tutorial_etl_dag.py
[2022-07-14 16:26:25,677] {processor.py:651} INFO - DAG(s) dict_keys(['tutorial_etl_dag']) retrieved from /home/airflow/.local/lib/python3.7/site-packages/airflow/example_dags/tutorial_etl_dag.py
[2022-07-14 16:26:25,719] {logging_mixin.py:115} INFO - [2022-07-14 16:26:25,719] {dag.py:2420} INFO - Sync 1 DAGs
[2022-07-14 16:26:25,753] {logging_mixin.py:115} INFO - [2022-07-14 16:26:25,753] {dag.py:2972} INFO - Setting next_dagrun for tutorial_etl_dag to None, run_after=None
[2022-07-14 16:26:25,768] {processor.py:161} INFO - Processing /home/airflow/.local/lib/python3.7/site-packages/airflow/example_dags/tutorial_etl_dag.py took 0.115 seconds
[2022-07-14 16:26:56,195] {processor.py:153} INFO - Started process (PID=1119) to work on /home/airflow/.local/lib/python3.7/site-packages/airflow/example_dags/tutorial_etl_dag.py
[2022-07-14 16:26:56,196] {processor.py:641} INFO - Processing file /home/airflow/.local/lib/python3.7/site-packages/airflow/example_dags/tutorial_etl_dag.py for tasks to queue
[2022-07-14 16:26:56,196] {logging_mixin.py:115} INFO - [2022-07-14 16:26:56,196] {dagbag.py:508} INFO - Filling up the DagBag from /home/airflow/.local/lib/python3.7/site-packages/airflow/example_dags/tutorial_etl_dag.py
[2022-07-14 16:26:56,205] {processor.py:651} INFO - DAG(s) dict_keys(['tutorial_etl_dag']) retrieved from /home/airflow/.local/lib/python3.7/site-packages/airflow/example_dags/tutorial_etl_dag.py
[2022-07-14 16:26:56,237] {logging_mixin.py:115} INFO - [2022-07-14 16:26:56,237] {dag.py:2420} INFO - Sync 1 DAGs
[2022-07-14 16:26:56,275] {logging_mixin.py:115} INFO - [2022-07-14 16:26:56,275] {dag.py:2972} INFO - Setting next_dagrun for tutorial_etl_dag to None, run_after=None
[2022-07-14 16:26:56,299] {processor.py:161} INFO - Processing /home/airflow/.local/lib/python3.7/site-packages/airflow/example_dags/tutorial_etl_dag.py took 0.111 seconds
[2022-07-14 16:27:26,608] {processor.py:153} INFO - Started process (PID=1180) to work on /home/airflow/.local/lib/python3.7/site-packages/airflow/example_dags/tutorial_etl_dag.py
[2022-07-14 16:27:26,609] {processor.py:641} INFO - Processing file /home/airflow/.local/lib/python3.7/site-packages/airflow/example_dags/tutorial_etl_dag.py for tasks to queue
[2022-07-14 16:27:26,610] {logging_mixin.py:115} INFO - [2022-07-14 16:27:26,610] {dagbag.py:508} INFO - Filling up the DagBag from /home/airflow/.local/lib/python3.7/site-packages/airflow/example_dags/tutorial_etl_dag.py
[2022-07-14 16:27:26,618] {processor.py:651} INFO - DAG(s) dict_keys(['tutorial_etl_dag']) retrieved from /home/airflow/.local/lib/python3.7/site-packages/airflow/example_dags/tutorial_etl_dag.py
[2022-07-14 16:27:26,654] {logging_mixin.py:115} INFO - [2022-07-14 16:27:26,654] {dag.py:2420} INFO - Sync 1 DAGs
[2022-07-14 16:27:26,691] {logging_mixin.py:115} INFO - [2022-07-14 16:27:26,691] {dag.py:2972} INFO - Setting next_dagrun for tutorial_etl_dag to None, run_after=None
[2022-07-14 16:27:26,713] {processor.py:161} INFO - Processing /home/airflow/.local/lib/python3.7/site-packages/airflow/example_dags/tutorial_etl_dag.py took 0.122 seconds
[2022-07-14 16:27:56,784] {processor.py:153} INFO - Started process (PID=1233) to work on /home/airflow/.local/lib/python3.7/site-packages/airflow/example_dags/tutorial_etl_dag.py
[2022-07-14 16:27:56,785] {processor.py:641} INFO - Processing file /home/airflow/.local/lib/python3.7/site-packages/airflow/example_dags/tutorial_etl_dag.py for tasks to queue
[2022-07-14 16:27:56,785] {logging_mixin.py:115} INFO - [2022-07-14 16:27:56,785] {dagbag.py:508} INFO - Filling up the DagBag from /home/airflow/.local/lib/python3.7/site-packages/airflow/example_dags/tutorial_etl_dag.py
[2022-07-14 16:27:56,794] {processor.py:651} INFO - DAG(s) dict_keys(['tutorial_etl_dag']) retrieved from /home/airflow/.local/lib/python3.7/site-packages/airflow/example_dags/tutorial_etl_dag.py
[2022-07-14 16:27:56,839] {logging_mixin.py:115} INFO - [2022-07-14 16:27:56,839] {dag.py:2420} INFO - Sync 1 DAGs
[2022-07-14 16:27:56,874] {logging_mixin.py:115} INFO - [2022-07-14 16:27:56,874] {dag.py:2972} INFO - Setting next_dagrun for tutorial_etl_dag to None, run_after=None
[2022-07-14 16:27:56,900] {processor.py:161} INFO - Processing /home/airflow/.local/lib/python3.7/site-packages/airflow/example_dags/tutorial_etl_dag.py took 0.119 seconds
[2022-07-14 16:28:27,098] {processor.py:153} INFO - Started process (PID=1283) to work on /home/airflow/.local/lib/python3.7/site-packages/airflow/example_dags/tutorial_etl_dag.py
[2022-07-14 16:28:27,107] {processor.py:641} INFO - Processing file /home/airflow/.local/lib/python3.7/site-packages/airflow/example_dags/tutorial_etl_dag.py for tasks to queue
[2022-07-14 16:28:27,108] {logging_mixin.py:115} INFO - [2022-07-14 16:28:27,108] {dagbag.py:508} INFO - Filling up the DagBag from /home/airflow/.local/lib/python3.7/site-packages/airflow/example_dags/tutorial_etl_dag.py
[2022-07-14 16:28:27,117] {processor.py:651} INFO - DAG(s) dict_keys(['tutorial_etl_dag']) retrieved from /home/airflow/.local/lib/python3.7/site-packages/airflow/example_dags/tutorial_etl_dag.py
[2022-07-14 16:28:27,173] {logging_mixin.py:115} INFO - [2022-07-14 16:28:27,173] {dag.py:2420} INFO - Sync 1 DAGs
[2022-07-14 16:28:27,213] {logging_mixin.py:115} INFO - [2022-07-14 16:28:27,213] {dag.py:2972} INFO - Setting next_dagrun for tutorial_etl_dag to None, run_after=None
[2022-07-14 16:28:27,231] {processor.py:161} INFO - Processing /home/airflow/.local/lib/python3.7/site-packages/airflow/example_dags/tutorial_etl_dag.py took 0.136 seconds
[2022-07-14 16:28:57,599] {processor.py:153} INFO - Started process (PID=1344) to work on /home/airflow/.local/lib/python3.7/site-packages/airflow/example_dags/tutorial_etl_dag.py
[2022-07-14 16:28:57,615] {processor.py:641} INFO - Processing file /home/airflow/.local/lib/python3.7/site-packages/airflow/example_dags/tutorial_etl_dag.py for tasks to queue
[2022-07-14 16:28:57,615] {logging_mixin.py:115} INFO - [2022-07-14 16:28:57,615] {dagbag.py:508} INFO - Filling up the DagBag from /home/airflow/.local/lib/python3.7/site-packages/airflow/example_dags/tutorial_etl_dag.py
[2022-07-14 16:28:57,660] {processor.py:651} INFO - DAG(s) dict_keys(['tutorial_etl_dag']) retrieved from /home/airflow/.local/lib/python3.7/site-packages/airflow/example_dags/tutorial_etl_dag.py
[2022-07-14 16:28:57,736] {logging_mixin.py:115} INFO - [2022-07-14 16:28:57,736] {dag.py:2420} INFO - Sync 1 DAGs
[2022-07-14 16:28:57,799] {logging_mixin.py:115} INFO - [2022-07-14 16:28:57,799] {dag.py:2972} INFO - Setting next_dagrun for tutorial_etl_dag to None, run_after=None
[2022-07-14 16:28:57,821] {processor.py:161} INFO - Processing /home/airflow/.local/lib/python3.7/site-packages/airflow/example_dags/tutorial_etl_dag.py took 0.230 seconds
[2022-07-14 16:29:28,240] {processor.py:153} INFO - Started process (PID=1395) to work on /home/airflow/.local/lib/python3.7/site-packages/airflow/example_dags/tutorial_etl_dag.py
[2022-07-14 16:29:28,252] {processor.py:641} INFO - Processing file /home/airflow/.local/lib/python3.7/site-packages/airflow/example_dags/tutorial_etl_dag.py for tasks to queue
[2022-07-14 16:29:28,253] {logging_mixin.py:115} INFO - [2022-07-14 16:29:28,253] {dagbag.py:508} INFO - Filling up the DagBag from /home/airflow/.local/lib/python3.7/site-packages/airflow/example_dags/tutorial_etl_dag.py
[2022-07-14 16:29:28,260] {processor.py:651} INFO - DAG(s) dict_keys(['tutorial_etl_dag']) retrieved from /home/airflow/.local/lib/python3.7/site-packages/airflow/example_dags/tutorial_etl_dag.py
[2022-07-14 16:29:28,302] {logging_mixin.py:115} INFO - [2022-07-14 16:29:28,302] {dag.py:2420} INFO - Sync 1 DAGs
[2022-07-14 16:29:28,344] {logging_mixin.py:115} INFO - [2022-07-14 16:29:28,344] {dag.py:2972} INFO - Setting next_dagrun for tutorial_etl_dag to None, run_after=None
[2022-07-14 16:29:28,361] {processor.py:161} INFO - Processing /home/airflow/.local/lib/python3.7/site-packages/airflow/example_dags/tutorial_etl_dag.py took 0.128 seconds
[2022-07-14 16:29:59,028] {processor.py:153} INFO - Started process (PID=1447) to work on /home/airflow/.local/lib/python3.7/site-packages/airflow/example_dags/tutorial_etl_dag.py
[2022-07-14 16:29:59,030] {processor.py:641} INFO - Processing file /home/airflow/.local/lib/python3.7/site-packages/airflow/example_dags/tutorial_etl_dag.py for tasks to queue
[2022-07-14 16:29:59,031] {logging_mixin.py:115} INFO - [2022-07-14 16:29:59,031] {dagbag.py:508} INFO - Filling up the DagBag from /home/airflow/.local/lib/python3.7/site-packages/airflow/example_dags/tutorial_etl_dag.py
[2022-07-14 16:29:59,050] {processor.py:651} INFO - DAG(s) dict_keys(['tutorial_etl_dag']) retrieved from /home/airflow/.local/lib/python3.7/site-packages/airflow/example_dags/tutorial_etl_dag.py
[2022-07-14 16:29:59,104] {logging_mixin.py:115} INFO - [2022-07-14 16:29:59,104] {dag.py:2420} INFO - Sync 1 DAGs
[2022-07-14 16:29:59,141] {logging_mixin.py:115} INFO - [2022-07-14 16:29:59,141] {dag.py:2972} INFO - Setting next_dagrun for tutorial_etl_dag to None, run_after=None
[2022-07-14 16:29:59,169] {processor.py:161} INFO - Processing /home/airflow/.local/lib/python3.7/site-packages/airflow/example_dags/tutorial_etl_dag.py took 0.144 seconds
[2022-07-14 16:30:29,359] {processor.py:153} INFO - Started process (PID=1506) to work on /home/airflow/.local/lib/python3.7/site-packages/airflow/example_dags/tutorial_etl_dag.py
[2022-07-14 16:30:29,360] {processor.py:641} INFO - Processing file /home/airflow/.local/lib/python3.7/site-packages/airflow/example_dags/tutorial_etl_dag.py for tasks to queue
[2022-07-14 16:30:29,360] {logging_mixin.py:115} INFO - [2022-07-14 16:30:29,360] {dagbag.py:508} INFO - Filling up the DagBag from /home/airflow/.local/lib/python3.7/site-packages/airflow/example_dags/tutorial_etl_dag.py
[2022-07-14 16:30:29,376] {processor.py:651} INFO - DAG(s) dict_keys(['tutorial_etl_dag']) retrieved from /home/airflow/.local/lib/python3.7/site-packages/airflow/example_dags/tutorial_etl_dag.py
[2022-07-14 16:30:29,406] {logging_mixin.py:115} INFO - [2022-07-14 16:30:29,406] {dag.py:2420} INFO - Sync 1 DAGs
[2022-07-14 16:30:29,435] {logging_mixin.py:115} INFO - [2022-07-14 16:30:29,435] {dag.py:2972} INFO - Setting next_dagrun for tutorial_etl_dag to None, run_after=None
[2022-07-14 16:30:29,462] {processor.py:161} INFO - Processing /home/airflow/.local/lib/python3.7/site-packages/airflow/example_dags/tutorial_etl_dag.py took 0.107 seconds
[2022-07-14 16:30:59,845] {processor.py:153} INFO - Started process (PID=1567) to work on /home/airflow/.local/lib/python3.7/site-packages/airflow/example_dags/tutorial_etl_dag.py
[2022-07-14 16:30:59,854] {processor.py:641} INFO - Processing file /home/airflow/.local/lib/python3.7/site-packages/airflow/example_dags/tutorial_etl_dag.py for tasks to queue
[2022-07-14 16:30:59,855] {logging_mixin.py:115} INFO - [2022-07-14 16:30:59,855] {dagbag.py:508} INFO - Filling up the DagBag from /home/airflow/.local/lib/python3.7/site-packages/airflow/example_dags/tutorial_etl_dag.py
[2022-07-14 16:30:59,862] {processor.py:651} INFO - DAG(s) dict_keys(['tutorial_etl_dag']) retrieved from /home/airflow/.local/lib/python3.7/site-packages/airflow/example_dags/tutorial_etl_dag.py
[2022-07-14 16:30:59,890] {logging_mixin.py:115} INFO - [2022-07-14 16:30:59,890] {dag.py:2420} INFO - Sync 1 DAGs
[2022-07-14 16:30:59,917] {logging_mixin.py:115} INFO - [2022-07-14 16:30:59,917] {dag.py:2972} INFO - Setting next_dagrun for tutorial_etl_dag to None, run_after=None
[2022-07-14 16:30:59,931] {processor.py:161} INFO - Processing /home/airflow/.local/lib/python3.7/site-packages/airflow/example_dags/tutorial_etl_dag.py took 0.088 seconds
[2022-07-14 16:31:30,828] {processor.py:153} INFO - Started process (PID=1618) to work on /home/airflow/.local/lib/python3.7/site-packages/airflow/example_dags/tutorial_etl_dag.py
[2022-07-14 16:31:30,838] {processor.py:641} INFO - Processing file /home/airflow/.local/lib/python3.7/site-packages/airflow/example_dags/tutorial_etl_dag.py for tasks to queue
[2022-07-14 16:31:30,838] {logging_mixin.py:115} INFO - [2022-07-14 16:31:30,838] {dagbag.py:508} INFO - Filling up the DagBag from /home/airflow/.local/lib/python3.7/site-packages/airflow/example_dags/tutorial_etl_dag.py
[2022-07-14 16:31:30,846] {processor.py:651} INFO - DAG(s) dict_keys(['tutorial_etl_dag']) retrieved from /home/airflow/.local/lib/python3.7/site-packages/airflow/example_dags/tutorial_etl_dag.py
[2022-07-14 16:31:30,875] {logging_mixin.py:115} INFO - [2022-07-14 16:31:30,875] {dag.py:2420} INFO - Sync 1 DAGs
[2022-07-14 16:31:30,898] {logging_mixin.py:115} INFO - [2022-07-14 16:31:30,898] {dag.py:2972} INFO - Setting next_dagrun for tutorial_etl_dag to None, run_after=None
[2022-07-14 16:31:30,912] {processor.py:161} INFO - Processing /home/airflow/.local/lib/python3.7/site-packages/airflow/example_dags/tutorial_etl_dag.py took 0.088 seconds
[2022-07-14 16:32:01,441] {processor.py:153} INFO - Started process (PID=1681) to work on /home/airflow/.local/lib/python3.7/site-packages/airflow/example_dags/tutorial_etl_dag.py
[2022-07-14 16:32:01,445] {processor.py:641} INFO - Processing file /home/airflow/.local/lib/python3.7/site-packages/airflow/example_dags/tutorial_etl_dag.py for tasks to queue
[2022-07-14 16:32:01,447] {logging_mixin.py:115} INFO - [2022-07-14 16:32:01,446] {dagbag.py:508} INFO - Filling up the DagBag from /home/airflow/.local/lib/python3.7/site-packages/airflow/example_dags/tutorial_etl_dag.py
[2022-07-14 16:32:01,467] {processor.py:651} INFO - DAG(s) dict_keys(['tutorial_etl_dag']) retrieved from /home/airflow/.local/lib/python3.7/site-packages/airflow/example_dags/tutorial_etl_dag.py
[2022-07-14 16:32:01,548] {logging_mixin.py:115} INFO - [2022-07-14 16:32:01,548] {dag.py:2420} INFO - Sync 1 DAGs
[2022-07-14 16:32:01,613] {logging_mixin.py:115} INFO - [2022-07-14 16:32:01,613] {dag.py:2972} INFO - Setting next_dagrun for tutorial_etl_dag to None, run_after=None
[2022-07-14 16:32:01,631] {processor.py:161} INFO - Processing /home/airflow/.local/lib/python3.7/site-packages/airflow/example_dags/tutorial_etl_dag.py took 0.199 seconds
[2022-07-14 16:32:31,683] {processor.py:153} INFO - Started process (PID=1741) to work on /home/airflow/.local/lib/python3.7/site-packages/airflow/example_dags/tutorial_etl_dag.py
[2022-07-14 16:32:31,684] {processor.py:641} INFO - Processing file /home/airflow/.local/lib/python3.7/site-packages/airflow/example_dags/tutorial_etl_dag.py for tasks to queue
[2022-07-14 16:32:31,684] {logging_mixin.py:115} INFO - [2022-07-14 16:32:31,684] {dagbag.py:508} INFO - Filling up the DagBag from /home/airflow/.local/lib/python3.7/site-packages/airflow/example_dags/tutorial_etl_dag.py
[2022-07-14 16:32:31,691] {processor.py:651} INFO - DAG(s) dict_keys(['tutorial_etl_dag']) retrieved from /home/airflow/.local/lib/python3.7/site-packages/airflow/example_dags/tutorial_etl_dag.py
[2022-07-14 16:32:31,714] {logging_mixin.py:115} INFO - [2022-07-14 16:32:31,714] {dag.py:2420} INFO - Sync 1 DAGs
[2022-07-14 16:32:31,743] {logging_mixin.py:115} INFO - [2022-07-14 16:32:31,743] {dag.py:2972} INFO - Setting next_dagrun for tutorial_etl_dag to None, run_after=None
[2022-07-14 16:32:31,760] {processor.py:161} INFO - Processing /home/airflow/.local/lib/python3.7/site-packages/airflow/example_dags/tutorial_etl_dag.py took 0.080 seconds
[2022-07-14 16:33:02,015] {processor.py:153} INFO - Started process (PID=1793) to work on /home/airflow/.local/lib/python3.7/site-packages/airflow/example_dags/tutorial_etl_dag.py
[2022-07-14 16:33:02,027] {processor.py:641} INFO - Processing file /home/airflow/.local/lib/python3.7/site-packages/airflow/example_dags/tutorial_etl_dag.py for tasks to queue
[2022-07-14 16:33:02,028] {logging_mixin.py:115} INFO - [2022-07-14 16:33:02,028] {dagbag.py:508} INFO - Filling up the DagBag from /home/airflow/.local/lib/python3.7/site-packages/airflow/example_dags/tutorial_etl_dag.py
[2022-07-14 16:33:02,036] {processor.py:651} INFO - DAG(s) dict_keys(['tutorial_etl_dag']) retrieved from /home/airflow/.local/lib/python3.7/site-packages/airflow/example_dags/tutorial_etl_dag.py
[2022-07-14 16:33:02,059] {logging_mixin.py:115} INFO - [2022-07-14 16:33:02,059] {dag.py:2420} INFO - Sync 1 DAGs
[2022-07-14 16:33:02,083] {logging_mixin.py:115} INFO - [2022-07-14 16:33:02,083] {dag.py:2972} INFO - Setting next_dagrun for tutorial_etl_dag to None, run_after=None
[2022-07-14 16:33:02,093] {processor.py:161} INFO - Processing /home/airflow/.local/lib/python3.7/site-packages/airflow/example_dags/tutorial_etl_dag.py took 0.082 seconds
[2022-07-14 16:33:32,215] {processor.py:153} INFO - Started process (PID=1853) to work on /home/airflow/.local/lib/python3.7/site-packages/airflow/example_dags/tutorial_etl_dag.py
[2022-07-14 16:33:32,227] {processor.py:641} INFO - Processing file /home/airflow/.local/lib/python3.7/site-packages/airflow/example_dags/tutorial_etl_dag.py for tasks to queue
[2022-07-14 16:33:32,228] {logging_mixin.py:115} INFO - [2022-07-14 16:33:32,228] {dagbag.py:508} INFO - Filling up the DagBag from /home/airflow/.local/lib/python3.7/site-packages/airflow/example_dags/tutorial_etl_dag.py
[2022-07-14 16:33:32,234] {processor.py:651} INFO - DAG(s) dict_keys(['tutorial_etl_dag']) retrieved from /home/airflow/.local/lib/python3.7/site-packages/airflow/example_dags/tutorial_etl_dag.py
[2022-07-14 16:33:32,258] {logging_mixin.py:115} INFO - [2022-07-14 16:33:32,258] {dag.py:2420} INFO - Sync 1 DAGs
[2022-07-14 16:33:32,284] {logging_mixin.py:115} INFO - [2022-07-14 16:33:32,284] {dag.py:2972} INFO - Setting next_dagrun for tutorial_etl_dag to None, run_after=None
[2022-07-14 16:33:32,299] {processor.py:161} INFO - Processing /home/airflow/.local/lib/python3.7/site-packages/airflow/example_dags/tutorial_etl_dag.py took 0.088 seconds
[2022-07-14 16:34:02,411] {processor.py:153} INFO - Started process (PID=1905) to work on /home/airflow/.local/lib/python3.7/site-packages/airflow/example_dags/tutorial_etl_dag.py
[2022-07-14 16:34:02,412] {processor.py:641} INFO - Processing file /home/airflow/.local/lib/python3.7/site-packages/airflow/example_dags/tutorial_etl_dag.py for tasks to queue
[2022-07-14 16:34:02,412] {logging_mixin.py:115} INFO - [2022-07-14 16:34:02,412] {dagbag.py:508} INFO - Filling up the DagBag from /home/airflow/.local/lib/python3.7/site-packages/airflow/example_dags/tutorial_etl_dag.py
[2022-07-14 16:34:02,418] {processor.py:651} INFO - DAG(s) dict_keys(['tutorial_etl_dag']) retrieved from /home/airflow/.local/lib/python3.7/site-packages/airflow/example_dags/tutorial_etl_dag.py
[2022-07-14 16:34:02,440] {logging_mixin.py:115} INFO - [2022-07-14 16:34:02,440] {dag.py:2420} INFO - Sync 1 DAGs
[2022-07-14 16:34:02,461] {logging_mixin.py:115} INFO - [2022-07-14 16:34:02,460] {dag.py:2972} INFO - Setting next_dagrun for tutorial_etl_dag to None, run_after=None
[2022-07-14 16:34:02,470] {processor.py:161} INFO - Processing /home/airflow/.local/lib/python3.7/site-packages/airflow/example_dags/tutorial_etl_dag.py took 0.062 seconds
[2022-07-14 16:34:32,803] {processor.py:153} INFO - Started process (PID=1966) to work on /home/airflow/.local/lib/python3.7/site-packages/airflow/example_dags/tutorial_etl_dag.py
[2022-07-14 16:34:32,804] {processor.py:641} INFO - Processing file /home/airflow/.local/lib/python3.7/site-packages/airflow/example_dags/tutorial_etl_dag.py for tasks to queue
[2022-07-14 16:34:32,804] {logging_mixin.py:115} INFO - [2022-07-14 16:34:32,804] {dagbag.py:508} INFO - Filling up the DagBag from /home/airflow/.local/lib/python3.7/site-packages/airflow/example_dags/tutorial_etl_dag.py
[2022-07-14 16:34:32,813] {processor.py:651} INFO - DAG(s) dict_keys(['tutorial_etl_dag']) retrieved from /home/airflow/.local/lib/python3.7/site-packages/airflow/example_dags/tutorial_etl_dag.py
[2022-07-14 16:34:32,839] {logging_mixin.py:115} INFO - [2022-07-14 16:34:32,839] {dag.py:2420} INFO - Sync 1 DAGs
[2022-07-14 16:34:32,866] {logging_mixin.py:115} INFO - [2022-07-14 16:34:32,866] {dag.py:2972} INFO - Setting next_dagrun for tutorial_etl_dag to None, run_after=None
[2022-07-14 16:34:32,881] {processor.py:161} INFO - Processing /home/airflow/.local/lib/python3.7/site-packages/airflow/example_dags/tutorial_etl_dag.py took 0.082 seconds
[2022-07-14 16:35:03,565] {processor.py:153} INFO - Started process (PID=2018) to work on /home/airflow/.local/lib/python3.7/site-packages/airflow/example_dags/tutorial_etl_dag.py
[2022-07-14 16:35:03,566] {processor.py:641} INFO - Processing file /home/airflow/.local/lib/python3.7/site-packages/airflow/example_dags/tutorial_etl_dag.py for tasks to queue
[2022-07-14 16:35:03,566] {logging_mixin.py:115} INFO - [2022-07-14 16:35:03,566] {dagbag.py:508} INFO - Filling up the DagBag from /home/airflow/.local/lib/python3.7/site-packages/airflow/example_dags/tutorial_etl_dag.py
[2022-07-14 16:35:03,573] {processor.py:651} INFO - DAG(s) dict_keys(['tutorial_etl_dag']) retrieved from /home/airflow/.local/lib/python3.7/site-packages/airflow/example_dags/tutorial_etl_dag.py
[2022-07-14 16:35:03,594] {logging_mixin.py:115} INFO - [2022-07-14 16:35:03,594] {dag.py:2420} INFO - Sync 1 DAGs
[2022-07-14 16:35:03,614] {logging_mixin.py:115} INFO - [2022-07-14 16:35:03,614] {dag.py:2972} INFO - Setting next_dagrun for tutorial_etl_dag to None, run_after=None
[2022-07-14 16:35:03,626] {processor.py:161} INFO - Processing /home/airflow/.local/lib/python3.7/site-packages/airflow/example_dags/tutorial_etl_dag.py took 0.063 seconds
[2022-07-14 16:35:33,746] {processor.py:153} INFO - Started process (PID=2078) to work on /home/airflow/.local/lib/python3.7/site-packages/airflow/example_dags/tutorial_etl_dag.py
[2022-07-14 16:35:33,757] {processor.py:641} INFO - Processing file /home/airflow/.local/lib/python3.7/site-packages/airflow/example_dags/tutorial_etl_dag.py for tasks to queue
[2022-07-14 16:35:33,758] {logging_mixin.py:115} INFO - [2022-07-14 16:35:33,758] {dagbag.py:508} INFO - Filling up the DagBag from /home/airflow/.local/lib/python3.7/site-packages/airflow/example_dags/tutorial_etl_dag.py
[2022-07-14 16:35:33,771] {processor.py:651} INFO - DAG(s) dict_keys(['tutorial_etl_dag']) retrieved from /home/airflow/.local/lib/python3.7/site-packages/airflow/example_dags/tutorial_etl_dag.py
[2022-07-14 16:35:33,806] {logging_mixin.py:115} INFO - [2022-07-14 16:35:33,806] {dag.py:2420} INFO - Sync 1 DAGs
[2022-07-14 16:35:33,835] {logging_mixin.py:115} INFO - [2022-07-14 16:35:33,835] {dag.py:2972} INFO - Setting next_dagrun for tutorial_etl_dag to None, run_after=None
[2022-07-14 16:35:33,871] {processor.py:161} INFO - Processing /home/airflow/.local/lib/python3.7/site-packages/airflow/example_dags/tutorial_etl_dag.py took 0.128 seconds
[2022-07-14 16:36:04,194] {processor.py:153} INFO - Started process (PID=2139) to work on /home/airflow/.local/lib/python3.7/site-packages/airflow/example_dags/tutorial_etl_dag.py
[2022-07-14 16:36:04,214] {processor.py:641} INFO - Processing file /home/airflow/.local/lib/python3.7/site-packages/airflow/example_dags/tutorial_etl_dag.py for tasks to queue
[2022-07-14 16:36:04,214] {logging_mixin.py:115} INFO - [2022-07-14 16:36:04,214] {dagbag.py:508} INFO - Filling up the DagBag from /home/airflow/.local/lib/python3.7/site-packages/airflow/example_dags/tutorial_etl_dag.py
[2022-07-14 16:36:04,222] {processor.py:651} INFO - DAG(s) dict_keys(['tutorial_etl_dag']) retrieved from /home/airflow/.local/lib/python3.7/site-packages/airflow/example_dags/tutorial_etl_dag.py
[2022-07-14 16:36:04,244] {logging_mixin.py:115} INFO - [2022-07-14 16:36:04,244] {dag.py:2420} INFO - Sync 1 DAGs
[2022-07-14 16:36:04,269] {logging_mixin.py:115} INFO - [2022-07-14 16:36:04,269] {dag.py:2972} INFO - Setting next_dagrun for tutorial_etl_dag to None, run_after=None
[2022-07-14 16:36:04,283] {processor.py:161} INFO - Processing /home/airflow/.local/lib/python3.7/site-packages/airflow/example_dags/tutorial_etl_dag.py took 0.091 seconds
