[2022-07-14 16:16:58,329] {processor.py:153} INFO - Started process (PID=51) to work on /home/airflow/.local/lib/python3.7/site-packages/airflow/example_dags/tutorial_taskflow_api_etl_virtualenv.py
[2022-07-14 16:16:58,330] {processor.py:641} INFO - Processing file /home/airflow/.local/lib/python3.7/site-packages/airflow/example_dags/tutorial_taskflow_api_etl_virtualenv.py for tasks to queue
[2022-07-14 16:16:58,359] {logging_mixin.py:115} INFO - [2022-07-14 16:16:58,359] {dagbag.py:508} INFO - Filling up the DagBag from /home/airflow/.local/lib/python3.7/site-packages/airflow/example_dags/tutorial_taskflow_api_etl_virtualenv.py
[2022-07-14 16:16:59,052] {processor.py:651} INFO - DAG(s) dict_keys(['tutorial_taskflow_api_etl_virtualenv']) retrieved from /home/airflow/.local/lib/python3.7/site-packages/airflow/example_dags/tutorial_taskflow_api_etl_virtualenv.py
[2022-07-14 16:16:59,527] {logging_mixin.py:115} INFO - [2022-07-14 16:16:59,527] {manager.py:508} INFO - Created Permission View: can delete on DAG:tutorial_taskflow_api_etl_virtualenv
[2022-07-14 16:16:59,601] {logging_mixin.py:115} INFO - [2022-07-14 16:16:59,601] {manager.py:508} INFO - Created Permission View: can read on DAG:tutorial_taskflow_api_etl_virtualenv
[2022-07-14 16:16:59,660] {logging_mixin.py:115} INFO - [2022-07-14 16:16:59,660] {manager.py:508} INFO - Created Permission View: can edit on DAG:tutorial_taskflow_api_etl_virtualenv
[2022-07-14 16:16:59,661] {logging_mixin.py:115} INFO - [2022-07-14 16:16:59,661] {dag.py:2420} INFO - Sync 1 DAGs
[2022-07-14 16:16:59,712] {logging_mixin.py:115} INFO - [2022-07-14 16:16:59,712] {dag.py:2439} INFO - Creating ORM DAG for tutorial_taskflow_api_etl_virtualenv
[2022-07-14 16:16:59,761] {logging_mixin.py:115} INFO - [2022-07-14 16:16:59,761] {dag.py:2972} INFO - Setting next_dagrun for tutorial_taskflow_api_etl_virtualenv to None, run_after=None
[2022-07-14 16:16:59,815] {processor.py:161} INFO - Processing /home/airflow/.local/lib/python3.7/site-packages/airflow/example_dags/tutorial_taskflow_api_etl_virtualenv.py took 1.500 seconds
[2022-07-14 16:17:29,875] {processor.py:153} INFO - Started process (PID=101) to work on /home/airflow/.local/lib/python3.7/site-packages/airflow/example_dags/tutorial_taskflow_api_etl_virtualenv.py
[2022-07-14 16:17:29,882] {processor.py:641} INFO - Processing file /home/airflow/.local/lib/python3.7/site-packages/airflow/example_dags/tutorial_taskflow_api_etl_virtualenv.py for tasks to queue
[2022-07-14 16:17:29,883] {logging_mixin.py:115} INFO - [2022-07-14 16:17:29,883] {dagbag.py:508} INFO - Filling up the DagBag from /home/airflow/.local/lib/python3.7/site-packages/airflow/example_dags/tutorial_taskflow_api_etl_virtualenv.py
[2022-07-14 16:17:29,912] {processor.py:651} INFO - DAG(s) dict_keys(['tutorial_taskflow_api_etl_virtualenv']) retrieved from /home/airflow/.local/lib/python3.7/site-packages/airflow/example_dags/tutorial_taskflow_api_etl_virtualenv.py
[2022-07-14 16:17:30,049] {logging_mixin.py:115} INFO - [2022-07-14 16:17:30,049] {dag.py:2420} INFO - Sync 1 DAGs
[2022-07-14 16:17:30,088] {logging_mixin.py:115} INFO - [2022-07-14 16:17:30,088] {dag.py:2972} INFO - Setting next_dagrun for tutorial_taskflow_api_etl_virtualenv to None, run_after=None
[2022-07-14 16:17:30,126] {processor.py:161} INFO - Processing /home/airflow/.local/lib/python3.7/site-packages/airflow/example_dags/tutorial_taskflow_api_etl_virtualenv.py took 0.262 seconds
[2022-07-14 16:18:00,271] {processor.py:153} INFO - Started process (PID=154) to work on /home/airflow/.local/lib/python3.7/site-packages/airflow/example_dags/tutorial_taskflow_api_etl_virtualenv.py
[2022-07-14 16:18:00,272] {processor.py:641} INFO - Processing file /home/airflow/.local/lib/python3.7/site-packages/airflow/example_dags/tutorial_taskflow_api_etl_virtualenv.py for tasks to queue
[2022-07-14 16:18:00,273] {logging_mixin.py:115} INFO - [2022-07-14 16:18:00,273] {dagbag.py:508} INFO - Filling up the DagBag from /home/airflow/.local/lib/python3.7/site-packages/airflow/example_dags/tutorial_taskflow_api_etl_virtualenv.py
[2022-07-14 16:18:00,299] {processor.py:651} INFO - DAG(s) dict_keys(['tutorial_taskflow_api_etl_virtualenv']) retrieved from /home/airflow/.local/lib/python3.7/site-packages/airflow/example_dags/tutorial_taskflow_api_etl_virtualenv.py
[2022-07-14 16:18:00,334] {logging_mixin.py:115} INFO - [2022-07-14 16:18:00,334] {dag.py:2420} INFO - Sync 1 DAGs
[2022-07-14 16:18:00,368] {logging_mixin.py:115} INFO - [2022-07-14 16:18:00,368] {dag.py:2972} INFO - Setting next_dagrun for tutorial_taskflow_api_etl_virtualenv to None, run_after=None
[2022-07-14 16:18:00,408] {processor.py:161} INFO - Processing /home/airflow/.local/lib/python3.7/site-packages/airflow/example_dags/tutorial_taskflow_api_etl_virtualenv.py took 0.141 seconds
[2022-07-14 16:18:30,501] {processor.py:153} INFO - Started process (PID=206) to work on /home/airflow/.local/lib/python3.7/site-packages/airflow/example_dags/tutorial_taskflow_api_etl_virtualenv.py
[2022-07-14 16:18:30,502] {processor.py:641} INFO - Processing file /home/airflow/.local/lib/python3.7/site-packages/airflow/example_dags/tutorial_taskflow_api_etl_virtualenv.py for tasks to queue
[2022-07-14 16:18:30,503] {logging_mixin.py:115} INFO - [2022-07-14 16:18:30,502] {dagbag.py:508} INFO - Filling up the DagBag from /home/airflow/.local/lib/python3.7/site-packages/airflow/example_dags/tutorial_taskflow_api_etl_virtualenv.py
[2022-07-14 16:18:30,532] {processor.py:651} INFO - DAG(s) dict_keys(['tutorial_taskflow_api_etl_virtualenv']) retrieved from /home/airflow/.local/lib/python3.7/site-packages/airflow/example_dags/tutorial_taskflow_api_etl_virtualenv.py
[2022-07-14 16:18:30,632] {logging_mixin.py:115} INFO - [2022-07-14 16:18:30,632] {dag.py:2420} INFO - Sync 1 DAGs
[2022-07-14 16:18:30,664] {logging_mixin.py:115} INFO - [2022-07-14 16:18:30,664] {dag.py:2972} INFO - Setting next_dagrun for tutorial_taskflow_api_etl_virtualenv to None, run_after=None
[2022-07-14 16:18:30,710] {processor.py:161} INFO - Processing /home/airflow/.local/lib/python3.7/site-packages/airflow/example_dags/tutorial_taskflow_api_etl_virtualenv.py took 0.214 seconds
[2022-07-14 16:19:00,934] {processor.py:153} INFO - Started process (PID=266) to work on /home/airflow/.local/lib/python3.7/site-packages/airflow/example_dags/tutorial_taskflow_api_etl_virtualenv.py
[2022-07-14 16:19:00,936] {processor.py:641} INFO - Processing file /home/airflow/.local/lib/python3.7/site-packages/airflow/example_dags/tutorial_taskflow_api_etl_virtualenv.py for tasks to queue
[2022-07-14 16:19:00,937] {logging_mixin.py:115} INFO - [2022-07-14 16:19:00,937] {dagbag.py:508} INFO - Filling up the DagBag from /home/airflow/.local/lib/python3.7/site-packages/airflow/example_dags/tutorial_taskflow_api_etl_virtualenv.py
[2022-07-14 16:19:01,014] {processor.py:651} INFO - DAG(s) dict_keys(['tutorial_taskflow_api_etl_virtualenv']) retrieved from /home/airflow/.local/lib/python3.7/site-packages/airflow/example_dags/tutorial_taskflow_api_etl_virtualenv.py
[2022-07-14 16:19:01,238] {logging_mixin.py:115} INFO - [2022-07-14 16:19:01,238] {dag.py:2420} INFO - Sync 1 DAGs
[2022-07-14 16:19:01,317] {logging_mixin.py:115} INFO - [2022-07-14 16:19:01,317] {dag.py:2972} INFO - Setting next_dagrun for tutorial_taskflow_api_etl_virtualenv to None, run_after=None
[2022-07-14 16:19:01,366] {processor.py:161} INFO - Processing /home/airflow/.local/lib/python3.7/site-packages/airflow/example_dags/tutorial_taskflow_api_etl_virtualenv.py took 0.435 seconds
[2022-07-14 16:19:31,569] {processor.py:153} INFO - Started process (PID=316) to work on /home/airflow/.local/lib/python3.7/site-packages/airflow/example_dags/tutorial_taskflow_api_etl_virtualenv.py
[2022-07-14 16:19:31,570] {processor.py:641} INFO - Processing file /home/airflow/.local/lib/python3.7/site-packages/airflow/example_dags/tutorial_taskflow_api_etl_virtualenv.py for tasks to queue
[2022-07-14 16:19:31,570] {logging_mixin.py:115} INFO - [2022-07-14 16:19:31,570] {dagbag.py:508} INFO - Filling up the DagBag from /home/airflow/.local/lib/python3.7/site-packages/airflow/example_dags/tutorial_taskflow_api_etl_virtualenv.py
[2022-07-14 16:19:31,594] {processor.py:651} INFO - DAG(s) dict_keys(['tutorial_taskflow_api_etl_virtualenv']) retrieved from /home/airflow/.local/lib/python3.7/site-packages/airflow/example_dags/tutorial_taskflow_api_etl_virtualenv.py
[2022-07-14 16:19:31,690] {logging_mixin.py:115} INFO - [2022-07-14 16:19:31,690] {dag.py:2420} INFO - Sync 1 DAGs
[2022-07-14 16:19:31,721] {logging_mixin.py:115} INFO - [2022-07-14 16:19:31,721] {dag.py:2972} INFO - Setting next_dagrun for tutorial_taskflow_api_etl_virtualenv to None, run_after=None
[2022-07-14 16:19:31,745] {processor.py:161} INFO - Processing /home/airflow/.local/lib/python3.7/site-packages/airflow/example_dags/tutorial_taskflow_api_etl_virtualenv.py took 0.180 seconds
[2022-07-14 16:20:02,421] {processor.py:153} INFO - Started process (PID=368) to work on /home/airflow/.local/lib/python3.7/site-packages/airflow/example_dags/tutorial_taskflow_api_etl_virtualenv.py
[2022-07-14 16:20:02,450] {processor.py:641} INFO - Processing file /home/airflow/.local/lib/python3.7/site-packages/airflow/example_dags/tutorial_taskflow_api_etl_virtualenv.py for tasks to queue
[2022-07-14 16:20:02,451] {logging_mixin.py:115} INFO - [2022-07-14 16:20:02,450] {dagbag.py:508} INFO - Filling up the DagBag from /home/airflow/.local/lib/python3.7/site-packages/airflow/example_dags/tutorial_taskflow_api_etl_virtualenv.py
[2022-07-14 16:20:02,494] {processor.py:651} INFO - DAG(s) dict_keys(['tutorial_taskflow_api_etl_virtualenv']) retrieved from /home/airflow/.local/lib/python3.7/site-packages/airflow/example_dags/tutorial_taskflow_api_etl_virtualenv.py
[2022-07-14 16:20:02,613] {logging_mixin.py:115} INFO - [2022-07-14 16:20:02,613] {dag.py:2420} INFO - Sync 1 DAGs
[2022-07-14 16:20:02,644] {logging_mixin.py:115} INFO - [2022-07-14 16:20:02,644] {dag.py:2972} INFO - Setting next_dagrun for tutorial_taskflow_api_etl_virtualenv to None, run_after=None
[2022-07-14 16:20:02,692] {processor.py:161} INFO - Processing /home/airflow/.local/lib/python3.7/site-packages/airflow/example_dags/tutorial_taskflow_api_etl_virtualenv.py took 0.277 seconds
[2022-07-14 16:20:33,068] {processor.py:153} INFO - Started process (PID=418) to work on /home/airflow/.local/lib/python3.7/site-packages/airflow/example_dags/tutorial_taskflow_api_etl_virtualenv.py
[2022-07-14 16:20:33,068] {processor.py:641} INFO - Processing file /home/airflow/.local/lib/python3.7/site-packages/airflow/example_dags/tutorial_taskflow_api_etl_virtualenv.py for tasks to queue
[2022-07-14 16:20:33,069] {logging_mixin.py:115} INFO - [2022-07-14 16:20:33,069] {dagbag.py:508} INFO - Filling up the DagBag from /home/airflow/.local/lib/python3.7/site-packages/airflow/example_dags/tutorial_taskflow_api_etl_virtualenv.py
[2022-07-14 16:20:33,145] {processor.py:651} INFO - DAG(s) dict_keys(['tutorial_taskflow_api_etl_virtualenv']) retrieved from /home/airflow/.local/lib/python3.7/site-packages/airflow/example_dags/tutorial_taskflow_api_etl_virtualenv.py
[2022-07-14 16:20:33,399] {logging_mixin.py:115} INFO - [2022-07-14 16:20:33,399] {dag.py:2420} INFO - Sync 1 DAGs
[2022-07-14 16:20:33,471] {logging_mixin.py:115} INFO - [2022-07-14 16:20:33,471] {dag.py:2972} INFO - Setting next_dagrun for tutorial_taskflow_api_etl_virtualenv to None, run_after=None
[2022-07-14 16:20:33,540] {processor.py:161} INFO - Processing /home/airflow/.local/lib/python3.7/site-packages/airflow/example_dags/tutorial_taskflow_api_etl_virtualenv.py took 0.497 seconds
[2022-07-14 16:21:03,657] {processor.py:153} INFO - Started process (PID=480) to work on /home/airflow/.local/lib/python3.7/site-packages/airflow/example_dags/tutorial_taskflow_api_etl_virtualenv.py
[2022-07-14 16:21:03,657] {processor.py:641} INFO - Processing file /home/airflow/.local/lib/python3.7/site-packages/airflow/example_dags/tutorial_taskflow_api_etl_virtualenv.py for tasks to queue
[2022-07-14 16:21:03,658] {logging_mixin.py:115} INFO - [2022-07-14 16:21:03,658] {dagbag.py:508} INFO - Filling up the DagBag from /home/airflow/.local/lib/python3.7/site-packages/airflow/example_dags/tutorial_taskflow_api_etl_virtualenv.py
[2022-07-14 16:21:03,679] {processor.py:651} INFO - DAG(s) dict_keys(['tutorial_taskflow_api_etl_virtualenv']) retrieved from /home/airflow/.local/lib/python3.7/site-packages/airflow/example_dags/tutorial_taskflow_api_etl_virtualenv.py
[2022-07-14 16:21:03,779] {logging_mixin.py:115} INFO - [2022-07-14 16:21:03,779] {dag.py:2420} INFO - Sync 1 DAGs
[2022-07-14 16:21:03,812] {logging_mixin.py:115} INFO - [2022-07-14 16:21:03,812] {dag.py:2972} INFO - Setting next_dagrun for tutorial_taskflow_api_etl_virtualenv to None, run_after=None
[2022-07-14 16:21:03,867] {processor.py:161} INFO - Processing /home/airflow/.local/lib/python3.7/site-packages/airflow/example_dags/tutorial_taskflow_api_etl_virtualenv.py took 0.213 seconds
[2022-07-14 16:21:34,210] {processor.py:153} INFO - Started process (PID=531) to work on /home/airflow/.local/lib/python3.7/site-packages/airflow/example_dags/tutorial_taskflow_api_etl_virtualenv.py
[2022-07-14 16:21:34,211] {processor.py:641} INFO - Processing file /home/airflow/.local/lib/python3.7/site-packages/airflow/example_dags/tutorial_taskflow_api_etl_virtualenv.py for tasks to queue
[2022-07-14 16:21:34,211] {logging_mixin.py:115} INFO - [2022-07-14 16:21:34,211] {dagbag.py:508} INFO - Filling up the DagBag from /home/airflow/.local/lib/python3.7/site-packages/airflow/example_dags/tutorial_taskflow_api_etl_virtualenv.py
[2022-07-14 16:21:34,257] {processor.py:651} INFO - DAG(s) dict_keys(['tutorial_taskflow_api_etl_virtualenv']) retrieved from /home/airflow/.local/lib/python3.7/site-packages/airflow/example_dags/tutorial_taskflow_api_etl_virtualenv.py
[2022-07-14 16:21:34,292] {logging_mixin.py:115} INFO - [2022-07-14 16:21:34,292] {dag.py:2420} INFO - Sync 1 DAGs
[2022-07-14 16:21:34,325] {logging_mixin.py:115} INFO - [2022-07-14 16:21:34,325] {dag.py:2972} INFO - Setting next_dagrun for tutorial_taskflow_api_etl_virtualenv to None, run_after=None
[2022-07-14 16:21:34,370] {processor.py:161} INFO - Processing /home/airflow/.local/lib/python3.7/site-packages/airflow/example_dags/tutorial_taskflow_api_etl_virtualenv.py took 0.164 seconds
[2022-07-14 16:22:04,609] {processor.py:153} INFO - Started process (PID=582) to work on /home/airflow/.local/lib/python3.7/site-packages/airflow/example_dags/tutorial_taskflow_api_etl_virtualenv.py
[2022-07-14 16:22:04,619] {processor.py:641} INFO - Processing file /home/airflow/.local/lib/python3.7/site-packages/airflow/example_dags/tutorial_taskflow_api_etl_virtualenv.py for tasks to queue
[2022-07-14 16:22:04,619] {logging_mixin.py:115} INFO - [2022-07-14 16:22:04,619] {dagbag.py:508} INFO - Filling up the DagBag from /home/airflow/.local/lib/python3.7/site-packages/airflow/example_dags/tutorial_taskflow_api_etl_virtualenv.py
[2022-07-14 16:22:04,686] {processor.py:651} INFO - DAG(s) dict_keys(['tutorial_taskflow_api_etl_virtualenv']) retrieved from /home/airflow/.local/lib/python3.7/site-packages/airflow/example_dags/tutorial_taskflow_api_etl_virtualenv.py
[2022-07-14 16:22:04,867] {logging_mixin.py:115} INFO - [2022-07-14 16:22:04,867] {dag.py:2420} INFO - Sync 1 DAGs
[2022-07-14 16:22:04,941] {logging_mixin.py:115} INFO - [2022-07-14 16:22:04,941] {dag.py:2972} INFO - Setting next_dagrun for tutorial_taskflow_api_etl_virtualenv to None, run_after=None
[2022-07-14 16:22:04,964] {processor.py:161} INFO - Processing /home/airflow/.local/lib/python3.7/site-packages/airflow/example_dags/tutorial_taskflow_api_etl_virtualenv.py took 0.359 seconds
[2022-07-14 16:22:35,176] {processor.py:153} INFO - Started process (PID=644) to work on /home/airflow/.local/lib/python3.7/site-packages/airflow/example_dags/tutorial_taskflow_api_etl_virtualenv.py
[2022-07-14 16:22:35,177] {processor.py:641} INFO - Processing file /home/airflow/.local/lib/python3.7/site-packages/airflow/example_dags/tutorial_taskflow_api_etl_virtualenv.py for tasks to queue
[2022-07-14 16:22:35,177] {logging_mixin.py:115} INFO - [2022-07-14 16:22:35,177] {dagbag.py:508} INFO - Filling up the DagBag from /home/airflow/.local/lib/python3.7/site-packages/airflow/example_dags/tutorial_taskflow_api_etl_virtualenv.py
[2022-07-14 16:22:35,204] {processor.py:651} INFO - DAG(s) dict_keys(['tutorial_taskflow_api_etl_virtualenv']) retrieved from /home/airflow/.local/lib/python3.7/site-packages/airflow/example_dags/tutorial_taskflow_api_etl_virtualenv.py
[2022-07-14 16:22:35,349] {logging_mixin.py:115} INFO - [2022-07-14 16:22:35,349] {dag.py:2420} INFO - Sync 1 DAGs
[2022-07-14 16:22:35,410] {logging_mixin.py:115} INFO - [2022-07-14 16:22:35,410] {dag.py:2972} INFO - Setting next_dagrun for tutorial_taskflow_api_etl_virtualenv to None, run_after=None
[2022-07-14 16:22:35,451] {processor.py:161} INFO - Processing /home/airflow/.local/lib/python3.7/site-packages/airflow/example_dags/tutorial_taskflow_api_etl_virtualenv.py took 0.280 seconds
[2022-07-14 16:23:06,306] {processor.py:153} INFO - Started process (PID=696) to work on /home/airflow/.local/lib/python3.7/site-packages/airflow/example_dags/tutorial_taskflow_api_etl_virtualenv.py
[2022-07-14 16:23:06,323] {processor.py:641} INFO - Processing file /home/airflow/.local/lib/python3.7/site-packages/airflow/example_dags/tutorial_taskflow_api_etl_virtualenv.py for tasks to queue
[2022-07-14 16:23:06,324] {logging_mixin.py:115} INFO - [2022-07-14 16:23:06,324] {dagbag.py:508} INFO - Filling up the DagBag from /home/airflow/.local/lib/python3.7/site-packages/airflow/example_dags/tutorial_taskflow_api_etl_virtualenv.py
[2022-07-14 16:23:06,367] {processor.py:651} INFO - DAG(s) dict_keys(['tutorial_taskflow_api_etl_virtualenv']) retrieved from /home/airflow/.local/lib/python3.7/site-packages/airflow/example_dags/tutorial_taskflow_api_etl_virtualenv.py
[2022-07-14 16:23:06,572] {logging_mixin.py:115} INFO - [2022-07-14 16:23:06,572] {dag.py:2420} INFO - Sync 1 DAGs
[2022-07-14 16:23:06,621] {logging_mixin.py:115} INFO - [2022-07-14 16:23:06,621] {dag.py:2972} INFO - Setting next_dagrun for tutorial_taskflow_api_etl_virtualenv to None, run_after=None
[2022-07-14 16:23:06,660] {processor.py:161} INFO - Processing /home/airflow/.local/lib/python3.7/site-packages/airflow/example_dags/tutorial_taskflow_api_etl_virtualenv.py took 0.362 seconds
[2022-07-14 16:23:36,751] {processor.py:153} INFO - Started process (PID=756) to work on /home/airflow/.local/lib/python3.7/site-packages/airflow/example_dags/tutorial_taskflow_api_etl_virtualenv.py
[2022-07-14 16:23:36,790] {processor.py:641} INFO - Processing file /home/airflow/.local/lib/python3.7/site-packages/airflow/example_dags/tutorial_taskflow_api_etl_virtualenv.py for tasks to queue
[2022-07-14 16:23:36,791] {logging_mixin.py:115} INFO - [2022-07-14 16:23:36,791] {dagbag.py:508} INFO - Filling up the DagBag from /home/airflow/.local/lib/python3.7/site-packages/airflow/example_dags/tutorial_taskflow_api_etl_virtualenv.py
[2022-07-14 16:23:36,851] {processor.py:651} INFO - DAG(s) dict_keys(['tutorial_taskflow_api_etl_virtualenv']) retrieved from /home/airflow/.local/lib/python3.7/site-packages/airflow/example_dags/tutorial_taskflow_api_etl_virtualenv.py
[2022-07-14 16:23:37,055] {logging_mixin.py:115} INFO - [2022-07-14 16:23:37,055] {dag.py:2420} INFO - Sync 1 DAGs
[2022-07-14 16:23:37,109] {logging_mixin.py:115} INFO - [2022-07-14 16:23:37,109] {dag.py:2972} INFO - Setting next_dagrun for tutorial_taskflow_api_etl_virtualenv to None, run_after=None
[2022-07-14 16:23:37,170] {processor.py:161} INFO - Processing /home/airflow/.local/lib/python3.7/site-packages/airflow/example_dags/tutorial_taskflow_api_etl_virtualenv.py took 0.430 seconds
[2022-07-14 16:24:07,217] {processor.py:153} INFO - Started process (PID=807) to work on /home/airflow/.local/lib/python3.7/site-packages/airflow/example_dags/tutorial_taskflow_api_etl_virtualenv.py
[2022-07-14 16:24:07,222] {processor.py:641} INFO - Processing file /home/airflow/.local/lib/python3.7/site-packages/airflow/example_dags/tutorial_taskflow_api_etl_virtualenv.py for tasks to queue
[2022-07-14 16:24:07,223] {logging_mixin.py:115} INFO - [2022-07-14 16:24:07,223] {dagbag.py:508} INFO - Filling up the DagBag from /home/airflow/.local/lib/python3.7/site-packages/airflow/example_dags/tutorial_taskflow_api_etl_virtualenv.py
[2022-07-14 16:24:07,264] {processor.py:651} INFO - DAG(s) dict_keys(['tutorial_taskflow_api_etl_virtualenv']) retrieved from /home/airflow/.local/lib/python3.7/site-packages/airflow/example_dags/tutorial_taskflow_api_etl_virtualenv.py
[2022-07-14 16:24:07,456] {logging_mixin.py:115} INFO - [2022-07-14 16:24:07,455] {dag.py:2420} INFO - Sync 1 DAGs
[2022-07-14 16:24:07,490] {logging_mixin.py:115} INFO - [2022-07-14 16:24:07,490] {dag.py:2972} INFO - Setting next_dagrun for tutorial_taskflow_api_etl_virtualenv to None, run_after=None
[2022-07-14 16:24:07,517] {processor.py:161} INFO - Processing /home/airflow/.local/lib/python3.7/site-packages/airflow/example_dags/tutorial_taskflow_api_etl_virtualenv.py took 0.304 seconds
[2022-07-14 16:24:38,234] {processor.py:153} INFO - Started process (PID=858) to work on /home/airflow/.local/lib/python3.7/site-packages/airflow/example_dags/tutorial_taskflow_api_etl_virtualenv.py
[2022-07-14 16:24:38,244] {processor.py:641} INFO - Processing file /home/airflow/.local/lib/python3.7/site-packages/airflow/example_dags/tutorial_taskflow_api_etl_virtualenv.py for tasks to queue
[2022-07-14 16:24:38,245] {logging_mixin.py:115} INFO - [2022-07-14 16:24:38,245] {dagbag.py:508} INFO - Filling up the DagBag from /home/airflow/.local/lib/python3.7/site-packages/airflow/example_dags/tutorial_taskflow_api_etl_virtualenv.py
[2022-07-14 16:24:38,285] {processor.py:651} INFO - DAG(s) dict_keys(['tutorial_taskflow_api_etl_virtualenv']) retrieved from /home/airflow/.local/lib/python3.7/site-packages/airflow/example_dags/tutorial_taskflow_api_etl_virtualenv.py
[2022-07-14 16:24:38,394] {logging_mixin.py:115} INFO - [2022-07-14 16:24:38,394] {dag.py:2420} INFO - Sync 1 DAGs
[2022-07-14 16:24:38,427] {logging_mixin.py:115} INFO - [2022-07-14 16:24:38,426] {dag.py:2972} INFO - Setting next_dagrun for tutorial_taskflow_api_etl_virtualenv to None, run_after=None
[2022-07-14 16:24:38,447] {processor.py:161} INFO - Processing /home/airflow/.local/lib/python3.7/site-packages/airflow/example_dags/tutorial_taskflow_api_etl_virtualenv.py took 0.216 seconds
[2022-07-14 16:25:08,560] {processor.py:153} INFO - Started process (PID=919) to work on /home/airflow/.local/lib/python3.7/site-packages/airflow/example_dags/tutorial_taskflow_api_etl_virtualenv.py
[2022-07-14 16:25:08,562] {processor.py:641} INFO - Processing file /home/airflow/.local/lib/python3.7/site-packages/airflow/example_dags/tutorial_taskflow_api_etl_virtualenv.py for tasks to queue
[2022-07-14 16:25:08,562] {logging_mixin.py:115} INFO - [2022-07-14 16:25:08,562] {dagbag.py:508} INFO - Filling up the DagBag from /home/airflow/.local/lib/python3.7/site-packages/airflow/example_dags/tutorial_taskflow_api_etl_virtualenv.py
[2022-07-14 16:25:08,598] {processor.py:651} INFO - DAG(s) dict_keys(['tutorial_taskflow_api_etl_virtualenv']) retrieved from /home/airflow/.local/lib/python3.7/site-packages/airflow/example_dags/tutorial_taskflow_api_etl_virtualenv.py
[2022-07-14 16:25:08,704] {logging_mixin.py:115} INFO - [2022-07-14 16:25:08,703] {dag.py:2420} INFO - Sync 1 DAGs
[2022-07-14 16:25:08,735] {logging_mixin.py:115} INFO - [2022-07-14 16:25:08,735] {dag.py:2972} INFO - Setting next_dagrun for tutorial_taskflow_api_etl_virtualenv to None, run_after=None
[2022-07-14 16:25:08,758] {processor.py:161} INFO - Processing /home/airflow/.local/lib/python3.7/site-packages/airflow/example_dags/tutorial_taskflow_api_etl_virtualenv.py took 0.204 seconds
[2022-07-14 16:25:38,874] {processor.py:153} INFO - Started process (PID=970) to work on /home/airflow/.local/lib/python3.7/site-packages/airflow/example_dags/tutorial_taskflow_api_etl_virtualenv.py
[2022-07-14 16:25:38,875] {processor.py:641} INFO - Processing file /home/airflow/.local/lib/python3.7/site-packages/airflow/example_dags/tutorial_taskflow_api_etl_virtualenv.py for tasks to queue
[2022-07-14 16:25:38,876] {logging_mixin.py:115} INFO - [2022-07-14 16:25:38,876] {dagbag.py:508} INFO - Filling up the DagBag from /home/airflow/.local/lib/python3.7/site-packages/airflow/example_dags/tutorial_taskflow_api_etl_virtualenv.py
[2022-07-14 16:25:38,912] {processor.py:651} INFO - DAG(s) dict_keys(['tutorial_taskflow_api_etl_virtualenv']) retrieved from /home/airflow/.local/lib/python3.7/site-packages/airflow/example_dags/tutorial_taskflow_api_etl_virtualenv.py
[2022-07-14 16:25:38,977] {logging_mixin.py:115} INFO - [2022-07-14 16:25:38,977] {dag.py:2420} INFO - Sync 1 DAGs
[2022-07-14 16:25:39,033] {logging_mixin.py:115} INFO - [2022-07-14 16:25:39,033] {dag.py:2972} INFO - Setting next_dagrun for tutorial_taskflow_api_etl_virtualenv to None, run_after=None
[2022-07-14 16:25:39,074] {processor.py:161} INFO - Processing /home/airflow/.local/lib/python3.7/site-packages/airflow/example_dags/tutorial_taskflow_api_etl_virtualenv.py took 0.205 seconds
[2022-07-14 16:26:09,225] {processor.py:153} INFO - Started process (PID=1027) to work on /home/airflow/.local/lib/python3.7/site-packages/airflow/example_dags/tutorial_taskflow_api_etl_virtualenv.py
[2022-07-14 16:26:09,229] {processor.py:641} INFO - Processing file /home/airflow/.local/lib/python3.7/site-packages/airflow/example_dags/tutorial_taskflow_api_etl_virtualenv.py for tasks to queue
[2022-07-14 16:26:09,230] {logging_mixin.py:115} INFO - [2022-07-14 16:26:09,229] {dagbag.py:508} INFO - Filling up the DagBag from /home/airflow/.local/lib/python3.7/site-packages/airflow/example_dags/tutorial_taskflow_api_etl_virtualenv.py
[2022-07-14 16:26:09,260] {processor.py:651} INFO - DAG(s) dict_keys(['tutorial_taskflow_api_etl_virtualenv']) retrieved from /home/airflow/.local/lib/python3.7/site-packages/airflow/example_dags/tutorial_taskflow_api_etl_virtualenv.py
[2022-07-14 16:26:09,392] {logging_mixin.py:115} INFO - [2022-07-14 16:26:09,392] {dag.py:2420} INFO - Sync 1 DAGs
[2022-07-14 16:26:09,436] {logging_mixin.py:115} INFO - [2022-07-14 16:26:09,436] {dag.py:2972} INFO - Setting next_dagrun for tutorial_taskflow_api_etl_virtualenv to None, run_after=None
[2022-07-14 16:26:09,463] {processor.py:161} INFO - Processing /home/airflow/.local/lib/python3.7/site-packages/airflow/example_dags/tutorial_taskflow_api_etl_virtualenv.py took 0.245 seconds
[2022-07-14 16:26:39,836] {processor.py:153} INFO - Started process (PID=1079) to work on /home/airflow/.local/lib/python3.7/site-packages/airflow/example_dags/tutorial_taskflow_api_etl_virtualenv.py
[2022-07-14 16:26:39,844] {processor.py:641} INFO - Processing file /home/airflow/.local/lib/python3.7/site-packages/airflow/example_dags/tutorial_taskflow_api_etl_virtualenv.py for tasks to queue
[2022-07-14 16:26:39,845] {logging_mixin.py:115} INFO - [2022-07-14 16:26:39,845] {dagbag.py:508} INFO - Filling up the DagBag from /home/airflow/.local/lib/python3.7/site-packages/airflow/example_dags/tutorial_taskflow_api_etl_virtualenv.py
[2022-07-14 16:26:39,866] {processor.py:651} INFO - DAG(s) dict_keys(['tutorial_taskflow_api_etl_virtualenv']) retrieved from /home/airflow/.local/lib/python3.7/site-packages/airflow/example_dags/tutorial_taskflow_api_etl_virtualenv.py
[2022-07-14 16:26:39,977] {logging_mixin.py:115} INFO - [2022-07-14 16:26:39,976] {dag.py:2420} INFO - Sync 1 DAGs
[2022-07-14 16:26:40,026] {logging_mixin.py:115} INFO - [2022-07-14 16:26:40,026] {dag.py:2972} INFO - Setting next_dagrun for tutorial_taskflow_api_etl_virtualenv to None, run_after=None
[2022-07-14 16:26:40,050] {processor.py:161} INFO - Processing /home/airflow/.local/lib/python3.7/site-packages/airflow/example_dags/tutorial_taskflow_api_etl_virtualenv.py took 0.218 seconds
[2022-07-14 16:27:10,436] {processor.py:153} INFO - Started process (PID=1131) to work on /home/airflow/.local/lib/python3.7/site-packages/airflow/example_dags/tutorial_taskflow_api_etl_virtualenv.py
[2022-07-14 16:27:10,437] {processor.py:641} INFO - Processing file /home/airflow/.local/lib/python3.7/site-packages/airflow/example_dags/tutorial_taskflow_api_etl_virtualenv.py for tasks to queue
[2022-07-14 16:27:10,438] {logging_mixin.py:115} INFO - [2022-07-14 16:27:10,438] {dagbag.py:508} INFO - Filling up the DagBag from /home/airflow/.local/lib/python3.7/site-packages/airflow/example_dags/tutorial_taskflow_api_etl_virtualenv.py
[2022-07-14 16:27:10,513] {processor.py:651} INFO - DAG(s) dict_keys(['tutorial_taskflow_api_etl_virtualenv']) retrieved from /home/airflow/.local/lib/python3.7/site-packages/airflow/example_dags/tutorial_taskflow_api_etl_virtualenv.py
[2022-07-14 16:27:10,779] {logging_mixin.py:115} INFO - [2022-07-14 16:27:10,778] {dag.py:2420} INFO - Sync 1 DAGs
[2022-07-14 16:27:10,851] {logging_mixin.py:115} INFO - [2022-07-14 16:27:10,851] {dag.py:2972} INFO - Setting next_dagrun for tutorial_taskflow_api_etl_virtualenv to None, run_after=None
[2022-07-14 16:27:10,899] {processor.py:161} INFO - Processing /home/airflow/.local/lib/python3.7/site-packages/airflow/example_dags/tutorial_taskflow_api_etl_virtualenv.py took 0.473 seconds
[2022-07-14 16:27:40,945] {processor.py:153} INFO - Started process (PID=1193) to work on /home/airflow/.local/lib/python3.7/site-packages/airflow/example_dags/tutorial_taskflow_api_etl_virtualenv.py
[2022-07-14 16:27:40,946] {processor.py:641} INFO - Processing file /home/airflow/.local/lib/python3.7/site-packages/airflow/example_dags/tutorial_taskflow_api_etl_virtualenv.py for tasks to queue
[2022-07-14 16:27:40,947] {logging_mixin.py:115} INFO - [2022-07-14 16:27:40,946] {dagbag.py:508} INFO - Filling up the DagBag from /home/airflow/.local/lib/python3.7/site-packages/airflow/example_dags/tutorial_taskflow_api_etl_virtualenv.py
[2022-07-14 16:27:40,991] {processor.py:651} INFO - DAG(s) dict_keys(['tutorial_taskflow_api_etl_virtualenv']) retrieved from /home/airflow/.local/lib/python3.7/site-packages/airflow/example_dags/tutorial_taskflow_api_etl_virtualenv.py
[2022-07-14 16:27:41,123] {logging_mixin.py:115} INFO - [2022-07-14 16:27:41,123] {dag.py:2420} INFO - Sync 1 DAGs
[2022-07-14 16:27:41,160] {logging_mixin.py:115} INFO - [2022-07-14 16:27:41,160] {dag.py:2972} INFO - Setting next_dagrun for tutorial_taskflow_api_etl_virtualenv to None, run_after=None
[2022-07-14 16:27:41,182] {processor.py:161} INFO - Processing /home/airflow/.local/lib/python3.7/site-packages/airflow/example_dags/tutorial_taskflow_api_etl_virtualenv.py took 0.241 seconds
[2022-07-14 16:28:11,387] {processor.py:153} INFO - Started process (PID=1245) to work on /home/airflow/.local/lib/python3.7/site-packages/airflow/example_dags/tutorial_taskflow_api_etl_virtualenv.py
[2022-07-14 16:28:11,387] {processor.py:641} INFO - Processing file /home/airflow/.local/lib/python3.7/site-packages/airflow/example_dags/tutorial_taskflow_api_etl_virtualenv.py for tasks to queue
[2022-07-14 16:28:11,388] {logging_mixin.py:115} INFO - [2022-07-14 16:28:11,388] {dagbag.py:508} INFO - Filling up the DagBag from /home/airflow/.local/lib/python3.7/site-packages/airflow/example_dags/tutorial_taskflow_api_etl_virtualenv.py
[2022-07-14 16:28:11,410] {processor.py:651} INFO - DAG(s) dict_keys(['tutorial_taskflow_api_etl_virtualenv']) retrieved from /home/airflow/.local/lib/python3.7/site-packages/airflow/example_dags/tutorial_taskflow_api_etl_virtualenv.py
[2022-07-14 16:28:11,446] {logging_mixin.py:115} INFO - [2022-07-14 16:28:11,446] {dag.py:2420} INFO - Sync 1 DAGs
[2022-07-14 16:28:11,482] {logging_mixin.py:115} INFO - [2022-07-14 16:28:11,481] {dag.py:2972} INFO - Setting next_dagrun for tutorial_taskflow_api_etl_virtualenv to None, run_after=None
[2022-07-14 16:28:11,502] {processor.py:161} INFO - Processing /home/airflow/.local/lib/python3.7/site-packages/airflow/example_dags/tutorial_taskflow_api_etl_virtualenv.py took 0.123 seconds
[2022-07-14 16:28:41,581] {processor.py:153} INFO - Started process (PID=1295) to work on /home/airflow/.local/lib/python3.7/site-packages/airflow/example_dags/tutorial_taskflow_api_etl_virtualenv.py
[2022-07-14 16:28:41,591] {processor.py:641} INFO - Processing file /home/airflow/.local/lib/python3.7/site-packages/airflow/example_dags/tutorial_taskflow_api_etl_virtualenv.py for tasks to queue
[2022-07-14 16:28:41,592] {logging_mixin.py:115} INFO - [2022-07-14 16:28:41,592] {dagbag.py:508} INFO - Filling up the DagBag from /home/airflow/.local/lib/python3.7/site-packages/airflow/example_dags/tutorial_taskflow_api_etl_virtualenv.py
[2022-07-14 16:28:41,614] {processor.py:651} INFO - DAG(s) dict_keys(['tutorial_taskflow_api_etl_virtualenv']) retrieved from /home/airflow/.local/lib/python3.7/site-packages/airflow/example_dags/tutorial_taskflow_api_etl_virtualenv.py
[2022-07-14 16:28:41,754] {logging_mixin.py:115} INFO - [2022-07-14 16:28:41,754] {dag.py:2420} INFO - Sync 1 DAGs
[2022-07-14 16:28:41,803] {logging_mixin.py:115} INFO - [2022-07-14 16:28:41,802] {dag.py:2972} INFO - Setting next_dagrun for tutorial_taskflow_api_etl_virtualenv to None, run_after=None
[2022-07-14 16:28:41,846] {processor.py:161} INFO - Processing /home/airflow/.local/lib/python3.7/site-packages/airflow/example_dags/tutorial_taskflow_api_etl_virtualenv.py took 0.272 seconds
[2022-07-14 16:29:11,990] {processor.py:153} INFO - Started process (PID=1356) to work on /home/airflow/.local/lib/python3.7/site-packages/airflow/example_dags/tutorial_taskflow_api_etl_virtualenv.py
[2022-07-14 16:29:12,002] {processor.py:641} INFO - Processing file /home/airflow/.local/lib/python3.7/site-packages/airflow/example_dags/tutorial_taskflow_api_etl_virtualenv.py for tasks to queue
[2022-07-14 16:29:12,002] {logging_mixin.py:115} INFO - [2022-07-14 16:29:12,002] {dagbag.py:508} INFO - Filling up the DagBag from /home/airflow/.local/lib/python3.7/site-packages/airflow/example_dags/tutorial_taskflow_api_etl_virtualenv.py
[2022-07-14 16:29:12,040] {processor.py:651} INFO - DAG(s) dict_keys(['tutorial_taskflow_api_etl_virtualenv']) retrieved from /home/airflow/.local/lib/python3.7/site-packages/airflow/example_dags/tutorial_taskflow_api_etl_virtualenv.py
[2022-07-14 16:29:12,222] {logging_mixin.py:115} INFO - [2022-07-14 16:29:12,222] {dag.py:2420} INFO - Sync 1 DAGs
[2022-07-14 16:29:12,273] {logging_mixin.py:115} INFO - [2022-07-14 16:29:12,273] {dag.py:2972} INFO - Setting next_dagrun for tutorial_taskflow_api_etl_virtualenv to None, run_after=None
[2022-07-14 16:29:12,292] {processor.py:161} INFO - Processing /home/airflow/.local/lib/python3.7/site-packages/airflow/example_dags/tutorial_taskflow_api_etl_virtualenv.py took 0.306 seconds
[2022-07-14 16:29:42,518] {processor.py:153} INFO - Started process (PID=1407) to work on /home/airflow/.local/lib/python3.7/site-packages/airflow/example_dags/tutorial_taskflow_api_etl_virtualenv.py
[2022-07-14 16:29:42,531] {processor.py:641} INFO - Processing file /home/airflow/.local/lib/python3.7/site-packages/airflow/example_dags/tutorial_taskflow_api_etl_virtualenv.py for tasks to queue
[2022-07-14 16:29:42,532] {logging_mixin.py:115} INFO - [2022-07-14 16:29:42,532] {dagbag.py:508} INFO - Filling up the DagBag from /home/airflow/.local/lib/python3.7/site-packages/airflow/example_dags/tutorial_taskflow_api_etl_virtualenv.py
[2022-07-14 16:29:42,585] {processor.py:651} INFO - DAG(s) dict_keys(['tutorial_taskflow_api_etl_virtualenv']) retrieved from /home/airflow/.local/lib/python3.7/site-packages/airflow/example_dags/tutorial_taskflow_api_etl_virtualenv.py
[2022-07-14 16:29:42,651] {logging_mixin.py:115} INFO - [2022-07-14 16:29:42,651] {dag.py:2420} INFO - Sync 1 DAGs
[2022-07-14 16:29:42,679] {logging_mixin.py:115} INFO - [2022-07-14 16:29:42,679] {dag.py:2972} INFO - Setting next_dagrun for tutorial_taskflow_api_etl_virtualenv to None, run_after=None
[2022-07-14 16:29:42,709] {processor.py:161} INFO - Processing /home/airflow/.local/lib/python3.7/site-packages/airflow/example_dags/tutorial_taskflow_api_etl_virtualenv.py took 0.201 seconds
[2022-07-14 16:30:13,255] {processor.py:153} INFO - Started process (PID=1467) to work on /home/airflow/.local/lib/python3.7/site-packages/airflow/example_dags/tutorial_taskflow_api_etl_virtualenv.py
[2022-07-14 16:30:13,269] {processor.py:641} INFO - Processing file /home/airflow/.local/lib/python3.7/site-packages/airflow/example_dags/tutorial_taskflow_api_etl_virtualenv.py for tasks to queue
[2022-07-14 16:30:13,270] {logging_mixin.py:115} INFO - [2022-07-14 16:30:13,269] {dagbag.py:508} INFO - Filling up the DagBag from /home/airflow/.local/lib/python3.7/site-packages/airflow/example_dags/tutorial_taskflow_api_etl_virtualenv.py
[2022-07-14 16:30:13,316] {processor.py:651} INFO - DAG(s) dict_keys(['tutorial_taskflow_api_etl_virtualenv']) retrieved from /home/airflow/.local/lib/python3.7/site-packages/airflow/example_dags/tutorial_taskflow_api_etl_virtualenv.py
[2022-07-14 16:30:13,413] {logging_mixin.py:115} INFO - [2022-07-14 16:30:13,412] {dag.py:2420} INFO - Sync 1 DAGs
[2022-07-14 16:30:13,505] {logging_mixin.py:115} INFO - [2022-07-14 16:30:13,504] {dag.py:2972} INFO - Setting next_dagrun for tutorial_taskflow_api_etl_virtualenv to None, run_after=None
[2022-07-14 16:30:13,532] {processor.py:161} INFO - Processing /home/airflow/.local/lib/python3.7/site-packages/airflow/example_dags/tutorial_taskflow_api_etl_virtualenv.py took 0.281 seconds
[2022-07-14 16:30:43,638] {processor.py:153} INFO - Started process (PID=1519) to work on /home/airflow/.local/lib/python3.7/site-packages/airflow/example_dags/tutorial_taskflow_api_etl_virtualenv.py
[2022-07-14 16:30:43,638] {processor.py:641} INFO - Processing file /home/airflow/.local/lib/python3.7/site-packages/airflow/example_dags/tutorial_taskflow_api_etl_virtualenv.py for tasks to queue
[2022-07-14 16:30:43,638] {logging_mixin.py:115} INFO - [2022-07-14 16:30:43,638] {dagbag.py:508} INFO - Filling up the DagBag from /home/airflow/.local/lib/python3.7/site-packages/airflow/example_dags/tutorial_taskflow_api_etl_virtualenv.py
[2022-07-14 16:30:43,652] {processor.py:651} INFO - DAG(s) dict_keys(['tutorial_taskflow_api_etl_virtualenv']) retrieved from /home/airflow/.local/lib/python3.7/site-packages/airflow/example_dags/tutorial_taskflow_api_etl_virtualenv.py
[2022-07-14 16:30:43,711] {logging_mixin.py:115} INFO - [2022-07-14 16:30:43,711] {dag.py:2420} INFO - Sync 1 DAGs
[2022-07-14 16:30:43,729] {logging_mixin.py:115} INFO - [2022-07-14 16:30:43,729] {dag.py:2972} INFO - Setting next_dagrun for tutorial_taskflow_api_etl_virtualenv to None, run_after=None
[2022-07-14 16:30:43,754] {processor.py:161} INFO - Processing /home/airflow/.local/lib/python3.7/site-packages/airflow/example_dags/tutorial_taskflow_api_etl_virtualenv.py took 0.118 seconds
[2022-07-14 16:31:14,067] {processor.py:153} INFO - Started process (PID=1578) to work on /home/airflow/.local/lib/python3.7/site-packages/airflow/example_dags/tutorial_taskflow_api_etl_virtualenv.py
[2022-07-14 16:31:14,082] {processor.py:641} INFO - Processing file /home/airflow/.local/lib/python3.7/site-packages/airflow/example_dags/tutorial_taskflow_api_etl_virtualenv.py for tasks to queue
[2022-07-14 16:31:14,083] {logging_mixin.py:115} INFO - [2022-07-14 16:31:14,083] {dagbag.py:508} INFO - Filling up the DagBag from /home/airflow/.local/lib/python3.7/site-packages/airflow/example_dags/tutorial_taskflow_api_etl_virtualenv.py
[2022-07-14 16:31:14,103] {processor.py:651} INFO - DAG(s) dict_keys(['tutorial_taskflow_api_etl_virtualenv']) retrieved from /home/airflow/.local/lib/python3.7/site-packages/airflow/example_dags/tutorial_taskflow_api_etl_virtualenv.py
[2022-07-14 16:31:14,186] {logging_mixin.py:115} INFO - [2022-07-14 16:31:14,186] {dag.py:2420} INFO - Sync 1 DAGs
[2022-07-14 16:31:14,206] {logging_mixin.py:115} INFO - [2022-07-14 16:31:14,206] {dag.py:2972} INFO - Setting next_dagrun for tutorial_taskflow_api_etl_virtualenv to None, run_after=None
[2022-07-14 16:31:14,220] {processor.py:161} INFO - Processing /home/airflow/.local/lib/python3.7/site-packages/airflow/example_dags/tutorial_taskflow_api_etl_virtualenv.py took 0.157 seconds
[2022-07-14 16:31:44,337] {processor.py:153} INFO - Started process (PID=1632) to work on /home/airflow/.local/lib/python3.7/site-packages/airflow/example_dags/tutorial_taskflow_api_etl_virtualenv.py
[2022-07-14 16:31:44,337] {processor.py:641} INFO - Processing file /home/airflow/.local/lib/python3.7/site-packages/airflow/example_dags/tutorial_taskflow_api_etl_virtualenv.py for tasks to queue
[2022-07-14 16:31:44,338] {logging_mixin.py:115} INFO - [2022-07-14 16:31:44,337] {dagbag.py:508} INFO - Filling up the DagBag from /home/airflow/.local/lib/python3.7/site-packages/airflow/example_dags/tutorial_taskflow_api_etl_virtualenv.py
[2022-07-14 16:31:44,353] {processor.py:651} INFO - DAG(s) dict_keys(['tutorial_taskflow_api_etl_virtualenv']) retrieved from /home/airflow/.local/lib/python3.7/site-packages/airflow/example_dags/tutorial_taskflow_api_etl_virtualenv.py
[2022-07-14 16:31:44,379] {logging_mixin.py:115} INFO - [2022-07-14 16:31:44,379] {dag.py:2420} INFO - Sync 1 DAGs
[2022-07-14 16:31:44,406] {logging_mixin.py:115} INFO - [2022-07-14 16:31:44,406] {dag.py:2972} INFO - Setting next_dagrun for tutorial_taskflow_api_etl_virtualenv to None, run_after=None
[2022-07-14 16:31:44,443] {processor.py:161} INFO - Processing /home/airflow/.local/lib/python3.7/site-packages/airflow/example_dags/tutorial_taskflow_api_etl_virtualenv.py took 0.109 seconds
[2022-07-14 16:32:14,766] {processor.py:153} INFO - Started process (PID=1692) to work on /home/airflow/.local/lib/python3.7/site-packages/airflow/example_dags/tutorial_taskflow_api_etl_virtualenv.py
[2022-07-14 16:32:14,767] {processor.py:641} INFO - Processing file /home/airflow/.local/lib/python3.7/site-packages/airflow/example_dags/tutorial_taskflow_api_etl_virtualenv.py for tasks to queue
[2022-07-14 16:32:14,768] {logging_mixin.py:115} INFO - [2022-07-14 16:32:14,768] {dagbag.py:508} INFO - Filling up the DagBag from /home/airflow/.local/lib/python3.7/site-packages/airflow/example_dags/tutorial_taskflow_api_etl_virtualenv.py
[2022-07-14 16:32:14,791] {processor.py:651} INFO - DAG(s) dict_keys(['tutorial_taskflow_api_etl_virtualenv']) retrieved from /home/airflow/.local/lib/python3.7/site-packages/airflow/example_dags/tutorial_taskflow_api_etl_virtualenv.py
[2022-07-14 16:32:14,851] {logging_mixin.py:115} INFO - [2022-07-14 16:32:14,851] {dag.py:2420} INFO - Sync 1 DAGs
[2022-07-14 16:32:14,869] {logging_mixin.py:115} INFO - [2022-07-14 16:32:14,869] {dag.py:2972} INFO - Setting next_dagrun for tutorial_taskflow_api_etl_virtualenv to None, run_after=None
[2022-07-14 16:32:14,882] {processor.py:161} INFO - Processing /home/airflow/.local/lib/python3.7/site-packages/airflow/example_dags/tutorial_taskflow_api_etl_virtualenv.py took 0.125 seconds
[2022-07-14 16:32:45,060] {processor.py:153} INFO - Started process (PID=1753) to work on /home/airflow/.local/lib/python3.7/site-packages/airflow/example_dags/tutorial_taskflow_api_etl_virtualenv.py
[2022-07-14 16:32:45,078] {processor.py:641} INFO - Processing file /home/airflow/.local/lib/python3.7/site-packages/airflow/example_dags/tutorial_taskflow_api_etl_virtualenv.py for tasks to queue
[2022-07-14 16:32:45,079] {logging_mixin.py:115} INFO - [2022-07-14 16:32:45,079] {dagbag.py:508} INFO - Filling up the DagBag from /home/airflow/.local/lib/python3.7/site-packages/airflow/example_dags/tutorial_taskflow_api_etl_virtualenv.py
[2022-07-14 16:32:45,100] {processor.py:651} INFO - DAG(s) dict_keys(['tutorial_taskflow_api_etl_virtualenv']) retrieved from /home/airflow/.local/lib/python3.7/site-packages/airflow/example_dags/tutorial_taskflow_api_etl_virtualenv.py
[2022-07-14 16:32:45,170] {logging_mixin.py:115} INFO - [2022-07-14 16:32:45,170] {dag.py:2420} INFO - Sync 1 DAGs
[2022-07-14 16:32:45,191] {logging_mixin.py:115} INFO - [2022-07-14 16:32:45,191] {dag.py:2972} INFO - Setting next_dagrun for tutorial_taskflow_api_etl_virtualenv to None, run_after=None
[2022-07-14 16:32:45,207] {processor.py:161} INFO - Processing /home/airflow/.local/lib/python3.7/site-packages/airflow/example_dags/tutorial_taskflow_api_etl_virtualenv.py took 0.156 seconds
[2022-07-14 16:33:15,327] {processor.py:153} INFO - Started process (PID=1806) to work on /home/airflow/.local/lib/python3.7/site-packages/airflow/example_dags/tutorial_taskflow_api_etl_virtualenv.py
[2022-07-14 16:33:15,327] {processor.py:641} INFO - Processing file /home/airflow/.local/lib/python3.7/site-packages/airflow/example_dags/tutorial_taskflow_api_etl_virtualenv.py for tasks to queue
[2022-07-14 16:33:15,328] {logging_mixin.py:115} INFO - [2022-07-14 16:33:15,328] {dagbag.py:508} INFO - Filling up the DagBag from /home/airflow/.local/lib/python3.7/site-packages/airflow/example_dags/tutorial_taskflow_api_etl_virtualenv.py
[2022-07-14 16:33:15,351] {processor.py:651} INFO - DAG(s) dict_keys(['tutorial_taskflow_api_etl_virtualenv']) retrieved from /home/airflow/.local/lib/python3.7/site-packages/airflow/example_dags/tutorial_taskflow_api_etl_virtualenv.py
[2022-07-14 16:33:15,429] {logging_mixin.py:115} INFO - [2022-07-14 16:33:15,429] {dag.py:2420} INFO - Sync 1 DAGs
[2022-07-14 16:33:15,451] {logging_mixin.py:115} INFO - [2022-07-14 16:33:15,451] {dag.py:2972} INFO - Setting next_dagrun for tutorial_taskflow_api_etl_virtualenv to None, run_after=None
[2022-07-14 16:33:15,463] {processor.py:161} INFO - Processing /home/airflow/.local/lib/python3.7/site-packages/airflow/example_dags/tutorial_taskflow_api_etl_virtualenv.py took 0.144 seconds
[2022-07-14 16:33:45,529] {processor.py:153} INFO - Started process (PID=1866) to work on /home/airflow/.local/lib/python3.7/site-packages/airflow/example_dags/tutorial_taskflow_api_etl_virtualenv.py
[2022-07-14 16:33:45,529] {processor.py:641} INFO - Processing file /home/airflow/.local/lib/python3.7/site-packages/airflow/example_dags/tutorial_taskflow_api_etl_virtualenv.py for tasks to queue
[2022-07-14 16:33:45,530] {logging_mixin.py:115} INFO - [2022-07-14 16:33:45,530] {dagbag.py:508} INFO - Filling up the DagBag from /home/airflow/.local/lib/python3.7/site-packages/airflow/example_dags/tutorial_taskflow_api_etl_virtualenv.py
[2022-07-14 16:33:45,549] {processor.py:651} INFO - DAG(s) dict_keys(['tutorial_taskflow_api_etl_virtualenv']) retrieved from /home/airflow/.local/lib/python3.7/site-packages/airflow/example_dags/tutorial_taskflow_api_etl_virtualenv.py
[2022-07-14 16:33:45,649] {logging_mixin.py:115} INFO - [2022-07-14 16:33:45,648] {dag.py:2420} INFO - Sync 1 DAGs
[2022-07-14 16:33:45,675] {logging_mixin.py:115} INFO - [2022-07-14 16:33:45,675] {dag.py:2972} INFO - Setting next_dagrun for tutorial_taskflow_api_etl_virtualenv to None, run_after=None
[2022-07-14 16:33:45,691] {processor.py:161} INFO - Processing /home/airflow/.local/lib/python3.7/site-packages/airflow/example_dags/tutorial_taskflow_api_etl_virtualenv.py took 0.166 seconds
[2022-07-14 16:34:15,750] {processor.py:153} INFO - Started process (PID=1919) to work on /home/airflow/.local/lib/python3.7/site-packages/airflow/example_dags/tutorial_taskflow_api_etl_virtualenv.py
[2022-07-14 16:34:15,750] {processor.py:641} INFO - Processing file /home/airflow/.local/lib/python3.7/site-packages/airflow/example_dags/tutorial_taskflow_api_etl_virtualenv.py for tasks to queue
[2022-07-14 16:34:15,751] {logging_mixin.py:115} INFO - [2022-07-14 16:34:15,751] {dagbag.py:508} INFO - Filling up the DagBag from /home/airflow/.local/lib/python3.7/site-packages/airflow/example_dags/tutorial_taskflow_api_etl_virtualenv.py
[2022-07-14 16:34:15,775] {processor.py:651} INFO - DAG(s) dict_keys(['tutorial_taskflow_api_etl_virtualenv']) retrieved from /home/airflow/.local/lib/python3.7/site-packages/airflow/example_dags/tutorial_taskflow_api_etl_virtualenv.py
[2022-07-14 16:34:15,838] {logging_mixin.py:115} INFO - [2022-07-14 16:34:15,838] {dag.py:2420} INFO - Sync 1 DAGs
[2022-07-14 16:34:15,882] {logging_mixin.py:115} INFO - [2022-07-14 16:34:15,882] {dag.py:2972} INFO - Setting next_dagrun for tutorial_taskflow_api_etl_virtualenv to None, run_after=None
[2022-07-14 16:34:15,924] {processor.py:161} INFO - Processing /home/airflow/.local/lib/python3.7/site-packages/airflow/example_dags/tutorial_taskflow_api_etl_virtualenv.py took 0.177 seconds
[2022-07-14 16:34:45,975] {processor.py:153} INFO - Started process (PID=1978) to work on /home/airflow/.local/lib/python3.7/site-packages/airflow/example_dags/tutorial_taskflow_api_etl_virtualenv.py
[2022-07-14 16:34:45,977] {processor.py:641} INFO - Processing file /home/airflow/.local/lib/python3.7/site-packages/airflow/example_dags/tutorial_taskflow_api_etl_virtualenv.py for tasks to queue
[2022-07-14 16:34:45,977] {logging_mixin.py:115} INFO - [2022-07-14 16:34:45,977] {dagbag.py:508} INFO - Filling up the DagBag from /home/airflow/.local/lib/python3.7/site-packages/airflow/example_dags/tutorial_taskflow_api_etl_virtualenv.py
[2022-07-14 16:34:45,992] {processor.py:651} INFO - DAG(s) dict_keys(['tutorial_taskflow_api_etl_virtualenv']) retrieved from /home/airflow/.local/lib/python3.7/site-packages/airflow/example_dags/tutorial_taskflow_api_etl_virtualenv.py
[2022-07-14 16:34:46,071] {logging_mixin.py:115} INFO - [2022-07-14 16:34:46,071] {dag.py:2420} INFO - Sync 1 DAGs
[2022-07-14 16:34:46,096] {logging_mixin.py:115} INFO - [2022-07-14 16:34:46,095] {dag.py:2972} INFO - Setting next_dagrun for tutorial_taskflow_api_etl_virtualenv to None, run_after=None
[2022-07-14 16:34:46,112] {processor.py:161} INFO - Processing /home/airflow/.local/lib/python3.7/site-packages/airflow/example_dags/tutorial_taskflow_api_etl_virtualenv.py took 0.141 seconds
[2022-07-14 16:35:16,739] {processor.py:153} INFO - Started process (PID=2036) to work on /home/airflow/.local/lib/python3.7/site-packages/airflow/example_dags/tutorial_taskflow_api_etl_virtualenv.py
[2022-07-14 16:35:16,740] {processor.py:641} INFO - Processing file /home/airflow/.local/lib/python3.7/site-packages/airflow/example_dags/tutorial_taskflow_api_etl_virtualenv.py for tasks to queue
[2022-07-14 16:35:16,740] {logging_mixin.py:115} INFO - [2022-07-14 16:35:16,740] {dagbag.py:508} INFO - Filling up the DagBag from /home/airflow/.local/lib/python3.7/site-packages/airflow/example_dags/tutorial_taskflow_api_etl_virtualenv.py
[2022-07-14 16:35:16,761] {processor.py:651} INFO - DAG(s) dict_keys(['tutorial_taskflow_api_etl_virtualenv']) retrieved from /home/airflow/.local/lib/python3.7/site-packages/airflow/example_dags/tutorial_taskflow_api_etl_virtualenv.py
[2022-07-14 16:35:16,847] {logging_mixin.py:115} INFO - [2022-07-14 16:35:16,846] {dag.py:2420} INFO - Sync 1 DAGs
[2022-07-14 16:35:16,868] {logging_mixin.py:115} INFO - [2022-07-14 16:35:16,868] {dag.py:2972} INFO - Setting next_dagrun for tutorial_taskflow_api_etl_virtualenv to None, run_after=None
[2022-07-14 16:35:16,880] {processor.py:161} INFO - Processing /home/airflow/.local/lib/python3.7/site-packages/airflow/example_dags/tutorial_taskflow_api_etl_virtualenv.py took 0.145 seconds
[2022-07-14 16:35:47,036] {processor.py:153} INFO - Started process (PID=2090) to work on /home/airflow/.local/lib/python3.7/site-packages/airflow/example_dags/tutorial_taskflow_api_etl_virtualenv.py
[2022-07-14 16:35:47,037] {processor.py:641} INFO - Processing file /home/airflow/.local/lib/python3.7/site-packages/airflow/example_dags/tutorial_taskflow_api_etl_virtualenv.py for tasks to queue
[2022-07-14 16:35:47,038] {logging_mixin.py:115} INFO - [2022-07-14 16:35:47,037] {dagbag.py:508} INFO - Filling up the DagBag from /home/airflow/.local/lib/python3.7/site-packages/airflow/example_dags/tutorial_taskflow_api_etl_virtualenv.py
[2022-07-14 16:35:47,057] {processor.py:651} INFO - DAG(s) dict_keys(['tutorial_taskflow_api_etl_virtualenv']) retrieved from /home/airflow/.local/lib/python3.7/site-packages/airflow/example_dags/tutorial_taskflow_api_etl_virtualenv.py
[2022-07-14 16:35:47,128] {logging_mixin.py:115} INFO - [2022-07-14 16:35:47,128] {dag.py:2420} INFO - Sync 1 DAGs
[2022-07-14 16:35:47,146] {logging_mixin.py:115} INFO - [2022-07-14 16:35:47,146] {dag.py:2972} INFO - Setting next_dagrun for tutorial_taskflow_api_etl_virtualenv to None, run_after=None
[2022-07-14 16:35:47,162] {processor.py:161} INFO - Processing /home/airflow/.local/lib/python3.7/site-packages/airflow/example_dags/tutorial_taskflow_api_etl_virtualenv.py took 0.130 seconds
[2022-07-14 16:36:17,374] {processor.py:153} INFO - Started process (PID=2151) to work on /home/airflow/.local/lib/python3.7/site-packages/airflow/example_dags/tutorial_taskflow_api_etl_virtualenv.py
[2022-07-14 16:36:17,375] {processor.py:641} INFO - Processing file /home/airflow/.local/lib/python3.7/site-packages/airflow/example_dags/tutorial_taskflow_api_etl_virtualenv.py for tasks to queue
[2022-07-14 16:36:17,375] {logging_mixin.py:115} INFO - [2022-07-14 16:36:17,375] {dagbag.py:508} INFO - Filling up the DagBag from /home/airflow/.local/lib/python3.7/site-packages/airflow/example_dags/tutorial_taskflow_api_etl_virtualenv.py
[2022-07-14 16:36:17,390] {processor.py:651} INFO - DAG(s) dict_keys(['tutorial_taskflow_api_etl_virtualenv']) retrieved from /home/airflow/.local/lib/python3.7/site-packages/airflow/example_dags/tutorial_taskflow_api_etl_virtualenv.py
[2022-07-14 16:36:17,469] {logging_mixin.py:115} INFO - [2022-07-14 16:36:17,469] {dag.py:2420} INFO - Sync 1 DAGs
[2022-07-14 16:36:17,493] {logging_mixin.py:115} INFO - [2022-07-14 16:36:17,493] {dag.py:2972} INFO - Setting next_dagrun for tutorial_taskflow_api_etl_virtualenv to None, run_after=None
[2022-07-14 16:36:17,510] {processor.py:161} INFO - Processing /home/airflow/.local/lib/python3.7/site-packages/airflow/example_dags/tutorial_taskflow_api_etl_virtualenv.py took 0.139 seconds
